------------------------------------------------------------------------------------------------------------------------

[2022-03-04 14:52:09 #1 store] 
Database 'C:\Users\34644\eclipse-workspace\IS-ITER\src\main\resources\bets.temp' is opened by 18676@MSI

[2022-03-04 14:52:10 #2 type.registry] 
New type domain.Question

[2022-03-04 14:52:10 #3 type] 
Type domain.Question is not enhanced.

[2022-03-04 14:52:10 #4 type.registry] 
New type domain.Event

[2022-03-04 14:52:10 #5 type] 
Type domain.Event is not enhanced.

[2022-03-04 14:52:10 #6 type.registry] 
New type java.util.Vector<domain.Question>

[2022-03-04 14:52:10 #7 type.registry] 
New type java.util.Vector<java.lang.Object>

------------------------------------------------------------------------------------------------------------------------

[2022-03-04 14:53:36 #1 store] 
Database 'C:\Users\34644\eclipse-workspace\IS-ITER\src\main\resources\bets.temp' is opened by 5424@MSI

[2022-03-04 14:53:36 #2 type.registry] 
New type domain.Question

[2022-03-04 14:53:36 #3 type] 
Type domain.Question is not enhanced.

[2022-03-04 14:53:36 #4 type.registry] 
New type domain.Event

[2022-03-04 14:53:36 #5 type] 
Type domain.Event is not enhanced.

[2022-03-04 14:53:36 #6 type.registry] 
New type java.util.Vector<domain.Question>

[2022-03-04 14:53:36 #7 type.registry] 
New type java.util.Vector<java.lang.Object>

------------------------------------------------------------------------------------------------------------------------

[2022-03-04 15:40:28 #1 store] 
Database 'C:\Users\34644\eclipse-workspace\IS-ITER\src\main\resources\bets.temp' is opened by 21240@MSI

[2022-03-04 15:40:28 #2 type.registry] 
New type domain.Question

[2022-03-04 15:40:28 #3 type] 
Type domain.Question is not enhanced.

[2022-03-04 15:40:28 #4 type.registry] 
New type domain.Event

[2022-03-04 15:40:28 #5 type] 
Type domain.Event is not enhanced.

[2022-03-04 15:40:28 #6 type.registry] 
New type java.util.Vector<domain.Question>

[2022-03-04 15:40:28 #7 type.registry] 
New type java.util.Vector<java.lang.Object>

------------------------------------------------------------------------------------------------------------------------

[2022-03-04 16:01:55 #1 store] 
Database 'C:\Users\34644\eclipse-workspace\IS-ITER\src\main\resources\bets.temp' is opened by 17344@MSI

[2022-03-04 16:01:55 #2 type.registry] 
New type domain.Question

[2022-03-04 16:01:55 #3 type] 
Type domain.Question is not enhanced.

[2022-03-04 16:01:55 #4 type.registry] 
New type domain.Event

[2022-03-04 16:01:55 #5 type] 
Type domain.Event is not enhanced.

[2022-03-04 16:01:55 #6 type.registry] 
New type java.util.Vector<domain.Question>

[2022-03-04 16:01:55 #7 type.registry] 
New type java.util.Vector<java.lang.Object>

------------------------------------------------------------------------------------------------------------------------

[2022-03-04 16:02:07 #1 store] 
Database 'C:\Users\34644\eclipse-workspace\IS-ITER\src\main\resources\bets.temp' is opened by 19124@MSI

[2022-03-04 16:02:08 #2 type.registry] 
New type domain.Question

[2022-03-04 16:02:08 #3 type] 
Type domain.Question is not enhanced.

[2022-03-04 16:02:08 #4 type.registry] 
New type domain.Event

[2022-03-04 16:02:08 #5 type] 
Type domain.Event is not enhanced.

[2022-03-04 16:02:08 #6 type.registry] 
New type java.util.Vector<domain.Question>

[2022-03-04 16:02:08 #7 type.registry] 
New type java.util.Vector<java.lang.Object>

------------------------------------------------------------------------------------------------------------------------

[2022-03-04 16:02:13 #1 store] 
Database 'C:\Users\34644\eclipse-workspace\IS-ITER\src\main\resources\bets.temp' is opened by 14716@MSI

[2022-03-04 16:02:13 #2 type.registry] 
New type domain.Question

[2022-03-04 16:02:13 #3 type] 
Type domain.Question is not enhanced.

[2022-03-04 16:02:13 #4 type.registry] 
New type domain.Event

[2022-03-04 16:02:13 #5 type] 
Type domain.Event is not enhanced.

[2022-03-04 16:02:13 #6 type.registry] 
New type java.util.Vector<domain.Question>

[2022-03-04 16:02:13 #7 type.registry] 
New type java.util.Vector<java.lang.Object>

------------------------------------------------------------------------------------------------------------------------

[2022-03-04 16:02:21 #1 store] 
Database 'C:\Users\34644\eclipse-workspace\IS-ITER\src\main\resources\bets.temp' is opened by 11196@MSI

[2022-03-04 16:02:21 #2 type.registry] 
New type domain.Question

[2022-03-04 16:02:21 #3 type] 
Type domain.Question is not enhanced.

[2022-03-04 16:02:21 #4 type.registry] 
New type domain.Event

[2022-03-04 16:02:21 #5 type] 
Type domain.Event is not enhanced.

[2022-03-04 16:02:21 #6 type.registry] 
New type java.util.Vector<domain.Question>

[2022-03-04 16:02:21 #7 type.registry] 
New type java.util.Vector<java.lang.Object>

------------------------------------------------------------------------------------------------------------------------

[2022-03-04 16:02:26 #1 store] 
Database 'C:\Users\34644\eclipse-workspace\IS-ITER\src\main\resources\bets.temp' is opened by 26552@MSI

[2022-03-04 16:02:26 #2 type.registry] 
New type domain.Question

[2022-03-04 16:02:26 #3 type] 
Type domain.Question is not enhanced.

[2022-03-04 16:02:26 #4 type.registry] 
New type domain.Event

[2022-03-04 16:02:26 #5 type] 
Type domain.Event is not enhanced.

[2022-03-04 16:02:26 #6 type.registry] 
New type java.util.Vector<domain.Question>

[2022-03-04 16:02:26 #7 type.registry] 
New type java.util.Vector<java.lang.Object>

------------------------------------------------------------------------------------------------------------------------

[2022-03-04 16:11:59 #1 store] 
Database 'C:\Users\34644\eclipse-workspace\IS-ITER\src\main\resources\bets.temp' is opened by 28476@MSI

[2022-03-04 16:11:59 #2 type.registry] 
New type domain.Question

[2022-03-04 16:11:59 #3 type] 
Type domain.Question is not enhanced.

[2022-03-04 16:11:59 #4 type.registry] 
New type domain.Event

[2022-03-04 16:11:59 #5 type] 
Type domain.Event is not enhanced.

[2022-03-04 16:11:59 #6 type.registry] 
New type java.util.Vector<domain.Question>

[2022-03-04 16:11:59 #7 type.registry] 
New type java.util.Vector<java.lang.Object>

------------------------------------------------------------------------------------------------------------------------

[2022-03-04 16:12:08 #1 store] 
Database 'C:\Users\34644\eclipse-workspace\IS-ITER\src\main\resources\bets.temp' is opened by 20696@MSI

[2022-03-04 16:12:08 #2 type.registry] 
New type domain.Question

[2022-03-04 16:12:08 #3 type] 
Type domain.Question is not enhanced.

[2022-03-04 16:12:08 #4 type.registry] 
New type domain.Event

[2022-03-04 16:12:08 #5 type] 
Type domain.Event is not enhanced.

[2022-03-04 16:12:08 #6 type.registry] 
New type java.util.Vector<domain.Question>

[2022-03-04 16:12:08 #7 type.registry] 
New type java.util.Vector<java.lang.Object>

------------------------------------------------------------------------------------------------------------------------

[2022-03-04 16:13:07 #1 store] 
Database 'C:\Users\34644\eclipse-workspace\IS-ITER\src\main\resources\bets.temp' is opened by 1748@MSI

[2022-03-04 16:13:07 #2 type.registry] 
New type domain.Question

[2022-03-04 16:13:07 #3 type] 
Type domain.Question is not enhanced.

[2022-03-04 16:13:07 #4 type.registry] 
New type domain.Event

[2022-03-04 16:13:07 #5 type] 
Type domain.Event is not enhanced.

[2022-03-04 16:13:07 #6 type.registry] 
New type java.util.Vector<domain.Question>

[2022-03-04 16:13:07 #7 type.registry] 
New type java.util.Vector<java.lang.Object>

------------------------------------------------------------------------------------------------------------------------

[2022-03-04 16:13:17 #1 store] 
Database 'C:\Users\34644\eclipse-workspace\IS-ITER\src\main\resources\bets.temp' is opened by 28156@MSI

[2022-03-04 16:13:17 #2 type.registry] 
New type domain.Question

[2022-03-04 16:13:17 #3 type] 
Type domain.Question is not enhanced.

[2022-03-04 16:13:17 #4 type.registry] 
New type domain.Event

[2022-03-04 16:13:17 #5 type] 
Type domain.Event is not enhanced.

[2022-03-04 16:13:17 #6 type.registry] 
New type java.util.Vector<domain.Question>

[2022-03-04 16:13:17 #7 type.registry] 
New type java.util.Vector<java.lang.Object>

------------------------------------------------------------------------------------------------------------------------

[2022-03-04 16:17:56 #1 store] 
Database 'C:\Users\34644\eclipse-workspace\IS-ITER\src\main\resources\bets.temp' is opened by 22608@MSI

[2022-03-04 16:17:56 #2 type.registry] 
New type domain.Question

[2022-03-04 16:17:56 #3 type] 
Type domain.Question is not enhanced.

[2022-03-04 16:17:56 #4 type.registry] 
New type domain.Event

[2022-03-04 16:17:56 #5 type] 
Type domain.Event is not enhanced.

[2022-03-04 16:17:56 #6 type.registry] 
New type java.util.Vector<domain.Question>

[2022-03-04 16:17:56 #7 type.registry] 
New type java.util.Vector<java.lang.Object>

------------------------------------------------------------------------------------------------------------------------

[2022-03-04 16:18:34 #1 store] 
Database 'C:\Users\34644\eclipse-workspace\IS-ITER\src\main\resources\bets.temp' is opened by 23604@MSI

[2022-03-04 16:18:34 #2 type.registry] 
New type domain.Question

[2022-03-04 16:18:34 #3 type] 
Type domain.Question is not enhanced.

[2022-03-04 16:18:34 #4 type.registry] 
New type domain.Event

[2022-03-04 16:18:34 #5 type] 
Type domain.Event is not enhanced.

[2022-03-04 16:18:34 #6 type.registry] 
New type java.util.Vector<domain.Question>

[2022-03-04 16:18:34 #7 type.registry] 
New type java.util.Vector<java.lang.Object>

------------------------------------------------------------------------------------------------------------------------

[2022-03-04 16:19:23 #1 store] 
Database 'C:\Users\34644\eclipse-workspace\IS-ITER\src\main\resources\bets.temp' is opened by 15684@MSI

[2022-03-04 16:19:23 #2 type.registry] 
New type domain.Question

[2022-03-04 16:19:23 #3 type] 
Type domain.Question is not enhanced.

[2022-03-04 16:19:23 #4 type.registry] 
New type domain.Event

[2022-03-04 16:19:23 #5 type] 
Type domain.Event is not enhanced.

[2022-03-04 16:19:23 #6 type.registry] 
New type java.util.Vector<domain.Question>

[2022-03-04 16:19:23 #7 type.registry] 
New type java.util.Vector<java.lang.Object>

------------------------------------------------------------------------------------------------------------------------

[2022-03-04 16:19:28 #1 store] 
Database 'C:\Users\34644\eclipse-workspace\IS-ITER\src\main\resources\bets.temp' is opened by 12232@MSI

[2022-03-04 16:19:28 #2 type.registry] 
New type domain.Question

[2022-03-04 16:19:28 #3 type] 
Type domain.Question is not enhanced.

[2022-03-04 16:19:28 #4 type.registry] 
New type domain.Event

[2022-03-04 16:19:28 #5 type] 
Type domain.Event is not enhanced.

[2022-03-04 16:19:28 #6 type.registry] 
New type java.util.Vector<domain.Question>

[2022-03-04 16:19:28 #7 type.registry] 
New type java.util.Vector<java.lang.Object>

------------------------------------------------------------------------------------------------------------------------

[2022-03-04 16:20:30 #1 store] 
Database 'C:\Users\34644\eclipse-workspace\IS-ITER\src\main\resources\bets.temp' is opened by 4348@MSI

[2022-03-04 16:20:30 #2 type.registry] 
New type domain.Question

[2022-03-04 16:20:30 #3 type] 
Type domain.Question is not enhanced.

[2022-03-04 16:20:30 #4 type.registry] 
New type domain.Event

[2022-03-04 16:20:30 #5 type] 
Type domain.Event is not enhanced.

[2022-03-04 16:20:30 #6 type.registry] 
New type java.util.Vector<domain.Question>

[2022-03-04 16:20:30 #7 type.registry] 
New type java.util.Vector<java.lang.Object>

------------------------------------------------------------------------------------------------------------------------

[2022-03-04 16:20:54 #1 store] 
Database 'C:\Users\34644\eclipse-workspace\IS-ITER\src\main\resources\bets.temp' is opened by 6328@MSI

[2022-03-04 16:20:54 #2 type.registry] 
New type domain.Question

[2022-03-04 16:20:54 #3 type] 
Type domain.Question is not enhanced.

[2022-03-04 16:20:54 #4 type.registry] 
New type domain.Event

[2022-03-04 16:20:54 #5 type] 
Type domain.Event is not enhanced.

[2022-03-04 16:20:54 #6 type.registry] 
New type java.util.Vector<domain.Question>

[2022-03-04 16:20:54 #7 type.registry] 
New type java.util.Vector<java.lang.Object>

------------------------------------------------------------------------------------------------------------------------

[2022-03-04 16:22:14 #1 store] 
Database 'C:\Users\34644\eclipse-workspace\IS-ITER\src\main\resources\bets.temp' is opened by 28076@MSI

[2022-03-04 16:22:14 #2 type.registry] 
New type domain.Question

[2022-03-04 16:22:14 #3 type] 
Type domain.Question is not enhanced.

[2022-03-04 16:22:14 #4 type.registry] 
New type domain.Event

[2022-03-04 16:22:14 #5 type] 
Type domain.Event is not enhanced.

[2022-03-04 16:22:15 #6 type.registry] 
New type java.util.Vector<domain.Question>

[2022-03-04 16:22:15 #7 type.registry] 
New type java.util.Vector<java.lang.Object>

------------------------------------------------------------------------------------------------------------------------

[2022-03-04 16:24:41 #1 store] 
Database 'C:\Users\34644\eclipse-workspace\IS-ITER\src\main\resources\bets.temp' is opened by 11120@MSI

[2022-03-04 16:24:41 #2 type.registry] 
New type domain.Question

[2022-03-04 16:24:41 #3 type] 
Type domain.Question is not enhanced.

[2022-03-04 16:24:41 #4 type.registry] 
New type domain.Event

[2022-03-04 16:24:41 #5 type] 
Type domain.Event is not enhanced.

[2022-03-04 16:24:41 #6 type.registry] 
New type java.util.Vector<domain.Question>

[2022-03-04 16:24:41 #7 type.registry] 
New type java.util.Vector<java.lang.Object>

------------------------------------------------------------------------------------------------------------------------

[2022-03-04 16:26:11 #1 store] 
Database 'C:\Users\34644\eclipse-workspace\IS-ITER\src\main\resources\bets.temp' is opened by 24908@MSI

[2022-03-04 16:26:11 #2 type.registry] 
New type domain.Question

[2022-03-04 16:26:11 #3 type] 
Type domain.Question is not enhanced.

[2022-03-04 16:26:11 #4 type.registry] 
New type domain.Event

[2022-03-04 16:26:11 #5 type] 
Type domain.Event is not enhanced.

[2022-03-04 16:26:11 #6 type.registry] 
New type java.util.Vector<domain.Question>

[2022-03-04 16:26:11 #7 type.registry] 
New type java.util.Vector<java.lang.Object>

------------------------------------------------------------------------------------------------------------------------

[2022-03-04 16:28:16 #1 store] 
Database 'C:\Users\34644\eclipse-workspace\IS-ITER\src\main\resources\bets.temp' is opened by 7924@MSI

[2022-03-04 16:28:16 #2 type.registry] 
New type domain.Question

[2022-03-04 16:28:16 #3 type] 
Type domain.Question is not enhanced.

[2022-03-04 16:28:16 #4 type.registry] 
New type domain.Event

[2022-03-04 16:28:16 #5 type] 
Type domain.Event is not enhanced.

[2022-03-04 16:28:16 #6 type.registry] 
New type java.util.Vector<domain.Question>

[2022-03-04 16:28:16 #7 type.registry] 
New type java.util.Vector<java.lang.Object>

------------------------------------------------------------------------------------------------------------------------

[2022-03-04 16:32:41 #1 store] 
Database 'C:\Users\34644\eclipse-workspace\IS-ITER\src\main\resources\bets.temp' is opened by 23600@MSI

[2022-03-04 16:32:41 #2 type.registry] 
New type domain.Question

[2022-03-04 16:32:41 #3 type] 
Type domain.Question is not enhanced.

[2022-03-04 16:32:41 #4 type.registry] 
New type domain.Event

[2022-03-04 16:32:41 #5 type] 
Type domain.Event is not enhanced.

[2022-03-04 16:32:41 #6 type.registry] 
New type java.util.Vector<domain.Question>

[2022-03-04 16:32:41 #7 type.registry] 
New type java.util.Vector<java.lang.Object>

