------------------------------------------------------------------------------------------------------------------------

[2022-03-10 00:02:55 #1 store] 
Database 'C:\Users\34644\eclipse-workspace\IS-ITER\src\main\resources\bets.temp' is opened by 12396@MSI

[2022-03-10 00:02:55 #2 type.registry] 
New type domain.User

[2022-03-10 00:02:55 #3 type] 
Type domain.User is not enhanced.

[2022-03-10 00:02:55 #4 type.registry] 
New type domain.Pronostico

[2022-03-10 00:02:55 #5 type.registry] 
New type java.util.ArrayList<domain.Pronostico>

[2022-03-10 00:02:55 #6 type] 
Type domain.Pronostico is not enhanced.

[2022-03-10 00:02:55 #7 type.registry] 
New type domain.Event

[2022-03-10 00:02:55 #8 type] 
Type domain.Event is not enhanced.

[2022-03-10 00:02:55 #9 type.registry] 
New type domain.Question

[2022-03-10 00:02:55 #10 type.registry] 
New type java.util.Vector<domain.Question>

[2022-03-10 00:02:55 #11 type] 
Type domain.Question is not enhanced.

[2022-03-10 00:02:55 #12 type.registry] 
New type java.util.Vector<java.lang.Object>

------------------------------------------------------------------------------------------------------------------------

[2022-03-10 00:02:58 #1 store] 
Database 'C:\Users\34644\eclipse-workspace\IS-ITER\src\main\resources\bets.temp' is opened by 20016@MSI

[2022-03-10 00:02:58 #2 type.registry] 
New type domain.User

[2022-03-10 00:02:58 #3 type] 
Type domain.User is not enhanced.

[2022-03-10 00:02:58 #4 type.registry] 
New type domain.Pronostico

[2022-03-10 00:02:58 #5 type.registry] 
New type java.util.ArrayList<domain.Pronostico>

[2022-03-10 00:02:58 #6 type] 
Type domain.Pronostico is not enhanced.

[2022-03-10 00:02:58 #7 type.registry] 
New type domain.Event

[2022-03-10 00:02:58 #8 type] 
Type domain.Event is not enhanced.

[2022-03-10 00:02:58 #9 type.registry] 
New type domain.Question

[2022-03-10 00:02:58 #10 type.registry] 
New type java.util.Vector<domain.Question>

[2022-03-10 00:02:58 #11 type] 
Type domain.Question is not enhanced.

[2022-03-10 00:02:58 #12 type.registry] 
New type java.util.Vector<java.lang.Object>

------------------------------------------------------------------------------------------------------------------------

[2022-03-10 00:03:45 #1 store] 
Database 'C:\Users\34644\eclipse-workspace\IS-ITER\src\main\resources\bets.temp' is opened by 19764@MSI

[2022-03-10 00:03:45 #2 type.registry] 
New type domain.User

[2022-03-10 00:03:45 #3 type] 
Type domain.User is not enhanced.

[2022-03-10 00:03:45 #4 type.registry] 
New type domain.Pronostico

[2022-03-10 00:03:45 #5 type.registry] 
New type java.util.ArrayList<domain.Pronostico>

[2022-03-10 00:03:45 #6 type] 
Type domain.Pronostico is not enhanced.

[2022-03-10 00:03:45 #7 type.registry] 
New type domain.Event

[2022-03-10 00:03:45 #8 type] 
Type domain.Event is not enhanced.

[2022-03-10 00:03:45 #9 type.registry] 
New type domain.Question

[2022-03-10 00:03:45 #10 type.registry] 
New type java.util.Vector<domain.Question>

[2022-03-10 00:03:45 #11 type] 
Type domain.Question is not enhanced.

[2022-03-10 00:03:45 #12 type.registry] 
New type java.util.Vector<java.lang.Object>

------------------------------------------------------------------------------------------------------------------------

[2022-03-10 00:06:23 #1 store] 
Database 'C:\Users\34644\eclipse-workspace\IS-ITER\src\main\resources\bets.temp' is opened by 16144@MSI

[2022-03-10 00:06:23 #2 type.registry] 
New type domain.User

[2022-03-10 00:06:23 #3 type] 
Type domain.User is not enhanced.

[2022-03-10 00:06:23 #4 type.registry] 
New type domain.Pronostico

[2022-03-10 00:06:23 #5 type.registry] 
New type java.util.ArrayList<domain.Pronostico>

[2022-03-10 00:06:23 #6 type] 
Type domain.Pronostico is not enhanced.

[2022-03-10 00:06:23 #7 type.registry] 
New type domain.Event

[2022-03-10 00:06:23 #8 type] 
Type domain.Event is not enhanced.

[2022-03-10 00:06:23 #9 type.registry] 
New type domain.Question

[2022-03-10 00:06:23 #10 type.registry] 
New type java.util.Vector<domain.Question>

[2022-03-10 00:06:23 #11 type] 
Type domain.Question is not enhanced.

[2022-03-10 00:06:23 #12 type.registry] 
New type java.util.Vector<java.lang.Object>

------------------------------------------------------------------------------------------------------------------------

[2022-03-10 00:08:05 #1 store] 
Database 'C:\Users\34644\eclipse-workspace\IS-ITER\src\main\resources\bets.temp' is opened by 15800@MSI

[2022-03-10 00:08:05 #2 type.registry] 
New type domain.User

[2022-03-10 00:08:05 #3 type] 
Type domain.User is not enhanced.

[2022-03-10 00:08:05 #4 type.registry] 
New type domain.Pronostico

[2022-03-10 00:08:05 #5 type.registry] 
New type java.util.ArrayList<domain.Pronostico>

[2022-03-10 00:08:05 #6 type] 
Type domain.Pronostico is not enhanced.

[2022-03-10 00:08:05 #7 type.registry] 
New type domain.Event

[2022-03-10 00:08:05 #8 type] 
Type domain.Event is not enhanced.

[2022-03-10 00:08:05 #9 type.registry] 
New type domain.Question

[2022-03-10 00:08:05 #10 type.registry] 
New type java.util.Vector<domain.Question>

[2022-03-10 00:08:05 #11 type] 
Type domain.Question is not enhanced.

[2022-03-10 00:08:05 #12 type.registry] 
New type java.util.Vector<java.lang.Object>

------------------------------------------------------------------------------------------------------------------------

[2022-03-10 00:15:09 #1 store] 
Database 'C:\Users\34644\eclipse-workspace\IS-ITER\src\main\resources\bets.temp' is opened by 776@MSI

[2022-03-10 00:15:09 #2 type.registry] 
New type domain.User

[2022-03-10 00:15:09 #3 type] 
Type domain.User is not enhanced.

[2022-03-10 00:15:09 #4 type.registry] 
New type domain.Pronostico

[2022-03-10 00:15:09 #5 type.registry] 
New type java.util.ArrayList<domain.Pronostico>

[2022-03-10 00:15:09 #6 type] 
Type domain.Pronostico is not enhanced.

[2022-03-10 00:15:10 #7 type.registry] 
New type domain.Event

[2022-03-10 00:15:10 #8 type] 
Type domain.Event is not enhanced.

[2022-03-10 00:15:10 #9 type.registry] 
New type domain.Question

[2022-03-10 00:15:10 #10 type.registry] 
New type java.util.Vector<domain.Question>

[2022-03-10 00:15:10 #11 type] 
Type domain.Question is not enhanced.

[2022-03-10 00:15:10 #12 type.registry] 
New type java.util.Vector<java.lang.Object>

------------------------------------------------------------------------------------------------------------------------

[2022-03-10 00:20:34 #1 store] 
Database 'C:\Users\34644\eclipse-workspace\IS-ITER\src\main\resources\bets.temp' is opened by 21708@MSI

[2022-03-10 00:20:34 #2 type.registry] 
New type domain.User

[2022-03-10 00:20:34 #3 type] 
Type domain.User is not enhanced.

[2022-03-10 00:20:34 #4 type.registry] 
New type domain.Pronostico

[2022-03-10 00:20:34 #5 type.registry] 
New type java.util.ArrayList<domain.Pronostico>

[2022-03-10 00:20:34 #6 type] 
Type domain.Pronostico is not enhanced.

[2022-03-10 00:20:34 #7 type.registry] 
New type domain.Event

[2022-03-10 00:20:34 #8 type] 
Type domain.Event is not enhanced.

[2022-03-10 00:20:34 #9 type.registry] 
New type domain.Question

[2022-03-10 00:20:34 #10 type.registry] 
New type java.util.Vector<domain.Question>

[2022-03-10 00:20:34 #11 type] 
Type domain.Question is not enhanced.

[2022-03-10 00:20:34 #12 type.registry] 
New type java.util.Vector<java.lang.Object>

------------------------------------------------------------------------------------------------------------------------

[2022-03-10 00:21:31 #1 store] 
Database 'C:\Users\34644\eclipse-workspace\IS-ITER\src\main\resources\bets.temp' is opened by 22988@MSI

[2022-03-10 00:21:32 #2 type.registry] 
New type domain.User

[2022-03-10 00:21:32 #3 type] 
Type domain.User is not enhanced.

[2022-03-10 00:21:32 #4 type.registry] 
New type domain.Pronostico

[2022-03-10 00:21:32 #5 type.registry] 
New type java.util.ArrayList<domain.Pronostico>

[2022-03-10 00:21:32 #6 type] 
Type domain.Pronostico is not enhanced.

[2022-03-10 00:21:32 #7 type.registry] 
New type domain.Event

[2022-03-10 00:21:32 #8 type] 
Type domain.Event is not enhanced.

[2022-03-10 00:21:32 #9 type.registry] 
New type domain.Question

[2022-03-10 00:21:32 #10 type.registry] 
New type java.util.Vector<domain.Question>

[2022-03-10 00:21:32 #11 type] 
Type domain.Question is not enhanced.

[2022-03-10 00:21:32 #12 type.registry] 
New type java.util.Vector<java.lang.Object>

------------------------------------------------------------------------------------------------------------------------

[2022-03-10 00:21:39 #1 store] 
Database 'C:\Users\34644\eclipse-workspace\IS-ITER\src\main\resources\bets.temp' is opened by 14008@MSI

[2022-03-10 00:21:39 #2 type.registry] 
New type domain.User

[2022-03-10 00:21:39 #3 type] 
Type domain.User is not enhanced.

[2022-03-10 00:21:39 #4 type.registry] 
New type domain.Pronostico

[2022-03-10 00:21:39 #5 type.registry] 
New type java.util.ArrayList<domain.Pronostico>

[2022-03-10 00:21:39 #6 type] 
Type domain.Pronostico is not enhanced.

[2022-03-10 00:21:39 #7 type.registry] 
New type domain.Event

[2022-03-10 00:21:39 #8 type] 
Type domain.Event is not enhanced.

[2022-03-10 00:21:39 #9 type.registry] 
New type domain.Question

[2022-03-10 00:21:39 #10 type.registry] 
New type java.util.Vector<domain.Question>

[2022-03-10 00:21:39 #11 type] 
Type domain.Question is not enhanced.

[2022-03-10 00:21:39 #12 type.registry] 
New type java.util.Vector<java.lang.Object>

------------------------------------------------------------------------------------------------------------------------

[2022-03-10 00:23:09 #1 store] 
Database 'C:\Users\34644\eclipse-workspace\IS-ITER\src\main\resources\bets.temp' is opened by 16924@MSI

[2022-03-10 00:23:09 #2 type.registry] 
New type domain.User

[2022-03-10 00:23:09 #3 type] 
Type domain.User is not enhanced.

[2022-03-10 00:23:09 #4 type.registry] 
New type domain.Pronostico

[2022-03-10 00:23:09 #5 type.registry] 
New type java.util.ArrayList<domain.Pronostico>

[2022-03-10 00:23:09 #6 type] 
Type domain.Pronostico is not enhanced.

[2022-03-10 00:23:09 #7 type.registry] 
New type domain.Event

[2022-03-10 00:23:09 #8 type] 
Type domain.Event is not enhanced.

[2022-03-10 00:23:09 #9 type.registry] 
New type domain.Question

[2022-03-10 00:23:09 #10 type.registry] 
New type java.util.Vector<domain.Question>

[2022-03-10 00:23:09 #11 type] 
Type domain.Question is not enhanced.

[2022-03-10 00:23:10 #12 type.registry] 
New type java.util.Vector<java.lang.Object>

------------------------------------------------------------------------------------------------------------------------

[2022-03-10 00:30:27 #1 store] 
Database 'C:\Users\34644\eclipse-workspace\IS-ITER\src\main\resources\bets.temp' is opened by 2236@MSI

[2022-03-10 00:30:27 #2 type.registry] 
New type domain.User

[2022-03-10 00:30:27 #3 type] 
Type domain.User is not enhanced.

[2022-03-10 00:30:27 #4 type.registry] 
New type domain.Pronostico

[2022-03-10 00:30:27 #5 type.registry] 
New type java.util.ArrayList<domain.Pronostico>

[2022-03-10 00:30:27 #6 type] 
Type domain.Pronostico is not enhanced.

[2022-03-10 00:30:27 #7 type.registry] 
New type domain.Event

[2022-03-10 00:30:27 #8 type] 
Type domain.Event is not enhanced.

[2022-03-10 00:30:27 #9 type.registry] 
New type domain.Question

[2022-03-10 00:30:27 #10 type.registry] 
New type java.util.Vector<domain.Question>

[2022-03-10 00:30:27 #11 type] 
Type domain.Question is not enhanced.

[2022-03-10 00:30:28 #12 type.registry] 
New type java.util.Vector<java.lang.Object>

------------------------------------------------------------------------------------------------------------------------

[2022-03-10 00:30:34 #1 store] 
Database 'C:\Users\34644\eclipse-workspace\IS-ITER\src\main\resources\bets.temp' is opened by 12420@MSI

[2022-03-10 00:30:35 #2 type.registry] 
New type domain.User

[2022-03-10 00:30:35 #3 type] 
Type domain.User is not enhanced.

[2022-03-10 00:30:35 #4 type.registry] 
New type domain.Pronostico

[2022-03-10 00:30:35 #5 type.registry] 
New type java.util.ArrayList<domain.Pronostico>

[2022-03-10 00:30:35 #6 type] 
Type domain.Pronostico is not enhanced.

[2022-03-10 00:30:35 #7 type.registry] 
New type domain.Event

[2022-03-10 00:30:35 #8 type] 
Type domain.Event is not enhanced.

[2022-03-10 00:30:35 #9 type.registry] 
New type domain.Question

[2022-03-10 00:30:35 #10 type.registry] 
New type java.util.Vector<domain.Question>

[2022-03-10 00:30:35 #11 type] 
Type domain.Question is not enhanced.

[2022-03-10 00:30:35 #12 type.registry] 
New type java.util.Vector<java.lang.Object>

------------------------------------------------------------------------------------------------------------------------

[2022-03-10 00:30:39 #1 store] 
Database 'C:\Users\34644\eclipse-workspace\IS-ITER\src\main\resources\bets.temp' is opened by 17380@MSI

[2022-03-10 00:30:39 #2 type.registry] 
New type domain.User

[2022-03-10 00:30:39 #3 type] 
Type domain.User is not enhanced.

[2022-03-10 00:30:39 #4 type.registry] 
New type domain.Pronostico

[2022-03-10 00:30:39 #5 type.registry] 
New type java.util.ArrayList<domain.Pronostico>

[2022-03-10 00:30:39 #6 type] 
Type domain.Pronostico is not enhanced.

[2022-03-10 00:30:39 #7 type.registry] 
New type domain.Event

[2022-03-10 00:30:39 #8 type] 
Type domain.Event is not enhanced.

[2022-03-10 00:30:39 #9 type.registry] 
New type domain.Question

[2022-03-10 00:30:39 #10 type.registry] 
New type java.util.Vector<domain.Question>

[2022-03-10 00:30:39 #11 type] 
Type domain.Question is not enhanced.

[2022-03-10 00:30:39 #12 type.registry] 
New type java.util.Vector<java.lang.Object>

------------------------------------------------------------------------------------------------------------------------

[2022-03-10 00:31:48 #1 store] 
Database 'C:\Users\34644\eclipse-workspace\IS-ITER\src\main\resources\bets.temp' is opened by 21388@MSI

[2022-03-10 00:31:49 #2 type.registry] 
New type domain.User

[2022-03-10 00:31:49 #3 type] 
Type domain.User is not enhanced.

[2022-03-10 00:31:49 #4 type.registry] 
New type domain.Pronostico

[2022-03-10 00:31:49 #5 type.registry] 
New type java.util.ArrayList<domain.Pronostico>

[2022-03-10 00:31:49 #6 type] 
Type domain.Pronostico is not enhanced.

[2022-03-10 00:31:49 #7 type.registry] 
New type domain.Event

[2022-03-10 00:31:49 #8 type] 
Type domain.Event is not enhanced.

[2022-03-10 00:31:49 #9 type.registry] 
New type domain.Question

[2022-03-10 00:31:49 #10 type.registry] 
New type java.util.Vector<domain.Question>

[2022-03-10 00:31:49 #11 type] 
Type domain.Question is not enhanced.

[2022-03-10 00:31:49 #12 type.registry] 
New type java.util.Vector<java.lang.Object>

------------------------------------------------------------------------------------------------------------------------

[2022-03-10 00:43:36 #1 store] 
Database 'C:\Users\34644\eclipse-workspace\IS-ITER\src\main\resources\bets.temp' is opened by 14740@MSI

[2022-03-10 00:43:36 #2 type.registry] 
New type domain.User

[2022-03-10 00:43:36 #3 type] 
Type domain.User is not enhanced.

[2022-03-10 00:43:36 #4 type.registry] 
New type domain.Pronostico

[2022-03-10 00:43:36 #5 type.registry] 
New type java.util.ArrayList<domain.Pronostico>

[2022-03-10 00:43:36 #6 type] 
Type domain.Pronostico is not enhanced.

[2022-03-10 00:43:36 #7 type.registry] 
New type domain.Event

[2022-03-10 00:43:36 #8 type] 
Type domain.Event is not enhanced.

[2022-03-10 00:43:36 #9 type.registry] 
New type domain.Question

[2022-03-10 00:43:36 #10 type.registry] 
New type java.util.Vector<domain.Question>

[2022-03-10 00:43:36 #11 type] 
Type domain.Question is not enhanced.

[2022-03-10 00:43:36 #12 type.registry] 
New type java.util.Vector<java.lang.Object>

------------------------------------------------------------------------------------------------------------------------

[2022-03-10 00:45:01 #1 store] 
Database 'C:\Users\34644\eclipse-workspace\IS-ITER\src\main\resources\bets.temp' is opened by 25364@MSI

[2022-03-10 00:45:01 #2 type.registry] 
New type domain.User

[2022-03-10 00:45:01 #3 type] 
Type domain.User is not enhanced.

[2022-03-10 00:45:01 #4 type.registry] 
New type domain.Pronostico

[2022-03-10 00:45:01 #5 type.registry] 
New type java.util.ArrayList<domain.Pronostico>

[2022-03-10 00:45:01 #6 type] 
Type domain.Pronostico is not enhanced.

[2022-03-10 00:45:01 #7 type.registry] 
New type domain.Event

[2022-03-10 00:45:01 #8 type] 
Type domain.Event is not enhanced.

[2022-03-10 00:45:01 #9 type.registry] 
New type domain.Question

[2022-03-10 00:45:01 #10 type.registry] 
New type java.util.Vector<domain.Question>

[2022-03-10 00:45:01 #11 type] 
Type domain.Question is not enhanced.

[2022-03-10 00:45:01 #12 type.registry] 
New type java.util.Vector<java.lang.Object>

------------------------------------------------------------------------------------------------------------------------

[2022-03-10 00:47:04 #1 store] 
Database 'C:\Users\34644\eclipse-workspace\IS-ITER\src\main\resources\bets.temp' is opened by 14372@MSI

[2022-03-10 00:47:04 #2 type.registry] 
New type domain.User

[2022-03-10 00:47:04 #3 type] 
Type domain.User is not enhanced.

[2022-03-10 00:47:04 #4 type.registry] 
New type domain.Pronostico

[2022-03-10 00:47:04 #5 type.registry] 
New type java.util.ArrayList<domain.Pronostico>

[2022-03-10 00:47:04 #6 type] 
Type domain.Pronostico is not enhanced.

[2022-03-10 00:47:04 #7 type.registry] 
New type domain.Event

[2022-03-10 00:47:04 #8 type] 
Type domain.Event is not enhanced.

[2022-03-10 00:47:04 #9 type.registry] 
New type domain.Question

[2022-03-10 00:47:04 #10 type.registry] 
New type java.util.Vector<domain.Question>

[2022-03-10 00:47:04 #11 type] 
Type domain.Question is not enhanced.

[2022-03-10 00:47:04 #12 type.registry] 
New type java.util.Vector<java.lang.Object>

------------------------------------------------------------------------------------------------------------------------

[2022-03-10 00:47:09 #1 store] 
Database 'C:\Users\34644\eclipse-workspace\IS-ITER\src\main\resources\bets.temp' is opened by 26032@MSI

[2022-03-10 00:47:09 #2 type.registry] 
New type domain.User

[2022-03-10 00:47:09 #3 type] 
Type domain.User is not enhanced.

[2022-03-10 00:47:09 #4 type.registry] 
New type domain.Pronostico

[2022-03-10 00:47:09 #5 type.registry] 
New type java.util.ArrayList<domain.Pronostico>

[2022-03-10 00:47:09 #6 type] 
Type domain.Pronostico is not enhanced.

[2022-03-10 00:47:09 #7 type.registry] 
New type domain.Event

[2022-03-10 00:47:09 #8 type] 
Type domain.Event is not enhanced.

[2022-03-10 00:47:09 #9 type.registry] 
New type domain.Question

[2022-03-10 00:47:09 #10 type.registry] 
New type java.util.Vector<domain.Question>

[2022-03-10 00:47:09 #11 type] 
Type domain.Question is not enhanced.

[2022-03-10 00:47:09 #12 type.registry] 
New type java.util.Vector<java.lang.Object>

------------------------------------------------------------------------------------------------------------------------

[2022-03-10 00:48:02 #1 store] 
Database 'C:\Users\34644\eclipse-workspace\IS-ITER\src\main\resources\bets.temp' is opened by 10532@MSI

[2022-03-10 00:48:02 #2 type.registry] 
New type domain.User

[2022-03-10 00:48:02 #3 type] 
Type domain.User is not enhanced.

[2022-03-10 00:48:02 #4 type.registry] 
New type domain.Pronostico

[2022-03-10 00:48:02 #5 type.registry] 
New type java.util.ArrayList<domain.Pronostico>

[2022-03-10 00:48:02 #6 type] 
Type domain.Pronostico is not enhanced.

[2022-03-10 00:48:02 #7 type.registry] 
New type domain.Event

[2022-03-10 00:48:02 #8 type] 
Type domain.Event is not enhanced.

[2022-03-10 00:48:02 #9 type.registry] 
New type domain.Question

[2022-03-10 00:48:02 #10 type.registry] 
New type java.util.Vector<domain.Question>

[2022-03-10 00:48:02 #11 type] 
Type domain.Question is not enhanced.

[2022-03-10 00:48:02 #12 type.registry] 
New type java.util.Vector<java.lang.Object>

------------------------------------------------------------------------------------------------------------------------

[2022-03-10 00:49:13 #1 store] 
Database 'C:\Users\34644\eclipse-workspace\IS-ITER\src\main\resources\bets.temp' is opened by 1348@MSI

[2022-03-10 00:49:13 #2 type.registry] 
New type domain.User

[2022-03-10 00:49:13 #3 type] 
Type domain.User is not enhanced.

[2022-03-10 00:49:13 #4 type.registry] 
New type domain.Pronostico

[2022-03-10 00:49:13 #5 type.registry] 
New type java.util.ArrayList<domain.Pronostico>

[2022-03-10 00:49:13 #6 type] 
Type domain.Pronostico is not enhanced.

[2022-03-10 00:49:13 #7 type.registry] 
New type domain.Event

[2022-03-10 00:49:13 #8 type] 
Type domain.Event is not enhanced.

[2022-03-10 00:49:13 #9 type.registry] 
New type domain.Question

[2022-03-10 00:49:13 #10 type.registry] 
New type java.util.Vector<domain.Question>

[2022-03-10 00:49:13 #11 type] 
Type domain.Question is not enhanced.

[2022-03-10 00:49:13 #12 type.registry] 
New type java.util.Vector<java.lang.Object>

------------------------------------------------------------------------------------------------------------------------

[2022-03-10 00:49:32 #1 store] 
Database 'C:\Users\34644\eclipse-workspace\IS-ITER\src\main\resources\bets.temp' is opened by 14388@MSI

[2022-03-10 00:49:32 #2 type.registry] 
New type domain.User

[2022-03-10 00:49:32 #3 type] 
Type domain.User is not enhanced.

[2022-03-10 00:49:32 #4 type.registry] 
New type domain.Pronostico

[2022-03-10 00:49:32 #5 type.registry] 
New type java.util.ArrayList<domain.Pronostico>

[2022-03-10 00:49:32 #6 type] 
Type domain.Pronostico is not enhanced.

[2022-03-10 00:49:32 #7 type.registry] 
New type domain.Event

[2022-03-10 00:49:32 #8 type] 
Type domain.Event is not enhanced.

[2022-03-10 00:49:32 #9 type.registry] 
New type domain.Question

[2022-03-10 00:49:32 #10 type.registry] 
New type java.util.Vector<domain.Question>

[2022-03-10 00:49:32 #11 type] 
Type domain.Question is not enhanced.

[2022-03-10 00:49:32 #12 type.registry] 
New type java.util.Vector<java.lang.Object>

------------------------------------------------------------------------------------------------------------------------

[2022-03-10 00:50:58 #1 store] 
Database 'C:\Users\34644\eclipse-workspace\IS-ITER\src\main\resources\bets.temp' is opened by 22360@MSI

[2022-03-10 00:50:58 #2 type.registry] 
New type domain.User

[2022-03-10 00:50:58 #3 type] 
Type domain.User is not enhanced.

[2022-03-10 00:50:58 #4 type.registry] 
New type domain.Pronostico

[2022-03-10 00:50:58 #5 type.registry] 
New type java.util.ArrayList<domain.Pronostico>

[2022-03-10 00:50:58 #6 type] 
Type domain.Pronostico is not enhanced.

[2022-03-10 00:50:58 #7 type.registry] 
New type domain.Event

[2022-03-10 00:50:58 #8 type] 
Type domain.Event is not enhanced.

[2022-03-10 00:50:58 #9 type.registry] 
New type domain.Question

[2022-03-10 00:50:58 #10 type.registry] 
New type java.util.Vector<domain.Question>

[2022-03-10 00:50:58 #11 type] 
Type domain.Question is not enhanced.

[2022-03-10 00:50:58 #12 type.registry] 
New type java.util.Vector<java.lang.Object>

------------------------------------------------------------------------------------------------------------------------

[2022-03-10 00:51:54 #1 store] 
Database 'C:\Users\34644\eclipse-workspace\IS-ITER\src\main\resources\bets.temp' is opened by 7704@MSI

[2022-03-10 00:51:54 #2 type.registry] 
New type domain.User

[2022-03-10 00:51:54 #3 type] 
Type domain.User is not enhanced.

[2022-03-10 00:51:54 #4 type.registry] 
New type domain.Pronostico

[2022-03-10 00:51:54 #5 type.registry] 
New type java.util.ArrayList<domain.Pronostico>

[2022-03-10 00:51:54 #6 type] 
Type domain.Pronostico is not enhanced.

[2022-03-10 00:51:54 #7 type.registry] 
New type domain.Event

[2022-03-10 00:51:54 #8 type] 
Type domain.Event is not enhanced.

[2022-03-10 00:51:54 #9 type.registry] 
New type domain.Question

[2022-03-10 00:51:54 #10 type.registry] 
New type java.util.Vector<domain.Question>

[2022-03-10 00:51:54 #11 type] 
Type domain.Question is not enhanced.

[2022-03-10 00:51:54 #12 type.registry] 
New type java.util.Vector<java.lang.Object>

------------------------------------------------------------------------------------------------------------------------

[2022-03-10 00:53:32 #1 store] 
Database 'C:\Users\34644\eclipse-workspace\IS-ITER\src\main\resources\bets.temp' is opened by 19284@MSI

[2022-03-10 00:53:32 #2 type.registry] 
New type domain.User

[2022-03-10 00:53:32 #3 type] 
Type domain.User is not enhanced.

[2022-03-10 00:53:32 #4 type.registry] 
New type domain.Pronostico

[2022-03-10 00:53:32 #5 type.registry] 
New type java.util.ArrayList<domain.Pronostico>

[2022-03-10 00:53:32 #6 type] 
Type domain.Pronostico is not enhanced.

[2022-03-10 00:53:32 #7 type.registry] 
New type domain.Event

[2022-03-10 00:53:32 #8 type] 
Type domain.Event is not enhanced.

[2022-03-10 00:53:32 #9 type.registry] 
New type domain.Question

[2022-03-10 00:53:32 #10 type.registry] 
New type java.util.Vector<domain.Question>

[2022-03-10 00:53:32 #11 type] 
Type domain.Question is not enhanced.

[2022-03-10 00:53:32 #12 type.registry] 
New type java.util.Vector<java.lang.Object>

------------------------------------------------------------------------------------------------------------------------

[2022-03-10 00:55:24 #1 store] 
Database 'C:\Users\34644\eclipse-workspace\IS-ITER\src\main\resources\bets.temp' is opened by 13768@MSI

[2022-03-10 00:55:25 #2 type.registry] 
New type domain.User

[2022-03-10 00:55:25 #3 type] 
Type domain.User is not enhanced.

[2022-03-10 00:55:25 #4 type.registry] 
New type domain.Pronostico

[2022-03-10 00:55:25 #5 type.registry] 
New type java.util.ArrayList<domain.Pronostico>

[2022-03-10 00:55:25 #6 type] 
Type domain.Pronostico is not enhanced.

[2022-03-10 00:55:25 #7 type.registry] 
New type domain.Event

[2022-03-10 00:55:25 #8 type] 
Type domain.Event is not enhanced.

[2022-03-10 00:55:25 #9 type.registry] 
New type domain.Question

[2022-03-10 00:55:25 #10 type.registry] 
New type java.util.Vector<domain.Question>

[2022-03-10 00:55:25 #11 type] 
Type domain.Question is not enhanced.

[2022-03-10 00:55:25 #12 type.registry] 
New type java.util.Vector<java.lang.Object>

------------------------------------------------------------------------------------------------------------------------

[2022-03-10 00:57:31 #1 store] 
Database 'C:\Users\34644\eclipse-workspace\IS-ITER\src\main\resources\bets.temp' is opened by 2516@MSI

[2022-03-10 00:57:31 #2 type.registry] 
New type domain.User

[2022-03-10 00:57:31 #3 type] 
Type domain.User is not enhanced.

[2022-03-10 00:57:31 #4 type.registry] 
New type domain.Pronostico

[2022-03-10 00:57:31 #5 type.registry] 
New type java.util.ArrayList<domain.Pronostico>

[2022-03-10 00:57:31 #6 type] 
Type domain.Pronostico is not enhanced.

[2022-03-10 00:57:31 #7 type.registry] 
New type domain.Event

[2022-03-10 00:57:31 #8 type] 
Type domain.Event is not enhanced.

[2022-03-10 00:57:31 #9 type.registry] 
New type domain.Question

[2022-03-10 00:57:31 #10 type.registry] 
New type java.util.Vector<domain.Question>

[2022-03-10 00:57:31 #11 type] 
Type domain.Question is not enhanced.

[2022-03-10 00:57:31 #12 type.registry] 
New type java.util.Vector<java.lang.Object>

------------------------------------------------------------------------------------------------------------------------

[2022-03-10 02:11:59 #1 store] 
Database 'C:\Users\34644\eclipse-workspace\IS-ITER\src\main\resources\bets.temp' is opened by 14560@MSI

[2022-03-10 02:11:59 #2 type.registry] 
New type domain.User

[2022-03-10 02:11:59 #3 type] 
Type domain.User is not enhanced.

[2022-03-10 02:11:59 #4 type.registry] 
New type domain.Pronostico

[2022-03-10 02:11:59 #5 type.registry] 
New type java.util.ArrayList<domain.Pronostico>

[2022-03-10 02:11:59 #6 type] 
Type domain.Pronostico is not enhanced.

[2022-03-10 02:11:59 #7 type.registry] 
New type domain.Event

[2022-03-10 02:11:59 #8 type] 
Type domain.Event is not enhanced.

[2022-03-10 02:11:59 #9 type.registry] 
New type domain.Question

[2022-03-10 02:11:59 #10 type.registry] 
New type java.util.Vector<domain.Question>

[2022-03-10 02:11:59 #11 type] 
Type domain.Question is not enhanced.

[2022-03-10 02:11:59 #12 type.registry] 
New type java.util.Vector<java.lang.Object>

------------------------------------------------------------------------------------------------------------------------

[2022-03-10 02:13:39 #1 store] 
Database 'C:\Users\34644\eclipse-workspace\IS-ITER\src\main\resources\bets.temp' is opened by 1376@MSI

[2022-03-10 02:13:39 #2 type.registry] 
New type domain.User

[2022-03-10 02:13:39 #3 type] 
Type domain.User is not enhanced.

[2022-03-10 02:13:39 #4 type.registry] 
New type domain.Pronostico

[2022-03-10 02:13:39 #5 type.registry] 
New type java.util.ArrayList<domain.Pronostico>

[2022-03-10 02:13:39 #6 type] 
Type domain.Pronostico is not enhanced.

[2022-03-10 02:13:39 #7 type.registry] 
New type domain.Event

[2022-03-10 02:13:39 #8 type] 
Type domain.Event is not enhanced.

[2022-03-10 02:13:39 #9 type.registry] 
New type domain.Question

[2022-03-10 02:13:39 #10 type.registry] 
New type java.util.Vector<domain.Question>

[2022-03-10 02:13:39 #11 type] 
Type domain.Question is not enhanced.

[2022-03-10 02:13:39 #12 type.registry] 
New type java.util.Vector<java.lang.Object>

------------------------------------------------------------------------------------------------------------------------

[2022-03-10 02:16:34 #1 store] 
Database 'C:\Users\34644\eclipse-workspace\IS-ITER\src\main\resources\bets.temp' is opened by 16764@MSI

[2022-03-10 02:16:34 #2 type.registry] 
New type domain.User

[2022-03-10 02:16:34 #3 type] 
Type domain.User is not enhanced.

[2022-03-10 02:16:34 #4 type.registry] 
New type domain.Pronostico

[2022-03-10 02:16:34 #5 type.registry] 
New type java.util.ArrayList<domain.Pronostico>

[2022-03-10 02:16:34 #6 type] 
Type domain.Pronostico is not enhanced.

[2022-03-10 02:16:34 #7 type.registry] 
New type domain.Event

[2022-03-10 02:16:34 #8 type] 
Type domain.Event is not enhanced.

[2022-03-10 02:16:34 #9 type.registry] 
New type domain.Question

[2022-03-10 02:16:34 #10 type.registry] 
New type java.util.Vector<domain.Question>

[2022-03-10 02:16:34 #11 type] 
Type domain.Question is not enhanced.

[2022-03-10 02:16:34 #12 type.registry] 
New type java.util.Vector<java.lang.Object>

------------------------------------------------------------------------------------------------------------------------

[2022-03-10 02:18:29 #1 store] 
Database 'C:\Users\34644\eclipse-workspace\IS-ITER\src\main\resources\bets.temp' is opened by 21184@MSI

[2022-03-10 02:18:29 #2 type.registry] 
New type domain.User

[2022-03-10 02:18:29 #3 type] 
Type domain.User is not enhanced.

[2022-03-10 02:18:29 #4 type.registry] 
New type domain.Pronostico

[2022-03-10 02:18:29 #5 type.registry] 
New type java.util.ArrayList<domain.Pronostico>

[2022-03-10 02:18:29 #6 type] 
Type domain.Pronostico is not enhanced.

[2022-03-10 02:18:29 #7 type.registry] 
New type domain.Event

[2022-03-10 02:18:29 #8 type] 
Type domain.Event is not enhanced.

[2022-03-10 02:18:29 #9 type.registry] 
New type domain.Question

[2022-03-10 02:18:29 #10 type.registry] 
New type java.util.Vector<domain.Question>

[2022-03-10 02:18:29 #11 type] 
Type domain.Question is not enhanced.

[2022-03-10 02:18:29 #12 type.registry] 
New type java.util.Vector<java.lang.Object>

------------------------------------------------------------------------------------------------------------------------

[2022-03-10 02:19:50 #1 store] 
Database 'C:\Users\34644\eclipse-workspace\IS-ITER\src\main\resources\bets.temp' is opened by 12196@MSI

[2022-03-10 02:19:50 #2 type.registry] 
New type domain.User

[2022-03-10 02:19:50 #3 type] 
Type domain.User is not enhanced.

[2022-03-10 02:19:50 #4 type.registry] 
New type domain.Pronostico

[2022-03-10 02:19:50 #5 type.registry] 
New type java.util.ArrayList<domain.Pronostico>

[2022-03-10 02:19:50 #6 type] 
Type domain.Pronostico is not enhanced.

[2022-03-10 02:19:50 #7 type.registry] 
New type domain.Event

[2022-03-10 02:19:50 #8 type] 
Type domain.Event is not enhanced.

[2022-03-10 02:19:50 #9 type.registry] 
New type domain.Question

[2022-03-10 02:19:50 #10 type.registry] 
New type java.util.Vector<domain.Question>

[2022-03-10 02:19:50 #11 type] 
Type domain.Question is not enhanced.

[2022-03-10 02:19:50 #12 type.registry] 
New type java.util.Vector<java.lang.Object>

