------------------------------------------------------------------------------------------------------------------------

[2022-04-07 00:00:49 #1 store] 
Database 'C:\Users\34644\git\repository\IS-ITER\src\main\resources\bets.temp' is opened by 9264@MSI

[2022-04-07 00:00:49 #2 type] 
Type domain.User is not enhanced.

[2022-04-07 00:00:49 #3 type] 
Type domain.Pronostico is not enhanced.

[2022-04-07 00:00:49 #4 type] 
Type domain.Event is not enhanced.

[2022-04-07 00:00:49 #5 type] 
Type domain.Question is not enhanced.

------------------------------------------------------------------------------------------------------------------------

[2022-04-07 00:02:53 #1 store] 
Database 'C:\Users\34644\git\repository\IS-ITER\src\main\resources\bets.temp' is opened by 204@MSI

[2022-04-07 00:02:53 #2 type] 
Type domain.User is not enhanced.

[2022-04-07 00:02:53 #3 type] 
Type domain.Pronostico is not enhanced.

[2022-04-07 00:02:53 #4 type] 
Type domain.Event is not enhanced.

[2022-04-07 00:02:53 #5 type] 
Type domain.Question is not enhanced.

------------------------------------------------------------------------------------------------------------------------

[2022-04-07 00:06:59 #1 store] 
Database 'C:\Users\34644\git\repository\IS-ITER\src\main\resources\bets.temp' is opened by 17424@MSI

[2022-04-07 00:06:59 #2 type] 
Type domain.User is not enhanced.

[2022-04-07 00:06:59 #3 type] 
Type domain.Pronostico is not enhanced.

[2022-04-07 00:06:59 #4 type] 
Type domain.Event is not enhanced.

[2022-04-07 00:06:59 #5 type] 
Type domain.Question is not enhanced.

------------------------------------------------------------------------------------------------------------------------

[2022-04-07 00:21:25 #1 store] 
Database 'C:\Users\34644\git\repository\IS-ITER\src\main\resources\bets.temp' is opened by 30376@MSI

[2022-04-07 00:21:26 #2 type] 
Type domain.User is not enhanced.

[2022-04-07 00:21:26 #3 type] 
Type domain.Pronostico is not enhanced.

[2022-04-07 00:21:26 #4 type] 
Type domain.Event is not enhanced.

[2022-04-07 00:21:26 #5 type] 
Type domain.Question is not enhanced.

------------------------------------------------------------------------------------------------------------------------

[2022-04-07 00:22:25 #1 store] 
Database 'C:\Users\34644\git\repository\IS-ITER\src\main\resources\bets.temp' is opened by 19068@MSI

[2022-04-07 00:22:25 #2 type] 
Type domain.User is not enhanced.

[2022-04-07 00:22:25 #3 type] 
Type domain.Pronostico is not enhanced.

[2022-04-07 00:22:26 #4 type] 
Type domain.Event is not enhanced.

[2022-04-07 00:22:26 #5 type] 
Type domain.Question is not enhanced.

------------------------------------------------------------------------------------------------------------------------

[2022-04-07 00:22:58 #1 store] 
Database 'C:\Users\34644\git\repository\IS-ITER\src\main\resources\bets.temp' is opened by 10332@MSI

[2022-04-07 00:22:59 #2 type] 
Type domain.User is not enhanced.

[2022-04-07 00:22:59 #3 type] 
Type domain.Pronostico is not enhanced.

[2022-04-07 00:22:59 #4 type] 
Type domain.Event is not enhanced.

[2022-04-07 00:22:59 #5 type] 
Type domain.Question is not enhanced.

------------------------------------------------------------------------------------------------------------------------

[2022-04-07 00:24:20 #1 store] 
Database 'C:\Users\34644\git\repository\IS-ITER\src\main\resources\bets.temp' is opened by 9332@MSI

[2022-04-07 00:24:20 #2 type] 
Type domain.User is not enhanced.

[2022-04-07 00:24:20 #3 type] 
Type domain.Pronostico is not enhanced.

[2022-04-07 00:24:20 #4 type] 
Type domain.Event is not enhanced.

[2022-04-07 00:24:20 #5 type] 
Type domain.Question is not enhanced.

------------------------------------------------------------------------------------------------------------------------

[2022-04-07 00:27:42 #1 store] 
Database 'C:\Users\34644\git\repository\IS-ITER\src\main\resources\bets.temp' is opened by 11840@MSI

[2022-04-07 00:27:43 #2 type] 
Type domain.User is not enhanced.

[2022-04-07 00:27:43 #3 type] 
Type domain.Pronostico is not enhanced.

[2022-04-07 00:27:43 #4 type] 
Type domain.Event is not enhanced.

[2022-04-07 00:27:43 #5 type] 
Type domain.Question is not enhanced.

------------------------------------------------------------------------------------------------------------------------

[2022-04-07 00:38:34 #1 store] 
Database 'C:\Users\34644\git\repository\IS-ITER\src\main\resources\bets.temp' is opened by 18472@MSI

[2022-04-07 00:38:34 #2 type] 
Type domain.User is not enhanced.

[2022-04-07 00:38:34 #3 type] 
Type domain.Pronostico is not enhanced.

[2022-04-07 00:38:34 #4 type] 
Type domain.Event is not enhanced.

[2022-04-07 00:38:34 #5 type] 
Type domain.Question is not enhanced.

------------------------------------------------------------------------------------------------------------------------

[2022-04-07 00:39:03 #1 store] 
Database 'C:\Users\34644\git\repository\IS-ITER\src\main\resources\bets.temp' is opened by 29724@MSI

[2022-04-07 00:39:03 #2 type] 
Type domain.User is not enhanced.

[2022-04-07 00:39:03 #3 type] 
Type domain.Pronostico is not enhanced.

[2022-04-07 00:39:03 #4 type] 
Type domain.Event is not enhanced.

[2022-04-07 00:39:03 #5 type] 
Type domain.Question is not enhanced.

------------------------------------------------------------------------------------------------------------------------

[2022-04-07 00:39:46 #1 store] 
Database 'C:\Users\34644\git\repository\IS-ITER\src\main\resources\bets.temp' is opened by 19100@MSI

[2022-04-07 00:39:46 #2 type] 
Type domain.User is not enhanced.

[2022-04-07 00:39:46 #3 type] 
Type domain.Pronostico is not enhanced.

[2022-04-07 00:39:46 #4 type] 
Type domain.Event is not enhanced.

[2022-04-07 00:39:46 #5 type] 
Type domain.Question is not enhanced.

------------------------------------------------------------------------------------------------------------------------

[2022-04-07 00:40:57 #1 store] 
Database 'C:\Users\34644\git\repository\IS-ITER\src\main\resources\bets.temp' is opened by 7660@MSI

[2022-04-07 00:40:57 #2 type] 
Type domain.User is not enhanced.

[2022-04-07 00:40:57 #3 type] 
Type domain.Pronostico is not enhanced.

[2022-04-07 00:40:57 #4 type] 
Type domain.Event is not enhanced.

[2022-04-07 00:40:57 #5 type] 
Type domain.Question is not enhanced.

------------------------------------------------------------------------------------------------------------------------

[2022-04-07 00:41:53 #1 store] 
Database 'C:\Users\34644\git\repository\IS-ITER\src\main\resources\bets.temp' has been recovered (tr. 27-27)

[2022-04-07 00:41:54 #2 store] 
Database 'C:\Users\34644\git\repository\IS-ITER\src\main\resources\bets.temp' is opened by 26184@MSI

[2022-04-07 00:41:54 #3 type] 
Type domain.User is not enhanced.

[2022-04-07 00:41:54 #4 type] 
Type domain.Pronostico is not enhanced.

[2022-04-07 00:41:54 #5 type] 
Type domain.Event is not enhanced.

[2022-04-07 00:41:54 #6 type] 
Type domain.Question is not enhanced.

------------------------------------------------------------------------------------------------------------------------

[2022-04-07 00:42:18 #1 store] 
Database 'C:\Users\34644\git\repository\IS-ITER\src\main\resources\bets.temp' is opened by 17600@MSI

[2022-04-07 00:42:18 #2 type] 
Type domain.User is not enhanced.

[2022-04-07 00:42:18 #3 type] 
Type domain.Pronostico is not enhanced.

[2022-04-07 00:42:18 #4 type] 
Type domain.Event is not enhanced.

[2022-04-07 00:42:18 #5 type] 
Type domain.Question is not enhanced.

------------------------------------------------------------------------------------------------------------------------

[2022-04-07 00:43:17 #1 store] 
Database 'C:\Users\34644\git\repository\IS-ITER\src\main\resources\bets.temp' is opened by 3940@MSI

[2022-04-07 00:43:17 #2 type] 
Type domain.User is not enhanced.

[2022-04-07 00:43:17 #3 type] 
Type domain.Pronostico is not enhanced.

[2022-04-07 00:43:17 #4 type] 
Type domain.Event is not enhanced.

[2022-04-07 00:43:17 #5 type] 
Type domain.Question is not enhanced.

------------------------------------------------------------------------------------------------------------------------

[2022-04-07 00:43:33 #1 store] 
Database 'C:\Users\34644\git\repository\IS-ITER\src\main\resources\bets.temp' is opened by 1004@MSI

[2022-04-07 00:43:33 #2 type] 
Type domain.User is not enhanced.

[2022-04-07 00:43:33 #3 type] 
Type domain.Pronostico is not enhanced.

[2022-04-07 00:43:33 #4 type] 
Type domain.Event is not enhanced.

[2022-04-07 00:43:33 #5 type] 
Type domain.Question is not enhanced.

------------------------------------------------------------------------------------------------------------------------

[2022-04-07 00:44:35 #1 store] 
Database 'C:\Users\34644\git\repository\IS-ITER\src\main\resources\bets.temp' has been recovered (tr. 28-28)

[2022-04-07 00:44:35 #2 store] 
Database 'C:\Users\34644\git\repository\IS-ITER\src\main\resources\bets.temp' is opened by 30904@MSI

[2022-04-07 00:44:35 #3 type] 
Type domain.User is not enhanced.

[2022-04-07 00:44:35 #4 type] 
Type domain.Pronostico is not enhanced.

[2022-04-07 00:44:35 #5 type] 
Type domain.Event is not enhanced.

[2022-04-07 00:44:35 #6 type] 
Type domain.Question is not enhanced.

