------------------------------------------------------------------------------------------------------------------------

[2022-06-10 19:28:16 #1 store] 
Database 'C:\Users\34644\git\repository\IS-ITER\src\main\resources\bets.temp' is opened by 7076@MSI

[2022-06-10 19:28:16 #2 type.registry] 
New type domain.User

[2022-06-10 19:28:16 #3 type] 
Type domain.User is not enhanced.

[2022-06-10 19:28:16 #4 type.registry] 
New type domain.Pronostico

[2022-06-10 19:28:16 #5 type] 
Type domain.Pronostico is not enhanced.

[2022-06-10 19:28:16 #6 type.registry] 
New type domain.Question

[2022-06-10 19:28:16 #7 type] 
Type domain.Question is not enhanced.

[2022-06-10 19:28:16 #8 type.registry] 
New type java.util.Vector<domain.Pronostico>

[2022-06-10 19:28:16 #9 type.registry] 
New type domain.Event

[2022-06-10 19:28:16 #10 type] 
Type domain.Event is not enhanced.

[2022-06-10 19:28:16 #11 type.registry] 
New type java.util.Vector<domain.Question>

[2022-06-10 19:28:16 #12 type.registry] 
New type domain.Equipo

[2022-06-10 19:28:16 #13 type] 
Type domain.Equipo is not enhanced.

[2022-06-10 19:28:16 #14 type.registry] 
New type domain.Jugador

[2022-06-10 19:28:16 #15 type.registry] 
New type java.util.ArrayList<domain.Jugador>

[2022-06-10 19:28:16 #16 type.registry] 
New type java.util.ArrayList<java.lang.Object>

[2022-06-10 19:28:16 #17 type.registry] 
New type java.util.Vector<java.lang.Object>

[2022-06-10 19:28:16 #18 type.registry] 
New type java.util.ArrayList<domain.Pronostico>

------------------------------------------------------------------------------------------------------------------------

[2022-06-10 19:30:23 #1 store] 
Database 'C:\Users\34644\git\repository\IS-ITER\src\main\resources\bets.temp' is opened by 29968@MSI

[2022-06-10 19:30:23 #2 type] 
Type domain.User is not enhanced.

[2022-06-10 19:30:23 #3 type] 
Type domain.Pronostico is not enhanced.

[2022-06-10 19:30:23 #4 type] 
Type domain.Question is not enhanced.

[2022-06-10 19:30:23 #5 type] 
Type domain.Event is not enhanced.

[2022-06-10 19:30:23 #6 type] 
Type domain.Equipo is not enhanced.

------------------------------------------------------------------------------------------------------------------------

[2022-06-10 19:32:23 #1 store] 
Database 'C:\Users\34644\git\repository\IS-ITER\src\main\resources\bets.temp' is opened by 26304@MSI

[2022-06-10 19:32:23 #2 type] 
Type domain.User is not enhanced.

[2022-06-10 19:32:23 #3 type] 
Type domain.Pronostico is not enhanced.

[2022-06-10 19:32:23 #4 type] 
Type domain.Question is not enhanced.

[2022-06-10 19:32:23 #5 type] 
Type domain.Event is not enhanced.

[2022-06-10 19:32:23 #6 type] 
Type domain.Equipo is not enhanced.

[2022-06-10 19:32:23 #7 type] 
Type domain.Jugador is not enhanced.

------------------------------------------------------------------------------------------------------------------------

[2022-06-10 19:33:12 #1 store] 
Database 'C:\Users\34644\git\repository\IS-ITER\src\main\resources\bets.temp' is opened by 8296@MSI

[2022-06-10 19:33:12 #2 type] 
Type domain.User is not enhanced.

[2022-06-10 19:33:12 #3 type] 
Type domain.Pronostico is not enhanced.

[2022-06-10 19:33:12 #4 type] 
Type domain.Question is not enhanced.

[2022-06-10 19:33:12 #5 type] 
Type domain.Event is not enhanced.

[2022-06-10 19:33:12 #6 type] 
Type domain.Equipo is not enhanced.

[2022-06-10 19:33:12 #7 type] 
Type domain.Jugador is not enhanced.

------------------------------------------------------------------------------------------------------------------------

[2022-06-10 19:34:39 #1 store] 
Database 'C:\Users\34644\git\repository\IS-ITER\src\main\resources\bets.temp' is opened by 12532@MSI

[2022-06-10 19:34:39 #2 type] 
Type domain.User is not enhanced.

[2022-06-10 19:34:39 #3 type] 
Type domain.Pronostico is not enhanced.

[2022-06-10 19:34:39 #4 type] 
Type domain.Question is not enhanced.

[2022-06-10 19:34:39 #5 type] 
Type domain.Event is not enhanced.

[2022-06-10 19:34:39 #6 type] 
Type domain.Equipo is not enhanced.

[2022-06-10 19:34:39 #7 type] 
Type domain.Jugador is not enhanced.

------------------------------------------------------------------------------------------------------------------------

[2022-06-10 19:36:40 #1 store] 
Database 'C:\Users\34644\git\repository\IS-ITER\src\main\resources\bets.temp' is opened by 28540@MSI

[2022-06-10 19:36:40 #2 type] 
Type domain.User is not enhanced.

[2022-06-10 19:36:40 #3 type] 
Type domain.Pronostico is not enhanced.

[2022-06-10 19:36:40 #4 type] 
Type domain.Question is not enhanced.

[2022-06-10 19:36:40 #5 type] 
Type domain.Event is not enhanced.

[2022-06-10 19:36:40 #6 type] 
Type domain.Equipo is not enhanced.

[2022-06-10 19:36:40 #7 type] 
Type domain.Jugador is not enhanced.

------------------------------------------------------------------------------------------------------------------------

[2022-06-10 19:41:28 #1 store] 
Database 'C:\Users\34644\git\repository\IS-ITER\src\main\resources\bets.temp' is opened by 23156@MSI

[2022-06-10 19:41:28 #2 type.registry] 
New type domain.User

[2022-06-10 19:41:28 #3 type] 
Type domain.User is not enhanced.

[2022-06-10 19:41:28 #4 type.registry] 
New type domain.Pronostico

[2022-06-10 19:41:28 #5 type] 
Type domain.Pronostico is not enhanced.

[2022-06-10 19:41:28 #6 type.registry] 
New type domain.Question

[2022-06-10 19:41:28 #7 type] 
Type domain.Question is not enhanced.

[2022-06-10 19:41:28 #8 type.registry] 
New type java.util.Vector<domain.Pronostico>

[2022-06-10 19:41:28 #9 type.registry] 
New type domain.Event

[2022-06-10 19:41:28 #10 type] 
Type domain.Event is not enhanced.

[2022-06-10 19:41:28 #11 type.registry] 
New type java.util.Vector<domain.Question>

[2022-06-10 19:41:28 #12 type.registry] 
New type domain.Equipo

[2022-06-10 19:41:28 #13 type] 
Type domain.Equipo is not enhanced.

[2022-06-10 19:41:28 #14 type.registry] 
New type domain.Jugador

[2022-06-10 19:41:28 #15 type.registry] 
New type java.util.ArrayList<domain.Jugador>

[2022-06-10 19:41:28 #16 type] 
Type domain.Jugador is not enhanced.

[2022-06-10 19:41:28 #17 type.registry] 
New type java.util.ArrayList<java.lang.Object>

[2022-06-10 19:41:28 #18 type.registry] 
New type java.util.Vector<java.lang.Object>

[2022-06-10 19:41:28 #19 type.registry] 
New type java.util.ArrayList<domain.Pronostico>

------------------------------------------------------------------------------------------------------------------------

[2022-06-10 19:43:48 #1 store] 
Database 'C:\Users\34644\git\repository\IS-ITER\src\main\resources\bets.temp' is opened by 13164@MSI

[2022-06-10 19:43:48 #2 type.registry] 
New type domain.User

[2022-06-10 19:43:48 #3 type] 
Type domain.User is not enhanced.

[2022-06-10 19:43:48 #4 type.registry] 
New type domain.Pronostico

[2022-06-10 19:43:48 #5 type] 
Type domain.Pronostico is not enhanced.

[2022-06-10 19:43:48 #6 type.registry] 
New type domain.Question

[2022-06-10 19:43:48 #7 type] 
Type domain.Question is not enhanced.

[2022-06-10 19:43:48 #8 type.registry] 
New type java.util.Vector<domain.Pronostico>

[2022-06-10 19:43:48 #9 type.registry] 
New type domain.Event

[2022-06-10 19:43:48 #10 type] 
Type domain.Event is not enhanced.

[2022-06-10 19:43:48 #11 type.registry] 
New type java.util.Vector<domain.Question>

[2022-06-10 19:43:48 #12 type.registry] 
New type domain.Equipo

[2022-06-10 19:43:48 #13 type] 
Type domain.Equipo is not enhanced.

[2022-06-10 19:43:48 #14 type.registry] 
New type domain.Jugador

[2022-06-10 19:43:48 #15 type.registry] 
New type java.util.ArrayList<domain.Jugador>

[2022-06-10 19:43:48 #16 type] 
Type domain.Jugador is not enhanced.

[2022-06-10 19:43:48 #17 type.registry] 
New type java.util.ArrayList<java.lang.Object>

[2022-06-10 19:43:48 #18 type.registry] 
New type java.util.Vector<java.lang.Object>

[2022-06-10 19:43:48 #19 type.registry] 
New type java.util.ArrayList<domain.Pronostico>

