------------------------------------------------------------------------------------------------------------------------

[2022-05-11 18:12:12 #1 store] 
Database 'C:\Users\34644\git\repository\IS-ITER\src\main\resources\bets.temp' is opened by 26732@MSI

[2022-05-11 18:12:13 #2 type.registry] 
New type domain.User

[2022-05-11 18:12:13 #3 type] 
Type domain.User is not enhanced.

[2022-05-11 18:12:13 #4 type.registry] 
New type domain.Question

[2022-05-11 18:12:13 #5 type.registry] 
New type domain.Pronostico

[2022-05-11 18:12:13 #6 type] 
Type domain.Question is not enhanced.

[2022-05-11 18:12:13 #7 type.registry] 
New type java.util.Vector<domain.Pronostico>

[2022-05-11 18:12:13 #8 type.registry] 
New type domain.Event

[2022-05-11 18:12:13 #9 type] 
Type domain.Pronostico is not enhanced.

[2022-05-11 18:12:13 #10 type] 
Type domain.Event is not enhanced.

[2022-05-11 18:12:13 #11 type.registry] 
New type java.util.Vector<domain.Question>

[2022-05-11 18:12:13 #12 type.registry] 
New type domain.Equipo

[2022-05-11 18:12:13 #13 type] 
Type domain.Equipo is not enhanced.

[2022-05-11 18:12:13 #14 type.registry] 
New type java.util.ArrayList<java.lang.Object>

[2022-05-11 18:12:13 #15 type.registry] 
New type java.util.Vector<java.lang.Object>

[2022-05-11 18:12:13 #16 type.registry] 
New type java.util.ArrayList<domain.Pronostico>

[2022-05-11 18:12:13 #17 type.registry] 
New type java.util.ArrayList<domain.Question>

------------------------------------------------------------------------------------------------------------------------

[2022-05-11 18:12:26 #1 store] 
Database 'C:\Users\34644\git\repository\IS-ITER\src\main\resources\bets.temp' has been recovered (tr. 1-9)

[2022-05-11 18:12:26 #2 store] 
Database 'C:\Users\34644\git\repository\IS-ITER\src\main\resources\bets.temp' is opened by 9564@MSI

[2022-05-11 18:12:26 #3 type] 
Type domain.User is not enhanced.

[2022-05-11 18:12:26 #4 type] 
Type domain.Question is not enhanced.

[2022-05-11 18:12:26 #5 type] 
Type domain.Pronostico is not enhanced.

[2022-05-11 18:12:26 #6 type] 
Type domain.Event is not enhanced.

[2022-05-11 18:12:26 #7 type] 
Type domain.Equipo is not enhanced.

------------------------------------------------------------------------------------------------------------------------

[2022-05-11 18:15:08 #1 store] 
Database 'C:\Users\34644\git\repository\IS-ITER\src\main\resources\bets.temp' is opened by 3164@MSI

[2022-05-11 18:15:08 #2 type.registry] 
New type domain.User

[2022-05-11 18:15:08 #3 type] 
Type domain.User is not enhanced.

[2022-05-11 18:15:08 #4 type.registry] 
New type domain.Question

[2022-05-11 18:15:08 #5 type.registry] 
New type domain.Pronostico

[2022-05-11 18:15:08 #6 type] 
Type domain.Question is not enhanced.

[2022-05-11 18:15:08 #7 type.registry] 
New type java.util.Vector<domain.Pronostico>

[2022-05-11 18:15:08 #8 type.registry] 
New type domain.Event

[2022-05-11 18:15:08 #9 type] 
Type domain.Pronostico is not enhanced.

[2022-05-11 18:15:08 #10 type] 
Type domain.Event is not enhanced.

[2022-05-11 18:15:08 #11 type.registry] 
New type java.util.Vector<domain.Question>

[2022-05-11 18:15:08 #12 type.registry] 
New type domain.Equipo

[2022-05-11 18:15:08 #13 type] 
Type domain.Equipo is not enhanced.

[2022-05-11 18:15:08 #14 type.registry] 
New type java.util.ArrayList<java.lang.Object>

[2022-05-11 18:15:08 #15 type.registry] 
New type java.util.Vector<java.lang.Object>

[2022-05-11 18:15:08 #16 type.registry] 
New type java.util.ArrayList<domain.Pronostico>

[2022-05-11 18:15:08 #17 type.registry] 
New type java.util.ArrayList<domain.Question>

------------------------------------------------------------------------------------------------------------------------

[2022-05-11 18:15:17 #1 store] 
Database 'C:\Users\34644\git\repository\IS-ITER\src\main\resources\bets.temp' has been recovered (tr. 1-9)

[2022-05-11 18:15:17 #2 store] 
Database 'C:\Users\34644\git\repository\IS-ITER\src\main\resources\bets.temp' is opened by 14724@MSI

[2022-05-11 18:15:17 #3 type] 
Type domain.User is not enhanced.

[2022-05-11 18:15:17 #4 type] 
Type domain.Question is not enhanced.

[2022-05-11 18:15:17 #5 type] 
Type domain.Pronostico is not enhanced.

[2022-05-11 18:15:17 #6 type] 
Type domain.Event is not enhanced.

[2022-05-11 18:15:17 #7 type] 
Type domain.Equipo is not enhanced.

------------------------------------------------------------------------------------------------------------------------

[2022-05-11 18:22:47 #1 store] 
Database 'C:\Users\34644\git\repository\IS-ITER\src\main\resources\bets.temp' is opened by 15284@MSI

[2022-05-11 18:22:47 #2 type] 
Type domain.User is not enhanced.

[2022-05-11 18:22:47 #3 type] 
Type domain.Question is not enhanced.

[2022-05-11 18:22:47 #4 type] 
Type domain.Pronostico is not enhanced.

[2022-05-11 18:22:47 #5 type] 
Type domain.Event is not enhanced.

[2022-05-11 18:22:47 #6 type] 
Type domain.Equipo is not enhanced.

------------------------------------------------------------------------------------------------------------------------

[2022-05-11 18:22:52 #1 store] 
Database 'C:\Users\34644\git\repository\IS-ITER\src\main\resources\bets.temp' is opened by 29044@MSI

[2022-05-11 18:22:52 #2 type] 
Type domain.User is not enhanced.

[2022-05-11 18:22:52 #3 type] 
Type domain.Question is not enhanced.

[2022-05-11 18:22:52 #4 type] 
Type domain.Pronostico is not enhanced.

[2022-05-11 18:22:52 #5 type] 
Type domain.Event is not enhanced.

[2022-05-11 18:22:52 #6 type] 
Type domain.Equipo is not enhanced.

------------------------------------------------------------------------------------------------------------------------

[2022-05-11 18:58:43 #1 store] 
Database 'C:\Users\34644\git\repository\IS-ITER\src\main\resources\bets.temp' is opened by 20364@MSI

[2022-05-11 18:58:43 #2 type] 
Type domain.User is not enhanced.

[2022-05-11 18:58:43 #3 type] 
Type domain.Question is not enhanced.

[2022-05-11 18:58:43 #4 type] 
Type domain.Pronostico is not enhanced.

[2022-05-11 18:58:43 #5 type] 
Type domain.Event is not enhanced.

[2022-05-11 18:58:43 #6 type] 
Type domain.Equipo is not enhanced.

------------------------------------------------------------------------------------------------------------------------

[2022-05-11 18:59:33 #1 store] 
Database 'C:\Users\34644\git\repository\IS-ITER\src\main\resources\bets.temp' has been recovered (tr. 11-11)

[2022-05-11 18:59:33 #2 store] 
Database 'C:\Users\34644\git\repository\IS-ITER\src\main\resources\bets.temp' is opened by 13276@MSI

[2022-05-11 18:59:33 #3 type] 
Type domain.User is not enhanced.

[2022-05-11 18:59:33 #4 type] 
Type domain.Question is not enhanced.

[2022-05-11 18:59:33 #5 type] 
Type domain.Pronostico is not enhanced.

[2022-05-11 18:59:34 #6 type] 
Type domain.Event is not enhanced.

[2022-05-11 18:59:34 #7 type] 
Type domain.Equipo is not enhanced.

------------------------------------------------------------------------------------------------------------------------

[2022-05-11 19:23:00 #1 store] 
Database 'C:\Users\34644\git\repository\IS-ITER\src\main\resources\bets.temp' is opened by 27456@MSI

[2022-05-11 19:23:00 #2 type.registry] 
New type domain.User

[2022-05-11 19:23:00 #3 type] 
Type domain.User is not enhanced.

[2022-05-11 19:23:00 #4 type.registry] 
New type domain.Question

[2022-05-11 19:23:00 #5 type.registry] 
New type domain.Pronostico

[2022-05-11 19:23:00 #6 type] 
Type domain.Question is not enhanced.

[2022-05-11 19:23:00 #7 type.registry] 
New type java.util.Vector<domain.Pronostico>

[2022-05-11 19:23:00 #8 type.registry] 
New type domain.Event

[2022-05-11 19:23:00 #9 type] 
Type domain.Pronostico is not enhanced.

[2022-05-11 19:23:00 #10 type] 
Type domain.Event is not enhanced.

[2022-05-11 19:23:00 #11 type.registry] 
New type java.util.Vector<domain.Question>

[2022-05-11 19:23:00 #12 type.registry] 
New type domain.Equipo

[2022-05-11 19:23:00 #13 type] 
Type domain.Equipo is not enhanced.

[2022-05-11 19:23:00 #14 type.registry] 
New type java.util.ArrayList<java.lang.Object>

[2022-05-11 19:23:00 #15 type.registry] 
New type java.util.Vector<java.lang.Object>

[2022-05-11 19:23:00 #16 type.registry] 
New type java.util.ArrayList<domain.Pronostico>

[2022-05-11 19:23:00 #17 type.registry] 
New type java.util.ArrayList<domain.Question>

------------------------------------------------------------------------------------------------------------------------

[2022-05-11 19:23:06 #1 store] 
Database 'C:\Users\34644\git\repository\IS-ITER\src\main\resources\bets.temp' has been recovered (tr. 1-9)

[2022-05-11 19:23:06 #2 store] 
Database 'C:\Users\34644\git\repository\IS-ITER\src\main\resources\bets.temp' is opened by 12196@MSI

[2022-05-11 19:23:06 #3 type] 
Type domain.User is not enhanced.

[2022-05-11 19:23:06 #4 type] 
Type domain.Question is not enhanced.

[2022-05-11 19:23:06 #5 type] 
Type domain.Pronostico is not enhanced.

[2022-05-11 19:23:06 #6 type] 
Type domain.Event is not enhanced.

[2022-05-11 19:23:06 #7 type] 
Type domain.Equipo is not enhanced.

------------------------------------------------------------------------------------------------------------------------

[2022-05-11 19:30:45 #1 store] 
Database 'C:\Users\34644\git\repository\IS-ITER\src\main\resources\bets.temp' has been recovered (tr. 10-12)

[2022-05-11 19:30:45 #2 store] 
Database 'C:\Users\34644\git\repository\IS-ITER\src\main\resources\bets.temp' is opened by 18588@MSI

[2022-05-11 19:30:45 #3 type] 
Type domain.User is not enhanced.

[2022-05-11 19:30:45 #4 type] 
Type domain.Question is not enhanced.

[2022-05-11 19:30:45 #5 type] 
Type domain.Pronostico is not enhanced.

[2022-05-11 19:30:45 #6 type] 
Type domain.Event is not enhanced.

[2022-05-11 19:30:45 #7 type] 
Type domain.Equipo is not enhanced.

------------------------------------------------------------------------------------------------------------------------

[2022-05-11 19:33:55 #1 store] 
Database 'C:\Users\34644\git\repository\IS-ITER\src\main\resources\bets.temp' is opened by 14860@MSI

[2022-05-11 19:33:55 #2 type] 
Type domain.User is not enhanced.

[2022-05-11 19:33:55 #3 type] 
Type domain.Question is not enhanced.

[2022-05-11 19:33:55 #4 type] 
Type domain.Pronostico is not enhanced.

[2022-05-11 19:33:55 #5 type] 
Type domain.Event is not enhanced.

[2022-05-11 19:33:55 #6 type] 
Type domain.Equipo is not enhanced.

------------------------------------------------------------------------------------------------------------------------

[2022-05-11 19:37:28 #1 store] 
Database 'C:\Users\34644\git\repository\IS-ITER\src\main\resources\bets.temp' is opened by 11172@MSI

[2022-05-11 19:37:28 #2 type] 
Type domain.User is not enhanced.

[2022-05-11 19:37:28 #3 type] 
Type domain.Question is not enhanced.

[2022-05-11 19:37:28 #4 type] 
Type domain.Pronostico is not enhanced.

[2022-05-11 19:37:28 #5 type] 
Type domain.Event is not enhanced.

[2022-05-11 19:37:28 #6 type] 
Type domain.Equipo is not enhanced.

------------------------------------------------------------------------------------------------------------------------

[2022-05-11 19:39:47 #1 store] 
Database 'C:\Users\34644\git\repository\IS-ITER\src\main\resources\bets.temp' is opened by 29668@MSI

[2022-05-11 19:39:47 #2 type] 
Type domain.User is not enhanced.

[2022-05-11 19:39:47 #3 type] 
Type domain.Question is not enhanced.

[2022-05-11 19:39:47 #4 type] 
Type domain.Pronostico is not enhanced.

[2022-05-11 19:39:47 #5 type] 
Type domain.Event is not enhanced.

[2022-05-11 19:39:47 #6 type] 
Type domain.Equipo is not enhanced.

------------------------------------------------------------------------------------------------------------------------

[2022-05-11 19:40:45 #1 store] 
Database 'C:\Users\34644\git\repository\IS-ITER\src\main\resources\bets.temp' is opened by 17776@MSI

[2022-05-11 19:40:45 #2 type] 
Type domain.User is not enhanced.

[2022-05-11 19:40:45 #3 type] 
Type domain.Question is not enhanced.

[2022-05-11 19:40:45 #4 type] 
Type domain.Pronostico is not enhanced.

[2022-05-11 19:40:45 #5 type] 
Type domain.Event is not enhanced.

[2022-05-11 19:40:45 #6 type] 
Type domain.Equipo is not enhanced.

