------------------------------------------------------------------------------------------------------------------------

[2022-05-13 20:51:49 #1 store] 
Database 'C:\Users\34644\git\repository\IS-ITER\src\main\resources\bets.temp' is opened by 25040@MSI

[2022-05-13 20:51:49 #2 type] 
Type domain.User is not enhanced.

[2022-05-13 20:51:50 #3 type] 
Type domain.Question is not enhanced.

[2022-05-13 20:51:50 #4 type] 
Type domain.Pronostico is not enhanced.

[2022-05-13 20:51:50 #5 type] 
Type domain.Event is not enhanced.

[2022-05-13 20:51:50 #6 type] 
Type domain.Equipo is not enhanced.

------------------------------------------------------------------------------------------------------------------------

[2022-05-13 20:52:17 #1 store] 
Database 'C:\Users\34644\git\repository\IS-ITER\src\main\resources\bets.temp' is opened by 12596@MSI

[2022-05-13 20:52:17 #2 type] 
Type domain.User is not enhanced.

[2022-05-13 20:52:17 #3 type] 
Type domain.Question is not enhanced.

[2022-05-13 20:52:17 #4 type] 
Type domain.Pronostico is not enhanced.

[2022-05-13 20:52:17 #5 type] 
Type domain.Event is not enhanced.

[2022-05-13 20:52:17 #6 type] 
Type domain.Equipo is not enhanced.

------------------------------------------------------------------------------------------------------------------------

[2022-05-13 20:53:52 #1 store] 
Database 'C:\Users\34644\git\repository\IS-ITER\src\main\resources\bets.temp' has been recovered (tr. 10-13)

[2022-05-13 20:53:52 #2 store] 
Database 'C:\Users\34644\git\repository\IS-ITER\src\main\resources\bets.temp' is opened by 11588@MSI

[2022-05-13 20:53:52 #3 type] 
Type domain.User is not enhanced.

[2022-05-13 20:53:52 #4 type] 
Type domain.Question is not enhanced.

[2022-05-13 20:53:52 #5 type] 
Type domain.Pronostico is not enhanced.

[2022-05-13 20:53:52 #6 type] 
Type domain.Event is not enhanced.

[2022-05-13 20:53:52 #7 type] 
Type domain.Equipo is not enhanced.

