------------------------------------------------------------------------------------------------------------------------

[2022-04-16 17:16:51 #1 store] 
Database 'C:\Users\34644\git\repository\IS-ITER\src\main\resources\bets.temp' is opened by 17784@MSI

[2022-04-16 17:16:51 #2 type] 
Type domain.User is not enhanced.

[2022-04-16 17:16:53 #3 type] 
Type domain.Question is not enhanced.

[2022-04-16 17:16:53 #4 type] 
Type domain.Pronostico is not enhanced.

[2022-04-16 17:16:53 #5 type] 
Type domain.Event is not enhanced.

------------------------------------------------------------------------------------------------------------------------

[2022-04-16 17:18:59 #1 store] 
Database 'C:\Users\34644\git\repository\IS-ITER\src\main\resources\bets.temp' is opened by 24756@MSI

[2022-04-16 17:18:59 #2 type] 
Type domain.User is not enhanced.

[2022-04-16 17:18:59 #3 type] 
Type domain.Question is not enhanced.

[2022-04-16 17:18:59 #4 type] 
Type domain.Pronostico is not enhanced.

[2022-04-16 17:18:59 #5 type] 
Type domain.Event is not enhanced.

------------------------------------------------------------------------------------------------------------------------

[2022-04-16 18:08:09 #1 store] 
Database 'C:\Users\34644\git\repository\IS-ITER\src\main\resources\bets.temp' is opened by 24180@MSI

[2022-04-16 18:08:09 #2 type] 
Type domain.User is not enhanced.

[2022-04-16 18:08:09 #3 type] 
Type domain.Question is not enhanced.

[2022-04-16 18:08:09 #4 type] 
Type domain.Pronostico is not enhanced.

[2022-04-16 18:08:09 #5 type] 
Type domain.Event is not enhanced.

------------------------------------------------------------------------------------------------------------------------

[2022-04-16 19:09:59 #1 store] 
Database 'C:\Users\34644\git\repository\IS-ITER\src\main\resources\bets.temp' is opened by 15940@MSI

[2022-04-16 19:09:59 #2 type] 
Type domain.User is not enhanced.

[2022-04-16 19:10:00 #3 type] 
Type domain.Question is not enhanced.

[2022-04-16 19:10:00 #4 type] 
Type domain.Pronostico is not enhanced.

[2022-04-16 19:10:00 #5 type] 
Type domain.Event is not enhanced.

------------------------------------------------------------------------------------------------------------------------

[2022-04-16 19:13:11 #1 store] 
Database 'C:\Users\34644\git\repository\IS-ITER\src\main\resources\bets.temp' is opened by 11232@MSI

[2022-04-16 19:13:11 #2 type] 
Type domain.User is not enhanced.

[2022-04-16 19:13:11 #3 type] 
Type domain.Question is not enhanced.

[2022-04-16 19:13:11 #4 type] 
Type domain.Pronostico is not enhanced.

[2022-04-16 19:13:11 #5 type] 
Type domain.Event is not enhanced.

------------------------------------------------------------------------------------------------------------------------

[2022-04-16 19:14:44 #1 store] 
Database 'C:\Users\34644\git\repository\IS-ITER\src\main\resources\bets.temp' is opened by 25224@MSI

[2022-04-16 19:14:44 #2 type] 
Type domain.User is not enhanced.

[2022-04-16 19:14:44 #3 type] 
Type domain.Question is not enhanced.

[2022-04-16 19:14:44 #4 type] 
Type domain.Pronostico is not enhanced.

[2022-04-16 19:14:44 #5 type] 
Type domain.Event is not enhanced.

------------------------------------------------------------------------------------------------------------------------

[2022-04-16 19:29:06 #1 store] 
Database 'C:\Users\34644\git\repository\IS-ITER\src\main\resources\bets.temp' is opened by 17020@MSI

[2022-04-16 19:29:06 #2 type] 
Type domain.User is not enhanced.

[2022-04-16 19:29:06 #3 type] 
Type domain.Question is not enhanced.

[2022-04-16 19:29:06 #4 type] 
Type domain.Pronostico is not enhanced.

[2022-04-16 19:29:06 #5 type] 
Type domain.Event is not enhanced.

------------------------------------------------------------------------------------------------------------------------

[2022-04-16 19:30:36 #1 store] 
Database 'C:\Users\34644\git\repository\IS-ITER\src\main\resources\bets.temp' is opened by 16416@MSI

[2022-04-16 19:30:36 #2 type] 
Type domain.User is not enhanced.

[2022-04-16 19:30:36 #3 type] 
Type domain.Question is not enhanced.

[2022-04-16 19:30:36 #4 type] 
Type domain.Pronostico is not enhanced.

[2022-04-16 19:30:36 #5 type] 
Type domain.Event is not enhanced.

------------------------------------------------------------------------------------------------------------------------

[2022-04-16 19:31:36 #1 store] 
Database 'C:\Users\34644\git\repository\IS-ITER\src\main\resources\bets.temp' is opened by 22848@MSI

[2022-04-16 19:31:36 #2 type] 
Type domain.User is not enhanced.

[2022-04-16 19:31:36 #3 type] 
Type domain.Question is not enhanced.

[2022-04-16 19:31:36 #4 type] 
Type domain.Pronostico is not enhanced.

[2022-04-16 19:31:36 #5 type] 
Type domain.Event is not enhanced.

------------------------------------------------------------------------------------------------------------------------

[2022-04-16 19:35:25 #1 store] 
Database 'C:\Users\34644\git\repository\IS-ITER\src\main\resources\bets.temp' is opened by 22436@MSI

[2022-04-16 19:35:25 #2 type] 
Type domain.User is not enhanced.

[2022-04-16 19:35:26 #3 type] 
Type domain.Question is not enhanced.

[2022-04-16 19:35:26 #4 type] 
Type domain.Pronostico is not enhanced.

[2022-04-16 19:35:26 #5 type] 
Type domain.Event is not enhanced.

------------------------------------------------------------------------------------------------------------------------

[2022-04-16 19:37:14 #1 store] 
Database 'C:\Users\34644\git\repository\IS-ITER\src\main\resources\bets.temp' is opened by 25196@MSI

[2022-04-16 19:37:14 #2 type] 
Type domain.User is not enhanced.

[2022-04-16 19:37:14 #3 type] 
Type domain.Question is not enhanced.

[2022-04-16 19:37:14 #4 type] 
Type domain.Pronostico is not enhanced.

[2022-04-16 19:37:14 #5 type] 
Type domain.Event is not enhanced.

------------------------------------------------------------------------------------------------------------------------

[2022-04-16 19:38:33 #1 store] 
Database 'C:\Users\34644\git\repository\IS-ITER\src\main\resources\bets.temp' is opened by 24000@MSI

[2022-04-16 19:38:33 #2 type] 
Type domain.User is not enhanced.

[2022-04-16 19:38:34 #3 type] 
Type domain.Question is not enhanced.

[2022-04-16 19:38:34 #4 type] 
Type domain.Pronostico is not enhanced.

[2022-04-16 19:38:34 #5 type] 
Type domain.Event is not enhanced.

------------------------------------------------------------------------------------------------------------------------

[2022-04-16 19:39:52 #1 store] 
Database 'C:\Users\34644\git\repository\IS-ITER\src\main\resources\bets.temp' is opened by 2312@MSI

[2022-04-16 19:39:52 #2 type] 
Type domain.User is not enhanced.

[2022-04-16 19:39:52 #3 type] 
Type domain.Question is not enhanced.

[2022-04-16 19:39:52 #4 type] 
Type domain.Pronostico is not enhanced.

[2022-04-16 19:39:52 #5 type] 
Type domain.Event is not enhanced.

------------------------------------------------------------------------------------------------------------------------

[2022-04-16 19:46:05 #1 store] 
Database 'C:\Users\34644\git\repository\IS-ITER\src\main\resources\bets.temp' is opened by 11768@MSI

[2022-04-16 19:46:05 #2 type] 
Type domain.User is not enhanced.

[2022-04-16 19:46:05 #3 type] 
Type domain.Question is not enhanced.

[2022-04-16 19:46:05 #4 type] 
Type domain.Pronostico is not enhanced.

[2022-04-16 19:46:05 #5 type] 
Type domain.Event is not enhanced.

