------------------------------------------------------------------------------------------------------------------------

[2022-05-18 15:28:33 #1 store] 
Database 'C:\Users\34644\git\repository\IS-ITER\src\main\resources\bets.temp' is opened by 26720@MSI

[2022-05-18 15:28:33 #2 type.registry] 
New type domain.User

[2022-05-18 15:28:33 #3 type] 
Type domain.User is not enhanced.

[2022-05-18 15:28:33 #4 type.registry] 
New type domain.Question

[2022-05-18 15:28:33 #5 type.registry] 
New type domain.Pronostico

[2022-05-18 15:28:33 #6 type] 
Type domain.Question is not enhanced.

[2022-05-18 15:28:34 #7 type.registry] 
New type java.util.Vector<domain.Pronostico>

[2022-05-18 15:28:34 #8 type.registry] 
New type domain.Event

[2022-05-18 15:28:34 #9 type] 
Type domain.Pronostico is not enhanced.

[2022-05-18 15:28:34 #10 type.registry] 
New type domain.EquipoJugador

[2022-05-18 15:28:34 #11 type.registry] 
New type java.util.Vector<domain.EquipoJugador>

[2022-05-18 15:28:34 #12 type] 
Type domain.Event is not enhanced.

[2022-05-18 15:28:34 #13 type.registry] 
New type java.util.Vector<domain.Question>

[2022-05-18 15:28:34 #14 type] 
Type domain.EquipoJugador is not enhanced.

[2022-05-18 15:28:34 #15 type.registry] 
New type java.util.ArrayList<java.lang.Object>

[2022-05-18 15:28:34 #16 type.registry] 
New type java.util.Vector<java.lang.Object>

[2022-05-18 15:28:34 #17 type.registry] 
New type java.util.ArrayList<domain.Pronostico>

[2022-05-18 15:28:34 #18 type.registry] 
New type java.util.ArrayList<domain.Question>

------------------------------------------------------------------------------------------------------------------------

[2022-05-18 15:31:05 #1 store] 
Database 'C:\Users\34644\git\repository\IS-ITER\src\main\resources\bets.temp' is opened by 23076@MSI

[2022-05-18 15:31:05 #2 type] 
Type domain.User is not enhanced.

[2022-05-18 15:31:06 #3 type] 
Type domain.Question is not enhanced.

[2022-05-18 15:31:06 #4 type] 
Type domain.Pronostico is not enhanced.

[2022-05-18 15:31:06 #5 type] 
Type domain.Event is not enhanced.

[2022-05-18 15:31:06 #6 type] 
Type domain.EquipoJugador is not enhanced.

------------------------------------------------------------------------------------------------------------------------

[2022-05-18 18:55:53 #1 store] 
Database 'C:\Users\34644\git\repository\IS-ITER\src\main\resources\bets.temp' is opened by 23980@MSI

[2022-05-18 18:55:53 #2 type] 
Type domain.User is not enhanced.

[2022-05-18 18:55:53 #3 type] 
Type domain.Question is not enhanced.

[2022-05-18 18:55:53 #4 type] 
Type domain.Pronostico is not enhanced.

[2022-05-18 18:55:53 #5 type] 
Type domain.Event is not enhanced.

[2022-05-18 18:55:53 #6 type] 
Type domain.EquipoJugador is not enhanced.

------------------------------------------------------------------------------------------------------------------------

[2022-05-18 19:13:05 #1 store] 
Database 'C:\Users\34644\git\repository\IS-ITER\src\main\resources\bets.temp' is opened by 14944@MSI

[2022-05-18 19:13:05 #2 type.registry] 
New type domain.User

[2022-05-18 19:13:05 #3 type] 
Type domain.User is not enhanced.

[2022-05-18 19:13:05 #4 type.registry] 
New type domain.Question

[2022-05-18 19:13:05 #5 type.registry] 
New type domain.Pronostico

[2022-05-18 19:13:05 #6 type] 
Type domain.Question is not enhanced.

[2022-05-18 19:13:05 #7 type.registry] 
New type java.util.Vector<domain.Pronostico>

[2022-05-18 19:13:05 #8 type.registry] 
New type domain.Event

[2022-05-18 19:13:05 #9 type] 
Type domain.Pronostico is not enhanced.

[2022-05-18 19:13:05 #10 type.registry] 
New type domain.EquipoJugador

[2022-05-18 19:13:05 #11 type.registry] 
New type java.util.Vector<domain.EquipoJugador>

[2022-05-18 19:13:05 #12 type] 
Type domain.Event is not enhanced.

[2022-05-18 19:13:05 #13 type.registry] 
New type java.util.Vector<domain.Question>

[2022-05-18 19:13:05 #14 type] 
Type domain.EquipoJugador is not enhanced.

[2022-05-18 19:13:05 #15 type.registry] 
New type java.util.ArrayList<java.lang.Object>

[2022-05-18 19:13:05 #16 type.registry] 
New type java.util.Vector<java.lang.Object>

[2022-05-18 19:13:05 #17 type.registry] 
New type java.util.ArrayList<domain.Pronostico>

[2022-05-18 19:13:05 #18 type.registry] 
New type java.util.ArrayList<domain.Question>

------------------------------------------------------------------------------------------------------------------------

[2022-05-18 19:15:21 #1 store] 
Database 'C:\Users\34644\git\repository\IS-ITER\src\main\resources\bets.temp' is opened by 26740@MSI

[2022-05-18 19:15:21 #2 type.registry] 
New type domain.User

[2022-05-18 19:15:21 #3 type] 
Type domain.User is not enhanced.

[2022-05-18 19:15:21 #4 type.registry] 
New type domain.Question

[2022-05-18 19:15:21 #5 type.registry] 
New type domain.Pronostico

[2022-05-18 19:15:21 #6 type] 
Type domain.Question is not enhanced.

[2022-05-18 19:15:21 #7 type.registry] 
New type java.util.Vector<domain.Pronostico>

[2022-05-18 19:15:21 #8 type.registry] 
New type domain.Event

[2022-05-18 19:15:21 #9 type] 
Type domain.Pronostico is not enhanced.

[2022-05-18 19:15:21 #10 type.registry] 
New type domain.EquipoJugador

[2022-05-18 19:15:21 #11 type.registry] 
New type java.util.Vector<domain.EquipoJugador>

[2022-05-18 19:15:21 #12 type] 
Type domain.Event is not enhanced.

[2022-05-18 19:15:21 #13 type.registry] 
New type java.util.Vector<domain.Question>

[2022-05-18 19:15:21 #14 type] 
Type domain.EquipoJugador is not enhanced.

[2022-05-18 19:15:21 #15 type.registry] 
New type java.util.ArrayList<java.lang.Object>

[2022-05-18 19:15:21 #16 type.registry] 
New type java.util.Vector<java.lang.Object>

[2022-05-18 19:15:21 #17 type.registry] 
New type java.util.ArrayList<domain.Pronostico>

[2022-05-18 19:15:21 #18 type.registry] 
New type java.util.ArrayList<domain.Question>

------------------------------------------------------------------------------------------------------------------------

[2022-05-18 19:16:27 #1 store] 
Database 'C:\Users\34644\git\repository\IS-ITER\src\main\resources\bets.temp' is opened by 1568@MSI

[2022-05-18 19:16:28 #2 type.registry] 
New type domain.User

[2022-05-18 19:16:28 #3 type] 
Type domain.User is not enhanced.

[2022-05-18 19:16:28 #4 type.registry] 
New type domain.Question

[2022-05-18 19:16:28 #5 type.registry] 
New type domain.Pronostico

[2022-05-18 19:16:28 #6 type] 
Type domain.Question is not enhanced.

[2022-05-18 19:16:28 #7 type.registry] 
New type java.util.Vector<domain.Pronostico>

[2022-05-18 19:16:28 #8 type.registry] 
New type domain.Event

[2022-05-18 19:16:28 #9 type] 
Type domain.Pronostico is not enhanced.

[2022-05-18 19:16:28 #10 type.registry] 
New type domain.EquipoJugador

[2022-05-18 19:16:28 #11 type.registry] 
New type java.util.Vector<domain.EquipoJugador>

[2022-05-18 19:16:28 #12 type] 
Type domain.Event is not enhanced.

[2022-05-18 19:16:28 #13 type.registry] 
New type java.util.Vector<domain.Question>

[2022-05-18 19:16:28 #14 type] 
Type domain.EquipoJugador is not enhanced.

[2022-05-18 19:16:28 #15 type.registry] 
New type java.util.ArrayList<java.lang.Object>

[2022-05-18 19:16:28 #16 type.registry] 
New type java.util.Vector<java.lang.Object>

[2022-05-18 19:16:28 #17 type.registry] 
New type java.util.ArrayList<domain.Pronostico>

[2022-05-18 19:16:28 #18 type.registry] 
New type java.util.ArrayList<domain.Question>

