------------------------------------------------------------------------------------------------------------------------

[2022-03-14 14:24:49 #1 store] 
Database 'C:\Users\34644\eclipse-workspace\IS-ITER\src\main\resources\bets.temp' has been recovered (tr. 1-5)

[2022-03-14 14:24:49 #2 store] 
Database 'C:\Users\34644\eclipse-workspace\IS-ITER\src\main\resources\bets.temp' is opened by 13224@MSI

[2022-03-14 14:24:49 #3 type] 
Type domain.User is not enhanced.

[2022-03-14 14:24:49 #4 type] 
Type domain.Pronostico is not enhanced.

[2022-03-14 14:24:50 #5 type] 
Type domain.Event is not enhanced.

[2022-03-14 14:24:50 #6 type] 
Type domain.Question is not enhanced.

------------------------------------------------------------------------------------------------------------------------

[2022-03-14 14:26:07 #1 store] 
Database 'C:\Users\34644\eclipse-workspace\IS-ITER\src\main\resources\bets.temp' has been recovered (tr. 6-6)

[2022-03-14 14:26:07 #2 store] 
Database 'C:\Users\34644\eclipse-workspace\IS-ITER\src\main\resources\bets.temp' is opened by 24388@MSI

[2022-03-14 14:26:07 #3 type] 
Type domain.User is not enhanced.

[2022-03-14 14:26:07 #4 type] 
Type domain.Pronostico is not enhanced.

[2022-03-14 14:26:07 #5 type] 
Type domain.Event is not enhanced.

[2022-03-14 14:26:07 #6 type] 
Type domain.Question is not enhanced.

------------------------------------------------------------------------------------------------------------------------

[2022-03-14 14:28:37 #1 store] 
Database 'C:\Users\34644\eclipse-workspace\IS-ITER\src\main\resources\bets.temp' has been recovered (tr. 7-7)

[2022-03-14 14:28:37 #2 store] 
Database 'C:\Users\34644\eclipse-workspace\IS-ITER\src\main\resources\bets.temp' is opened by 11024@MSI

[2022-03-14 14:28:38 #3 type] 
Type domain.User is not enhanced.

[2022-03-14 14:28:38 #4 type] 
Type domain.Pronostico is not enhanced.

[2022-03-14 14:28:38 #5 type] 
Type domain.Event is not enhanced.

[2022-03-14 14:28:38 #6 type] 
Type domain.Question is not enhanced.

------------------------------------------------------------------------------------------------------------------------

[2022-03-14 14:29:21 #1 store] 
Database 'C:\Users\34644\eclipse-workspace\IS-ITER\src\main\resources\bets.temp' is opened by 20148@MSI

[2022-03-14 14:29:21 #2 type] 
Type domain.User is not enhanced.

[2022-03-14 14:29:21 #3 type] 
Type domain.Pronostico is not enhanced.

[2022-03-14 14:29:21 #4 type] 
Type domain.Event is not enhanced.

[2022-03-14 14:29:21 #5 type] 
Type domain.Question is not enhanced.

