------------------------------------------------------------------------------------------------------------------------

[2022-04-28 12:58:20 #1 store] 
Database 'C:\Users\34644\git\repository\IS-ITER\src\main\resources\bets.temp' is opened by 16764@MSI

[2022-04-28 12:58:20 #2 type] 
Type domain.User is not enhanced.

[2022-04-28 12:58:20 #3 type] 
Type domain.Question is not enhanced.

[2022-04-28 12:58:20 #4 type] 
Type domain.Pronostico is not enhanced.

[2022-04-28 12:58:20 #5 type] 
Type domain.Event is not enhanced.

------------------------------------------------------------------------------------------------------------------------

[2022-04-28 13:00:46 #1 store] 
Database 'C:\Users\34644\git\repository\IS-ITER\src\main\resources\bets.temp' is opened by 7672@MSI

[2022-04-28 13:00:46 #2 type] 
Type domain.User is not enhanced.

[2022-04-28 13:00:46 #3 type] 
Type domain.Question is not enhanced.

[2022-04-28 13:00:46 #4 type] 
Type domain.Pronostico is not enhanced.

[2022-04-28 13:00:46 #5 type] 
Type domain.Event is not enhanced.

------------------------------------------------------------------------------------------------------------------------

[2022-04-28 13:02:08 #1 store] 
Database 'C:\Users\34644\git\repository\IS-ITER\src\main\resources\bets.temp' is opened by 2172@MSI

[2022-04-28 13:02:08 #2 type] 
Type domain.User is not enhanced.

[2022-04-28 13:02:08 #3 type] 
Type domain.Question is not enhanced.

[2022-04-28 13:02:08 #4 type] 
Type domain.Pronostico is not enhanced.

[2022-04-28 13:02:08 #5 type] 
Type domain.Event is not enhanced.

------------------------------------------------------------------------------------------------------------------------

[2022-04-28 13:32:58 #1 store] 
Database 'C:\Users\34644\git\repository\IS-ITER\src\main\resources\bets.temp' is opened by 26536@MSI

[2022-04-28 13:32:58 #2 type] 
Type domain.User is not enhanced.

[2022-04-28 13:32:58 #3 type] 
Type domain.Question is not enhanced.

[2022-04-28 13:32:58 #4 type] 
Type domain.Pronostico is not enhanced.

[2022-04-28 13:32:58 #5 type] 
Type domain.Event is not enhanced.

------------------------------------------------------------------------------------------------------------------------

[2022-04-28 13:36:36 #1 store] 
Database 'C:\Users\34644\git\repository\IS-ITER\src\main\resources\bets.temp' is opened by 27052@MSI

[2022-04-28 13:36:37 #2 type] 
Type domain.User is not enhanced.

[2022-04-28 13:36:37 #3 type] 
Type domain.Question is not enhanced.

[2022-04-28 13:36:37 #4 type] 
Type domain.Pronostico is not enhanced.

[2022-04-28 13:36:37 #5 type] 
Type domain.Event is not enhanced.

------------------------------------------------------------------------------------------------------------------------

[2022-04-28 13:37:26 #1 store] 
Database 'C:\Users\34644\git\repository\IS-ITER\src\main\resources\bets.temp' is opened by 3692@MSI

[2022-04-28 13:37:26 #2 type] 
Type domain.User is not enhanced.

[2022-04-28 13:37:26 #3 type] 
Type domain.Question is not enhanced.

[2022-04-28 13:37:26 #4 type] 
Type domain.Pronostico is not enhanced.

[2022-04-28 13:37:26 #5 type] 
Type domain.Event is not enhanced.

------------------------------------------------------------------------------------------------------------------------

[2022-04-28 13:41:35 #1 store] 
Database 'C:\Users\34644\git\repository\IS-ITER\src\main\resources\bets.temp' is opened by 7956@MSI

[2022-04-28 13:41:35 #2 type] 
Type domain.User is not enhanced.

[2022-04-28 13:41:35 #3 type] 
Type domain.Question is not enhanced.

[2022-04-28 13:41:35 #4 type] 
Type domain.Pronostico is not enhanced.

[2022-04-28 13:41:35 #5 type] 
Type domain.Event is not enhanced.

------------------------------------------------------------------------------------------------------------------------

[2022-04-28 13:43:25 #1 store] 
Database 'C:\Users\34644\git\repository\IS-ITER\src\main\resources\bets.temp' is opened by 27144@MSI

[2022-04-28 13:43:25 #2 type] 
Type domain.User is not enhanced.

[2022-04-28 13:43:25 #3 type] 
Type domain.Question is not enhanced.

[2022-04-28 13:43:25 #4 type] 
Type domain.Pronostico is not enhanced.

[2022-04-28 13:43:25 #5 type] 
Type domain.Event is not enhanced.

------------------------------------------------------------------------------------------------------------------------

[2022-04-28 15:14:34 #1 store] 
Database 'C:\Users\34644\git\repository\IS-ITER\src\main\resources\bets.temp' is opened by 4528@MSI

[2022-04-28 15:14:34 #2 type] 
Type domain.User is not enhanced.

[2022-04-28 15:14:35 #3 type] 
Type domain.Question is not enhanced.

[2022-04-28 15:14:35 #4 type] 
Type domain.Pronostico is not enhanced.

[2022-04-28 15:14:35 #5 type] 
Type domain.Event is not enhanced.

------------------------------------------------------------------------------------------------------------------------

[2022-04-28 15:36:51 #1 store] 
Database 'C:\Users\34644\git\repository\IS-ITER\src\main\resources\bets.temp' is opened by 18624@MSI

[2022-04-28 15:36:51 #2 type] 
Type domain.User is not enhanced.

[2022-04-28 15:36:51 #3 type] 
Type domain.Question is not enhanced.

[2022-04-28 15:36:51 #4 type] 
Type domain.Pronostico is not enhanced.

[2022-04-28 15:36:51 #5 type] 
Type domain.Event is not enhanced.

------------------------------------------------------------------------------------------------------------------------

[2022-04-28 15:42:38 #1 store] 
Database 'C:\Users\34644\git\repository\IS-ITER\src\main\resources\bets.temp' is opened by 14292@MSI

------------------------------------------------------------------------------------------------------------------------

[2022-04-28 16:17:54 #1 store] 
Database 'C:\Users\34644\git\repository\IS-ITER\src\main\resources\bets.temp' is opened by 15204@MSI

[2022-04-28 16:17:54 #2 type] 
Type domain.User is not enhanced.

[2022-04-28 16:17:54 #3 type] 
Type domain.Question is not enhanced.

[2022-04-28 16:17:54 #4 type] 
Type domain.Pronostico is not enhanced.

[2022-04-28 16:17:54 #5 type] 
Type domain.Event is not enhanced.

------------------------------------------------------------------------------------------------------------------------

[2022-04-28 16:43:43 #1 store] 
Database 'C:\Users\34644\git\repository\IS-ITER\src\main\resources\bets.temp' is opened by 14300@MSI

[2022-04-28 16:43:43 #2 type] 
Type domain.User is not enhanced.

[2022-04-28 16:43:43 #3 type] 
Type domain.Question is not enhanced.

[2022-04-28 16:43:43 #4 type] 
Type domain.Pronostico is not enhanced.

[2022-04-28 16:43:43 #5 type] 
Type domain.Event is not enhanced.

------------------------------------------------------------------------------------------------------------------------

[2022-04-28 16:47:48 #1 store] 
Database 'C:\Users\34644\git\repository\IS-ITER\src\main\resources\bets.temp' is opened by 9488@MSI

[2022-04-28 16:47:48 #2 type] 
Type domain.User is not enhanced.

[2022-04-28 16:47:48 #3 type] 
Type domain.Question is not enhanced.

[2022-04-28 16:47:48 #4 type] 
Type domain.Pronostico is not enhanced.

[2022-04-28 16:47:48 #5 type] 
Type domain.Event is not enhanced.

------------------------------------------------------------------------------------------------------------------------

[2022-04-28 17:04:36 #1 store] 
Database 'C:\Users\34644\git\repository\IS-ITER\src\main\resources\bets.temp' is opened by 22520@MSI

[2022-04-28 17:04:36 #2 type] 
Type domain.User is not enhanced.

[2022-04-28 17:04:36 #3 type] 
Type domain.Question is not enhanced.

[2022-04-28 17:04:36 #4 type] 
Type domain.Pronostico is not enhanced.

[2022-04-28 17:04:36 #5 type] 
Type domain.Event is not enhanced.

------------------------------------------------------------------------------------------------------------------------

[2022-04-28 17:09:36 #1 store] 
Database 'C:\Users\34644\git\repository\IS-ITER\src\main\resources\bets.temp' is opened by 3312@MSI

[2022-04-28 17:09:36 #2 type] 
Type domain.User is not enhanced.

[2022-04-28 17:09:36 #3 type] 
Type domain.Question is not enhanced.

[2022-04-28 17:09:36 #4 type] 
Type domain.Pronostico is not enhanced.

[2022-04-28 17:09:36 #5 type] 
Type domain.Event is not enhanced.

------------------------------------------------------------------------------------------------------------------------

[2022-04-28 17:10:09 #1 store] 
Database 'C:\Users\34644\git\repository\IS-ITER\src\main\resources\bets.temp' is opened by 14548@MSI

[2022-04-28 17:10:09 #2 type] 
Type domain.User is not enhanced.

[2022-04-28 17:10:09 #3 type] 
Type domain.Question is not enhanced.

[2022-04-28 17:10:09 #4 type] 
Type domain.Pronostico is not enhanced.

[2022-04-28 17:10:09 #5 type] 
Type domain.Event is not enhanced.

------------------------------------------------------------------------------------------------------------------------

[2022-04-28 17:10:29 #1 store] 
Database 'C:\Users\34644\git\repository\IS-ITER\src\main\resources\bets.temp' is opened by 1860@MSI

[2022-04-28 17:10:29 #2 type] 
Type domain.User is not enhanced.

[2022-04-28 17:10:29 #3 type] 
Type domain.Question is not enhanced.

[2022-04-28 17:10:29 #4 type] 
Type domain.Pronostico is not enhanced.

[2022-04-28 17:10:29 #5 type] 
Type domain.Event is not enhanced.

------------------------------------------------------------------------------------------------------------------------

[2022-04-28 17:10:49 #1 store] 
Database 'C:\Users\34644\git\repository\IS-ITER\src\main\resources\bets.temp' is opened by 5248@MSI

[2022-04-28 17:10:49 #2 type] 
Type domain.User is not enhanced.

[2022-04-28 17:10:49 #3 type] 
Type domain.Question is not enhanced.

[2022-04-28 17:10:49 #4 type] 
Type domain.Pronostico is not enhanced.

[2022-04-28 17:10:49 #5 type] 
Type domain.Event is not enhanced.

------------------------------------------------------------------------------------------------------------------------

[2022-04-28 17:12:43 #1 store] 
Database 'C:\Users\34644\git\repository\IS-ITER\src\main\resources\bets.temp' is opened by 20140@MSI

[2022-04-28 17:12:43 #2 type] 
Type domain.User is not enhanced.

[2022-04-28 17:12:43 #3 type] 
Type domain.Question is not enhanced.

[2022-04-28 17:12:43 #4 type] 
Type domain.Pronostico is not enhanced.

[2022-04-28 17:12:43 #5 type] 
Type domain.Event is not enhanced.

------------------------------------------------------------------------------------------------------------------------

[2022-04-28 17:17:58 #1 store] 
Database 'C:\Users\34644\git\repository\IS-ITER\src\main\resources\bets.temp' is opened by 12796@MSI

[2022-04-28 17:17:58 #2 type] 
Type domain.User is not enhanced.

[2022-04-28 17:17:58 #3 type] 
Type domain.Question is not enhanced.

[2022-04-28 17:17:58 #4 type] 
Type domain.Pronostico is not enhanced.

[2022-04-28 17:17:58 #5 type] 
Type domain.Event is not enhanced.

------------------------------------------------------------------------------------------------------------------------

[2022-04-28 17:25:00 #1 store] 
Database 'C:\Users\34644\git\repository\IS-ITER\src\main\resources\bets.temp' is opened by 4732@MSI

[2022-04-28 17:25:00 #2 type] 
Type domain.User is not enhanced.

[2022-04-28 17:25:00 #3 type] 
Type domain.Question is not enhanced.

[2022-04-28 17:25:00 #4 type] 
Type domain.Pronostico is not enhanced.

[2022-04-28 17:25:00 #5 type] 
Type domain.Event is not enhanced.

------------------------------------------------------------------------------------------------------------------------

[2022-04-28 17:27:37 #1 store] 
Database 'C:\Users\34644\git\repository\IS-ITER\src\main\resources\bets.temp' is opened by 24480@MSI

[2022-04-28 17:27:38 #2 type] 
Type domain.User is not enhanced.

[2022-04-28 17:27:38 #3 type] 
Type domain.Question is not enhanced.

[2022-04-28 17:27:38 #4 type] 
Type domain.Pronostico is not enhanced.

[2022-04-28 17:27:38 #5 type] 
Type domain.Event is not enhanced.

------------------------------------------------------------------------------------------------------------------------

[2022-04-28 17:31:53 #1 store] 
Database 'C:\Users\34644\git\repository\IS-ITER\src\main\resources\bets.temp' is opened by 22636@MSI

[2022-04-28 17:31:53 #2 type] 
Type domain.User is not enhanced.

[2022-04-28 17:31:53 #3 type] 
Type domain.Question is not enhanced.

[2022-04-28 17:31:53 #4 type] 
Type domain.Pronostico is not enhanced.

[2022-04-28 17:31:53 #5 type] 
Type domain.Event is not enhanced.

------------------------------------------------------------------------------------------------------------------------

[2022-04-28 17:36:06 #1 store] 
Database 'C:\Users\34644\git\repository\IS-ITER\src\main\resources\bets.temp' is opened by 15860@MSI

[2022-04-28 17:36:06 #2 type] 
Type domain.User is not enhanced.

[2022-04-28 17:36:06 #3 type] 
Type domain.Question is not enhanced.

[2022-04-28 17:36:06 #4 type] 
Type domain.Pronostico is not enhanced.

[2022-04-28 17:36:06 #5 type] 
Type domain.Event is not enhanced.

------------------------------------------------------------------------------------------------------------------------

[2022-04-28 17:39:42 #1 store] 
Database 'C:\Users\34644\git\repository\IS-ITER\src\main\resources\bets.temp' is opened by 4508@MSI

[2022-04-28 17:39:42 #2 type] 
Type domain.User is not enhanced.

[2022-04-28 17:39:42 #3 type] 
Type domain.Question is not enhanced.

[2022-04-28 17:39:42 #4 type] 
Type domain.Pronostico is not enhanced.

[2022-04-28 17:39:42 #5 type] 
Type domain.Event is not enhanced.

------------------------------------------------------------------------------------------------------------------------

[2022-04-28 17:41:49 #1 store] 
Database 'C:\Users\34644\git\repository\IS-ITER\src\main\resources\bets.temp' is opened by 7236@MSI

[2022-04-28 17:41:49 #2 type] 
Type domain.User is not enhanced.

[2022-04-28 17:41:49 #3 type] 
Type domain.Question is not enhanced.

[2022-04-28 17:41:49 #4 type] 
Type domain.Pronostico is not enhanced.

[2022-04-28 17:41:49 #5 type] 
Type domain.Event is not enhanced.

------------------------------------------------------------------------------------------------------------------------

[2022-04-28 17:52:40 #1 store] 
Database 'C:\Users\34644\git\repository\IS-ITER\src\main\resources\bets.temp' is opened by 2564@MSI

[2022-04-28 17:52:40 #2 type] 
Type domain.User is not enhanced.

[2022-04-28 17:52:40 #3 type] 
Type domain.Question is not enhanced.

[2022-04-28 17:52:40 #4 type.registry] 
New type java.util.Vector<domain.Pronostico>

[2022-04-28 17:52:40 #5 type] 
Type domain.Pronostico is not enhanced.

[2022-04-28 17:52:40 #6 type] 
Type domain.Event is not enhanced.

------------------------------------------------------------------------------------------------------------------------

[2022-04-28 18:35:30 #1 store] 
Database 'C:\Users\34644\git\repository\IS-ITER\src\main\resources\bets.temp' is opened by 24308@MSI

[2022-04-28 18:35:30 #2 type] 
Type domain.User is not enhanced.

[2022-04-28 18:35:30 #3 type] 
Type domain.Question is not enhanced.

[2022-04-28 18:35:30 #4 type] 
Type domain.Pronostico is not enhanced.

[2022-04-28 18:35:30 #5 type] 
Type domain.Event is not enhanced.

------------------------------------------------------------------------------------------------------------------------

[2022-04-28 18:39:43 #1 store] 
Database 'C:\Users\34644\git\repository\IS-ITER\src\main\resources\bets.temp' is opened by 13916@MSI

[2022-04-28 18:39:43 #2 type] 
Type domain.User is not enhanced.

[2022-04-28 18:39:43 #3 type] 
Type domain.Question is not enhanced.

[2022-04-28 18:39:43 #4 type] 
Type domain.Pronostico is not enhanced.

[2022-04-28 18:39:43 #5 type] 
Type domain.Event is not enhanced.

------------------------------------------------------------------------------------------------------------------------

[2022-04-28 18:40:49 #1 store] 
Database 'C:\Users\34644\git\repository\IS-ITER\src\main\resources\bets.temp' is opened by 5024@MSI

[2022-04-28 18:40:49 #2 type] 
Type domain.User is not enhanced.

[2022-04-28 18:40:49 #3 type] 
Type domain.Question is not enhanced.

[2022-04-28 18:40:49 #4 type] 
Type domain.Pronostico is not enhanced.

[2022-04-28 18:40:49 #5 type] 
Type domain.Event is not enhanced.

------------------------------------------------------------------------------------------------------------------------

[2022-04-28 18:43:51 #1 store] 
Database 'C:\Users\34644\git\repository\IS-ITER\src\main\resources\bets.temp' is opened by 11628@MSI

[2022-04-28 18:43:52 #2 type] 
Type domain.User is not enhanced.

[2022-04-28 18:43:52 #3 type] 
Type domain.Question is not enhanced.

[2022-04-28 18:43:52 #4 type] 
Type domain.Pronostico is not enhanced.

[2022-04-28 18:43:52 #5 type] 
Type domain.Event is not enhanced.

------------------------------------------------------------------------------------------------------------------------

[2022-04-28 18:45:35 #1 store] 
Database 'C:\Users\34644\git\repository\IS-ITER\src\main\resources\bets.temp' is opened by 23296@MSI

[2022-04-28 18:45:35 #2 type] 
Type domain.User is not enhanced.

[2022-04-28 18:45:35 #3 type] 
Type domain.Question is not enhanced.

[2022-04-28 18:45:35 #4 type] 
Type domain.Pronostico is not enhanced.

[2022-04-28 18:45:35 #5 type] 
Type domain.Event is not enhanced.

------------------------------------------------------------------------------------------------------------------------

[2022-04-28 18:46:12 #1 store] 
Database 'C:\Users\34644\git\repository\IS-ITER\src\main\resources\bets.temp' is opened by 12892@MSI

[2022-04-28 18:46:12 #2 type] 
Type domain.User is not enhanced.

[2022-04-28 18:46:12 #3 type] 
Type domain.Question is not enhanced.

[2022-04-28 18:46:12 #4 type] 
Type domain.Pronostico is not enhanced.

[2022-04-28 18:46:12 #5 type] 
Type domain.Event is not enhanced.

------------------------------------------------------------------------------------------------------------------------

[2022-04-28 18:46:45 #1 store] 
Database 'C:\Users\34644\git\repository\IS-ITER\src\main\resources\bets.temp' is opened by 4592@MSI

[2022-04-28 18:46:45 #2 type] 
Type domain.User is not enhanced.

[2022-04-28 18:46:45 #3 type] 
Type domain.Question is not enhanced.

[2022-04-28 18:46:45 #4 type] 
Type domain.Pronostico is not enhanced.

[2022-04-28 18:46:45 #5 type] 
Type domain.Event is not enhanced.

------------------------------------------------------------------------------------------------------------------------

[2022-04-28 18:48:16 #1 store] 
Database 'C:\Users\34644\git\repository\IS-ITER\src\main\resources\bets.temp' is opened by 10900@MSI

[2022-04-28 18:48:17 #2 type] 
Type domain.User is not enhanced.

[2022-04-28 18:48:17 #3 type] 
Type domain.Question is not enhanced.

[2022-04-28 18:48:17 #4 type] 
Type domain.Pronostico is not enhanced.

[2022-04-28 18:48:17 #5 type] 
Type domain.Event is not enhanced.

------------------------------------------------------------------------------------------------------------------------

[2022-04-28 18:49:27 #1 store] 
Database 'C:\Users\34644\git\repository\IS-ITER\src\main\resources\bets.temp' is opened by 25312@MSI

[2022-04-28 18:49:27 #2 type] 
Type domain.User is not enhanced.

[2022-04-28 18:49:27 #3 type] 
Type domain.Question is not enhanced.

[2022-04-28 18:49:27 #4 type] 
Type domain.Pronostico is not enhanced.

[2022-04-28 18:49:27 #5 type] 
Type domain.Event is not enhanced.

------------------------------------------------------------------------------------------------------------------------

[2022-04-28 18:54:54 #1 store] 
Database 'C:\Users\34644\git\repository\IS-ITER\src\main\resources\bets.temp' is opened by 11068@MSI

[2022-04-28 18:54:54 #2 type] 
Type domain.User is not enhanced.

[2022-04-28 18:54:54 #3 type] 
Type domain.Question is not enhanced.

[2022-04-28 18:54:54 #4 type] 
Type domain.Pronostico is not enhanced.

[2022-04-28 18:54:54 #5 type] 
Type domain.Event is not enhanced.

------------------------------------------------------------------------------------------------------------------------

[2022-04-28 18:55:13 #1 store] 
Database 'C:\Users\34644\git\repository\IS-ITER\src\main\resources\bets.temp' is opened by 19728@MSI

[2022-04-28 18:55:13 #2 type] 
Type domain.User is not enhanced.

[2022-04-28 18:55:13 #3 type] 
Type domain.Question is not enhanced.

[2022-04-28 18:55:13 #4 type] 
Type domain.Pronostico is not enhanced.

[2022-04-28 18:55:13 #5 type] 
Type domain.Event is not enhanced.

------------------------------------------------------------------------------------------------------------------------

[2022-04-28 18:55:54 #1 store] 
Database 'C:\Users\34644\git\repository\IS-ITER\src\main\resources\bets.temp' is opened by 3280@MSI

[2022-04-28 18:55:54 #2 type.registry] 
New type domain.User

[2022-04-28 18:55:54 #3 type] 
Type domain.User is not enhanced.

[2022-04-28 18:55:54 #4 type.registry] 
New type domain.Question

[2022-04-28 18:55:54 #5 type.registry] 
New type domain.Pronostico

[2022-04-28 18:55:54 #6 type] 
Type domain.Question is not enhanced.

[2022-04-28 18:55:54 #7 type.registry] 
New type java.util.Vector<domain.Pronostico>

[2022-04-28 18:55:54 #8 type.registry] 
New type domain.Event

[2022-04-28 18:55:54 #9 type] 
Type domain.Pronostico is not enhanced.

[2022-04-28 18:55:54 #10 type] 
Type domain.Event is not enhanced.

[2022-04-28 18:55:54 #11 type.registry] 
New type java.util.Vector<domain.Question>

[2022-04-28 18:55:54 #12 type.registry] 
New type java.util.ArrayList<java.lang.Object>

[2022-04-28 18:55:54 #13 type.registry] 
New type java.util.Vector<java.lang.Object>

[2022-04-28 18:55:54 #14 type.registry] 
New type java.util.ArrayList<domain.Pronostico>

[2022-04-28 18:55:54 #15 type.registry] 
New type java.util.ArrayList<domain.Question>

------------------------------------------------------------------------------------------------------------------------

[2022-04-28 18:56:41 #1 store] 
Database 'C:\Users\34644\git\repository\IS-ITER\src\main\resources\bets.temp' is opened by 25684@MSI

[2022-04-28 18:56:41 #2 type] 
Type domain.User is not enhanced.

[2022-04-28 18:56:41 #3 type] 
Type domain.Question is not enhanced.

[2022-04-28 18:56:41 #4 type] 
Type domain.Pronostico is not enhanced.

[2022-04-28 18:56:41 #5 type] 
Type domain.Event is not enhanced.

------------------------------------------------------------------------------------------------------------------------

[2022-04-28 18:57:27 #1 store] 
Database 'C:\Users\34644\git\repository\IS-ITER\src\main\resources\bets.temp' has been recovered (tr. 9-9)

[2022-04-28 18:57:27 #2 store] 
Database 'C:\Users\34644\git\repository\IS-ITER\src\main\resources\bets.temp' is opened by 23164@MSI

[2022-04-28 18:57:27 #3 type] 
Type domain.User is not enhanced.

[2022-04-28 18:57:27 #4 type] 
Type domain.Question is not enhanced.

[2022-04-28 18:57:27 #5 type] 
Type domain.Pronostico is not enhanced.

[2022-04-28 18:57:27 #6 type] 
Type domain.Event is not enhanced.

------------------------------------------------------------------------------------------------------------------------

[2022-04-28 19:03:28 #1 store] 
Database 'C:\Users\34644\git\repository\IS-ITER\src\main\resources\bets.temp' is opened by 14504@MSI

[2022-04-28 19:03:28 #2 type.registry] 
New type domain.User

[2022-04-28 19:03:28 #3 type] 
Type domain.User is not enhanced.

[2022-04-28 19:03:29 #4 type.registry] 
New type domain.Question

[2022-04-28 19:03:29 #5 type.registry] 
New type domain.Pronostico

[2022-04-28 19:03:29 #6 type] 
Type domain.Question is not enhanced.

[2022-04-28 19:03:29 #7 type.registry] 
New type java.util.Vector<domain.Pronostico>

[2022-04-28 19:03:29 #8 type.registry] 
New type domain.Event

[2022-04-28 19:03:29 #9 type] 
Type domain.Pronostico is not enhanced.

[2022-04-28 19:03:29 #10 type] 
Type domain.Event is not enhanced.

[2022-04-28 19:03:29 #11 type.registry] 
New type java.util.Vector<domain.Question>

[2022-04-28 19:03:29 #12 type.registry] 
New type java.util.ArrayList<java.lang.Object>

[2022-04-28 19:03:29 #13 type.registry] 
New type java.util.Vector<java.lang.Object>

[2022-04-28 19:03:29 #14 type.registry] 
New type java.util.ArrayList<domain.Pronostico>

[2022-04-28 19:03:29 #15 type.registry] 
New type java.util.ArrayList<domain.Question>

------------------------------------------------------------------------------------------------------------------------

[2022-04-28 19:04:14 #1 store] 
Database 'C:\Users\34644\git\repository\IS-ITER\src\main\resources\bets.temp' is opened by 23944@MSI

[2022-04-28 19:04:14 #2 type] 
Type domain.User is not enhanced.

[2022-04-28 19:04:14 #3 type] 
Type domain.Question is not enhanced.

[2022-04-28 19:04:14 #4 type] 
Type domain.Pronostico is not enhanced.

[2022-04-28 19:04:14 #5 type] 
Type domain.Event is not enhanced.

------------------------------------------------------------------------------------------------------------------------

[2022-04-28 19:06:16 #1 store] 
Database 'C:\Users\34644\git\repository\IS-ITER\src\main\resources\bets.temp' has been recovered (tr. 9-9)

[2022-04-28 19:06:16 #2 store] 
Database 'C:\Users\34644\git\repository\IS-ITER\src\main\resources\bets.temp' is opened by 2972@MSI

[2022-04-28 19:06:16 #3 type] 
Type domain.User is not enhanced.

[2022-04-28 19:06:16 #4 type] 
Type domain.Question is not enhanced.

[2022-04-28 19:06:16 #5 type] 
Type domain.Pronostico is not enhanced.

[2022-04-28 19:06:16 #6 type] 
Type domain.Event is not enhanced.

------------------------------------------------------------------------------------------------------------------------

[2022-04-28 19:06:43 #1 store] 
Database 'C:\Users\34644\git\repository\IS-ITER\src\main\resources\bets.temp' is opened by 8060@MSI

[2022-04-28 19:06:43 #2 type] 
Type domain.User is not enhanced.

[2022-04-28 19:06:43 #3 type] 
Type domain.Question is not enhanced.

[2022-04-28 19:06:43 #4 type] 
Type domain.Pronostico is not enhanced.

[2022-04-28 19:06:43 #5 type] 
Type domain.Event is not enhanced.

------------------------------------------------------------------------------------------------------------------------

[2022-04-28 19:08:01 #1 store] 
Database 'C:\Users\34644\git\repository\IS-ITER\src\main\resources\bets.temp' is opened by 24956@MSI

[2022-04-28 19:08:01 #2 type] 
Type domain.User is not enhanced.

[2022-04-28 19:08:01 #3 type] 
Type domain.Question is not enhanced.

[2022-04-28 19:08:01 #4 type] 
Type domain.Pronostico is not enhanced.

[2022-04-28 19:08:01 #5 type] 
Type domain.Event is not enhanced.

------------------------------------------------------------------------------------------------------------------------

[2022-04-28 19:09:07 #1 store] 
Database 'C:\Users\34644\git\repository\IS-ITER\src\main\resources\bets.temp' is opened by 14524@MSI

[2022-04-28 19:09:07 #2 type] 
Type domain.User is not enhanced.

[2022-04-28 19:09:07 #3 type] 
Type domain.Question is not enhanced.

[2022-04-28 19:09:07 #4 type] 
Type domain.Pronostico is not enhanced.

[2022-04-28 19:09:07 #5 type] 
Type domain.Event is not enhanced.

------------------------------------------------------------------------------------------------------------------------

[2022-04-28 19:09:12 #1 store] 
Database 'C:\Users\34644\git\repository\IS-ITER\src\main\resources\bets.temp' is opened by 10388@MSI

[2022-04-28 19:09:12 #2 type] 
Type domain.User is not enhanced.

[2022-04-28 19:09:12 #3 type] 
Type domain.Question is not enhanced.

[2022-04-28 19:09:12 #4 type] 
Type domain.Pronostico is not enhanced.

[2022-04-28 19:09:12 #5 type] 
Type domain.Event is not enhanced.

------------------------------------------------------------------------------------------------------------------------

[2022-04-28 19:09:48 #1 store] 
Database 'C:\Users\34644\git\repository\IS-ITER\src\main\resources\bets.temp' is opened by 19476@MSI

[2022-04-28 19:09:48 #2 type] 
Type domain.User is not enhanced.

[2022-04-28 19:09:48 #3 type] 
Type domain.Question is not enhanced.

[2022-04-28 19:09:48 #4 type] 
Type domain.Pronostico is not enhanced.

[2022-04-28 19:09:48 #5 type] 
Type domain.Event is not enhanced.

------------------------------------------------------------------------------------------------------------------------

[2022-04-28 19:09:58 #1 store] 
Database 'C:\Users\34644\git\repository\IS-ITER\src\main\resources\bets.temp' is opened by 10668@MSI

[2022-04-28 19:09:58 #2 type] 
Type domain.User is not enhanced.

[2022-04-28 19:09:58 #3 type] 
Type domain.Question is not enhanced.

[2022-04-28 19:09:58 #4 type] 
Type domain.Pronostico is not enhanced.

[2022-04-28 19:09:58 #5 type] 
Type domain.Event is not enhanced.

------------------------------------------------------------------------------------------------------------------------

[2022-04-28 19:10:19 #1 store] 
Database 'C:\Users\34644\git\repository\IS-ITER\src\main\resources\bets.temp' is opened by 12624@MSI

[2022-04-28 19:10:19 #2 type] 
Type domain.User is not enhanced.

[2022-04-28 19:10:20 #3 type] 
Type domain.Question is not enhanced.

[2022-04-28 19:10:20 #4 type] 
Type domain.Pronostico is not enhanced.

[2022-04-28 19:10:20 #5 type] 
Type domain.Event is not enhanced.

------------------------------------------------------------------------------------------------------------------------

[2022-04-28 19:13:04 #1 store] 
Database 'C:\Users\34644\git\repository\IS-ITER\src\main\resources\bets.temp' is opened by 19632@MSI

[2022-04-28 19:13:04 #2 type] 
Type domain.User is not enhanced.

[2022-04-28 19:13:04 #3 type] 
Type domain.Question is not enhanced.

[2022-04-28 19:13:04 #4 type] 
Type domain.Pronostico is not enhanced.

[2022-04-28 19:13:04 #5 type] 
Type domain.Event is not enhanced.

