------------------------------------------------------------------------------------------------------------------------

[2022-05-19 12:42:09 #1 store] 
Database 'C:\Users\34644\git\repository\IS-ITER\src\main\resources\bets.temp' is opened by 3680@MSI

[2022-05-19 12:42:09 #2 type.registry] 
New type domain.User

[2022-05-19 12:42:09 #3 type] 
Type domain.User is not enhanced.

[2022-05-19 12:42:09 #4 type.registry] 
New type domain.Question

[2022-05-19 12:42:09 #5 type.registry] 
New type domain.Pronostico

[2022-05-19 12:42:09 #6 type] 
Type domain.Question is not enhanced.

[2022-05-19 12:42:09 #7 type.registry] 
New type java.util.Vector<domain.Pronostico>

[2022-05-19 12:42:09 #8 type.registry] 
New type domain.Event

[2022-05-19 12:42:09 #9 type] 
Type domain.Pronostico is not enhanced.

[2022-05-19 12:42:09 #10 type.registry] 
New type domain.EquipoJugador

[2022-05-19 12:42:09 #11 type.registry] 
New type java.util.Vector<domain.EquipoJugador>

[2022-05-19 12:42:09 #12 type] 
Type domain.Event is not enhanced.

[2022-05-19 12:42:09 #13 type.registry] 
New type java.util.Vector<domain.Question>

[2022-05-19 12:42:09 #14 type] 
Type domain.EquipoJugador is not enhanced.

[2022-05-19 12:42:09 #15 type.registry] 
New type java.util.ArrayList<java.lang.Object>

[2022-05-19 12:42:09 #16 type.registry] 
New type java.util.Vector<java.lang.Object>

[2022-05-19 12:42:09 #17 type.registry] 
New type java.util.ArrayList<domain.Pronostico>

[2022-05-19 12:42:09 #18 type.registry] 
New type java.util.ArrayList<domain.Question>

------------------------------------------------------------------------------------------------------------------------

[2022-05-19 12:44:21 #1 store] 
Database 'C:\Users\34644\git\repository\IS-ITER\src\main\resources\bets.temp' is opened by 18080@MSI

[2022-05-19 12:44:21 #2 type.registry] 
New type domain.User

[2022-05-19 12:44:21 #3 type] 
Type domain.User is not enhanced.

[2022-05-19 12:44:21 #4 type.registry] 
New type domain.Question

[2022-05-19 12:44:21 #5 type.registry] 
New type domain.Pronostico

[2022-05-19 12:44:21 #6 type] 
Type domain.Question is not enhanced.

[2022-05-19 12:44:21 #7 type.registry] 
New type java.util.Vector<domain.Pronostico>

[2022-05-19 12:44:21 #8 type.registry] 
New type domain.Event

[2022-05-19 12:44:21 #9 type] 
Type domain.Pronostico is not enhanced.

[2022-05-19 12:44:21 #10 type.registry] 
New type domain.EquipoJugador

[2022-05-19 12:44:21 #11 type.registry] 
New type java.util.Vector<domain.EquipoJugador>

[2022-05-19 12:44:21 #12 type] 
Type domain.Event is not enhanced.

[2022-05-19 12:44:21 #13 type.registry] 
New type java.util.Vector<domain.Question>

[2022-05-19 12:44:21 #14 type] 
Type domain.EquipoJugador is not enhanced.

[2022-05-19 12:44:21 #15 type.registry] 
New type java.util.ArrayList<java.lang.Object>

[2022-05-19 12:44:21 #16 type.registry] 
New type java.util.Vector<java.lang.Object>

[2022-05-19 12:44:21 #17 type.registry] 
New type java.util.ArrayList<domain.Pronostico>

[2022-05-19 12:44:21 #18 type.registry] 
New type java.util.ArrayList<domain.Question>

------------------------------------------------------------------------------------------------------------------------

[2022-05-19 12:45:07 #1 store] 
Database 'C:\Users\34644\git\repository\IS-ITER\src\main\resources\bets.temp' has been recovered (tr. 1-8)

[2022-05-19 12:45:07 #2 store] 
Database 'C:\Users\34644\git\repository\IS-ITER\src\main\resources\bets.temp' is opened by 16952@MSI

[2022-05-19 12:45:07 #3 type] 
Type domain.User is not enhanced.

[2022-05-19 12:45:07 #4 type] 
Type domain.Question is not enhanced.

[2022-05-19 12:45:07 #5 type] 
Type domain.Pronostico is not enhanced.

[2022-05-19 12:45:07 #6 type] 
Type domain.Event is not enhanced.

[2022-05-19 12:45:07 #7 type] 
Type domain.EquipoJugador is not enhanced.

------------------------------------------------------------------------------------------------------------------------

[2022-05-19 16:22:13 #1 store] 
Database 'C:\Users\34644\git\repository\IS-ITER\src\main\resources\bets.temp' is opened by 17836@MSI

[2022-05-19 16:22:13 #2 type] 
Type domain.User is not enhanced.

[2022-05-19 16:22:13 #3 type] 
Type domain.Question is not enhanced.

[2022-05-19 16:22:13 #4 type] 
Type domain.Pronostico is not enhanced.

[2022-05-19 16:22:13 #5 type] 
Type domain.Event is not enhanced.

[2022-05-19 16:22:13 #6 type] 
Type domain.EquipoJugador is not enhanced.

------------------------------------------------------------------------------------------------------------------------

[2022-05-19 16:24:20 #1 store] 
Database 'C:\Users\34644\git\repository\IS-ITER\src\main\resources\bets.temp' has been recovered (tr. 9-9)

[2022-05-19 16:24:20 #2 store] 
Database 'C:\Users\34644\git\repository\IS-ITER\src\main\resources\bets.temp' is opened by 14464@MSI

[2022-05-19 16:24:20 #3 type] 
Type domain.User is not enhanced.

[2022-05-19 16:24:20 #4 type] 
Type domain.Question is not enhanced.

[2022-05-19 16:24:20 #5 type] 
Type domain.Pronostico is not enhanced.

[2022-05-19 16:24:20 #6 type] 
Type domain.Event is not enhanced.

[2022-05-19 16:24:20 #7 type] 
Type domain.EquipoJugador is not enhanced.

------------------------------------------------------------------------------------------------------------------------

[2022-05-19 16:25:53 #1 store] 
Database 'C:\Users\34644\git\repository\IS-ITER\src\main\resources\bets.temp' is opened by 23092@MSI

[2022-05-19 16:25:53 #2 type] 
Type domain.User is not enhanced.

[2022-05-19 16:25:53 #3 type] 
Type domain.Question is not enhanced.

[2022-05-19 16:25:53 #4 type] 
Type domain.Pronostico is not enhanced.

[2022-05-19 16:25:53 #5 type] 
Type domain.Event is not enhanced.

[2022-05-19 16:25:53 #6 type] 
Type domain.EquipoJugador is not enhanced.

------------------------------------------------------------------------------------------------------------------------

[2022-05-19 16:26:29 #1 store] 
Database 'C:\Users\34644\git\repository\IS-ITER\src\main\resources\bets.temp' is opened by 28396@MSI

[2022-05-19 16:26:29 #2 type] 
Type domain.User is not enhanced.

[2022-05-19 16:26:29 #3 type] 
Type domain.Question is not enhanced.

[2022-05-19 16:26:29 #4 type] 
Type domain.Pronostico is not enhanced.

[2022-05-19 16:26:29 #5 type] 
Type domain.Event is not enhanced.

[2022-05-19 16:26:29 #6 type] 
Type domain.EquipoJugador is not enhanced.

------------------------------------------------------------------------------------------------------------------------

[2022-05-19 16:46:01 #1 store] 
Database 'C:\Users\34644\git\repository\IS-ITER\src\main\resources\bets.temp' has been recovered (tr. 10-12)

[2022-05-19 16:46:01 #2 store] 
Database 'C:\Users\34644\git\repository\IS-ITER\src\main\resources\bets.temp' is opened by 31556@MSI

[2022-05-19 16:46:01 #3 type] 
Type domain.User is not enhanced.

[2022-05-19 16:46:01 #4 type] 
Type domain.Question is not enhanced.

[2022-05-19 16:46:01 #5 type] 
Type domain.Pronostico is not enhanced.

[2022-05-19 16:46:01 #6 type] 
Type domain.Event is not enhanced.

[2022-05-19 16:46:01 #7 type] 
Type domain.EquipoJugador is not enhanced.

------------------------------------------------------------------------------------------------------------------------

[2022-05-19 16:50:55 #1 store] 
Database 'C:\Users\34644\git\repository\IS-ITER\src\main\resources\bets.temp' has been recovered (tr. 13-15)

[2022-05-19 16:50:56 #2 store] 
Database 'C:\Users\34644\git\repository\IS-ITER\src\main\resources\bets.temp' is opened by 26616@MSI

[2022-05-19 16:50:56 #3 type] 
Type domain.User is not enhanced.

[2022-05-19 16:50:56 #4 type] 
Type domain.Question is not enhanced.

[2022-05-19 16:50:56 #5 type] 
Type domain.Pronostico is not enhanced.

[2022-05-19 16:50:56 #6 type] 
Type domain.Event is not enhanced.

[2022-05-19 16:50:56 #7 type] 
Type domain.EquipoJugador is not enhanced.

------------------------------------------------------------------------------------------------------------------------

[2022-05-19 16:52:02 #1 store] 
Database 'C:\Users\34644\git\repository\IS-ITER\src\main\resources\bets.temp' is opened by 23276@MSI

[2022-05-19 16:52:02 #2 type] 
Type domain.User is not enhanced.

[2022-05-19 16:52:02 #3 type] 
Type domain.Question is not enhanced.

[2022-05-19 16:52:02 #4 type] 
Type domain.Pronostico is not enhanced.

[2022-05-19 16:52:02 #5 type] 
Type domain.Event is not enhanced.

[2022-05-19 16:52:02 #6 type] 
Type domain.EquipoJugador is not enhanced.

------------------------------------------------------------------------------------------------------------------------

[2022-05-19 16:52:17 #1 store] 
Database 'C:\Users\34644\git\repository\IS-ITER\src\main\resources\bets.temp' is opened by 20408@MSI

[2022-05-19 16:52:17 #2 type] 
Type domain.User is not enhanced.

[2022-05-19 16:52:17 #3 type] 
Type domain.Question is not enhanced.

[2022-05-19 16:52:17 #4 type] 
Type domain.Pronostico is not enhanced.

[2022-05-19 16:52:17 #5 type] 
Type domain.Event is not enhanced.

[2022-05-19 16:52:17 #6 type] 
Type domain.EquipoJugador is not enhanced.

------------------------------------------------------------------------------------------------------------------------

[2022-05-19 16:56:54 #1 store] 
Database 'C:\Users\34644\git\repository\IS-ITER\src\main\resources\bets.temp' is opened by 14040@MSI

[2022-05-19 16:56:54 #2 type] 
Type domain.User is not enhanced.

[2022-05-19 16:56:54 #3 type] 
Type domain.Question is not enhanced.

[2022-05-19 16:56:54 #4 type] 
Type domain.Pronostico is not enhanced.

[2022-05-19 16:56:54 #5 type] 
Type domain.Event is not enhanced.

[2022-05-19 16:56:54 #6 type] 
Type domain.EquipoJugador is not enhanced.

------------------------------------------------------------------------------------------------------------------------

[2022-05-19 16:57:07 #1 store] 
Database 'C:\Users\34644\git\repository\IS-ITER\src\main\resources\bets.temp' is opened by 29800@MSI

[2022-05-19 16:57:08 #2 type] 
Type domain.User is not enhanced.

[2022-05-19 16:57:08 #3 type] 
Type domain.Question is not enhanced.

[2022-05-19 16:57:08 #4 type] 
Type domain.Pronostico is not enhanced.

[2022-05-19 16:57:08 #5 type] 
Type domain.Event is not enhanced.

[2022-05-19 16:57:08 #6 type] 
Type domain.EquipoJugador is not enhanced.

