------------------------------------------------------------------------------------------------------------------------

[2022-05-15 01:44:33 #1 store] 
Database 'C:\Users\34644\git\repository\IS-ITER\src\main\resources\bets.temp' is opened by 6848@MSI

[2022-05-15 01:44:33 #2 type] 
Type domain.User is not enhanced.

[2022-05-15 01:44:33 #3 type] 
Type domain.Question is not enhanced.

[2022-05-15 01:44:33 #4 type] 
Type domain.Pronostico is not enhanced.

[2022-05-15 01:44:33 #5 type] 
Type domain.Event is not enhanced.

[2022-05-15 01:44:33 #6 type] 
Type domain.Equipo is not enhanced.

------------------------------------------------------------------------------------------------------------------------

[2022-05-15 01:44:44 #1 store] 
Database 'C:\Users\34644\git\repository\IS-ITER\src\main\resources\bets.temp' is opened by 26352@MSI

[2022-05-15 01:44:44 #2 type] 
Type domain.User is not enhanced.

[2022-05-15 01:44:44 #3 type] 
Type domain.Question is not enhanced.

[2022-05-15 01:44:44 #4 type] 
Type domain.Pronostico is not enhanced.

[2022-05-15 01:44:44 #5 type] 
Type domain.Event is not enhanced.

[2022-05-15 01:44:44 #6 type] 
Type domain.Equipo is not enhanced.

------------------------------------------------------------------------------------------------------------------------

[2022-05-15 01:45:58 #1 store] 
Database 'C:\Users\34644\git\repository\IS-ITER\src\main\resources\bets.temp' has been recovered (tr. 14-16)

[2022-05-15 01:45:58 #2 store] 
Database 'C:\Users\34644\git\repository\IS-ITER\src\main\resources\bets.temp' is opened by 5392@MSI

[2022-05-15 01:45:58 #3 type] 
Type domain.User is not enhanced.

[2022-05-15 01:45:58 #4 type] 
Type domain.Question is not enhanced.

[2022-05-15 01:45:58 #5 type] 
Type domain.Pronostico is not enhanced.

[2022-05-15 01:45:58 #6 type] 
Type domain.Event is not enhanced.

[2022-05-15 01:45:58 #7 type] 
Type domain.Equipo is not enhanced.

------------------------------------------------------------------------------------------------------------------------

[2022-05-15 19:05:57 #1 store] 
Database 'C:\Users\34644\git\repository\IS-ITER\src\main\resources\bets.temp' is opened by 22216@MSI

[2022-05-15 19:05:57 #2 type] 
Type domain.User is not enhanced.

[2022-05-15 19:05:58 #3 type] 
Type domain.Question is not enhanced.

[2022-05-15 19:05:58 #4 type] 
Type domain.Pronostico is not enhanced.

[2022-05-15 19:05:58 #5 type] 
Type domain.Event is not enhanced.

[2022-05-15 19:05:58 #6 type] 
Type domain.Equipo is not enhanced.

------------------------------------------------------------------------------------------------------------------------

[2022-05-15 19:08:11 #1 store] 
Database 'C:\Users\34644\git\repository\IS-ITER\src\main\resources\bets.temp' is opened by 27048@MSI

[2022-05-15 19:08:11 #2 type] 
Type domain.User is not enhanced.

[2022-05-15 19:08:11 #3 type] 
Type domain.Question is not enhanced.

[2022-05-15 19:08:11 #4 type] 
Type domain.Pronostico is not enhanced.

[2022-05-15 19:08:11 #5 type] 
Type domain.Event is not enhanced.

[2022-05-15 19:08:11 #6 type] 
Type domain.Equipo is not enhanced.

------------------------------------------------------------------------------------------------------------------------

[2022-05-15 19:09:26 #1 store] 
Database 'C:\Users\34644\git\repository\IS-ITER\src\main\resources\bets.temp' is opened by 27896@MSI

[2022-05-15 19:09:26 #2 type] 
Type domain.User is not enhanced.

[2022-05-15 19:09:26 #3 type] 
Type domain.Question is not enhanced.

[2022-05-15 19:09:26 #4 type] 
Type domain.Pronostico is not enhanced.

[2022-05-15 19:09:26 #5 type] 
Type domain.Event is not enhanced.

[2022-05-15 19:09:26 #6 type] 
Type domain.Equipo is not enhanced.

------------------------------------------------------------------------------------------------------------------------

[2022-05-15 19:21:06 #1 store] 
Database 'C:\Users\34644\git\repository\IS-ITER\src\main\resources\bets.temp' is opened by 27440@MSI

[2022-05-15 19:21:06 #2 type] 
Type domain.User is not enhanced.

[2022-05-15 19:21:06 #3 type] 
Type domain.Question is not enhanced.

[2022-05-15 19:21:06 #4 type] 
Type domain.Pronostico is not enhanced.

[2022-05-15 19:21:06 #5 type] 
Type domain.Event is not enhanced.

[2022-05-15 19:21:06 #6 type] 
Type domain.Equipo is not enhanced.

------------------------------------------------------------------------------------------------------------------------

[2022-05-15 19:22:47 #1 store] 
Database 'C:\Users\34644\git\repository\IS-ITER\src\main\resources\bets.temp' is opened by 4836@MSI

[2022-05-15 19:22:47 #2 type] 
Type domain.User is not enhanced.

[2022-05-15 19:22:47 #3 type] 
Type domain.Question is not enhanced.

[2022-05-15 19:22:47 #4 type] 
Type domain.Pronostico is not enhanced.

[2022-05-15 19:22:47 #5 type] 
Type domain.Event is not enhanced.

[2022-05-15 19:22:47 #6 type] 
Type domain.Equipo is not enhanced.

------------------------------------------------------------------------------------------------------------------------

[2022-05-15 19:25:41 #1 store] 
Database 'C:\Users\34644\git\repository\IS-ITER\src\main\resources\bets.temp' is opened by 368@MSI

[2022-05-15 19:25:41 #2 type] 
Type domain.User is not enhanced.

[2022-05-15 19:25:41 #3 type] 
Type domain.Question is not enhanced.

[2022-05-15 19:25:41 #4 type] 
Type domain.Pronostico is not enhanced.

[2022-05-15 19:25:41 #5 type] 
Type domain.Event is not enhanced.

[2022-05-15 19:25:41 #6 type] 
Type domain.Equipo is not enhanced.

------------------------------------------------------------------------------------------------------------------------

[2022-05-15 20:08:58 #1 store] 
Database 'C:\Users\34644\git\repository\IS-ITER\src\main\resources\bets.temp' is opened by 5780@MSI

[2022-05-15 20:08:58 #2 type] 
Type domain.User is not enhanced.

[2022-05-15 20:08:58 #3 type] 
Type domain.Question is not enhanced.

[2022-05-15 20:08:58 #4 type] 
Type domain.Pronostico is not enhanced.

[2022-05-15 20:08:58 #5 type] 
Type domain.Event is not enhanced.

