------------------------------------------------------------------------------------------------------------------------

[2022-04-10 14:22:52 #1 store] 
Database 'C:\Users\34644\git\repository\IS-ITER\src\main\resources\bets.temp' is opened by 16580@MSI

[2022-04-10 14:22:52 #2 type] 
Type domain.User is not enhanced.

[2022-04-10 14:22:52 #3 type] 
Type domain.Pronostico is not enhanced.

[2022-04-10 14:22:53 #4 type] 
Type domain.Event is not enhanced.

[2022-04-10 14:22:53 #5 type] 
Type domain.Question is not enhanced.

------------------------------------------------------------------------------------------------------------------------

[2022-04-10 14:25:23 #1 store] 
Database 'C:\Users\34644\git\repository\IS-ITER\src\main\resources\bets.temp' has been recovered (tr. 32-32)

[2022-04-10 14:25:23 #2 store] 
Database 'C:\Users\34644\git\repository\IS-ITER\src\main\resources\bets.temp' is opened by 1436@MSI

[2022-04-10 14:25:23 #3 type] 
Type domain.User is not enhanced.

[2022-04-10 14:25:23 #4 type] 
Type domain.Pronostico is not enhanced.

[2022-04-10 14:25:24 #5 type] 
Type domain.Event is not enhanced.

[2022-04-10 14:25:24 #6 type] 
Type domain.Question is not enhanced.

------------------------------------------------------------------------------------------------------------------------

[2022-04-10 14:31:54 #1 store] 
Database 'C:\Users\34644\git\repository\IS-ITER\src\main\resources\bets.temp' is opened by 2084@MSI

[2022-04-10 14:31:54 #2 type] 
Type domain.User is not enhanced.

[2022-04-10 14:31:54 #3 type] 
Type domain.Pronostico is not enhanced.

[2022-04-10 14:31:54 #4 type] 
Type domain.Event is not enhanced.

[2022-04-10 14:31:54 #5 type] 
Type domain.Question is not enhanced.

------------------------------------------------------------------------------------------------------------------------

[2022-04-10 14:51:43 #1 store] 
Database 'C:\Users\34644\git\repository\IS-ITER\src\main\resources\bets.temp' is opened by 27128@MSI

[2022-04-10 14:51:43 #2 type] 
Type domain.User is not enhanced.

[2022-04-10 14:51:43 #3 type] 
Type domain.Pronostico is not enhanced.

[2022-04-10 14:51:43 #4 type] 
Type domain.Event is not enhanced.

[2022-04-10 14:51:43 #5 type] 
Type domain.Question is not enhanced.

------------------------------------------------------------------------------------------------------------------------

[2022-04-10 14:53:28 #1 store] 
Database 'C:\Users\34644\git\repository\IS-ITER\src\main\resources\bets.temp' has been recovered (tr. 33-34)

[2022-04-10 14:53:28 #2 store] 
Database 'C:\Users\34644\git\repository\IS-ITER\src\main\resources\bets.temp' is opened by 4512@MSI

[2022-04-10 14:53:28 #3 type] 
Type domain.User is not enhanced.

[2022-04-10 14:53:28 #4 type] 
Type domain.Pronostico is not enhanced.

[2022-04-10 14:53:28 #5 type] 
Type domain.Event is not enhanced.

[2022-04-10 14:53:28 #6 type] 
Type domain.Question is not enhanced.

------------------------------------------------------------------------------------------------------------------------

[2022-04-10 14:56:21 #1 store] 
Database 'C:\Users\34644\git\repository\IS-ITER\src\main\resources\bets.temp' has been recovered (tr. 35-40)

[2022-04-10 14:56:21 #2 store] 
Database 'C:\Users\34644\git\repository\IS-ITER\src\main\resources\bets.temp' is opened by 27644@MSI

[2022-04-10 14:56:21 #3 type] 
Type domain.User is not enhanced.

[2022-04-10 14:56:21 #4 type] 
Type domain.Pronostico is not enhanced.

[2022-04-10 14:56:21 #5 type] 
Type domain.Event is not enhanced.

[2022-04-10 14:56:21 #6 type] 
Type domain.Question is not enhanced.

------------------------------------------------------------------------------------------------------------------------

[2022-04-10 15:22:42 #1 store] 
Database 'C:\Users\34644\git\repository\IS-ITER\src\main\resources\bets.temp' is opened by 29980@MSI

[2022-04-10 15:22:42 #2 type] 
Type domain.User is not enhanced.

[2022-04-10 15:22:42 #3 type] 
Type domain.Pronostico is not enhanced.

[2022-04-10 15:22:42 #4 type] 
Type domain.Event is not enhanced.

[2022-04-10 15:22:42 #5 type] 
Type domain.Question is not enhanced.

------------------------------------------------------------------------------------------------------------------------

[2022-04-10 15:25:29 #1 store] 
Database 'C:\Users\34644\git\repository\IS-ITER\src\main\resources\bets.temp' is opened by 8440@MSI

[2022-04-10 15:25:29 #2 type] 
Type domain.User is not enhanced.

[2022-04-10 15:25:29 #3 type] 
Type domain.Pronostico is not enhanced.

[2022-04-10 15:25:29 #4 type] 
Type domain.Event is not enhanced.

[2022-04-10 15:25:29 #5 type] 
Type domain.Question is not enhanced.

------------------------------------------------------------------------------------------------------------------------

[2022-04-10 15:31:19 #1 store] 
Database 'C:\Users\34644\git\repository\IS-ITER\src\main\resources\bets.temp' is opened by 25740@MSI

[2022-04-10 15:31:19 #2 type] 
Type domain.User is not enhanced.

[2022-04-10 15:31:19 #3 type] 
Type domain.Pronostico is not enhanced.

[2022-04-10 15:31:19 #4 type] 
Type domain.Event is not enhanced.

[2022-04-10 15:31:19 #5 type] 
Type domain.Question is not enhanced.

[2022-04-10 15:31:32 #6 type.registry] 
New type java.util.ArrayList<java.lang.Object>

------------------------------------------------------------------------------------------------------------------------

[2022-04-10 15:32:16 #1 store] 
Database 'C:\Users\34644\git\repository\IS-ITER\src\main\resources\bets.temp' has been recovered (tr. 41-42)

[2022-04-10 15:32:16 #2 store] 
Database 'C:\Users\34644\git\repository\IS-ITER\src\main\resources\bets.temp' is opened by 26988@MSI

[2022-04-10 15:32:16 #3 type] 
Type domain.User is not enhanced.

[2022-04-10 15:32:16 #4 type] 
Type domain.Pronostico is not enhanced.

[2022-04-10 15:32:16 #5 type] 
Type domain.Event is not enhanced.

[2022-04-10 15:32:16 #6 type] 
Type domain.Question is not enhanced.

------------------------------------------------------------------------------------------------------------------------

[2022-04-10 15:33:16 #1 store] 
Database 'C:\Users\34644\git\repository\IS-ITER\src\main\resources\bets.temp' is opened by 20500@MSI

[2022-04-10 15:33:16 #2 type] 
Type domain.User is not enhanced.

[2022-04-10 15:33:16 #3 type] 
Type domain.Pronostico is not enhanced.

[2022-04-10 15:33:16 #4 type] 
Type domain.Event is not enhanced.

[2022-04-10 15:33:16 #5 type] 
Type domain.Question is not enhanced.

------------------------------------------------------------------------------------------------------------------------

[2022-04-10 15:34:05 #1 store] 
Database 'C:\Users\34644\git\repository\IS-ITER\src\main\resources\bets.temp' is opened by 9964@MSI

[2022-04-10 15:34:05 #2 type] 
Type domain.User is not enhanced.

[2022-04-10 15:34:05 #3 type] 
Type domain.Pronostico is not enhanced.

[2022-04-10 15:34:05 #4 type] 
Type domain.Event is not enhanced.

[2022-04-10 15:34:05 #5 type] 
Type domain.Question is not enhanced.

------------------------------------------------------------------------------------------------------------------------

[2022-04-10 15:35:08 #1 store] 
Database 'C:\Users\34644\git\repository\IS-ITER\src\main\resources\bets.temp' is opened by 15876@MSI

[2022-04-10 15:35:08 #2 type] 
Type domain.User is not enhanced.

[2022-04-10 15:35:08 #3 type] 
Type domain.Pronostico is not enhanced.

[2022-04-10 15:35:08 #4 type] 
Type domain.Event is not enhanced.

[2022-04-10 15:35:08 #5 type] 
Type domain.Question is not enhanced.

------------------------------------------------------------------------------------------------------------------------

[2022-04-10 15:36:37 #1 store] 
Database 'C:\Users\34644\git\repository\IS-ITER\src\main\resources\bets.temp' is opened by 11464@MSI

[2022-04-10 15:36:37 #2 type] 
Type domain.User is not enhanced.

[2022-04-10 15:36:37 #3 type] 
Type domain.Pronostico is not enhanced.

[2022-04-10 15:36:37 #4 type] 
Type domain.Event is not enhanced.

[2022-04-10 15:36:37 #5 type] 
Type domain.Question is not enhanced.

------------------------------------------------------------------------------------------------------------------------

[2022-04-10 15:38:06 #1 store] 
Database 'C:\Users\34644\git\repository\IS-ITER\src\main\resources\bets.temp' is opened by 11804@MSI

[2022-04-10 15:38:06 #2 type] 
Type domain.User is not enhanced.

[2022-04-10 15:38:06 #3 type] 
Type domain.Pronostico is not enhanced.

[2022-04-10 15:38:06 #4 type] 
Type domain.Event is not enhanced.

[2022-04-10 15:38:06 #5 type] 
Type domain.Question is not enhanced.

------------------------------------------------------------------------------------------------------------------------

[2022-04-10 15:39:53 #1 store] 
Database 'C:\Users\34644\git\repository\IS-ITER\src\main\resources\bets.temp' is opened by 27296@MSI

[2022-04-10 15:39:53 #2 type] 
Type domain.User is not enhanced.

[2022-04-10 15:39:53 #3 type] 
Type domain.Pronostico is not enhanced.

[2022-04-10 15:39:53 #4 type] 
Type domain.Event is not enhanced.

[2022-04-10 15:39:53 #5 type] 
Type domain.Question is not enhanced.

------------------------------------------------------------------------------------------------------------------------

[2022-04-10 16:05:35 #1 store] 
Database 'C:\Users\34644\git\repository\IS-ITER\src\main\resources\bets.temp' is opened by 27676@MSI

[2022-04-10 16:05:35 #2 type] 
Type domain.User is not enhanced.

[2022-04-10 16:05:35 #3 type] 
Type domain.Pronostico is not enhanced.

[2022-04-10 16:05:35 #4 type] 
Type domain.Event is not enhanced.

[2022-04-10 16:05:35 #5 type] 
Type domain.Question is not enhanced.

------------------------------------------------------------------------------------------------------------------------

[2022-04-10 16:21:49 #1 store] 
Database 'C:\Users\34644\git\repository\IS-ITER\src\main\resources\bets.temp' is opened by 23144@MSI

[2022-04-10 16:21:49 #2 type] 
Type domain.User is not enhanced.

[2022-04-10 16:21:49 #3 type] 
Type domain.Pronostico is not enhanced.

[2022-04-10 16:21:49 #4 type] 
Type domain.Event is not enhanced.

[2022-04-10 16:21:49 #5 type] 
Type domain.Question is not enhanced.

------------------------------------------------------------------------------------------------------------------------

[2022-04-10 16:26:31 #1 store] 
Database 'C:\Users\34644\git\repository\IS-ITER\src\main\resources\bets.temp' is opened by 10716@MSI

[2022-04-10 16:26:31 #2 type] 
Type domain.User is not enhanced.

[2022-04-10 16:26:31 #3 type] 
Type domain.Pronostico is not enhanced.

[2022-04-10 16:26:31 #4 type] 
Type domain.Event is not enhanced.

[2022-04-10 16:26:31 #5 type] 
Type domain.Question is not enhanced.

------------------------------------------------------------------------------------------------------------------------

[2022-04-10 16:29:54 #1 store] 
Database 'C:\Users\34644\git\repository\IS-ITER\src\main\resources\bets.temp' is opened by 28392@MSI

[2022-04-10 16:29:54 #2 type] 
Type domain.User is not enhanced.

[2022-04-10 16:29:54 #3 type] 
Type domain.Pronostico is not enhanced.

[2022-04-10 16:29:54 #4 type] 
Type domain.Event is not enhanced.

[2022-04-10 16:29:54 #5 type] 
Type domain.Question is not enhanced.

------------------------------------------------------------------------------------------------------------------------

[2022-04-10 16:31:52 #1 store] 
Database 'C:\Users\34644\git\repository\IS-ITER\src\main\resources\bets.temp' is opened by 15152@MSI

[2022-04-10 16:31:52 #2 type] 
Type domain.User is not enhanced.

[2022-04-10 16:31:52 #3 type] 
Type domain.Pronostico is not enhanced.

[2022-04-10 16:31:52 #4 type] 
Type domain.Event is not enhanced.

[2022-04-10 16:31:52 #5 type] 
Type domain.Question is not enhanced.

------------------------------------------------------------------------------------------------------------------------

[2022-04-10 16:33:19 #1 store] 
Database 'C:\Users\34644\git\repository\IS-ITER\src\main\resources\bets.temp' is opened by 28992@MSI

[2022-04-10 16:33:19 #2 type] 
Type domain.User is not enhanced.

[2022-04-10 16:33:19 #3 type] 
Type domain.Pronostico is not enhanced.

[2022-04-10 16:33:19 #4 type] 
Type domain.Event is not enhanced.

[2022-04-10 16:33:19 #5 type] 
Type domain.Question is not enhanced.

------------------------------------------------------------------------------------------------------------------------

[2022-04-10 16:34:17 #1 store] 
Database 'C:\Users\34644\git\repository\IS-ITER\src\main\resources\bets.temp' is opened by 31112@MSI

[2022-04-10 16:34:17 #2 type] 
Type domain.User is not enhanced.

[2022-04-10 16:34:18 #3 type] 
Type domain.Pronostico is not enhanced.

[2022-04-10 16:34:18 #4 type] 
Type domain.Event is not enhanced.

[2022-04-10 16:34:18 #5 type] 
Type domain.Question is not enhanced.

------------------------------------------------------------------------------------------------------------------------

[2022-04-10 16:37:32 #1 store] 
Database 'C:\Users\34644\git\repository\IS-ITER\src\main\resources\bets.temp' is opened by 16948@MSI

[2022-04-10 16:37:32 #2 type] 
Type domain.User is not enhanced.

[2022-04-10 16:37:32 #3 type] 
Type domain.Pronostico is not enhanced.

[2022-04-10 16:37:32 #4 type] 
Type domain.Event is not enhanced.

[2022-04-10 16:37:32 #5 type] 
Type domain.Question is not enhanced.

------------------------------------------------------------------------------------------------------------------------

[2022-04-10 16:47:07 #1 store] 
Database 'C:\Users\34644\git\repository\IS-ITER\src\main\resources\bets.temp' is opened by 15404@MSI

[2022-04-10 16:47:07 #2 type] 
Type domain.User is not enhanced.

[2022-04-10 16:47:07 #3 type] 
Type domain.Pronostico is not enhanced.

[2022-04-10 16:47:07 #4 type] 
Type domain.Event is not enhanced.

[2022-04-10 16:47:07 #5 type] 
Type domain.Question is not enhanced.

------------------------------------------------------------------------------------------------------------------------

[2022-04-10 16:53:11 #1 store] 
Database 'C:\Users\34644\git\repository\IS-ITER\src\main\resources\bets.temp' is opened by 29464@MSI

[2022-04-10 16:53:11 #2 type] 
Type domain.User is not enhanced.

[2022-04-10 16:53:11 #3 type] 
Type domain.Pronostico is not enhanced.

[2022-04-10 16:53:11 #4 type] 
Type domain.Event is not enhanced.

[2022-04-10 16:53:11 #5 type] 
Type domain.Question is not enhanced.

------------------------------------------------------------------------------------------------------------------------

[2022-04-10 16:53:51 #1 store] 
Database 'C:\Users\34644\git\repository\IS-ITER\src\main\resources\bets.temp' is opened by 28496@MSI

[2022-04-10 16:53:51 #2 type] 
Type domain.User is not enhanced.

[2022-04-10 16:53:51 #3 type] 
Type domain.Pronostico is not enhanced.

[2022-04-10 16:53:51 #4 type] 
Type domain.Event is not enhanced.

[2022-04-10 16:53:51 #5 type] 
Type domain.Question is not enhanced.

------------------------------------------------------------------------------------------------------------------------

[2022-04-10 16:55:48 #1 store] 
Database 'C:\Users\34644\git\repository\IS-ITER\src\main\resources\bets.temp' is opened by 24992@MSI

[2022-04-10 16:55:48 #2 type] 
Type domain.User is not enhanced.

[2022-04-10 16:55:48 #3 type] 
Type domain.Pronostico is not enhanced.

[2022-04-10 16:55:48 #4 type] 
Type domain.Event is not enhanced.

[2022-04-10 16:55:48 #5 type] 
Type domain.Question is not enhanced.

------------------------------------------------------------------------------------------------------------------------

[2022-04-10 16:56:27 #1 store] 
Database 'C:\Users\34644\git\repository\IS-ITER\src\main\resources\bets.temp' is opened by 8312@MSI

[2022-04-10 16:56:27 #2 type] 
Type domain.User is not enhanced.

[2022-04-10 16:56:27 #3 type] 
Type domain.Pronostico is not enhanced.

[2022-04-10 16:56:27 #4 type] 
Type domain.Event is not enhanced.

[2022-04-10 16:56:27 #5 type] 
Type domain.Question is not enhanced.

------------------------------------------------------------------------------------------------------------------------

[2022-04-10 17:04:46 #1 store] 
Database 'C:\Users\34644\git\repository\IS-ITER\src\main\resources\bets.temp' is opened by 15160@MSI

[2022-04-10 17:04:46 #2 type] 
Type domain.User is not enhanced.

[2022-04-10 17:04:46 #3 type] 
Type domain.Pronostico is not enhanced.

[2022-04-10 17:04:46 #4 type] 
Type domain.Event is not enhanced.

[2022-04-10 17:04:46 #5 type] 
Type domain.Question is not enhanced.

