------------------------------------------------------------------------------------------------------------------------

[2022-04-04 12:13:02 #1 store] 
Database 'C:\Users\34644\git\repository\IS-ITER\src\main\resources\bets.temp' is opened by 23144@MSI

[2022-04-04 12:13:02 #2 type] 
Type domain.User is not enhanced.

[2022-04-04 12:13:02 #3 type] 
Type domain.Pronostico is not enhanced.

[2022-04-04 12:13:03 #4 type] 
Type domain.Event is not enhanced.

[2022-04-04 12:13:03 #5 type] 
Type domain.Question is not enhanced.

------------------------------------------------------------------------------------------------------------------------

[2022-04-04 12:20:30 #1 store] 
Database 'C:\Users\34644\git\repository\IS-ITER\src\main\resources\bets.temp' is opened by 9996@MSI

[2022-04-04 12:20:30 #2 type] 
Type domain.User is not enhanced.

[2022-04-04 12:20:30 #3 type] 
Type domain.Pronostico is not enhanced.

[2022-04-04 12:20:30 #4 type] 
Type domain.Event is not enhanced.

[2022-04-04 12:20:30 #5 type] 
Type domain.Question is not enhanced.

------------------------------------------------------------------------------------------------------------------------

[2022-04-04 12:21:14 #1 store] 
Database 'C:\Users\34644\git\repository\IS-ITER\src\main\resources\bets.temp' is opened by 3596@MSI

[2022-04-04 12:21:15 #2 type] 
Type domain.User is not enhanced.

[2022-04-04 12:21:15 #3 type] 
Type domain.Pronostico is not enhanced.

[2022-04-04 12:21:15 #4 type] 
Type domain.Event is not enhanced.

[2022-04-04 12:21:15 #5 type] 
Type domain.Question is not enhanced.

------------------------------------------------------------------------------------------------------------------------

[2022-04-04 12:36:01 #1 store] 
Database 'C:\Users\34644\git\repository\IS-ITER\src\main\resources\bets.temp' is opened by 29572@MSI

[2022-04-04 12:36:01 #2 type] 
Type domain.User is not enhanced.

[2022-04-04 12:36:01 #3 type] 
Type domain.Pronostico is not enhanced.

[2022-04-04 12:36:01 #4 type] 
Type domain.Event is not enhanced.

[2022-04-04 12:36:01 #5 type] 
Type domain.Question is not enhanced.

------------------------------------------------------------------------------------------------------------------------

[2022-04-04 12:37:27 #1 store] 
Database 'C:\Users\34644\git\repository\IS-ITER\src\main\resources\bets.temp' is opened by 16472@MSI

[2022-04-04 12:37:27 #2 type] 
Type domain.User is not enhanced.

[2022-04-04 12:37:27 #3 type] 
Type domain.Pronostico is not enhanced.

[2022-04-04 12:37:27 #4 type] 
Type domain.Event is not enhanced.

[2022-04-04 12:37:27 #5 type] 
Type domain.Question is not enhanced.

------------------------------------------------------------------------------------------------------------------------

[2022-04-04 12:41:17 #1 store] 
Database 'C:\Users\34644\git\repository\IS-ITER\src\main\resources\bets.temp' is opened by 12756@MSI

[2022-04-04 12:41:17 #2 type] 
Type domain.User is not enhanced.

[2022-04-04 12:41:17 #3 type] 
Type domain.Pronostico is not enhanced.

[2022-04-04 12:41:17 #4 type] 
Type domain.Event is not enhanced.

[2022-04-04 12:41:17 #5 type] 
Type domain.Question is not enhanced.

------------------------------------------------------------------------------------------------------------------------

[2022-04-04 12:41:35 #1 store] 
Database 'C:\Users\34644\git\repository\IS-ITER\src\main\resources\bets.temp' is opened by 23668@MSI

[2022-04-04 12:41:35 #2 type] 
Type domain.User is not enhanced.

[2022-04-04 12:41:35 #3 type] 
Type domain.Pronostico is not enhanced.

[2022-04-04 12:41:35 #4 type] 
Type domain.Event is not enhanced.

[2022-04-04 12:41:35 #5 type] 
Type domain.Question is not enhanced.

------------------------------------------------------------------------------------------------------------------------

[2022-04-04 12:44:08 #1 store] 
Database 'C:\Users\34644\git\repository\IS-ITER\src\main\resources\bets.temp' has been recovered (tr. 8-8)

[2022-04-04 12:44:09 #2 store] 
Database 'C:\Users\34644\git\repository\IS-ITER\src\main\resources\bets.temp' is opened by 12084@MSI

[2022-04-04 12:44:09 #3 type] 
Type domain.User is not enhanced.

[2022-04-04 12:44:09 #4 type] 
Type domain.Pronostico is not enhanced.

[2022-04-04 12:44:09 #5 type] 
Type domain.Event is not enhanced.

[2022-04-04 12:44:09 #6 type] 
Type domain.Question is not enhanced.

------------------------------------------------------------------------------------------------------------------------

[2022-04-04 12:46:51 #1 store] 
Database 'C:\Users\34644\git\repository\IS-ITER\src\main\resources\bets.temp' is opened by 22452@MSI

[2022-04-04 12:46:51 #2 type] 
Type domain.User is not enhanced.

[2022-04-04 12:46:51 #3 type] 
Type domain.Pronostico is not enhanced.

[2022-04-04 12:46:51 #4 type] 
Type domain.Event is not enhanced.

[2022-04-04 12:46:51 #5 type] 
Type domain.Question is not enhanced.

------------------------------------------------------------------------------------------------------------------------

[2022-04-04 12:47:33 #1 store] 
Database 'C:\Users\34644\git\repository\IS-ITER\src\main\resources\bets.temp' is opened by 7300@MSI

[2022-04-04 12:47:33 #2 type] 
Type domain.User is not enhanced.

[2022-04-04 12:47:33 #3 type] 
Type domain.Pronostico is not enhanced.

[2022-04-04 12:47:33 #4 type] 
Type domain.Event is not enhanced.

[2022-04-04 12:47:33 #5 type] 
Type domain.Question is not enhanced.

------------------------------------------------------------------------------------------------------------------------

[2022-04-04 12:52:49 #1 store] 
Database 'C:\Users\34644\git\repository\IS-ITER\src\main\resources\bets.temp' is opened by 24956@MSI

[2022-04-04 12:52:49 #2 type] 
Type domain.User is not enhanced.

[2022-04-04 12:52:49 #3 type] 
Type domain.Pronostico is not enhanced.

[2022-04-04 12:52:49 #4 type] 
Type domain.Event is not enhanced.

[2022-04-04 12:52:49 #5 type] 
Type domain.Question is not enhanced.

------------------------------------------------------------------------------------------------------------------------

[2022-04-04 12:53:28 #1 store] 
Database 'C:\Users\34644\git\repository\IS-ITER\src\main\resources\bets.temp' is opened by 7496@MSI

[2022-04-04 12:53:28 #2 type] 
Type domain.User is not enhanced.

[2022-04-04 12:53:28 #3 type] 
Type domain.Pronostico is not enhanced.

[2022-04-04 12:53:28 #4 type] 
Type domain.Event is not enhanced.

[2022-04-04 12:53:28 #5 type] 
Type domain.Question is not enhanced.

------------------------------------------------------------------------------------------------------------------------

[2022-04-04 12:55:29 #1 store] 
Database 'C:\Users\34644\git\repository\IS-ITER\src\main\resources\bets.temp' is opened by 25064@MSI

[2022-04-04 12:55:30 #2 type] 
Type domain.User is not enhanced.

[2022-04-04 12:55:30 #3 type] 
Type domain.Pronostico is not enhanced.

[2022-04-04 12:55:30 #4 type] 
Type domain.Event is not enhanced.

[2022-04-04 12:55:30 #5 type] 
Type domain.Question is not enhanced.

------------------------------------------------------------------------------------------------------------------------

[2022-04-04 13:02:51 #1 store] 
Database 'C:\Users\34644\git\repository\IS-ITER\src\main\resources\bets.temp' is opened by 28572@MSI

[2022-04-04 13:02:51 #2 type] 
Type domain.User is not enhanced.

[2022-04-04 13:02:51 #3 type] 
Type domain.Pronostico is not enhanced.

[2022-04-04 13:02:51 #4 type] 
Type domain.Event is not enhanced.

[2022-04-04 13:02:51 #5 type] 
Type domain.Question is not enhanced.

------------------------------------------------------------------------------------------------------------------------

[2022-04-04 13:14:34 #1 store] 
Database 'C:\Users\34644\git\repository\IS-ITER\src\main\resources\bets.temp' is opened by 22400@MSI

[2022-04-04 13:14:34 #2 type] 
Type domain.User is not enhanced.

[2022-04-04 13:14:34 #3 type] 
Type domain.Pronostico is not enhanced.

[2022-04-04 13:14:34 #4 type] 
Type domain.Event is not enhanced.

[2022-04-04 13:14:34 #5 type] 
Type domain.Question is not enhanced.

------------------------------------------------------------------------------------------------------------------------

[2022-04-04 15:29:56 #1 store] 
Database 'C:\Users\34644\git\repository\IS-ITER\src\main\resources\bets.temp' is opened by 8656@MSI

[2022-04-04 15:29:56 #2 type] 
Type domain.User is not enhanced.

[2022-04-04 15:29:56 #3 type] 
Type domain.Pronostico is not enhanced.

[2022-04-04 15:29:56 #4 type] 
Type domain.Event is not enhanced.

[2022-04-04 15:29:56 #5 type] 
Type domain.Question is not enhanced.

------------------------------------------------------------------------------------------------------------------------

[2022-04-04 15:30:24 #1 store] 
Database 'C:\Users\34644\git\repository\IS-ITER\src\main\resources\bets.temp' is opened by 13916@MSI

[2022-04-04 15:30:24 #2 type] 
Type domain.User is not enhanced.

[2022-04-04 15:30:24 #3 type] 
Type domain.Pronostico is not enhanced.

[2022-04-04 15:30:24 #4 type] 
Type domain.Event is not enhanced.

[2022-04-04 15:30:24 #5 type] 
Type domain.Question is not enhanced.

------------------------------------------------------------------------------------------------------------------------

[2022-04-04 15:31:16 #1 store] 
Database 'C:\Users\34644\git\repository\IS-ITER\src\main\resources\bets.temp' is opened by 16032@MSI

[2022-04-04 15:31:16 #2 type] 
Type domain.User is not enhanced.

[2022-04-04 15:31:16 #3 type] 
Type domain.Pronostico is not enhanced.

[2022-04-04 15:31:16 #4 type] 
Type domain.Event is not enhanced.

[2022-04-04 15:31:16 #5 type] 
Type domain.Question is not enhanced.

------------------------------------------------------------------------------------------------------------------------

[2022-04-04 15:40:24 #1 store] 
Database 'C:\Users\34644\git\repository\IS-ITER\src\main\resources\bets.temp' is opened by 17816@MSI

[2022-04-04 15:40:24 #2 type] 
Type domain.User is not enhanced.

[2022-04-04 15:40:24 #3 type] 
Type domain.Pronostico is not enhanced.

[2022-04-04 15:40:24 #4 type] 
Type domain.Event is not enhanced.

[2022-04-04 15:40:24 #5 type] 
Type domain.Question is not enhanced.

------------------------------------------------------------------------------------------------------------------------

[2022-04-04 15:56:08 #1 store] 
Database 'C:\Users\34644\git\repository\IS-ITER\src\main\resources\bets.temp' is opened by 28012@MSI

[2022-04-04 15:56:08 #2 type] 
Type domain.User is not enhanced.

[2022-04-04 15:56:08 #3 type] 
Type domain.Pronostico is not enhanced.

[2022-04-04 15:56:08 #4 type] 
Type domain.Event is not enhanced.

[2022-04-04 15:56:08 #5 type] 
Type domain.Question is not enhanced.

------------------------------------------------------------------------------------------------------------------------

[2022-04-04 15:56:23 #1 store] 
Database 'C:\Users\34644\git\repository\IS-ITER\src\main\resources\bets.temp' is opened by 25332@MSI

[2022-04-04 15:56:23 #2 type] 
Type domain.User is not enhanced.

[2022-04-04 15:56:23 #3 type] 
Type domain.Pronostico is not enhanced.

[2022-04-04 15:56:23 #4 type] 
Type domain.Event is not enhanced.

[2022-04-04 15:56:23 #5 type] 
Type domain.Question is not enhanced.

------------------------------------------------------------------------------------------------------------------------

[2022-04-04 15:57:42 #1 store] 
Database 'C:\Users\34644\git\repository\IS-ITER\src\main\resources\bets.temp' is opened by 9796@MSI

[2022-04-04 15:57:42 #2 type] 
Type domain.User is not enhanced.

[2022-04-04 15:57:42 #3 type] 
Type domain.Pronostico is not enhanced.

[2022-04-04 15:57:42 #4 type] 
Type domain.Event is not enhanced.

[2022-04-04 15:57:42 #5 type] 
Type domain.Question is not enhanced.

------------------------------------------------------------------------------------------------------------------------

[2022-04-04 15:58:39 #1 store] 
Database 'C:\Users\34644\git\repository\IS-ITER\src\main\resources\bets.temp' is opened by 1680@MSI

[2022-04-04 15:58:39 #2 type.registry] 
New type domain.User

[2022-04-04 15:58:39 #3 type] 
Type domain.User is not enhanced.

[2022-04-04 15:58:39 #4 type.registry] 
New type domain.Pronostico

[2022-04-04 15:58:39 #5 type.registry] 
New type java.util.ArrayList<domain.Pronostico>

[2022-04-04 15:58:39 #6 type] 
Type domain.Pronostico is not enhanced.

[2022-04-04 15:58:39 #7 type.registry] 
New type domain.Event

[2022-04-04 15:58:39 #8 type] 
Type domain.Event is not enhanced.

[2022-04-04 15:58:39 #9 type.registry] 
New type domain.Question

[2022-04-04 15:58:39 #10 type.registry] 
New type java.util.Vector<domain.Question>

[2022-04-04 15:58:39 #11 type] 
Type domain.Question is not enhanced.

[2022-04-04 15:58:39 #12 type.registry] 
New type java.util.Vector<java.lang.Object>

------------------------------------------------------------------------------------------------------------------------

[2022-04-04 16:01:40 #1 store] 
Database 'C:\Users\34644\git\repository\IS-ITER\src\main\resources\bets.temp' is opened by 2860@MSI

[2022-04-04 16:01:40 #2 type.registry] 
New type domain.User

[2022-04-04 16:01:40 #3 type] 
Type domain.User is not enhanced.

[2022-04-04 16:01:40 #4 type.registry] 
New type domain.Pronostico

[2022-04-04 16:01:40 #5 type.registry] 
New type java.util.ArrayList<domain.Pronostico>

[2022-04-04 16:01:40 #6 type] 
Type domain.Pronostico is not enhanced.

[2022-04-04 16:01:40 #7 type.registry] 
New type domain.Event

[2022-04-04 16:01:40 #8 type] 
Type domain.Event is not enhanced.

[2022-04-04 16:01:40 #9 type.registry] 
New type domain.Question

[2022-04-04 16:01:40 #10 type.registry] 
New type java.util.Vector<domain.Question>

[2022-04-04 16:01:40 #11 type] 
Type domain.Question is not enhanced.

[2022-04-04 16:01:40 #12 type.registry] 
New type java.util.Vector<java.lang.Object>

------------------------------------------------------------------------------------------------------------------------

[2022-04-04 16:03:13 #1 store] 
Database 'C:\Users\34644\git\repository\IS-ITER\src\main\resources\bets.temp' is opened by 14244@MSI

[2022-04-04 16:03:13 #2 type.registry] 
New type domain.User

[2022-04-04 16:03:13 #3 type] 
Type domain.User is not enhanced.

[2022-04-04 16:03:13 #4 type.registry] 
New type domain.Pronostico

[2022-04-04 16:03:13 #5 type.registry] 
New type java.util.ArrayList<domain.Pronostico>

[2022-04-04 16:03:13 #6 type] 
Type domain.Pronostico is not enhanced.

[2022-04-04 16:03:13 #7 type.registry] 
New type domain.Event

[2022-04-04 16:03:13 #8 type] 
Type domain.Event is not enhanced.

[2022-04-04 16:03:13 #9 type.registry] 
New type domain.Question

[2022-04-04 16:03:13 #10 type.registry] 
New type java.util.Vector<domain.Question>

[2022-04-04 16:03:13 #11 type] 
Type domain.Question is not enhanced.

[2022-04-04 16:03:13 #12 type.registry] 
New type java.util.Vector<java.lang.Object>

------------------------------------------------------------------------------------------------------------------------

[2022-04-04 16:04:30 #1 store] 
Database 'C:\Users\34644\git\repository\IS-ITER\src\main\resources\bets.temp' is opened by 28552@MSI

[2022-04-04 16:04:31 #2 type.registry] 
New type domain.User

[2022-04-04 16:04:31 #3 type] 
Type domain.User is not enhanced.

[2022-04-04 16:04:31 #4 type.registry] 
New type domain.Pronostico

[2022-04-04 16:04:31 #5 type.registry] 
New type java.util.ArrayList<domain.Pronostico>

[2022-04-04 16:04:31 #6 type] 
Type domain.Pronostico is not enhanced.

[2022-04-04 16:04:31 #7 type.registry] 
New type domain.Event

[2022-04-04 16:04:31 #8 type] 
Type domain.Event is not enhanced.

[2022-04-04 16:04:31 #9 type.registry] 
New type domain.Question

[2022-04-04 16:04:31 #10 type.registry] 
New type java.util.Vector<domain.Question>

[2022-04-04 16:04:31 #11 type] 
Type domain.Question is not enhanced.

[2022-04-04 16:04:31 #12 type.registry] 
New type java.util.Vector<java.lang.Object>

------------------------------------------------------------------------------------------------------------------------

[2022-04-04 16:05:23 #1 store] 
Database 'C:\Users\34644\git\repository\IS-ITER\src\main\resources\bets.temp' is opened by 23028@MSI

[2022-04-04 16:05:23 #2 type.registry] 
New type domain.User

[2022-04-04 16:05:23 #3 type] 
Type domain.User is not enhanced.

[2022-04-04 16:05:23 #4 type.registry] 
New type domain.Pronostico

[2022-04-04 16:05:23 #5 type.registry] 
New type java.util.ArrayList<domain.Pronostico>

[2022-04-04 16:05:23 #6 type] 
Type domain.Pronostico is not enhanced.

[2022-04-04 16:05:23 #7 type.registry] 
New type domain.Event

[2022-04-04 16:05:23 #8 type] 
Type domain.Event is not enhanced.

[2022-04-04 16:05:23 #9 type.registry] 
New type domain.Question

[2022-04-04 16:05:23 #10 type.registry] 
New type java.util.Vector<domain.Question>

[2022-04-04 16:05:23 #11 type] 
Type domain.Question is not enhanced.

[2022-04-04 16:05:23 #12 type.registry] 
New type java.util.Vector<java.lang.Object>

------------------------------------------------------------------------------------------------------------------------

[2022-04-04 16:05:57 #1 store] 
Database 'C:\Users\34644\git\repository\IS-ITER\src\main\resources\bets.temp' is opened by 9984@MSI

[2022-04-04 16:05:57 #2 type.registry] 
New type domain.User

[2022-04-04 16:05:57 #3 type] 
Type domain.User is not enhanced.

[2022-04-04 16:05:57 #4 type.registry] 
New type domain.Pronostico

[2022-04-04 16:05:57 #5 type.registry] 
New type java.util.ArrayList<domain.Pronostico>

[2022-04-04 16:05:57 #6 type] 
Type domain.Pronostico is not enhanced.

[2022-04-04 16:05:57 #7 type.registry] 
New type domain.Event

[2022-04-04 16:05:57 #8 type] 
Type domain.Event is not enhanced.

[2022-04-04 16:05:57 #9 type.registry] 
New type domain.Question

[2022-04-04 16:05:57 #10 type.registry] 
New type java.util.Vector<domain.Question>

[2022-04-04 16:05:57 #11 type] 
Type domain.Question is not enhanced.

[2022-04-04 16:05:57 #12 type.registry] 
New type java.util.Vector<java.lang.Object>

------------------------------------------------------------------------------------------------------------------------

[2022-04-04 16:06:24 #1 store] 
Database 'C:\Users\34644\git\repository\IS-ITER\src\main\resources\bets.temp' is opened by 22868@MSI

[2022-04-04 16:06:24 #2 type.registry] 
New type domain.User

[2022-04-04 16:06:24 #3 type] 
Type domain.User is not enhanced.

[2022-04-04 16:06:24 #4 type.registry] 
New type domain.Pronostico

[2022-04-04 16:06:24 #5 type.registry] 
New type java.util.ArrayList<domain.Pronostico>

[2022-04-04 16:06:24 #6 type] 
Type domain.Pronostico is not enhanced.

[2022-04-04 16:06:24 #7 type.registry] 
New type domain.Event

[2022-04-04 16:06:24 #8 type] 
Type domain.Event is not enhanced.

[2022-04-04 16:06:24 #9 type.registry] 
New type domain.Question

[2022-04-04 16:06:24 #10 type.registry] 
New type java.util.Vector<domain.Question>

[2022-04-04 16:06:24 #11 type] 
Type domain.Question is not enhanced.

[2022-04-04 16:06:24 #12 type.registry] 
New type java.util.Vector<java.lang.Object>

------------------------------------------------------------------------------------------------------------------------

[2022-04-04 16:07:49 #1 store] 
Database 'C:\Users\34644\git\repository\IS-ITER\src\main\resources\bets.temp' is opened by 6496@MSI

[2022-04-04 16:07:49 #2 type.registry] 
New type domain.User

[2022-04-04 16:07:49 #3 type] 
Type domain.User is not enhanced.

[2022-04-04 16:07:49 #4 type.registry] 
New type domain.Pronostico

[2022-04-04 16:07:49 #5 type.registry] 
New type java.util.ArrayList<domain.Pronostico>

[2022-04-04 16:07:49 #6 type] 
Type domain.Pronostico is not enhanced.

[2022-04-04 16:07:49 #7 type.registry] 
New type domain.Event

[2022-04-04 16:07:49 #8 type] 
Type domain.Event is not enhanced.

[2022-04-04 16:07:49 #9 type.registry] 
New type domain.Question

[2022-04-04 16:07:49 #10 type.registry] 
New type java.util.Vector<domain.Question>

[2022-04-04 16:07:49 #11 type] 
Type domain.Question is not enhanced.

[2022-04-04 16:07:49 #12 type.registry] 
New type java.util.Vector<java.lang.Object>

------------------------------------------------------------------------------------------------------------------------

[2022-04-04 16:08:13 #1 store] 
Database 'C:\Users\34644\git\repository\IS-ITER\src\main\resources\bets.temp' has been recovered (tr. 1-5)

[2022-04-04 16:08:13 #2 store] 
Database 'C:\Users\34644\git\repository\IS-ITER\src\main\resources\bets.temp' is opened by 3988@MSI

[2022-04-04 16:08:13 #3 type] 
Type domain.User is not enhanced.

[2022-04-04 16:08:13 #4 type] 
Type domain.Pronostico is not enhanced.

[2022-04-04 16:08:13 #5 type] 
Type domain.Event is not enhanced.

[2022-04-04 16:08:13 #6 type] 
Type domain.Question is not enhanced.

------------------------------------------------------------------------------------------------------------------------

[2022-04-04 16:12:21 #1 store] 
Database 'C:\Users\34644\git\repository\IS-ITER\src\main\resources\bets.temp' has been recovered (tr. 6-6)

[2022-04-04 16:12:22 #2 store] 
Database 'C:\Users\34644\git\repository\IS-ITER\src\main\resources\bets.temp' is opened by 27976@MSI

[2022-04-04 16:12:22 #3 type] 
Type domain.User is not enhanced.

[2022-04-04 16:12:22 #4 type] 
Type domain.Pronostico is not enhanced.

[2022-04-04 16:12:22 #5 type] 
Type domain.Event is not enhanced.

[2022-04-04 16:12:22 #6 type] 
Type domain.Question is not enhanced.

------------------------------------------------------------------------------------------------------------------------

[2022-04-04 16:29:53 #1 store] 
Database 'C:\Users\34644\git\repository\IS-ITER\src\main\resources\bets.temp' is opened by 10996@MSI

[2022-04-04 16:29:54 #2 type] 
Type domain.User is not enhanced.

[2022-04-04 16:29:54 #3 type] 
Type domain.Pronostico is not enhanced.

[2022-04-04 16:29:54 #4 type] 
Type domain.Event is not enhanced.

[2022-04-04 16:29:54 #5 type] 
Type domain.Question is not enhanced.

------------------------------------------------------------------------------------------------------------------------

[2022-04-04 16:30:05 #1 store] 
Database 'C:\Users\34644\git\repository\IS-ITER\src\main\resources\bets.temp' is opened by 13196@MSI

[2022-04-04 16:30:05 #2 type] 
Type domain.User is not enhanced.

[2022-04-04 16:30:05 #3 type] 
Type domain.Pronostico is not enhanced.

[2022-04-04 16:30:05 #4 type] 
Type domain.Event is not enhanced.

[2022-04-04 16:30:05 #5 type] 
Type domain.Question is not enhanced.

------------------------------------------------------------------------------------------------------------------------

[2022-04-04 16:30:15 #1 store] 
Database 'C:\Users\34644\git\repository\IS-ITER\src\main\resources\bets.temp' is opened by 7340@MSI

[2022-04-04 16:30:15 #2 type] 
Type domain.User is not enhanced.

[2022-04-04 16:30:15 #3 type] 
Type domain.Pronostico is not enhanced.

[2022-04-04 16:30:15 #4 type] 
Type domain.Event is not enhanced.

[2022-04-04 16:30:15 #5 type] 
Type domain.Question is not enhanced.

------------------------------------------------------------------------------------------------------------------------

[2022-04-04 16:32:04 #1 store] 
Database 'C:\Users\34644\git\repository\IS-ITER\src\main\resources\bets.temp' is opened by 14912@MSI

[2022-04-04 16:32:04 #2 type] 
Type domain.User is not enhanced.

[2022-04-04 16:32:04 #3 type] 
Type domain.Pronostico is not enhanced.

[2022-04-04 16:32:04 #4 type] 
Type domain.Event is not enhanced.

[2022-04-04 16:32:04 #5 type] 
Type domain.Question is not enhanced.

------------------------------------------------------------------------------------------------------------------------

[2022-04-04 16:38:11 #1 store] 
Database 'C:\Users\34644\git\repository\IS-ITER\src\main\resources\bets.temp' is opened by 28648@MSI

[2022-04-04 16:38:12 #2 type] 
Type domain.User is not enhanced.

[2022-04-04 16:38:12 #3 type] 
Type domain.Pronostico is not enhanced.

[2022-04-04 16:38:12 #4 type] 
Type domain.Event is not enhanced.

[2022-04-04 16:38:12 #5 type] 
Type domain.Question is not enhanced.

------------------------------------------------------------------------------------------------------------------------

[2022-04-04 16:43:55 #1 store] 
Database 'C:\Users\34644\git\repository\IS-ITER\src\main\resources\bets.temp' is opened by 15976@MSI

[2022-04-04 16:43:56 #2 type] 
Type domain.User is not enhanced.

[2022-04-04 16:43:56 #3 type] 
Type domain.Pronostico is not enhanced.

[2022-04-04 16:43:56 #4 type] 
Type domain.Event is not enhanced.

[2022-04-04 16:43:56 #5 type] 
Type domain.Question is not enhanced.

------------------------------------------------------------------------------------------------------------------------

[2022-04-04 16:45:06 #1 store] 
Database 'C:\Users\34644\git\repository\IS-ITER\src\main\resources\bets.temp' is opened by 18428@MSI

[2022-04-04 16:45:06 #2 type] 
Type domain.User is not enhanced.

[2022-04-04 16:45:06 #3 type] 
Type domain.Pronostico is not enhanced.

[2022-04-04 16:45:06 #4 type] 
Type domain.Event is not enhanced.

[2022-04-04 16:45:06 #5 type] 
Type domain.Question is not enhanced.

------------------------------------------------------------------------------------------------------------------------

[2022-04-04 16:45:35 #1 store] 
Database 'C:\Users\34644\git\repository\IS-ITER\src\main\resources\bets.temp' is opened by 29544@MSI

[2022-04-04 16:45:36 #2 type] 
Type domain.User is not enhanced.

[2022-04-04 16:45:36 #3 type] 
Type domain.Pronostico is not enhanced.

[2022-04-04 16:45:36 #4 type] 
Type domain.Event is not enhanced.

[2022-04-04 16:45:36 #5 type] 
Type domain.Question is not enhanced.

------------------------------------------------------------------------------------------------------------------------

[2022-04-04 16:49:33 #1 store] 
Database 'C:\Users\34644\git\repository\IS-ITER\src\main\resources\bets.temp' is opened by 18236@MSI

[2022-04-04 16:49:33 #2 type] 
Type domain.User is not enhanced.

[2022-04-04 16:49:33 #3 type] 
Type domain.Pronostico is not enhanced.

[2022-04-04 16:49:33 #4 type] 
Type domain.Event is not enhanced.

[2022-04-04 16:49:33 #5 type] 
Type domain.Question is not enhanced.

------------------------------------------------------------------------------------------------------------------------

[2022-04-04 16:56:39 #1 store] 
Database 'C:\Users\34644\git\repository\IS-ITER\src\main\resources\bets.temp' is opened by 25936@MSI

[2022-04-04 16:56:39 #2 type] 
Type domain.User is not enhanced.

[2022-04-04 16:56:39 #3 type] 
Type domain.Pronostico is not enhanced.

[2022-04-04 16:56:39 #4 type] 
Type domain.Event is not enhanced.

[2022-04-04 16:56:39 #5 type] 
Type domain.Question is not enhanced.

------------------------------------------------------------------------------------------------------------------------

[2022-04-04 17:07:19 #1 store] 
Database 'C:\Users\34644\git\repository\IS-ITER\src\main\resources\bets.temp' is opened by 20788@MSI

[2022-04-04 17:07:19 #2 type] 
Type domain.User is not enhanced.

[2022-04-04 17:07:19 #3 type] 
Type domain.Pronostico is not enhanced.

[2022-04-04 17:07:19 #4 type] 
Type domain.Event is not enhanced.

[2022-04-04 17:07:19 #5 type] 
Type domain.Question is not enhanced.

------------------------------------------------------------------------------------------------------------------------

[2022-04-04 17:10:42 #1 store] 
Database 'C:\Users\34644\git\repository\IS-ITER\src\main\resources\bets.temp' is opened by 28060@MSI

[2022-04-04 17:10:42 #2 type] 
Type domain.User is not enhanced.

[2022-04-04 17:10:42 #3 type] 
Type domain.Pronostico is not enhanced.

[2022-04-04 17:10:43 #4 type] 
Type domain.Event is not enhanced.

[2022-04-04 17:10:43 #5 type] 
Type domain.Question is not enhanced.

------------------------------------------------------------------------------------------------------------------------

[2022-04-04 17:13:52 #1 store] 
Database 'C:\Users\34644\git\repository\IS-ITER\src\main\resources\bets.temp' is opened by 25068@MSI

[2022-04-04 17:13:52 #2 type] 
Type domain.User is not enhanced.

[2022-04-04 17:13:52 #3 type] 
Type domain.Pronostico is not enhanced.

[2022-04-04 17:13:53 #4 type] 
Type domain.Event is not enhanced.

[2022-04-04 17:13:53 #5 type] 
Type domain.Question is not enhanced.

------------------------------------------------------------------------------------------------------------------------

[2022-04-04 17:14:57 #1 store] 
Database 'C:\Users\34644\git\repository\IS-ITER\src\main\resources\bets.temp' is opened by 19608@MSI

[2022-04-04 17:14:57 #2 type] 
Type domain.User is not enhanced.

[2022-04-04 17:14:57 #3 type] 
Type domain.Pronostico is not enhanced.

[2022-04-04 17:14:57 #4 type] 
Type domain.Event is not enhanced.

[2022-04-04 17:14:57 #5 type] 
Type domain.Question is not enhanced.

------------------------------------------------------------------------------------------------------------------------

[2022-04-04 17:17:25 #1 store] 
Database 'C:\Users\34644\git\repository\IS-ITER\src\main\resources\bets.temp' has been recovered (tr. 7-7)

[2022-04-04 17:17:25 #2 store] 
Database 'C:\Users\34644\git\repository\IS-ITER\src\main\resources\bets.temp' is opened by 6048@MSI

[2022-04-04 17:17:25 #3 type] 
Type domain.User is not enhanced.

[2022-04-04 17:17:25 #4 type] 
Type domain.Pronostico is not enhanced.

[2022-04-04 17:17:25 #5 type] 
Type domain.Event is not enhanced.

[2022-04-04 17:17:25 #6 type] 
Type domain.Question is not enhanced.

------------------------------------------------------------------------------------------------------------------------

[2022-04-04 17:20:50 #1 store] 
Database 'C:\Users\34644\git\repository\IS-ITER\src\main\resources\bets.temp' is opened by 9892@MSI

[2022-04-04 17:20:50 #2 type] 
Type domain.User is not enhanced.

[2022-04-04 17:20:50 #3 type] 
Type domain.Pronostico is not enhanced.

[2022-04-04 17:20:50 #4 type] 
Type domain.Event is not enhanced.

[2022-04-04 17:20:50 #5 type] 
Type domain.Question is not enhanced.

------------------------------------------------------------------------------------------------------------------------

[2022-04-04 17:21:24 #1 store] 
Database 'C:\Users\34644\git\repository\IS-ITER\src\main\resources\bets.temp' is opened by 23048@MSI

[2022-04-04 17:21:24 #2 type] 
Type domain.User is not enhanced.

[2022-04-04 17:21:24 #3 type] 
Type domain.Pronostico is not enhanced.

[2022-04-04 17:21:24 #4 type] 
Type domain.Event is not enhanced.

[2022-04-04 17:21:24 #5 type] 
Type domain.Question is not enhanced.

------------------------------------------------------------------------------------------------------------------------

[2022-04-04 17:25:34 #1 store] 
Database 'C:\Users\34644\git\repository\IS-ITER\src\main\resources\bets.temp' is opened by 17072@MSI

[2022-04-04 17:25:34 #2 type] 
Type domain.User is not enhanced.

[2022-04-04 17:25:34 #3 type] 
Type domain.Pronostico is not enhanced.

[2022-04-04 17:25:34 #4 type] 
Type domain.Event is not enhanced.

[2022-04-04 17:25:34 #5 type] 
Type domain.Question is not enhanced.

------------------------------------------------------------------------------------------------------------------------

[2022-04-04 18:02:27 #1 store] 
Database 'C:\Users\34644\git\repository\IS-ITER\src\main\resources\bets.temp' is opened by 15328@MSI

[2022-04-04 18:02:27 #2 type] 
Type domain.User is not enhanced.

[2022-04-04 18:02:27 #3 type] 
Type domain.Pronostico is not enhanced.

[2022-04-04 18:02:27 #4 type] 
Type domain.Event is not enhanced.

[2022-04-04 18:02:27 #5 type] 
Type domain.Question is not enhanced.

------------------------------------------------------------------------------------------------------------------------

[2022-04-04 18:02:56 #1 store] 
Database 'C:\Users\34644\git\repository\IS-ITER\src\main\resources\bets.temp' is opened by 25076@MSI

[2022-04-04 18:02:56 #2 type] 
Type domain.User is not enhanced.

[2022-04-04 18:02:56 #3 type] 
Type domain.Pronostico is not enhanced.

[2022-04-04 18:02:56 #4 type] 
Type domain.Event is not enhanced.

[2022-04-04 18:02:56 #5 type] 
Type domain.Question is not enhanced.

------------------------------------------------------------------------------------------------------------------------

[2022-04-04 18:03:58 #1 store] 
Database 'C:\Users\34644\git\repository\IS-ITER\src\main\resources\bets.temp' is opened by 25288@MSI

[2022-04-04 18:03:58 #2 type] 
Type domain.User is not enhanced.

[2022-04-04 18:03:58 #3 type] 
Type domain.Pronostico is not enhanced.

[2022-04-04 18:03:58 #4 type] 
Type domain.Event is not enhanced.

[2022-04-04 18:03:58 #5 type] 
Type domain.Question is not enhanced.

------------------------------------------------------------------------------------------------------------------------

[2022-04-04 18:05:18 #1 store] 
Database 'C:\Users\34644\git\repository\IS-ITER\src\main\resources\bets.temp' is opened by 15320@MSI

[2022-04-04 18:05:18 #2 type] 
Type domain.User is not enhanced.

[2022-04-04 18:05:18 #3 type] 
Type domain.Pronostico is not enhanced.

[2022-04-04 18:05:18 #4 type] 
Type domain.Event is not enhanced.

[2022-04-04 18:05:18 #5 type] 
Type domain.Question is not enhanced.

------------------------------------------------------------------------------------------------------------------------

[2022-04-04 18:06:33 #1 store] 
Database 'C:\Users\34644\git\repository\IS-ITER\src\main\resources\bets.temp' has been recovered (tr. 8-8)

[2022-04-04 18:06:33 #2 store] 
Database 'C:\Users\34644\git\repository\IS-ITER\src\main\resources\bets.temp' is opened by 21676@MSI

[2022-04-04 18:06:33 #3 type] 
Type domain.User is not enhanced.

[2022-04-04 18:06:33 #4 type] 
Type domain.Pronostico is not enhanced.

[2022-04-04 18:06:33 #5 type] 
Type domain.Event is not enhanced.

[2022-04-04 18:06:33 #6 type] 
Type domain.Question is not enhanced.

------------------------------------------------------------------------------------------------------------------------

[2022-04-04 18:08:10 #1 store] 
Database 'C:\Users\34644\git\repository\IS-ITER\src\main\resources\bets.temp' is opened by 19012@MSI

[2022-04-04 18:08:10 #2 type] 
Type domain.User is not enhanced.

[2022-04-04 18:08:10 #3 type] 
Type domain.Pronostico is not enhanced.

[2022-04-04 18:08:10 #4 type] 
Type domain.Event is not enhanced.

[2022-04-04 18:08:10 #5 type] 
Type domain.Question is not enhanced.

------------------------------------------------------------------------------------------------------------------------

[2022-04-04 19:14:30 #1 store] 
Database 'C:\Users\34644\git\repository\IS-ITER\src\main\resources\bets.temp' has been recovered (tr. 9-9)

[2022-04-04 19:14:30 #2 store] 
Database 'C:\Users\34644\git\repository\IS-ITER\src\main\resources\bets.temp' is opened by 16704@MSI

[2022-04-04 19:14:30 #3 type] 
Type domain.User is not enhanced.

[2022-04-04 19:14:30 #4 type] 
Type domain.Pronostico is not enhanced.

[2022-04-04 19:14:30 #5 type] 
Type domain.Event is not enhanced.

[2022-04-04 19:14:30 #6 type] 
Type domain.Question is not enhanced.

------------------------------------------------------------------------------------------------------------------------

[2022-04-04 19:15:09 #1 store] 
Database 'C:\Users\34644\git\repository\IS-ITER\src\main\resources\bets.temp' is opened by 25184@MSI

[2022-04-04 19:15:09 #2 type] 
Type domain.User is not enhanced.

[2022-04-04 19:15:09 #3 type] 
Type domain.Pronostico is not enhanced.

[2022-04-04 19:15:09 #4 type] 
Type domain.Event is not enhanced.

[2022-04-04 19:15:09 #5 type] 
Type domain.Question is not enhanced.

------------------------------------------------------------------------------------------------------------------------

[2022-04-04 19:18:32 #1 store] 
Database 'C:\Users\34644\git\repository\IS-ITER\src\main\resources\bets.temp' is opened by 29036@MSI

[2022-04-04 19:18:32 #2 type] 
Type domain.User is not enhanced.

[2022-04-04 19:18:32 #3 type] 
Type domain.Pronostico is not enhanced.

[2022-04-04 19:18:32 #4 type] 
Type domain.Event is not enhanced.

[2022-04-04 19:18:32 #5 type] 
Type domain.Question is not enhanced.

------------------------------------------------------------------------------------------------------------------------

[2022-04-04 19:19:08 #1 store] 
Database 'C:\Users\34644\git\repository\IS-ITER\src\main\resources\bets.temp' is opened by 13996@MSI

[2022-04-04 19:19:08 #2 type] 
Type domain.User is not enhanced.

[2022-04-04 19:19:08 #3 type] 
Type domain.Pronostico is not enhanced.

[2022-04-04 19:19:08 #4 type] 
Type domain.Event is not enhanced.

[2022-04-04 19:19:08 #5 type] 
Type domain.Question is not enhanced.

