------------------------------------------------------------------------------------------------------------------------

[2022-05-26 12:54:43 #1 store] 
Database 'C:\Users\34644\git\repository\IS-ITER\src\main\resources\bets.temp' is opened by 17724@MSI

[2022-05-26 12:54:43 #2 type] 
Type domain.User is not enhanced.

[2022-05-26 12:54:45 #3 type] 
Type domain.Question is not enhanced.

[2022-05-26 12:54:45 #4 type] 
Type domain.Pronostico is not enhanced.

[2022-05-26 12:54:45 #5 type] 
Type domain.Event is not enhanced.

[2022-05-26 12:54:45 #6 type] 
Type domain.EquipoJugador is not enhanced.

------------------------------------------------------------------------------------------------------------------------

[2022-05-26 12:59:44 #1 store] 
Database 'C:\Users\34644\git\repository\IS-ITER\src\main\resources\bets.temp' is opened by 27268@MSI

[2022-05-26 12:59:44 #2 type] 
Type domain.User is not enhanced.

[2022-05-26 12:59:44 #3 type] 
Type domain.Question is not enhanced.

[2022-05-26 12:59:44 #4 type] 
Type domain.Pronostico is not enhanced.

[2022-05-26 12:59:44 #5 type] 
Type domain.Event is not enhanced.

[2022-05-26 12:59:44 #6 type] 
Type domain.EquipoJugador is not enhanced.

------------------------------------------------------------------------------------------------------------------------

[2022-05-26 13:00:37 #1 store] 
Database 'C:\Users\34644\git\repository\IS-ITER\src\main\resources\bets.temp' is opened by 532@MSI

[2022-05-26 13:00:38 #2 type.registry] 
New type domain.User

[2022-05-26 13:00:38 #3 type] 
Type domain.User is not enhanced.

[2022-05-26 13:00:38 #4 type.registry] 
New type domain.Question

[2022-05-26 13:00:38 #5 type.registry] 
New type domain.Pronostico

[2022-05-26 13:00:38 #6 type] 
Type domain.Question is not enhanced.

[2022-05-26 13:00:38 #7 type.registry] 
New type java.util.Vector<domain.Pronostico>

[2022-05-26 13:00:38 #8 type.registry] 
New type domain.Event

[2022-05-26 13:00:38 #9 type] 
Type domain.Pronostico is not enhanced.

[2022-05-26 13:00:38 #10 type.registry] 
New type domain.EquipoJugador

[2022-05-26 13:00:38 #11 type.registry] 
New type java.util.Vector<domain.EquipoJugador>

[2022-05-26 13:00:38 #12 type] 
Type domain.Event is not enhanced.

[2022-05-26 13:00:38 #13 type.registry] 
New type java.util.Vector<domain.Question>

[2022-05-26 13:00:38 #14 type] 
Type domain.EquipoJugador is not enhanced.

[2022-05-26 13:00:38 #15 type.registry] 
New type java.util.ArrayList<java.lang.Object>

[2022-05-26 13:00:38 #16 type.registry] 
New type java.util.Vector<java.lang.Object>

[2022-05-26 13:00:38 #17 type.registry] 
New type java.util.ArrayList<domain.Pronostico>

[2022-05-26 13:00:38 #18 type.registry] 
New type java.util.ArrayList<domain.Question>

------------------------------------------------------------------------------------------------------------------------

[2022-05-26 13:02:23 #1 store] 
Database 'C:\Users\34644\git\repository\IS-ITER\src\main\resources\bets.temp' is opened by 31400@MSI

[2022-05-26 13:02:23 #2 type] 
Type domain.User is not enhanced.

[2022-05-26 13:02:23 #3 type] 
Type domain.Question is not enhanced.

[2022-05-26 13:02:23 #4 type] 
Type domain.Pronostico is not enhanced.

[2022-05-26 13:02:23 #5 type] 
Type domain.Event is not enhanced.

[2022-05-26 13:02:23 #6 type] 
Type domain.EquipoJugador is not enhanced.

------------------------------------------------------------------------------------------------------------------------

[2022-05-26 13:04:38 #1 store] 
Database 'C:\Users\34644\git\repository\IS-ITER\src\main\resources\bets.temp' is opened by 24176@MSI

[2022-05-26 13:04:39 #2 type] 
Type domain.User is not enhanced.

[2022-05-26 13:04:39 #3 type] 
Type domain.Question is not enhanced.

[2022-05-26 13:04:39 #4 type] 
Type domain.Pronostico is not enhanced.

[2022-05-26 13:04:39 #5 type] 
Type domain.Event is not enhanced.

[2022-05-26 13:04:39 #6 type] 
Type domain.EquipoJugador is not enhanced.

------------------------------------------------------------------------------------------------------------------------

[2022-05-26 13:08:40 #1 store] 
Database 'C:\Users\34644\git\repository\IS-ITER\src\main\resources\bets.temp' has been recovered (tr. 9-9)

[2022-05-26 13:08:40 #2 store] 
Database 'C:\Users\34644\git\repository\IS-ITER\src\main\resources\bets.temp' is opened by 16212@MSI

[2022-05-26 13:08:40 #3 type] 
Type domain.User is not enhanced.

[2022-05-26 13:08:40 #4 type] 
Type domain.Question is not enhanced.

[2022-05-26 13:08:40 #5 type] 
Type domain.Pronostico is not enhanced.

[2022-05-26 13:08:40 #6 type] 
Type domain.Event is not enhanced.

[2022-05-26 13:08:40 #7 type] 
Type domain.EquipoJugador is not enhanced.

------------------------------------------------------------------------------------------------------------------------

[2022-05-26 13:10:53 #1 store] 
Database 'C:\Users\34644\git\repository\IS-ITER\src\main\resources\bets.temp' is opened by 16056@MSI

[2022-05-26 13:10:54 #2 type.registry] 
New type domain.User

[2022-05-26 13:10:54 #3 type] 
Type domain.User is not enhanced.

[2022-05-26 13:10:54 #4 type.registry] 
New type domain.Question

[2022-05-26 13:10:54 #5 type.registry] 
New type domain.Pronostico

[2022-05-26 13:10:54 #6 type] 
Type domain.Question is not enhanced.

[2022-05-26 13:10:54 #7 type.registry] 
New type java.util.Vector<domain.Pronostico>

[2022-05-26 13:10:54 #8 type.registry] 
New type domain.Event

[2022-05-26 13:10:54 #9 type] 
Type domain.Pronostico is not enhanced.

[2022-05-26 13:10:54 #10 type.registry] 
New type domain.EquipoJugador

[2022-05-26 13:10:54 #11 type.registry] 
New type java.util.Vector<domain.EquipoJugador>

[2022-05-26 13:10:54 #12 type] 
Type domain.Event is not enhanced.

[2022-05-26 13:10:54 #13 type.registry] 
New type java.util.Vector<domain.Question>

[2022-05-26 13:10:54 #14 type] 
Type domain.EquipoJugador is not enhanced.

[2022-05-26 13:10:54 #15 type.registry] 
New type java.util.ArrayList<java.lang.Object>

[2022-05-26 13:10:54 #16 type.registry] 
New type java.util.Vector<java.lang.Object>

[2022-05-26 13:10:54 #17 type.registry] 
New type java.util.ArrayList<domain.Pronostico>

[2022-05-26 13:10:54 #18 type.registry] 
New type java.util.ArrayList<domain.Question>

------------------------------------------------------------------------------------------------------------------------

[2022-05-26 13:12:53 #1 store] 
Database 'C:\Users\34644\git\repository\IS-ITER\src\main\resources\bets.temp' is opened by 11428@MSI

[2022-05-26 13:12:54 #2 type.registry] 
New type domain.User

[2022-05-26 13:12:54 #3 type] 
Type domain.User is not enhanced.

[2022-05-26 13:12:54 #4 type.registry] 
New type domain.Question

[2022-05-26 13:12:54 #5 type.registry] 
New type domain.Pronostico

[2022-05-26 13:12:54 #6 type] 
Type domain.Question is not enhanced.

[2022-05-26 13:12:54 #7 type.registry] 
New type java.util.Vector<domain.Pronostico>

[2022-05-26 13:12:54 #8 type.registry] 
New type domain.Event

[2022-05-26 13:12:54 #9 type] 
Type domain.Pronostico is not enhanced.

[2022-05-26 13:12:54 #10 type.registry] 
New type domain.EquipoJugador

[2022-05-26 13:12:54 #11 type.registry] 
New type java.util.Vector<domain.EquipoJugador>

[2022-05-26 13:12:54 #12 type] 
Type domain.Event is not enhanced.

[2022-05-26 13:12:54 #13 type.registry] 
New type java.util.Vector<domain.Question>

[2022-05-26 13:12:54 #14 type] 
Type domain.EquipoJugador is not enhanced.

[2022-05-26 13:12:54 #15 type.registry] 
New type java.util.ArrayList<java.lang.Object>

[2022-05-26 13:12:54 #16 type.registry] 
New type java.util.Vector<java.lang.Object>

[2022-05-26 13:12:54 #17 type.registry] 
New type java.util.ArrayList<domain.Pronostico>

[2022-05-26 13:12:54 #18 type.registry] 
New type java.util.ArrayList<domain.Question>

------------------------------------------------------------------------------------------------------------------------

[2022-05-26 13:16:54 #1 store] 
Database 'C:\Users\34644\git\repository\IS-ITER\src\main\resources\bets.temp' is opened by 28084@MSI

[2022-05-26 13:16:54 #2 type.registry] 
New type domain.User

[2022-05-26 13:16:54 #3 type] 
Type domain.User is not enhanced.

[2022-05-26 13:16:54 #4 type.registry] 
New type domain.Question

[2022-05-26 13:16:54 #5 type.registry] 
New type domain.Pronostico

[2022-05-26 13:16:54 #6 type] 
Type domain.Question is not enhanced.

[2022-05-26 13:16:54 #7 type.registry] 
New type java.util.Vector<domain.Pronostico>

[2022-05-26 13:16:54 #8 type.registry] 
New type domain.Event

[2022-05-26 13:16:54 #9 type] 
Type domain.Pronostico is not enhanced.

[2022-05-26 13:16:54 #10 type.registry] 
New type domain.EquipoJugador

[2022-05-26 13:16:54 #11 type.registry] 
New type java.util.Vector<domain.EquipoJugador>

[2022-05-26 13:16:54 #12 type] 
Type domain.Event is not enhanced.

[2022-05-26 13:16:54 #13 type.registry] 
New type java.util.Vector<domain.Question>

[2022-05-26 13:16:54 #14 type] 
Type domain.EquipoJugador is not enhanced.

[2022-05-26 13:16:54 #15 type.registry] 
New type java.util.ArrayList<java.lang.Object>

[2022-05-26 13:16:54 #16 type.registry] 
New type java.util.Vector<java.lang.Object>

[2022-05-26 13:16:54 #17 type.registry] 
New type java.util.ArrayList<domain.Pronostico>

[2022-05-26 13:16:54 #18 type.registry] 
New type java.util.ArrayList<domain.Question>

------------------------------------------------------------------------------------------------------------------------

[2022-05-26 13:17:14 #1 store] 
Database 'C:\Users\34644\git\repository\IS-ITER\src\main\resources\bets.temp' is opened by 6648@MSI

[2022-05-26 13:17:15 #2 type.registry] 
New type domain.User

[2022-05-26 13:17:15 #3 type] 
Type domain.User is not enhanced.

[2022-05-26 13:17:15 #4 type.registry] 
New type domain.Question

[2022-05-26 13:17:15 #5 type.registry] 
New type domain.Pronostico

[2022-05-26 13:17:15 #6 type] 
Type domain.Question is not enhanced.

[2022-05-26 13:17:15 #7 type.registry] 
New type java.util.Vector<domain.Pronostico>

[2022-05-26 13:17:15 #8 type.registry] 
New type domain.Event

[2022-05-26 13:17:15 #9 type] 
Type domain.Pronostico is not enhanced.

[2022-05-26 13:17:15 #10 type.registry] 
New type domain.EquipoJugador

[2022-05-26 13:17:15 #11 type.registry] 
New type java.util.Vector<domain.EquipoJugador>

[2022-05-26 13:17:15 #12 type] 
Type domain.Event is not enhanced.

[2022-05-26 13:17:15 #13 type.registry] 
New type java.util.Vector<domain.Question>

[2022-05-26 13:17:15 #14 type] 
Type domain.EquipoJugador is not enhanced.

[2022-05-26 13:17:15 #15 type.registry] 
New type java.util.ArrayList<java.lang.Object>

[2022-05-26 13:17:15 #16 type.registry] 
New type java.util.Vector<java.lang.Object>

[2022-05-26 13:17:15 #17 type.registry] 
New type java.util.ArrayList<domain.Pronostico>

[2022-05-26 13:17:15 #18 type.registry] 
New type java.util.ArrayList<domain.Question>

------------------------------------------------------------------------------------------------------------------------

[2022-05-26 13:32:08 #1 store] 
Database 'C:\Users\34644\git\repository\IS-ITER\src\main\resources\bets.temp' is opened by 30444@MSI

[2022-05-26 13:32:08 #2 type.registry] 
New type domain.User

[2022-05-26 13:32:08 #3 type] 
Type domain.User is not enhanced.

[2022-05-26 13:32:08 #4 type.registry] 
New type domain.Question

[2022-05-26 13:32:08 #5 type.registry] 
New type domain.Pronostico

[2022-05-26 13:32:08 #6 type] 
Type domain.Question is not enhanced.

[2022-05-26 13:32:08 #7 type.registry] 
New type java.util.Vector<domain.Pronostico>

[2022-05-26 13:32:08 #8 type.registry] 
New type domain.Event

[2022-05-26 13:32:08 #9 type] 
Type domain.Pronostico is not enhanced.

[2022-05-26 13:32:08 #10 type.registry] 
New type domain.EquipoJugador

[2022-05-26 13:32:08 #11 type.registry] 
New type java.util.Vector<domain.EquipoJugador>

[2022-05-26 13:32:08 #12 type] 
Type domain.Event is not enhanced.

[2022-05-26 13:32:08 #13 type.registry] 
New type java.util.Vector<domain.Question>

[2022-05-26 13:32:08 #14 type] 
Type domain.EquipoJugador is not enhanced.

[2022-05-26 13:32:08 #15 type.registry] 
New type java.util.ArrayList<java.lang.Object>

[2022-05-26 13:32:08 #16 type.registry] 
New type java.util.Vector<java.lang.Object>

[2022-05-26 13:32:08 #17 type.registry] 
New type java.util.ArrayList<domain.Pronostico>

[2022-05-26 13:32:08 #18 type.registry] 
New type java.util.ArrayList<domain.Question>

------------------------------------------------------------------------------------------------------------------------

[2022-05-26 13:35:17 #1 store] 
Database 'C:\Users\34644\git\repository\IS-ITER\src\main\resources\bets.temp' is opened by 24400@MSI

[2022-05-26 13:35:17 #2 type.registry] 
New type domain.User

[2022-05-26 13:35:17 #3 type] 
Type domain.User is not enhanced.

[2022-05-26 13:35:18 #4 type.registry] 
New type domain.Question

[2022-05-26 13:35:18 #5 type.registry] 
New type domain.Pronostico

[2022-05-26 13:35:18 #6 type] 
Type domain.Question is not enhanced.

[2022-05-26 13:35:18 #7 type.registry] 
New type java.util.Vector<domain.Pronostico>

[2022-05-26 13:35:18 #8 type.registry] 
New type domain.Event

[2022-05-26 13:35:18 #9 type] 
Type domain.Pronostico is not enhanced.

[2022-05-26 13:35:18 #10 type.registry] 
New type domain.EquipoJugador

[2022-05-26 13:35:18 #11 type.registry] 
New type java.util.Vector<domain.EquipoJugador>

[2022-05-26 13:35:18 #12 type] 
Type domain.Event is not enhanced.

[2022-05-26 13:35:18 #13 type.registry] 
New type java.util.Vector<domain.Question>

[2022-05-26 13:35:18 #14 type] 
Type domain.EquipoJugador is not enhanced.

[2022-05-26 13:35:18 #15 type.registry] 
New type java.util.ArrayList<java.lang.Object>

[2022-05-26 13:35:18 #16 type.registry] 
New type java.util.Vector<java.lang.Object>

[2022-05-26 13:35:18 #17 type.registry] 
New type java.util.ArrayList<domain.Pronostico>

[2022-05-26 13:35:18 #18 type.registry] 
New type java.util.ArrayList<domain.Question>

------------------------------------------------------------------------------------------------------------------------

[2022-05-26 13:35:46 #1 store] 
Database 'C:\Users\34644\git\repository\IS-ITER\src\main\resources\bets.temp' is opened by 28708@MSI

[2022-05-26 13:35:46 #2 type.registry] 
New type domain.User

[2022-05-26 13:35:46 #3 type] 
Type domain.User is not enhanced.

[2022-05-26 13:35:47 #4 type.registry] 
New type domain.Question

[2022-05-26 13:35:47 #5 type.registry] 
New type domain.Pronostico

[2022-05-26 13:35:47 #6 type] 
Type domain.Question is not enhanced.

[2022-05-26 13:35:47 #7 type.registry] 
New type java.util.Vector<domain.Pronostico>

[2022-05-26 13:35:47 #8 type.registry] 
New type domain.Event

[2022-05-26 13:35:47 #9 type] 
Type domain.Pronostico is not enhanced.

[2022-05-26 13:35:47 #10 type.registry] 
New type domain.EquipoJugador

[2022-05-26 13:35:47 #11 type.registry] 
New type java.util.Vector<domain.EquipoJugador>

[2022-05-26 13:35:47 #12 type] 
Type domain.Event is not enhanced.

[2022-05-26 13:35:47 #13 type.registry] 
New type java.util.Vector<domain.Question>

[2022-05-26 13:35:47 #14 type] 
Type domain.EquipoJugador is not enhanced.

[2022-05-26 13:35:47 #15 type.registry] 
New type java.util.ArrayList<java.lang.Object>

[2022-05-26 13:35:47 #16 type.registry] 
New type java.util.Vector<java.lang.Object>

[2022-05-26 13:35:47 #17 type.registry] 
New type java.util.ArrayList<domain.Pronostico>

[2022-05-26 13:35:47 #18 type.registry] 
New type java.util.ArrayList<domain.Question>

------------------------------------------------------------------------------------------------------------------------

[2022-05-26 13:37:53 #1 store] 
Database 'C:\Users\34644\git\repository\IS-ITER\src\main\resources\bets.temp' is opened by 16344@MSI

[2022-05-26 13:37:54 #2 type.registry] 
New type domain.User

[2022-05-26 13:37:54 #3 type] 
Type domain.User is not enhanced.

[2022-05-26 13:37:54 #4 type.registry] 
New type domain.Question

[2022-05-26 13:37:54 #5 type.registry] 
New type domain.Pronostico

[2022-05-26 13:37:54 #6 type] 
Type domain.Question is not enhanced.

[2022-05-26 13:37:54 #7 type.registry] 
New type java.util.Vector<domain.Pronostico>

[2022-05-26 13:37:54 #8 type.registry] 
New type domain.Event

[2022-05-26 13:37:54 #9 type] 
Type domain.Pronostico is not enhanced.

[2022-05-26 13:37:54 #10 type.registry] 
New type domain.EquipoJugador

[2022-05-26 13:37:54 #11 type.registry] 
New type java.util.Vector<domain.EquipoJugador>

[2022-05-26 13:37:54 #12 type] 
Type domain.Event is not enhanced.

[2022-05-26 13:37:54 #13 type.registry] 
New type java.util.Vector<domain.Question>

[2022-05-26 13:37:54 #14 type] 
Type domain.EquipoJugador is not enhanced.

[2022-05-26 13:37:54 #15 type.registry] 
New type java.util.ArrayList<java.lang.Object>

[2022-05-26 13:37:54 #16 type.registry] 
New type java.util.Vector<java.lang.Object>

[2022-05-26 13:37:54 #17 type.registry] 
New type java.util.ArrayList<domain.Pronostico>

[2022-05-26 13:37:54 #18 type.registry] 
New type java.util.ArrayList<domain.Question>

------------------------------------------------------------------------------------------------------------------------

[2022-05-26 13:38:31 #1 store] 
Database 'C:\Users\34644\git\repository\IS-ITER\srce\main\resources\bets.temp' is opened by 4532@MSI

------------------------------------------------------------------------------------------------------------------------

[2022-05-26 13:38:46 #1 store] 
Database 'C:\Users\34644\git\repository\IS-ITER\src\main\resources\bets.temp' has been recovered (tr. 1-8)

[2022-05-26 13:38:47 #2 store] 
Database 'C:\Users\34644\git\repository\IS-ITER\src\main\resources\bets.temp' is opened by 28068@MSI

[2022-05-26 13:38:47 #3 type] 
Type domain.User is not enhanced.

[2022-05-26 13:38:47 #4 type] 
Type domain.Question is not enhanced.

[2022-05-26 13:38:47 #5 type] 
Type domain.Pronostico is not enhanced.

[2022-05-26 13:38:47 #6 type] 
Type domain.Event is not enhanced.

[2022-05-26 13:38:47 #7 type] 
Type domain.EquipoJugador is not enhanced.

------------------------------------------------------------------------------------------------------------------------

[2022-05-26 13:40:54 #1 store] 
Database 'C:\Users\34644\git\repository\IS-ITER\src\main\resources\bets.temp' is opened by 16060@MSI

[2022-05-26 13:40:54 #2 type] 
Type domain.User is not enhanced.

[2022-05-26 13:40:54 #3 type] 
Type domain.Question is not enhanced.

[2022-05-26 13:40:54 #4 type] 
Type domain.Pronostico is not enhanced.

[2022-05-26 13:40:54 #5 type] 
Type domain.Event is not enhanced.

[2022-05-26 13:40:54 #6 type] 
Type domain.EquipoJugador is not enhanced.

------------------------------------------------------------------------------------------------------------------------

[2022-05-26 13:42:32 #1 store] 
Database 'C:\Users\34644\git\repository\IS-ITER\src\main\resources\bets.temp' is opened by 14084@MSI

[2022-05-26 13:42:33 #2 type.registry] 
New type domain.User

[2022-05-26 13:42:33 #3 type] 
Type domain.User is not enhanced.

[2022-05-26 13:42:33 #4 type.registry] 
New type domain.Question

[2022-05-26 13:42:33 #5 type.registry] 
New type domain.Pronostico

[2022-05-26 13:42:33 #6 type] 
Type domain.Question is not enhanced.

[2022-05-26 13:42:33 #7 type.registry] 
New type java.util.Vector<domain.Pronostico>

[2022-05-26 13:42:33 #8 type.registry] 
New type domain.Event

[2022-05-26 13:42:33 #9 type] 
Type domain.Pronostico is not enhanced.

[2022-05-26 13:42:33 #10 type.registry] 
New type domain.EquipoJugador

[2022-05-26 13:42:33 #11 type.registry] 
New type java.util.Vector<domain.EquipoJugador>

[2022-05-26 13:42:33 #12 type] 
Type domain.Event is not enhanced.

[2022-05-26 13:42:33 #13 type.registry] 
New type java.util.Vector<domain.Question>

[2022-05-26 13:42:33 #14 type] 
Type domain.EquipoJugador is not enhanced.

[2022-05-26 13:42:33 #15 type.registry] 
New type java.util.ArrayList<java.lang.Object>

[2022-05-26 13:42:33 #16 type.registry] 
New type java.util.Vector<java.lang.Object>

[2022-05-26 13:42:33 #17 type.registry] 
New type java.util.ArrayList<domain.Pronostico>

[2022-05-26 13:42:33 #18 type.registry] 
New type java.util.ArrayList<domain.Question>

------------------------------------------------------------------------------------------------------------------------

[2022-05-26 13:43:26 #1 store] 
Database 'C:\Users\34644\git\repository\IS-ITER\src\main\resources\bets.temp' is opened by 9548@MSI

[2022-05-26 13:43:27 #2 type.registry] 
New type domain.User

[2022-05-26 13:43:27 #3 type] 
Type domain.User is not enhanced.

[2022-05-26 13:43:27 #4 type.registry] 
New type domain.Question

[2022-05-26 13:43:27 #5 type.registry] 
New type domain.Pronostico

[2022-05-26 13:43:27 #6 type] 
Type domain.Question is not enhanced.

[2022-05-26 13:43:27 #7 type.registry] 
New type java.util.Vector<domain.Pronostico>

[2022-05-26 13:43:27 #8 type.registry] 
New type domain.Event

[2022-05-26 13:43:27 #9 type] 
Type domain.Pronostico is not enhanced.

[2022-05-26 13:43:27 #10 type.registry] 
New type domain.EquipoJugador

[2022-05-26 13:43:27 #11 type.registry] 
New type java.util.Vector<domain.EquipoJugador>

[2022-05-26 13:43:27 #12 type] 
Type domain.Event is not enhanced.

[2022-05-26 13:43:27 #13 type.registry] 
New type java.util.Vector<domain.Question>

[2022-05-26 13:43:27 #14 type] 
Type domain.EquipoJugador is not enhanced.

[2022-05-26 13:43:27 #15 type.registry] 
New type java.util.ArrayList<java.lang.Object>

[2022-05-26 13:43:27 #16 type.registry] 
New type java.util.Vector<java.lang.Object>

[2022-05-26 13:43:27 #17 type.registry] 
New type java.util.ArrayList<domain.Pronostico>

[2022-05-26 13:43:27 #18 type.registry] 
New type java.util.ArrayList<domain.Question>

------------------------------------------------------------------------------------------------------------------------

[2022-05-26 13:46:21 #1 store] 
Database 'C:\Users\34644\git\repository\IS-ITER\src\main\resources\bets.temp' is opened by 17812@MSI

[2022-05-26 13:46:21 #2 type.registry] 
New type domain.User

[2022-05-26 13:46:21 #3 type] 
Type domain.User is not enhanced.

[2022-05-26 13:46:21 #4 type.registry] 
New type domain.Question

[2022-05-26 13:46:21 #5 type.registry] 
New type domain.Pronostico

[2022-05-26 13:46:21 #6 type] 
Type domain.Question is not enhanced.

[2022-05-26 13:46:21 #7 type.registry] 
New type java.util.Vector<domain.Pronostico>

[2022-05-26 13:46:21 #8 type.registry] 
New type domain.Event

[2022-05-26 13:46:21 #9 type] 
Type domain.Pronostico is not enhanced.

[2022-05-26 13:46:21 #10 type.registry] 
New type domain.EquipoJugador

[2022-05-26 13:46:21 #11 type.registry] 
New type java.util.Vector<domain.EquipoJugador>

[2022-05-26 13:46:21 #12 type] 
Type domain.Event is not enhanced.

[2022-05-26 13:46:21 #13 type.registry] 
New type java.util.Vector<domain.Question>

[2022-05-26 13:46:21 #14 type] 
Type domain.EquipoJugador is not enhanced.

[2022-05-26 13:46:21 #15 type.registry] 
New type java.util.ArrayList<java.lang.Object>

[2022-05-26 13:46:21 #16 type.registry] 
New type java.util.Vector<java.lang.Object>

[2022-05-26 13:46:21 #17 type.registry] 
New type java.util.ArrayList<domain.Pronostico>

[2022-05-26 13:46:21 #18 type.registry] 
New type java.util.ArrayList<domain.Question>

------------------------------------------------------------------------------------------------------------------------

[2022-05-26 13:54:17 #1 store] 
Database 'C:\Users\34644\git\repository\IS-ITER\src\main\resources\bets.temp' is opened by 31556@MSI

[2022-05-26 13:54:17 #2 type.registry] 
New type domain.User

[2022-05-26 13:54:17 #3 type] 
Type domain.User is not enhanced.

[2022-05-26 13:54:17 #4 type.registry] 
New type domain.Question

[2022-05-26 13:54:17 #5 type.registry] 
New type domain.Pronostico

[2022-05-26 13:54:17 #6 type] 
Type domain.Question is not enhanced.

[2022-05-26 13:54:17 #7 type.registry] 
New type java.util.Vector<domain.Pronostico>

[2022-05-26 13:54:17 #8 type.registry] 
New type domain.Event

[2022-05-26 13:54:17 #9 type] 
Type domain.Pronostico is not enhanced.

[2022-05-26 13:54:17 #10 type.registry] 
New type domain.EquipoJugador

[2022-05-26 13:54:17 #11 type.registry] 
New type java.util.Vector<domain.EquipoJugador>

[2022-05-26 13:54:17 #12 type] 
Type domain.Event is not enhanced.

[2022-05-26 13:54:17 #13 type.registry] 
New type java.util.Vector<domain.Question>

[2022-05-26 13:54:17 #14 type] 
Type domain.EquipoJugador is not enhanced.

[2022-05-26 13:54:17 #15 type.registry] 
New type java.util.ArrayList<java.lang.Object>

[2022-05-26 13:54:17 #16 type.registry] 
New type java.util.Vector<java.lang.Object>

[2022-05-26 13:54:17 #17 type.registry] 
New type java.util.ArrayList<domain.Pronostico>

[2022-05-26 13:54:17 #18 type.registry] 
New type java.util.ArrayList<domain.Question>

------------------------------------------------------------------------------------------------------------------------

[2022-05-26 13:55:29 #1 store] 
Database 'C:\Users\34644\git\repository\IS-ITER\src\main\resources\bets.temp' is opened by 17436@MSI

[2022-05-26 13:55:29 #2 type.registry] 
New type domain.User

[2022-05-26 13:55:29 #3 type] 
Type domain.User is not enhanced.

[2022-05-26 13:55:29 #4 type.registry] 
New type domain.Question

[2022-05-26 13:55:29 #5 type.registry] 
New type domain.Pronostico

[2022-05-26 13:55:29 #6 type] 
Type domain.Question is not enhanced.

[2022-05-26 13:55:29 #7 type.registry] 
New type java.util.Vector<domain.Pronostico>

[2022-05-26 13:55:29 #8 type.registry] 
New type domain.Event

[2022-05-26 13:55:29 #9 type] 
Type domain.Pronostico is not enhanced.

[2022-05-26 13:55:29 #10 type.registry] 
New type domain.EquipoJugador

[2022-05-26 13:55:29 #11 type.registry] 
New type java.util.Vector<domain.EquipoJugador>

[2022-05-26 13:55:29 #12 type] 
Type domain.Event is not enhanced.

[2022-05-26 13:55:29 #13 type.registry] 
New type java.util.Vector<domain.Question>

[2022-05-26 13:55:29 #14 type] 
Type domain.EquipoJugador is not enhanced.

[2022-05-26 13:55:29 #15 type.registry] 
New type java.util.ArrayList<java.lang.Object>

[2022-05-26 13:55:29 #16 type.registry] 
New type java.util.Vector<java.lang.Object>

[2022-05-26 13:55:29 #17 type.registry] 
New type java.util.ArrayList<domain.Pronostico>

[2022-05-26 13:55:29 #18 type.registry] 
New type java.util.ArrayList<domain.Question>

------------------------------------------------------------------------------------------------------------------------

[2022-05-26 15:33:50 #1 store] 
Database 'C:\Users\34644\git\repository\IS-ITER\src\main\resources\bets.temp' is opened by 28516@MSI

[2022-05-26 15:33:50 #2 type.registry] 
New type domain.User

[2022-05-26 15:33:50 #3 type] 
Type domain.User is not enhanced.

[2022-05-26 15:33:50 #4 type.registry] 
New type domain.Question

[2022-05-26 15:33:50 #5 type.registry] 
New type domain.Pronostico

[2022-05-26 15:33:50 #6 type] 
Type domain.Question is not enhanced.

[2022-05-26 15:33:50 #7 type.registry] 
New type java.util.Vector<domain.Pronostico>

[2022-05-26 15:33:50 #8 type.registry] 
New type domain.Event

[2022-05-26 15:33:50 #9 type] 
Type domain.Pronostico is not enhanced.

[2022-05-26 15:33:50 #10 type.registry] 
New type domain.EquipoJugador

[2022-05-26 15:33:50 #11 type.registry] 
New type java.util.Vector<domain.EquipoJugador>

[2022-05-26 15:33:50 #12 type] 
Type domain.Event is not enhanced.

[2022-05-26 15:33:50 #13 type.registry] 
New type java.util.Vector<domain.Question>

[2022-05-26 15:33:50 #14 type] 
Type domain.EquipoJugador is not enhanced.

[2022-05-26 15:33:50 #15 type.registry] 
New type java.util.ArrayList<java.lang.Object>

[2022-05-26 15:33:50 #16 type.registry] 
New type java.util.Vector<java.lang.Object>

[2022-05-26 15:33:50 #17 type.registry] 
New type java.util.ArrayList<domain.Pronostico>

[2022-05-26 15:33:50 #18 type.registry] 
New type java.util.ArrayList<domain.Question>

------------------------------------------------------------------------------------------------------------------------

[2022-05-26 15:34:20 #1 store] 
Database 'C:\Users\34644\git\repository\IS-ITER\src\main\resources\bets.temp' has been recovered (tr. 1-8)

[2022-05-26 15:34:20 #2 store] 
Database 'C:\Users\34644\git\repository\IS-ITER\src\main\resources\bets.temp' is opened by 19788@MSI

[2022-05-26 15:34:20 #3 type] 
Type domain.User is not enhanced.

[2022-05-26 15:34:20 #4 type] 
Type domain.Question is not enhanced.

[2022-05-26 15:34:20 #5 type] 
Type domain.Pronostico is not enhanced.

[2022-05-26 15:34:20 #6 type] 
Type domain.Event is not enhanced.

[2022-05-26 15:34:20 #7 type] 
Type domain.EquipoJugador is not enhanced.

------------------------------------------------------------------------------------------------------------------------

[2022-05-26 15:35:08 #1 store] 
Database 'C:\Users\34644\git\repository\IS-ITER\src\main\resources\bets.temp' has been recovered (tr. 9-9)

[2022-05-26 15:35:08 #2 store] 
Database 'C:\Users\34644\git\repository\IS-ITER\src\main\resources\bets.temp' is opened by 16324@MSI

[2022-05-26 15:35:08 #3 type] 
Type domain.User is not enhanced.

[2022-05-26 15:35:08 #4 type] 
Type domain.Question is not enhanced.

[2022-05-26 15:35:08 #5 type] 
Type domain.Pronostico is not enhanced.

[2022-05-26 15:35:08 #6 type] 
Type domain.Event is not enhanced.

[2022-05-26 15:35:08 #7 type] 
Type domain.EquipoJugador is not enhanced.

------------------------------------------------------------------------------------------------------------------------

[2022-05-26 15:38:14 #1 store] 
Database 'C:\Users\34644\git\repository\IS-ITER\src\main\resources\bets.temp' is opened by 3852@MSI

[2022-05-26 15:38:14 #2 type] 
Type domain.User is not enhanced.

[2022-05-26 15:38:14 #3 type] 
Type domain.Question is not enhanced.

[2022-05-26 15:38:14 #4 type] 
Type domain.Pronostico is not enhanced.

[2022-05-26 15:38:14 #5 type] 
Type domain.Event is not enhanced.

[2022-05-26 15:38:14 #6 type] 
Type domain.EquipoJugador is not enhanced.

------------------------------------------------------------------------------------------------------------------------

[2022-05-26 15:38:45 #1 store] 
Database 'C:\Users\34644\git\repository\IS-ITER\src\main\resources\bets.temp' has been recovered (tr. 10-10)

[2022-05-26 15:38:46 #2 store] 
Database 'C:\Users\34644\git\repository\IS-ITER\src\main\resources\bets.temp' is opened by 2420@MSI

[2022-05-26 15:38:46 #3 type] 
Type domain.User is not enhanced.

[2022-05-26 15:38:46 #4 type] 
Type domain.Question is not enhanced.

[2022-05-26 15:38:46 #5 type] 
Type domain.Pronostico is not enhanced.

[2022-05-26 15:38:46 #6 type] 
Type domain.Event is not enhanced.

[2022-05-26 15:38:46 #7 type] 
Type domain.EquipoJugador is not enhanced.

------------------------------------------------------------------------------------------------------------------------

[2022-05-26 15:41:15 #1 store] 
Database 'C:\Users\34644\git\repository\IS-ITER\src\main\resources\bets.temp' is opened by 10400@MSI

[2022-05-26 15:41:15 #2 type] 
Type domain.User is not enhanced.

[2022-05-26 15:41:15 #3 type] 
Type domain.Question is not enhanced.

[2022-05-26 15:41:15 #4 type] 
Type domain.Pronostico is not enhanced.

[2022-05-26 15:41:15 #5 type] 
Type domain.Event is not enhanced.

[2022-05-26 15:41:15 #6 type] 
Type domain.EquipoJugador is not enhanced.

------------------------------------------------------------------------------------------------------------------------

[2022-05-26 15:42:48 #1 store] 
Database 'C:\Users\34644\git\repository\IS-ITER\src\main\resources\bets.temp' is opened by 25192@MSI

[2022-05-26 15:42:48 #2 type] 
Type domain.User is not enhanced.

[2022-05-26 15:42:48 #3 type] 
Type domain.Question is not enhanced.

[2022-05-26 15:42:48 #4 type] 
Type domain.Pronostico is not enhanced.

[2022-05-26 15:42:48 #5 type] 
Type domain.Event is not enhanced.

[2022-05-26 15:42:48 #6 type] 
Type domain.EquipoJugador is not enhanced.

------------------------------------------------------------------------------------------------------------------------

[2022-05-26 16:01:50 #1 store] 
Database 'C:\Users\34644\git\repository\IS-ITER\src\main\resources\bets.temp' is opened by 4460@MSI

[2022-05-26 16:01:50 #2 type] 
Type domain.User is not enhanced.

[2022-05-26 16:01:50 #3 type] 
Type domain.Question is not enhanced.

[2022-05-26 16:01:50 #4 type] 
Type domain.Pronostico is not enhanced.

[2022-05-26 16:01:50 #5 type] 
Type domain.Event is not enhanced.

[2022-05-26 16:01:50 #6 type] 
Type domain.EquipoJugador is not enhanced.

------------------------------------------------------------------------------------------------------------------------

[2022-05-26 16:02:40 #1 store] 
Database 'C:\Users\34644\git\repository\IS-ITER\src\main\resources\bets.temp' has been recovered (tr. 11-11)

[2022-05-26 16:02:40 #2 store] 
Database 'C:\Users\34644\git\repository\IS-ITER\src\main\resources\bets.temp' is opened by 31468@MSI

[2022-05-26 16:02:40 #3 type] 
Type domain.User is not enhanced.

[2022-05-26 16:02:40 #4 type] 
Type domain.Question is not enhanced.

[2022-05-26 16:02:40 #5 type] 
Type domain.Pronostico is not enhanced.

[2022-05-26 16:02:40 #6 type] 
Type domain.Event is not enhanced.

[2022-05-26 16:02:40 #7 type] 
Type domain.EquipoJugador is not enhanced.

------------------------------------------------------------------------------------------------------------------------

[2022-05-26 16:05:00 #1 store] 
Database 'C:\Users\34644\git\repository\IS-ITER\src\main\resources\bets.temp' is opened by 24208@MSI

[2022-05-26 16:05:00 #2 type] 
Type domain.User is not enhanced.

[2022-05-26 16:05:00 #3 type] 
Type domain.Question is not enhanced.

[2022-05-26 16:05:00 #4 type] 
Type domain.Pronostico is not enhanced.

[2022-05-26 16:05:00 #5 type] 
Type domain.Event is not enhanced.

[2022-05-26 16:05:00 #6 type] 
Type domain.EquipoJugador is not enhanced.

