------------------------------------------------------------------------------------------------------------------------

[2022-04-09 15:27:41 #1 store] 
Database 'C:\Users\34644\git\repository\IS-ITER\src\main\resources\bets.temp' has been recovered (tr. 29-30)

[2022-04-09 15:27:41 #2 store] 
Database 'C:\Users\34644\git\repository\IS-ITER\src\main\resources\bets.temp' is opened by 31640@MSI

[2022-04-09 15:27:41 #3 type] 
Type domain.User is not enhanced.

[2022-04-09 15:27:41 #4 type] 
Type domain.Pronostico is not enhanced.

[2022-04-09 15:27:43 #5 type] 
Type domain.Event is not enhanced.

[2022-04-09 15:27:43 #6 type] 
Type domain.Question is not enhanced.

------------------------------------------------------------------------------------------------------------------------

[2022-04-09 15:48:17 #1 store] 
Database 'C:\Users\34644\git\repository\IS-ITER\src\main\resources\bets.temp' is opened by 20332@MSI

[2022-04-09 15:48:17 #2 type] 
Type domain.User is not enhanced.

[2022-04-09 15:48:17 #3 type] 
Type domain.Pronostico is not enhanced.

[2022-04-09 15:48:17 #4 type] 
Type domain.Event is not enhanced.

[2022-04-09 15:48:17 #5 type] 
Type domain.Question is not enhanced.

------------------------------------------------------------------------------------------------------------------------

[2022-04-09 16:04:57 #1 store] 
Database 'C:\Users\34644\git\repository\IS-ITER\src\main\resources\bets.temp' has been recovered (tr. 31-31)

[2022-04-09 16:04:57 #2 store] 
Database 'C:\Users\34644\git\repository\IS-ITER\src\main\resources\bets.temp' is opened by 6604@MSI

[2022-04-09 16:04:57 #3 type] 
Type domain.User is not enhanced.

[2022-04-09 16:04:57 #4 type] 
Type domain.Pronostico is not enhanced.

[2022-04-09 16:04:57 #5 type] 
Type domain.Event is not enhanced.

[2022-04-09 16:04:57 #6 type] 
Type domain.Question is not enhanced.

------------------------------------------------------------------------------------------------------------------------

[2022-04-09 16:05:25 #1 store] 
Database 'C:\Users\34644\git\repository\IS-ITER\src\main\resources\bets.temp' is opened by 11076@MSI

[2022-04-09 16:05:25 #2 type] 
Type domain.User is not enhanced.

[2022-04-09 16:05:26 #3 type] 
Type domain.Pronostico is not enhanced.

[2022-04-09 16:05:26 #4 type] 
Type domain.Event is not enhanced.

[2022-04-09 16:05:26 #5 type] 
Type domain.Question is not enhanced.

