------------------------------------------------------------------------------------------------------------------------

[2022-04-29 13:00:08 #1 store] 
Database 'C:\Users\34644\git\repository\IS-ITER\src\main\resources\bets.temp' is opened by 16596@MSI

[2022-04-29 13:00:08 #2 type] 
Type domain.User is not enhanced.

[2022-04-29 13:00:09 #3 type] 
Type domain.Question is not enhanced.

[2022-04-29 13:00:09 #4 type] 
Type domain.Pronostico is not enhanced.

[2022-04-29 13:00:09 #5 type] 
Type domain.Event is not enhanced.

------------------------------------------------------------------------------------------------------------------------

[2022-04-29 13:04:33 #1 store] 
Database 'C:\Users\34644\git\repository\IS-ITER\src\main\resources\bets.temp' is opened by 25268@MSI

[2022-04-29 13:04:33 #2 type] 
Type domain.User is not enhanced.

[2022-04-29 13:04:33 #3 type] 
Type domain.Question is not enhanced.

[2022-04-29 13:04:33 #4 type] 
Type domain.Pronostico is not enhanced.

[2022-04-29 13:04:33 #5 type] 
Type domain.Event is not enhanced.

------------------------------------------------------------------------------------------------------------------------

[2022-04-29 13:14:20 #1 store] 
Database 'C:\Users\34644\git\repository\IS-ITER\src\main\resources\bets.temp' is opened by 22300@MSI

[2022-04-29 13:14:20 #2 type] 
Type domain.User is not enhanced.

[2022-04-29 13:14:20 #3 type] 
Type domain.Question is not enhanced.

[2022-04-29 13:14:20 #4 type] 
Type domain.Pronostico is not enhanced.

[2022-04-29 13:14:20 #5 type] 
Type domain.Event is not enhanced.

------------------------------------------------------------------------------------------------------------------------

[2022-04-29 13:17:24 #1 store] 
Database 'C:\Users\34644\git\repository\IS-ITER\src\main\resources\bets.temp' is opened by 5664@MSI

[2022-04-29 13:17:24 #2 type] 
Type domain.User is not enhanced.

[2022-04-29 13:17:24 #3 type] 
Type domain.Question is not enhanced.

[2022-04-29 13:17:24 #4 type] 
Type domain.Pronostico is not enhanced.

[2022-04-29 13:17:24 #5 type] 
Type domain.Event is not enhanced.

------------------------------------------------------------------------------------------------------------------------

[2022-04-29 13:18:51 #1 store] 
Database 'C:\Users\34644\git\repository\IS-ITER\src\main\resources\bets.temp' is opened by 14372@MSI

[2022-04-29 13:18:51 #2 type] 
Type domain.User is not enhanced.

[2022-04-29 13:18:51 #3 type] 
Type domain.Question is not enhanced.

[2022-04-29 13:18:51 #4 type] 
Type domain.Pronostico is not enhanced.

[2022-04-29 13:18:51 #5 type] 
Type domain.Event is not enhanced.

------------------------------------------------------------------------------------------------------------------------

[2022-04-29 13:23:18 #1 store] 
Database 'C:\Users\34644\git\repository\IS-ITER\src\main\resources\bets.temp' is opened by 21992@MSI

[2022-04-29 13:23:18 #2 type] 
Type domain.User is not enhanced.

[2022-04-29 13:23:18 #3 type] 
Type domain.Question is not enhanced.

[2022-04-29 13:23:18 #4 type] 
Type domain.Pronostico is not enhanced.

[2022-04-29 13:23:18 #5 type] 
Type domain.Event is not enhanced.

------------------------------------------------------------------------------------------------------------------------

[2022-04-29 13:24:38 #1 store] 
Database 'C:\Users\34644\git\repository\IS-ITER\src\main\resources\bets.temp' is opened by 10920@MSI

[2022-04-29 13:24:38 #2 type] 
Type domain.User is not enhanced.

[2022-04-29 13:24:38 #3 type] 
Type domain.Question is not enhanced.

[2022-04-29 13:24:38 #4 type] 
Type domain.Pronostico is not enhanced.

[2022-04-29 13:24:38 #5 type] 
Type domain.Event is not enhanced.

------------------------------------------------------------------------------------------------------------------------

[2022-04-29 13:36:08 #1 store] 
Database 'C:\Users\34644\git\repository\IS-ITER\src\main\resources\bets.temp' is opened by 10772@MSI

[2022-04-29 13:36:09 #2 type] 
Type domain.User is not enhanced.

[2022-04-29 13:36:09 #3 type] 
Type domain.Question is not enhanced.

[2022-04-29 13:36:09 #4 type] 
Type domain.Pronostico is not enhanced.

[2022-04-29 13:36:09 #5 type] 
Type domain.Event is not enhanced.

------------------------------------------------------------------------------------------------------------------------

[2022-04-29 13:38:12 #1 store] 
Database 'C:\Users\34644\git\repository\IS-ITER\src\main\resources\bets.temp' is opened by 5752@MSI

[2022-04-29 13:38:12 #2 type] 
Type domain.User is not enhanced.

[2022-04-29 13:38:12 #3 type] 
Type domain.Question is not enhanced.

[2022-04-29 13:38:12 #4 type] 
Type domain.Pronostico is not enhanced.

[2022-04-29 13:38:12 #5 type] 
Type domain.Event is not enhanced.

------------------------------------------------------------------------------------------------------------------------

[2022-04-29 15:27:53 #1 store] 
Database 'C:\Users\34644\git\repository\IS-ITER\src\main\resources\bets.temp' is opened by 21672@MSI

[2022-04-29 15:27:53 #2 type] 
Type domain.User is not enhanced.

[2022-04-29 15:27:53 #3 type] 
Type domain.Question is not enhanced.

[2022-04-29 15:27:53 #4 type] 
Type domain.Pronostico is not enhanced.

[2022-04-29 15:27:53 #5 type] 
Type domain.Event is not enhanced.

------------------------------------------------------------------------------------------------------------------------

[2022-04-29 15:30:22 #1 store] 
Database 'C:\Users\34644\git\repository\IS-ITER\src\main\resources\bets.temp' is opened by 21468@MSI

[2022-04-29 15:30:22 #2 type] 
Type domain.User is not enhanced.

[2022-04-29 15:30:22 #3 type] 
Type domain.Question is not enhanced.

[2022-04-29 15:30:22 #4 type] 
Type domain.Pronostico is not enhanced.

[2022-04-29 15:30:22 #5 type] 
Type domain.Event is not enhanced.

------------------------------------------------------------------------------------------------------------------------

[2022-04-29 15:31:45 #1 store] 
Database 'C:\Users\34644\git\repository\IS-ITER\src\main\resources\bets.temp' is opened by 17304@MSI

[2022-04-29 15:31:45 #2 type] 
Type domain.User is not enhanced.

[2022-04-29 15:31:45 #3 type] 
Type domain.Question is not enhanced.

[2022-04-29 15:31:45 #4 type] 
Type domain.Pronostico is not enhanced.

[2022-04-29 15:31:45 #5 type] 
Type domain.Event is not enhanced.

------------------------------------------------------------------------------------------------------------------------

[2022-04-29 15:32:40 #1 store] 
Database 'C:\Users\34644\git\repository\IS-ITER\src\main\resources\bets.temp' is opened by 25740@MSI

[2022-04-29 15:32:40 #2 type] 
Type domain.User is not enhanced.

[2022-04-29 15:32:40 #3 type] 
Type domain.Question is not enhanced.

[2022-04-29 15:32:40 #4 type] 
Type domain.Pronostico is not enhanced.

[2022-04-29 15:32:40 #5 type] 
Type domain.Event is not enhanced.

------------------------------------------------------------------------------------------------------------------------

[2022-04-29 15:37:30 #1 store] 
Database 'C:\Users\34644\git\repository\IS-ITER\src\main\resources\bets.temp' is opened by 11924@MSI

[2022-04-29 15:37:30 #2 type] 
Type domain.User is not enhanced.

[2022-04-29 15:37:30 #3 type] 
Type domain.Question is not enhanced.

[2022-04-29 15:37:30 #4 type] 
Type domain.Pronostico is not enhanced.

[2022-04-29 15:37:30 #5 type] 
Type domain.Event is not enhanced.

------------------------------------------------------------------------------------------------------------------------

[2022-04-29 15:38:22 #1 store] 
Database 'C:\Users\34644\git\repository\IS-ITER\src\main\resources\bets.temp' is opened by 16120@MSI

[2022-04-29 15:38:22 #2 type] 
Type domain.User is not enhanced.

[2022-04-29 15:38:22 #3 type] 
Type domain.Question is not enhanced.

[2022-04-29 15:38:22 #4 type] 
Type domain.Pronostico is not enhanced.

[2022-04-29 15:38:22 #5 type] 
Type domain.Event is not enhanced.

------------------------------------------------------------------------------------------------------------------------

[2022-04-29 15:43:27 #1 store] 
Database 'C:\Users\34644\git\repository\IS-ITER\src\main\resources\bets.temp' is opened by 13676@MSI

[2022-04-29 15:43:27 #2 type] 
Type domain.User is not enhanced.

[2022-04-29 15:43:27 #3 type] 
Type domain.Question is not enhanced.

[2022-04-29 15:43:27 #4 type] 
Type domain.Pronostico is not enhanced.

[2022-04-29 15:43:27 #5 type] 
Type domain.Event is not enhanced.

------------------------------------------------------------------------------------------------------------------------

[2022-04-29 15:44:23 #1 store] 
Database 'C:\Users\34644\git\repository\IS-ITER\src\main\resources\bets.temp' is opened by 26144@MSI

[2022-04-29 15:44:23 #2 type] 
Type domain.User is not enhanced.

[2022-04-29 15:44:23 #3 type] 
Type domain.Question is not enhanced.

[2022-04-29 15:44:23 #4 type] 
Type domain.Pronostico is not enhanced.

[2022-04-29 15:44:23 #5 type] 
Type domain.Event is not enhanced.

------------------------------------------------------------------------------------------------------------------------

[2022-04-29 15:49:11 #1 store] 
Database 'C:\Users\34644\git\repository\IS-ITER\src\main\resources\bets.temp' is opened by 17464@MSI

[2022-04-29 15:49:11 #2 type] 
Type domain.User is not enhanced.

[2022-04-29 15:49:11 #3 type] 
Type domain.Question is not enhanced.

[2022-04-29 15:49:11 #4 type] 
Type domain.Pronostico is not enhanced.

[2022-04-29 15:49:11 #5 type] 
Type domain.Event is not enhanced.

------------------------------------------------------------------------------------------------------------------------

[2022-04-29 15:57:04 #1 store] 
Database 'C:\Users\34644\git\repository\IS-ITER\src\main\resources\bets.temp' is opened by 21076@MSI

[2022-04-29 15:57:04 #2 type] 
Type domain.User is not enhanced.

[2022-04-29 15:57:04 #3 type] 
Type domain.Question is not enhanced.

[2022-04-29 15:57:04 #4 type] 
Type domain.Pronostico is not enhanced.

[2022-04-29 15:57:04 #5 type] 
Type domain.Event is not enhanced.

------------------------------------------------------------------------------------------------------------------------

[2022-04-29 15:57:37 #1 store] 
Database 'C:\Users\34644\git\repository\IS-ITER\src\main\resources\bets.temp' is opened by 18876@MSI

[2022-04-29 15:57:37 #2 type] 
Type domain.User is not enhanced.

[2022-04-29 15:57:37 #3 type] 
Type domain.Question is not enhanced.

[2022-04-29 15:57:37 #4 type] 
Type domain.Pronostico is not enhanced.

[2022-04-29 15:57:37 #5 type] 
Type domain.Event is not enhanced.

------------------------------------------------------------------------------------------------------------------------

[2022-04-29 16:14:08 #1 store] 
Database 'C:\Users\34644\git\repository\IS-ITER\src\main\resources\bets.temp' is opened by 21532@MSI

[2022-04-29 16:14:08 #2 type] 
Type domain.User is not enhanced.

[2022-04-29 16:14:08 #3 type] 
Type domain.Question is not enhanced.

[2022-04-29 16:14:08 #4 type] 
Type domain.Pronostico is not enhanced.

[2022-04-29 16:14:08 #5 type] 
Type domain.Event is not enhanced.

