------------------------------------------------------------------------------------------------------------------------

[2022-06-17 19:14:29 #1 store] 
Database 'C:\Users\34644\git\repository\IS-ITER\src\main\resources\bets.temp' is opened by 5192@MSI

[2022-06-17 19:14:29 #2 type] 
Type domain.User is not enhanced.

[2022-06-17 19:14:29 #3 type] 
Type domain.Pronostico is not enhanced.

[2022-06-17 19:14:30 #4 type] 
Type domain.Question is not enhanced.

[2022-06-17 19:14:30 #5 type] 
Type domain.Event is not enhanced.

[2022-06-17 19:14:30 #6 type] 
Type domain.Equipo is not enhanced.

[2022-06-17 19:14:30 #7 type] 
Type domain.Jugador is not enhanced.

------------------------------------------------------------------------------------------------------------------------

[2022-06-17 19:33:34 #1 store] 
Database 'C:\Users\34644\git\repository\IS-ITER\src\main\resources\bets.temp' is opened by 16376@MSI

[2022-06-17 19:33:34 #2 type] 
Type domain.User is not enhanced.

[2022-06-17 19:33:34 #3 type] 
Type domain.Pronostico is not enhanced.

[2022-06-17 19:33:34 #4 type] 
Type domain.Question is not enhanced.

[2022-06-17 19:33:34 #5 type] 
Type domain.Event is not enhanced.

[2022-06-17 19:33:34 #6 type] 
Type domain.Equipo is not enhanced.

[2022-06-17 19:33:34 #7 type] 
Type domain.Jugador is not enhanced.

------------------------------------------------------------------------------------------------------------------------

[2022-06-17 19:35:23 #1 store] 
Database 'C:\Users\34644\git\repository\IS-ITER\src\main\resources\bets.temp' is opened by 27888@MSI

[2022-06-17 19:35:23 #2 type] 
Type domain.User is not enhanced.

[2022-06-17 19:35:23 #3 type] 
Type domain.Pronostico is not enhanced.

[2022-06-17 19:35:23 #4 type] 
Type domain.Question is not enhanced.

[2022-06-17 19:35:23 #5 type] 
Type domain.Event is not enhanced.

[2022-06-17 19:35:23 #6 type] 
Type domain.Equipo is not enhanced.

[2022-06-17 19:35:23 #7 type] 
Type domain.Jugador is not enhanced.

------------------------------------------------------------------------------------------------------------------------

[2022-06-17 19:37:23 #1 store] 
Database 'C:\Users\34644\git\repository\IS-ITER\src\main\resources\bets.temp' is opened by 19028@MSI

[2022-06-17 19:37:23 #2 type] 
Type domain.User is not enhanced.

[2022-06-17 19:37:23 #3 type] 
Type domain.Pronostico is not enhanced.

[2022-06-17 19:37:23 #4 type] 
Type domain.Question is not enhanced.

[2022-06-17 19:37:23 #5 type] 
Type domain.Event is not enhanced.

[2022-06-17 19:37:23 #6 type] 
Type domain.Equipo is not enhanced.

[2022-06-17 19:37:23 #7 type] 
Type domain.Jugador is not enhanced.

------------------------------------------------------------------------------------------------------------------------

[2022-06-17 19:40:58 #1 store] 
Database 'C:\Users\34644\git\repository\IS-ITER\src\main\resources\bets.temp' is opened by 17776@MSI

[2022-06-17 19:40:58 #2 type] 
Type domain.User is not enhanced.

[2022-06-17 19:40:58 #3 type] 
Type domain.Pronostico is not enhanced.

[2022-06-17 19:40:58 #4 type] 
Type domain.Question is not enhanced.

[2022-06-17 19:40:58 #5 type] 
Type domain.Event is not enhanced.

[2022-06-17 19:40:58 #6 type] 
Type domain.Equipo is not enhanced.

[2022-06-17 19:40:58 #7 type] 
Type domain.Jugador is not enhanced.

------------------------------------------------------------------------------------------------------------------------

[2022-06-17 19:41:26 #1 store] 
Database 'C:\Users\34644\git\repository\IS-ITER\src\main\resources\bets.temp' is opened by 26348@MSI

[2022-06-17 19:41:27 #2 type] 
Type domain.User is not enhanced.

[2022-06-17 19:41:27 #3 type] 
Type domain.Pronostico is not enhanced.

[2022-06-17 19:41:27 #4 type] 
Type domain.Question is not enhanced.

[2022-06-17 19:41:27 #5 type] 
Type domain.Event is not enhanced.

[2022-06-17 19:41:27 #6 type] 
Type domain.Equipo is not enhanced.

[2022-06-17 19:41:27 #7 type] 
Type domain.Jugador is not enhanced.

------------------------------------------------------------------------------------------------------------------------

[2022-06-17 19:42:06 #1 store] 
Database 'C:\Users\34644\git\repository\IS-ITER\src\main\resources\bets.temp' is opened by 14736@MSI

[2022-06-17 19:42:06 #2 type] 
Type domain.User is not enhanced.

[2022-06-17 19:42:06 #3 type] 
Type domain.Pronostico is not enhanced.

[2022-06-17 19:42:06 #4 type] 
Type domain.Question is not enhanced.

[2022-06-17 19:42:06 #5 type] 
Type domain.Event is not enhanced.

[2022-06-17 19:42:06 #6 type] 
Type domain.Equipo is not enhanced.

[2022-06-17 19:42:06 #7 type] 
Type domain.Jugador is not enhanced.

------------------------------------------------------------------------------------------------------------------------

[2022-06-17 19:42:16 #1 store] 
Database 'C:\Users\34644\git\repository\IS-ITER\src\main\resources\bets.temp' is opened by 1888@MSI

[2022-06-17 19:42:16 #2 type] 
Type domain.User is not enhanced.

[2022-06-17 19:42:16 #3 type] 
Type domain.Pronostico is not enhanced.

[2022-06-17 19:42:16 #4 type] 
Type domain.Question is not enhanced.

[2022-06-17 19:42:16 #5 type] 
Type domain.Event is not enhanced.

[2022-06-17 19:42:16 #6 type] 
Type domain.Equipo is not enhanced.

[2022-06-17 19:42:16 #7 type] 
Type domain.Jugador is not enhanced.

------------------------------------------------------------------------------------------------------------------------

[2022-06-17 19:44:01 #1 store] 
Database 'C:\Users\34644\git\repository\IS-ITER\src\main\resources\bets.temp' has been recovered (tr. 10-13)

[2022-06-17 19:44:01 #2 store] 
Database 'C:\Users\34644\git\repository\IS-ITER\src\main\resources\bets.temp' is opened by 28476@MSI

[2022-06-17 19:44:01 #3 type] 
Type domain.User is not enhanced.

[2022-06-17 19:44:01 #4 type] 
Type domain.Pronostico is not enhanced.

[2022-06-17 19:44:01 #5 type] 
Type domain.Question is not enhanced.

[2022-06-17 19:44:01 #6 type] 
Type domain.Event is not enhanced.

[2022-06-17 19:44:01 #7 type] 
Type domain.Equipo is not enhanced.

[2022-06-17 19:44:01 #8 type] 
Type domain.Jugador is not enhanced.

------------------------------------------------------------------------------------------------------------------------

[2022-06-17 19:46:31 #1 store] 
Database 'C:\Users\34644\git\repository\IS-ITER\src\main\resources\bets.temp' is opened by 5636@MSI

[2022-06-17 19:46:32 #2 type] 
Type domain.User is not enhanced.

[2022-06-17 19:46:32 #3 type] 
Type domain.Pronostico is not enhanced.

[2022-06-17 19:46:32 #4 type] 
Type domain.Question is not enhanced.

[2022-06-17 19:46:32 #5 type] 
Type domain.Event is not enhanced.

[2022-06-17 19:46:32 #6 type] 
Type domain.Equipo is not enhanced.

[2022-06-17 19:46:32 #7 type] 
Type domain.Jugador is not enhanced.

