------------------------------------------------------------------------------------------------------------------------

[2022-05-21 19:32:18 #1 store] 
Database 'C:\Users\34644\git\repository\IS-ITER\src\main\resources\bets.temp' is opened by 10128@MSI

[2022-05-21 19:32:19 #2 type] 
Type domain.User is not enhanced.

[2022-05-21 19:32:19 #3 type] 
Type domain.Question is not enhanced.

[2022-05-21 19:32:19 #4 type] 
Type domain.Pronostico is not enhanced.

[2022-05-21 19:32:19 #5 type] 
Type domain.Event is not enhanced.

[2022-05-21 19:32:19 #6 type] 
Type domain.EquipoJugador is not enhanced.

------------------------------------------------------------------------------------------------------------------------

[2022-05-21 19:34:32 #1 store] 
Database 'C:\Users\34644\git\repository\IS-ITER\src\main\resources\bets.temp' is opened by 4716@MSI

[2022-05-21 19:34:32 #2 type] 
Type domain.User is not enhanced.

[2022-05-21 19:34:32 #3 type] 
Type domain.Question is not enhanced.

[2022-05-21 19:34:32 #4 type] 
Type domain.Pronostico is not enhanced.

[2022-05-21 19:34:32 #5 type] 
Type domain.Event is not enhanced.

[2022-05-21 19:34:32 #6 type] 
Type domain.EquipoJugador is not enhanced.

------------------------------------------------------------------------------------------------------------------------

[2022-05-21 19:36:15 #1 store] 
Database 'C:\Users\34644\git\repository\IS-ITER\src\main\resources\bets.temp' is opened by 3424@MSI

[2022-05-21 19:36:16 #2 type] 
Type domain.User is not enhanced.

[2022-05-21 19:36:16 #3 type] 
Type domain.Question is not enhanced.

[2022-05-21 19:36:16 #4 type] 
Type domain.Pronostico is not enhanced.

[2022-05-21 19:36:16 #5 type] 
Type domain.Event is not enhanced.

[2022-05-21 19:36:16 #6 type] 
Type domain.EquipoJugador is not enhanced.

------------------------------------------------------------------------------------------------------------------------

[2022-05-21 19:36:37 #1 store] 
Database 'C:\Users\34644\git\repository\IS-ITER\src\main\resources\bets.temp' is opened by 5436@MSI

[2022-05-21 19:36:38 #2 type] 
Type domain.User is not enhanced.

[2022-05-21 19:36:38 #3 type] 
Type domain.Question is not enhanced.

[2022-05-21 19:36:38 #4 type] 
Type domain.Pronostico is not enhanced.

[2022-05-21 19:36:38 #5 type] 
Type domain.Event is not enhanced.

[2022-05-21 19:36:38 #6 type] 
Type domain.EquipoJugador is not enhanced.

------------------------------------------------------------------------------------------------------------------------

[2022-05-21 19:36:53 #1 store] 
Database 'C:\Users\34644\git\repository\IS-ITER\src\main\resources\bets.temp' is opened by 15592@MSI

[2022-05-21 19:36:53 #2 type] 
Type domain.User is not enhanced.

[2022-05-21 19:36:53 #3 type] 
Type domain.Question is not enhanced.

[2022-05-21 19:36:53 #4 type] 
Type domain.Pronostico is not enhanced.

[2022-05-21 19:36:53 #5 type] 
Type domain.Event is not enhanced.

[2022-05-21 19:36:53 #6 type] 
Type domain.EquipoJugador is not enhanced.

------------------------------------------------------------------------------------------------------------------------

[2022-05-21 19:43:56 #1 store] 
Database 'C:\Users\34644\git\repository\IS-ITER\src\main\resources\bets.temp' is opened by 11276@MSI

[2022-05-21 19:43:56 #2 type] 
Type domain.User is not enhanced.

[2022-05-21 19:43:56 #3 type] 
Type domain.Question is not enhanced.

[2022-05-21 19:43:56 #4 type] 
Type domain.Pronostico is not enhanced.

[2022-05-21 19:43:56 #5 type] 
Type domain.Event is not enhanced.

[2022-05-21 19:43:56 #6 type] 
Type domain.EquipoJugador is not enhanced.

------------------------------------------------------------------------------------------------------------------------

[2022-05-21 19:45:14 #1 store] 
Database 'C:\Users\34644\git\repository\IS-ITER\src\main\resources\bets.temp' is opened by 20676@MSI

[2022-05-21 19:45:14 #2 type] 
Type domain.User is not enhanced.

[2022-05-21 19:45:14 #3 type] 
Type domain.Question is not enhanced.

[2022-05-21 19:45:14 #4 type] 
Type domain.Pronostico is not enhanced.

[2022-05-21 19:45:14 #5 type] 
Type domain.Event is not enhanced.

[2022-05-21 19:45:14 #6 type] 
Type domain.EquipoJugador is not enhanced.

------------------------------------------------------------------------------------------------------------------------

[2022-05-21 19:45:26 #1 store] 
Database 'C:\Users\34644\git\repository\IS-ITER\src\main\resources\bets.temp' is opened by 6540@MSI

[2022-05-21 19:45:26 #2 type] 
Type domain.User is not enhanced.

[2022-05-21 19:45:26 #3 type] 
Type domain.Question is not enhanced.

[2022-05-21 19:45:26 #4 type] 
Type domain.Pronostico is not enhanced.

[2022-05-21 19:45:26 #5 type] 
Type domain.Event is not enhanced.

[2022-05-21 19:45:26 #6 type] 
Type domain.EquipoJugador is not enhanced.

------------------------------------------------------------------------------------------------------------------------

[2022-05-21 19:48:20 #1 store] 
Database 'C:\Users\34644\git\repository\IS-ITER\src\main\resources\bets.temp' is opened by 15404@MSI

[2022-05-21 19:48:20 #2 type] 
Type domain.User is not enhanced.

[2022-05-21 19:48:20 #3 type] 
Type domain.Question is not enhanced.

[2022-05-21 19:48:20 #4 type] 
Type domain.Pronostico is not enhanced.

[2022-05-21 19:48:20 #5 type] 
Type domain.Event is not enhanced.

[2022-05-21 19:48:20 #6 type] 
Type domain.EquipoJugador is not enhanced.

------------------------------------------------------------------------------------------------------------------------

[2022-05-21 19:52:55 #1 store] 
Database 'C:\Users\34644\git\repository\IS-ITER\src\main\resources\bets.temp' is opened by 17704@MSI

[2022-05-21 19:52:55 #2 type] 
Type domain.User is not enhanced.

[2022-05-21 19:52:55 #3 type] 
Type domain.Question is not enhanced.

[2022-05-21 19:52:55 #4 type] 
Type domain.Pronostico is not enhanced.

[2022-05-21 19:52:55 #5 type] 
Type domain.Event is not enhanced.

[2022-05-21 19:52:55 #6 type] 
Type domain.EquipoJugador is not enhanced.

------------------------------------------------------------------------------------------------------------------------

[2022-05-21 19:53:38 #1 store] 
Database 'C:\Users\34644\git\repository\IS-ITER\src\main\resources\bets.temp' is opened by 14232@MSI

[2022-05-21 19:53:38 #2 type] 
Type domain.User is not enhanced.

[2022-05-21 19:53:38 #3 type] 
Type domain.Question is not enhanced.

[2022-05-21 19:53:38 #4 type] 
Type domain.Pronostico is not enhanced.

[2022-05-21 19:53:38 #5 type] 
Type domain.Event is not enhanced.

[2022-05-21 19:53:38 #6 type] 
Type domain.EquipoJugador is not enhanced.

------------------------------------------------------------------------------------------------------------------------

[2022-05-21 21:57:06 #1 store] 
Database 'C:\Users\34644\git\repository\IS-ITER\src\main\resources\bets.temp' is opened by 1264@MSI

[2022-05-21 21:57:06 #2 type] 
Type domain.User is not enhanced.

[2022-05-21 21:57:06 #3 type] 
Type domain.Question is not enhanced.

[2022-05-21 21:57:06 #4 type] 
Type domain.Pronostico is not enhanced.

[2022-05-21 21:57:06 #5 type] 
Type domain.Event is not enhanced.

[2022-05-21 21:57:06 #6 type] 
Type domain.EquipoJugador is not enhanced.

------------------------------------------------------------------------------------------------------------------------

[2022-05-21 22:34:03 #1 store] 
Database 'C:\Users\34644\git\repository\IS-ITER\src\main\resources\bets.temp' is opened by 19136@MSI

[2022-05-21 22:34:03 #2 type] 
Type domain.User is not enhanced.

[2022-05-21 22:34:03 #3 type] 
Type domain.Question is not enhanced.

[2022-05-21 22:34:03 #4 type] 
Type domain.Pronostico is not enhanced.

[2022-05-21 22:34:03 #5 type] 
Type domain.Event is not enhanced.

[2022-05-21 22:34:03 #6 type] 
Type domain.EquipoJugador is not enhanced.

