------------------------------------------------------------------------------------------------------------------------

[2022-04-25 11:31:25 #1 store] 
Database 'C:\Users\34644\git\repository\IS-ITER\src\main\resources\bets.temp' is opened by 24864@MSI

[2022-04-25 11:31:26 #2 type] 
Type domain.User is not enhanced.

[2022-04-25 11:31:27 #3 type] 
Type domain.Question is not enhanced.

[2022-04-25 11:31:27 #4 type] 
Type domain.Pronostico is not enhanced.

[2022-04-25 11:31:27 #5 type] 
Type domain.Event is not enhanced.

------------------------------------------------------------------------------------------------------------------------

[2022-04-25 11:35:23 #1 store] 
Database 'C:\Users\34644\git\repository\IS-ITER\src\main\resources\bets.temp' is opened by 6656@MSI

[2022-04-25 11:35:24 #2 type] 
Type domain.User is not enhanced.

[2022-04-25 11:35:24 #3 type] 
Type domain.Question is not enhanced.

[2022-04-25 11:35:24 #4 type] 
Type domain.Pronostico is not enhanced.

[2022-04-25 11:35:24 #5 type] 
Type domain.Event is not enhanced.

------------------------------------------------------------------------------------------------------------------------

[2022-04-25 11:35:54 #1 store] 
Database 'C:\Users\34644\git\repository\IS-ITER\src\main\resources\bets.temp' is opened by 22804@MSI

[2022-04-25 11:35:55 #2 type] 
Type domain.User is not enhanced.

[2022-04-25 11:35:55 #3 type] 
Type domain.Question is not enhanced.

[2022-04-25 11:35:55 #4 type] 
Type domain.Pronostico is not enhanced.

[2022-04-25 11:35:55 #5 type] 
Type domain.Event is not enhanced.

------------------------------------------------------------------------------------------------------------------------

[2022-04-25 11:40:06 #1 store] 
Database 'C:\Users\34644\git\repository\IS-ITER\src\main\resources\bets.temp' is opened by 2616@MSI

[2022-04-25 11:40:07 #2 type] 
Type domain.User is not enhanced.

[2022-04-25 11:40:07 #3 type] 
Type domain.Question is not enhanced.

[2022-04-25 11:40:07 #4 type] 
Type domain.Pronostico is not enhanced.

[2022-04-25 11:40:07 #5 type] 
Type domain.Event is not enhanced.

------------------------------------------------------------------------------------------------------------------------

[2022-04-25 11:41:18 #1 store] 
Database 'C:\Users\34644\git\repository\IS-ITER\src\main\resources\bets.temp' is opened by 17872@MSI

[2022-04-25 11:41:18 #2 type] 
Type domain.User is not enhanced.

[2022-04-25 11:41:18 #3 type] 
Type domain.Question is not enhanced.

[2022-04-25 11:41:18 #4 type] 
Type domain.Pronostico is not enhanced.

[2022-04-25 11:41:18 #5 type] 
Type domain.Event is not enhanced.

------------------------------------------------------------------------------------------------------------------------

[2022-04-25 11:42:35 #1 store] 
Database 'C:\Users\34644\git\repository\IS-ITER\src\main\resources\bets.temp' is opened by 8276@MSI

[2022-04-25 11:42:35 #2 type] 
Type domain.User is not enhanced.

[2022-04-25 11:42:35 #3 type] 
Type domain.Question is not enhanced.

[2022-04-25 11:42:35 #4 type] 
Type domain.Pronostico is not enhanced.

[2022-04-25 11:42:35 #5 type] 
Type domain.Event is not enhanced.

------------------------------------------------------------------------------------------------------------------------

[2022-04-25 11:43:52 #1 store] 
Database 'C:\Users\34644\git\repository\IS-ITER\src\main\resources\bets.temp' is opened by 10820@MSI

[2022-04-25 11:43:52 #2 type] 
Type domain.User is not enhanced.

[2022-04-25 11:43:52 #3 type] 
Type domain.Question is not enhanced.

[2022-04-25 11:43:52 #4 type] 
Type domain.Pronostico is not enhanced.

[2022-04-25 11:43:52 #5 type] 
Type domain.Event is not enhanced.

------------------------------------------------------------------------------------------------------------------------

[2022-04-25 11:46:25 #1 store] 
Database 'C:\Users\34644\git\repository\IS-ITER\src\main\resources\bets.temp' is opened by 23848@MSI

[2022-04-25 11:46:25 #2 type] 
Type domain.User is not enhanced.

[2022-04-25 11:46:26 #3 type] 
Type domain.Question is not enhanced.

[2022-04-25 11:46:26 #4 type] 
Type domain.Pronostico is not enhanced.

[2022-04-25 11:46:26 #5 type] 
Type domain.Event is not enhanced.

------------------------------------------------------------------------------------------------------------------------

[2022-04-25 11:47:44 #1 store] 
Database 'C:\Users\34644\git\repository\IS-ITER\src\main\resources\bets.temp' is opened by 20620@MSI

[2022-04-25 11:47:44 #2 type] 
Type domain.User is not enhanced.

[2022-04-25 11:47:44 #3 type] 
Type domain.Question is not enhanced.

[2022-04-25 11:47:44 #4 type] 
Type domain.Pronostico is not enhanced.

[2022-04-25 11:47:44 #5 type] 
Type domain.Event is not enhanced.

------------------------------------------------------------------------------------------------------------------------

[2022-04-25 11:49:00 #1 store] 
Database 'C:\Users\34644\git\repository\IS-ITER\src\main\resources\bets.temp' is opened by 14516@MSI

[2022-04-25 11:49:00 #2 type] 
Type domain.User is not enhanced.

[2022-04-25 11:49:00 #3 type] 
Type domain.Question is not enhanced.

[2022-04-25 11:49:00 #4 type] 
Type domain.Pronostico is not enhanced.

[2022-04-25 11:49:00 #5 type] 
Type domain.Event is not enhanced.

------------------------------------------------------------------------------------------------------------------------

[2022-04-25 11:57:21 #1 store] 
Database 'C:\Users\34644\git\repository\IS-ITER\src\main\resources\bets.temp' is opened by 12260@MSI

[2022-04-25 11:57:22 #2 type] 
Type domain.User is not enhanced.

[2022-04-25 11:57:22 #3 type] 
Type domain.Question is not enhanced.

[2022-04-25 11:57:22 #4 type] 
Type domain.Pronostico is not enhanced.

[2022-04-25 11:57:22 #5 type] 
Type domain.Event is not enhanced.

------------------------------------------------------------------------------------------------------------------------

[2022-04-25 12:07:57 #1 store] 
Database 'C:\Users\34644\git\repository\IS-ITER\src\main\resources\bets.temp' is opened by 12800@MSI

[2022-04-25 12:07:57 #2 type] 
Type domain.User is not enhanced.

[2022-04-25 12:07:57 #3 type] 
Type domain.Question is not enhanced.

[2022-04-25 12:07:57 #4 type] 
Type domain.Pronostico is not enhanced.

[2022-04-25 12:07:57 #5 type] 
Type domain.Event is not enhanced.

------------------------------------------------------------------------------------------------------------------------

[2022-04-25 13:05:13 #1 store] 
Database 'C:\Users\34644\git\repository\IS-ITER\src\main\resources\bets.temp' is opened by 13088@MSI

[2022-04-25 13:05:13 #2 type] 
Type domain.User is not enhanced.

[2022-04-25 13:05:13 #3 type] 
Type domain.Question is not enhanced.

[2022-04-25 13:05:13 #4 type] 
Type domain.Pronostico is not enhanced.

[2022-04-25 13:05:13 #5 type] 
Type domain.Event is not enhanced.

------------------------------------------------------------------------------------------------------------------------

[2022-04-25 13:38:05 #1 store] 
Database 'C:\Users\34644\git\repository\IS-ITER\src\main\resources\bets.temp' has been recovered (tr. 12-12)

[2022-04-25 13:38:05 #2 store] 
Database 'C:\Users\34644\git\repository\IS-ITER\src\main\resources\bets.temp' is opened by 5544@MSI

[2022-04-25 13:38:05 #3 type] 
Type domain.User is not enhanced.

[2022-04-25 13:38:05 #4 type] 
Type domain.Question is not enhanced.

[2022-04-25 13:38:05 #5 type] 
Type domain.Pronostico is not enhanced.

[2022-04-25 13:38:05 #6 type] 
Type domain.Event is not enhanced.

------------------------------------------------------------------------------------------------------------------------

[2022-04-25 13:39:00 #1 store] 
Database 'C:\Users\34644\git\repository\IS-ITER\src\main\resources\bets.temp' is opened by 12560@MSI

[2022-04-25 13:39:00 #2 type] 
Type domain.User is not enhanced.

[2022-04-25 13:39:00 #3 type] 
Type domain.Question is not enhanced.

[2022-04-25 13:39:00 #4 type] 
Type domain.Pronostico is not enhanced.

[2022-04-25 13:39:00 #5 type] 
Type domain.Event is not enhanced.

------------------------------------------------------------------------------------------------------------------------

[2022-04-25 13:40:10 #1 store] 
Database 'C:\Users\34644\git\repository\IS-ITER\src\main\resources\bets.temp' is opened by 21792@MSI

[2022-04-25 13:40:10 #2 type] 
Type domain.User is not enhanced.

[2022-04-25 13:40:10 #3 type] 
Type domain.Question is not enhanced.

[2022-04-25 13:40:10 #4 type] 
Type domain.Pronostico is not enhanced.

[2022-04-25 13:40:10 #5 type] 
Type domain.Event is not enhanced.

------------------------------------------------------------------------------------------------------------------------

[2022-04-25 13:43:26 #1 store] 
Database 'C:\Users\34644\git\repository\IS-ITER\src\main\resources\bets.temp' is opened by 25836@MSI

[2022-04-25 13:43:26 #2 type] 
Type domain.User is not enhanced.

[2022-04-25 13:43:26 #3 type] 
Type domain.Question is not enhanced.

[2022-04-25 13:43:26 #4 type] 
Type domain.Pronostico is not enhanced.

[2022-04-25 13:43:26 #5 type] 
Type domain.Event is not enhanced.

------------------------------------------------------------------------------------------------------------------------

[2022-04-25 13:45:21 #1 store] 
Database 'C:\Users\34644\git\repository\IS-ITER\src\main\resources\bets.temp' is opened by 25716@MSI

[2022-04-25 13:45:22 #2 type] 
Type domain.User is not enhanced.

[2022-04-25 13:45:22 #3 type] 
Type domain.Question is not enhanced.

[2022-04-25 13:45:22 #4 type] 
Type domain.Pronostico is not enhanced.

[2022-04-25 13:45:22 #5 type] 
Type domain.Event is not enhanced.

------------------------------------------------------------------------------------------------------------------------

[2022-04-25 13:47:52 #1 store] 
Database 'C:\Users\34644\git\repository\IS-ITER\src\main\resources\bets.temp' is opened by 16592@MSI

[2022-04-25 13:47:52 #2 type] 
Type domain.User is not enhanced.

[2022-04-25 13:47:52 #3 type] 
Type domain.Question is not enhanced.

[2022-04-25 13:47:52 #4 type] 
Type domain.Pronostico is not enhanced.

[2022-04-25 13:47:52 #5 type] 
Type domain.Event is not enhanced.

------------------------------------------------------------------------------------------------------------------------

[2022-04-25 13:48:21 #1 store] 
Database 'C:\Users\34644\git\repository\IS-ITER\src\main\resources\bets.temp' is opened by 2084@MSI

[2022-04-25 13:48:21 #2 type] 
Type domain.User is not enhanced.

[2022-04-25 13:48:21 #3 type] 
Type domain.Question is not enhanced.

[2022-04-25 13:48:21 #4 type] 
Type domain.Pronostico is not enhanced.

[2022-04-25 13:48:21 #5 type] 
Type domain.Event is not enhanced.

------------------------------------------------------------------------------------------------------------------------

[2022-04-25 15:35:24 #1 store] 
Database 'C:\Users\34644\git\repository\IS-ITER\src\main\resources\bets.temp' is opened by 16828@MSI

[2022-04-25 15:35:24 #2 type] 
Type domain.User is not enhanced.

[2022-04-25 15:35:24 #3 type] 
Type domain.Question is not enhanced.

[2022-04-25 15:35:24 #4 type] 
Type domain.Pronostico is not enhanced.

[2022-04-25 15:35:24 #5 type] 
Type domain.Event is not enhanced.

------------------------------------------------------------------------------------------------------------------------

[2022-04-25 15:36:00 #1 store] 
Database 'C:\Users\34644\git\repository\IS-ITER\src\main\resources\bets.temp' is opened by 18724@MSI

[2022-04-25 15:36:00 #2 type] 
Type domain.User is not enhanced.

[2022-04-25 15:36:00 #3 type] 
Type domain.Question is not enhanced.

[2022-04-25 15:36:00 #4 type] 
Type domain.Pronostico is not enhanced.

[2022-04-25 15:36:00 #5 type] 
Type domain.Event is not enhanced.

------------------------------------------------------------------------------------------------------------------------

[2022-04-25 15:40:18 #1 store] 
Database 'C:\Users\34644\git\repository\IS-ITER\src\main\resources\bets.temp' is opened by 14636@MSI

[2022-04-25 15:40:18 #2 type] 
Type domain.User is not enhanced.

[2022-04-25 15:40:18 #3 type] 
Type domain.Question is not enhanced.

[2022-04-25 15:40:18 #4 type] 
Type domain.Pronostico is not enhanced.

[2022-04-25 15:40:18 #5 type] 
Type domain.Event is not enhanced.

------------------------------------------------------------------------------------------------------------------------

[2022-04-25 15:41:04 #1 store] 
Database 'C:\Users\34644\git\repository\IS-ITER\src\main\resources\bets.temp' is opened by 5636@MSI

[2022-04-25 15:41:04 #2 type] 
Type domain.User is not enhanced.

[2022-04-25 15:41:04 #3 type] 
Type domain.Question is not enhanced.

[2022-04-25 15:41:04 #4 type] 
Type domain.Pronostico is not enhanced.

[2022-04-25 15:41:04 #5 type] 
Type domain.Event is not enhanced.

------------------------------------------------------------------------------------------------------------------------

[2022-04-25 15:42:35 #1 store] 
Database 'C:\Users\34644\git\repository\IS-ITER\src\main\resources\bets.temp' is opened by 13764@MSI

[2022-04-25 15:42:36 #2 type] 
Type domain.User is not enhanced.

[2022-04-25 15:42:36 #3 type] 
Type domain.Question is not enhanced.

[2022-04-25 15:42:36 #4 type] 
Type domain.Pronostico is not enhanced.

[2022-04-25 15:42:36 #5 type] 
Type domain.Event is not enhanced.

------------------------------------------------------------------------------------------------------------------------

[2022-04-25 15:44:07 #1 store] 
Database 'C:\Users\34644\git\repository\IS-ITER\src\main\resources\bets.temp' is opened by 16616@MSI

[2022-04-25 15:44:07 #2 type] 
Type domain.User is not enhanced.

[2022-04-25 15:44:07 #3 type] 
Type domain.Question is not enhanced.

[2022-04-25 15:44:07 #4 type] 
Type domain.Pronostico is not enhanced.

[2022-04-25 15:44:07 #5 type] 
Type domain.Event is not enhanced.

------------------------------------------------------------------------------------------------------------------------

[2022-04-25 15:44:37 #1 store] 
Database 'C:\Users\34644\git\repository\IS-ITER\src\main\resources\bets.temp' is opened by 25500@MSI

[2022-04-25 15:44:37 #2 type] 
Type domain.User is not enhanced.

[2022-04-25 15:44:37 #3 type] 
Type domain.Question is not enhanced.

[2022-04-25 15:44:37 #4 type] 
Type domain.Pronostico is not enhanced.

[2022-04-25 15:44:37 #5 type] 
Type domain.Event is not enhanced.

------------------------------------------------------------------------------------------------------------------------

[2022-04-25 15:47:59 #1 store] 
Database 'C:\Users\34644\git\repository\IS-ITER\src\main\resources\bets.temp' is opened by 11508@MSI

[2022-04-25 15:47:59 #2 type] 
Type domain.User is not enhanced.

[2022-04-25 15:47:59 #3 type] 
Type domain.Question is not enhanced.

[2022-04-25 15:47:59 #4 type] 
Type domain.Pronostico is not enhanced.

[2022-04-25 15:47:59 #5 type] 
Type domain.Event is not enhanced.

------------------------------------------------------------------------------------------------------------------------

[2022-04-25 15:48:44 #1 store] 
Database 'C:\Users\34644\git\repository\IS-ITER\src\main\resources\bets.temp' is opened by 23316@MSI

[2022-04-25 15:48:44 #2 type] 
Type domain.User is not enhanced.

[2022-04-25 15:48:44 #3 type] 
Type domain.Question is not enhanced.

[2022-04-25 15:48:44 #4 type] 
Type domain.Pronostico is not enhanced.

[2022-04-25 15:48:44 #5 type] 
Type domain.Event is not enhanced.

------------------------------------------------------------------------------------------------------------------------

[2022-04-25 15:50:21 #1 store] 
Database 'C:\Users\34644\git\repository\IS-ITER\src\main\resources\bets.temp' is opened by 20860@MSI

[2022-04-25 15:50:21 #2 type] 
Type domain.User is not enhanced.

[2022-04-25 15:50:21 #3 type] 
Type domain.Question is not enhanced.

[2022-04-25 15:50:21 #4 type] 
Type domain.Pronostico is not enhanced.

[2022-04-25 15:50:21 #5 type] 
Type domain.Event is not enhanced.

------------------------------------------------------------------------------------------------------------------------

[2022-04-25 19:14:48 #1 store] 
Database 'C:\Users\34644\git\repository\IS-ITER\src\main\resources\bets.temp' is opened by 8556@MSI

[2022-04-25 19:14:48 #2 type] 
Type domain.User is not enhanced.

[2022-04-25 19:14:48 #3 type] 
Type domain.Question is not enhanced.

[2022-04-25 19:14:48 #4 type] 
Type domain.Pronostico is not enhanced.

[2022-04-25 19:14:48 #5 type] 
Type domain.Event is not enhanced.

