------------------------------------------------------------------------------------------------------------------------

[2022-03-13 22:04:56 #1 store] 
Database 'C:\Users\34644\eclipse-workspace\IS-ITER\src\main\resources\bets.temp' is opened by 22644@MSI

[2022-03-13 22:04:56 #2 type.registry] 
New type domain.User

[2022-03-13 22:04:56 #3 type] 
Type domain.User is not enhanced.

[2022-03-13 22:04:56 #4 type.registry] 
New type domain.Pronostico

[2022-03-13 22:04:56 #5 type.registry] 
New type java.util.ArrayList<domain.Pronostico>

[2022-03-13 22:04:56 #6 type] 
Type domain.Pronostico is not enhanced.

[2022-03-13 22:04:56 #7 type.registry] 
New type domain.Event

[2022-03-13 22:04:56 #8 type] 
Type domain.Event is not enhanced.

[2022-03-13 22:04:56 #9 type.registry] 
New type domain.Question

[2022-03-13 22:04:56 #10 type.registry] 
New type java.util.Vector<domain.Question>

[2022-03-13 22:04:56 #11 type] 
Type domain.Question is not enhanced.

[2022-03-13 22:04:56 #12 type.registry] 
New type java.util.Vector<java.lang.Object>

------------------------------------------------------------------------------------------------------------------------

[2022-03-13 22:05:00 #1 store] 
Database 'C:\Users\34644\eclipse-workspace\IS-ITER\src\main\resources\bets.temp' is opened by 21792@MSI

[2022-03-13 22:05:00 #2 type.registry] 
New type domain.User

[2022-03-13 22:05:00 #3 type] 
Type domain.User is not enhanced.

[2022-03-13 22:05:00 #4 type.registry] 
New type domain.Pronostico

[2022-03-13 22:05:00 #5 type.registry] 
New type java.util.ArrayList<domain.Pronostico>

[2022-03-13 22:05:00 #6 type] 
Type domain.Pronostico is not enhanced.

[2022-03-13 22:05:00 #7 type.registry] 
New type domain.Event

[2022-03-13 22:05:00 #8 type] 
Type domain.Event is not enhanced.

[2022-03-13 22:05:00 #9 type.registry] 
New type domain.Question

[2022-03-13 22:05:00 #10 type.registry] 
New type java.util.Vector<domain.Question>

[2022-03-13 22:05:00 #11 type] 
Type domain.Question is not enhanced.

[2022-03-13 22:05:00 #12 type.registry] 
New type java.util.Vector<java.lang.Object>

