------------------------------------------------------------------------------------------------------------------------

[2022-05-03 13:19:53 #1 store] 
Database 'C:\Users\34644\git\repository\IS-ITER\src\main\resources\bets.temp' is opened by 20296@MSI

[2022-05-03 13:19:53 #2 type] 
Type domain.User is not enhanced.

[2022-05-03 13:19:54 #3 type] 
Type domain.Question is not enhanced.

[2022-05-03 13:19:54 #4 type] 
Type domain.Pronostico is not enhanced.

[2022-05-03 13:19:54 #5 type] 
Type domain.Event is not enhanced.

------------------------------------------------------------------------------------------------------------------------

[2022-05-03 13:22:17 #1 store] 
Database 'C:\Users\34644\git\repository\IS-ITER\src\main\resources\bets.temp' is opened by 6024@MSI

[2022-05-03 13:22:17 #2 type.registry] 
New type domain.User

[2022-05-03 13:22:17 #3 type] 
Type domain.User is not enhanced.

[2022-05-03 13:22:17 #4 type.registry] 
New type domain.Question

[2022-05-03 13:22:17 #5 type.registry] 
New type domain.Pronostico

[2022-05-03 13:22:17 #6 type] 
Type domain.Question is not enhanced.

[2022-05-03 13:22:17 #7 type.registry] 
New type java.util.Vector<domain.Pronostico>

[2022-05-03 13:22:17 #8 type.registry] 
New type domain.Event

[2022-05-03 13:22:17 #9 type] 
Type domain.Pronostico is not enhanced.

[2022-05-03 13:22:17 #10 type] 
Type domain.Event is not enhanced.

[2022-05-03 13:22:17 #11 type.registry] 
New type java.util.Vector<domain.Question>

[2022-05-03 13:22:17 #12 type.registry] 
New type java.util.ArrayList<java.lang.Object>

[2022-05-03 13:22:17 #13 type.registry] 
New type java.util.Vector<java.lang.Object>

[2022-05-03 13:22:17 #14 type.registry] 
New type java.util.ArrayList<domain.Pronostico>

[2022-05-03 13:22:17 #15 type.registry] 
New type java.util.ArrayList<domain.Question>

------------------------------------------------------------------------------------------------------------------------

[2022-05-03 13:22:30 #1 store] 
Database 'C:\Users\34644\git\repository\IS-ITER\src\main\resources\bets.temp' has been recovered (tr. 1-8)

[2022-05-03 13:22:30 #2 store] 
Database 'C:\Users\34644\git\repository\IS-ITER\src\main\resources\bets.temp' is opened by 1392@MSI

[2022-05-03 13:22:30 #3 type] 
Type domain.User is not enhanced.

[2022-05-03 13:22:30 #4 type] 
Type domain.Question is not enhanced.

[2022-05-03 13:22:30 #5 type] 
Type domain.Pronostico is not enhanced.

[2022-05-03 13:22:30 #6 type] 
Type domain.Event is not enhanced.

------------------------------------------------------------------------------------------------------------------------

[2022-05-03 13:24:34 #1 store] 
Database 'C:\Users\34644\git\repository\IS-ITER\src\main\resources\bets.temp' is opened by 22920@MSI

[2022-05-03 13:24:34 #2 type.registry] 
New type domain.User

[2022-05-03 13:24:34 #3 type] 
Type domain.User is not enhanced.

[2022-05-03 13:24:34 #4 type.registry] 
New type domain.Question

[2022-05-03 13:24:34 #5 type.registry] 
New type domain.Pronostico

[2022-05-03 13:24:34 #6 type] 
Type domain.Question is not enhanced.

[2022-05-03 13:24:34 #7 type.registry] 
New type java.util.Vector<domain.Pronostico>

[2022-05-03 13:24:34 #8 type.registry] 
New type domain.Event

[2022-05-03 13:24:34 #9 type] 
Type domain.Pronostico is not enhanced.

[2022-05-03 13:24:34 #10 type] 
Type domain.Event is not enhanced.

[2022-05-03 13:24:34 #11 type.registry] 
New type java.util.Vector<domain.Question>

[2022-05-03 13:24:34 #12 type.registry] 
New type java.util.ArrayList<java.lang.Object>

[2022-05-03 13:24:34 #13 type.registry] 
New type java.util.Vector<java.lang.Object>

[2022-05-03 13:24:34 #14 type.registry] 
New type java.util.ArrayList<domain.Pronostico>

[2022-05-03 13:24:34 #15 type.registry] 
New type java.util.ArrayList<domain.Question>

------------------------------------------------------------------------------------------------------------------------

[2022-05-03 13:24:45 #1 store] 
Database 'C:\Users\34644\git\repository\IS-ITER\src\main\resources\bets.temp' has been recovered (tr. 1-8)

[2022-05-03 13:24:45 #2 store] 
Database 'C:\Users\34644\git\repository\IS-ITER\src\main\resources\bets.temp' is opened by 26604@MSI

[2022-05-03 13:24:46 #3 type] 
Type domain.User is not enhanced.

[2022-05-03 13:24:46 #4 type] 
Type domain.Question is not enhanced.

[2022-05-03 13:24:46 #5 type] 
Type domain.Pronostico is not enhanced.

[2022-05-03 13:24:46 #6 type] 
Type domain.Event is not enhanced.

------------------------------------------------------------------------------------------------------------------------

[2022-05-03 13:33:26 #1 store] 
Database 'C:\Users\34644\git\repository\IS-ITER\src\main\resources\bets.temp' is opened by 26576@MSI

[2022-05-03 13:33:26 #2 type.registry] 
New type domain.User

[2022-05-03 13:33:26 #3 type] 
Type domain.User is not enhanced.

[2022-05-03 13:33:26 #4 type.registry] 
New type domain.Question

[2022-05-03 13:33:26 #5 type.registry] 
New type domain.Pronostico

[2022-05-03 13:33:26 #6 type] 
Type domain.Question is not enhanced.

[2022-05-03 13:33:26 #7 type.registry] 
New type java.util.Vector<domain.Pronostico>

[2022-05-03 13:33:26 #8 type.registry] 
New type domain.Event

[2022-05-03 13:33:26 #9 type] 
Type domain.Pronostico is not enhanced.

[2022-05-03 13:33:26 #10 type] 
Type domain.Event is not enhanced.

[2022-05-03 13:33:26 #11 type.registry] 
New type java.util.Vector<domain.Question>

[2022-05-03 13:33:26 #12 type.registry] 
New type java.util.ArrayList<java.lang.Object>

[2022-05-03 13:33:26 #13 type.registry] 
New type java.util.Vector<java.lang.Object>

[2022-05-03 13:33:26 #14 type.registry] 
New type java.util.ArrayList<domain.Pronostico>

[2022-05-03 13:33:26 #15 type.registry] 
New type java.util.ArrayList<domain.Question>

------------------------------------------------------------------------------------------------------------------------

[2022-05-03 13:33:59 #1 store] 
Database 'C:\Users\34644\git\repository\IS-ITER\src\main\resources\bets.temp' is opened by 9792@MSI

[2022-05-03 13:34:00 #2 type.registry] 
New type domain.User

[2022-05-03 13:34:00 #3 type] 
Type domain.User is not enhanced.

[2022-05-03 13:34:00 #4 type.registry] 
New type domain.Question

[2022-05-03 13:34:00 #5 type.registry] 
New type domain.Pronostico

[2022-05-03 13:34:00 #6 type] 
Type domain.Question is not enhanced.

[2022-05-03 13:34:00 #7 type.registry] 
New type java.util.Vector<domain.Pronostico>

[2022-05-03 13:34:00 #8 type.registry] 
New type domain.Event

[2022-05-03 13:34:00 #9 type] 
Type domain.Pronostico is not enhanced.

[2022-05-03 13:34:00 #10 type] 
Type domain.Event is not enhanced.

[2022-05-03 13:34:00 #11 type.registry] 
New type java.util.Vector<domain.Question>

[2022-05-03 13:34:00 #12 type.registry] 
New type java.util.ArrayList<java.lang.Object>

[2022-05-03 13:34:00 #13 type.registry] 
New type java.util.Vector<java.lang.Object>

[2022-05-03 13:34:00 #14 type.registry] 
New type java.util.ArrayList<domain.Pronostico>

[2022-05-03 13:34:00 #15 type.registry] 
New type java.util.ArrayList<domain.Question>

------------------------------------------------------------------------------------------------------------------------

[2022-05-03 13:34:20 #1 store] 
Database 'C:\Users\34644\git\repository\IS-ITER\src\main\resources\bets.temp' is opened by 29212@MSI

[2022-05-03 13:34:20 #2 type.registry] 
New type domain.User

[2022-05-03 13:34:20 #3 type] 
Type domain.User is not enhanced.

[2022-05-03 13:34:20 #4 type.registry] 
New type domain.Question

[2022-05-03 13:34:20 #5 type.registry] 
New type domain.Pronostico

[2022-05-03 13:34:20 #6 type] 
Type domain.Question is not enhanced.

[2022-05-03 13:34:20 #7 type.registry] 
New type java.util.Vector<domain.Pronostico>

[2022-05-03 13:34:20 #8 type.registry] 
New type domain.Event

[2022-05-03 13:34:20 #9 type] 
Type domain.Pronostico is not enhanced.

[2022-05-03 13:34:20 #10 type] 
Type domain.Event is not enhanced.

[2022-05-03 13:34:20 #11 type.registry] 
New type java.util.Vector<domain.Question>

[2022-05-03 13:34:20 #12 type.registry] 
New type java.util.ArrayList<java.lang.Object>

[2022-05-03 13:34:20 #13 type.registry] 
New type java.util.Vector<java.lang.Object>

[2022-05-03 13:34:20 #14 type.registry] 
New type java.util.ArrayList<domain.Pronostico>

[2022-05-03 13:34:20 #15 type.registry] 
New type java.util.ArrayList<domain.Question>

------------------------------------------------------------------------------------------------------------------------

[2022-05-03 13:35:12 #1 store] 
Database 'C:\Users\34644\git\repository\IS-ITER\src\main\resources\bets.temp' is opened by 22328@MSI

[2022-05-03 13:35:12 #2 type.registry] 
New type domain.User

[2022-05-03 13:35:12 #3 type] 
Type domain.User is not enhanced.

[2022-05-03 13:35:12 #4 type.registry] 
New type domain.Question

[2022-05-03 13:35:12 #5 type.registry] 
New type domain.Pronostico

[2022-05-03 13:35:12 #6 type] 
Type domain.Question is not enhanced.

[2022-05-03 13:35:12 #7 type.registry] 
New type java.util.Vector<domain.Pronostico>

[2022-05-03 13:35:12 #8 type.registry] 
New type domain.Event

[2022-05-03 13:35:12 #9 type] 
Type domain.Pronostico is not enhanced.

[2022-05-03 13:35:12 #10 type] 
Type domain.Event is not enhanced.

[2022-05-03 13:35:12 #11 type.registry] 
New type java.util.Vector<domain.Question>

[2022-05-03 13:35:12 #12 type.registry] 
New type java.util.ArrayList<java.lang.Object>

[2022-05-03 13:35:12 #13 type.registry] 
New type java.util.Vector<java.lang.Object>

[2022-05-03 13:35:12 #14 type.registry] 
New type java.util.ArrayList<domain.Pronostico>

[2022-05-03 13:35:12 #15 type.registry] 
New type java.util.ArrayList<domain.Question>

------------------------------------------------------------------------------------------------------------------------

[2022-05-03 13:36:28 #1 store] 
Database 'C:\Users\34644\git\repository\IS-ITER\src\main\resources\bets.temp' is opened by 17572@MSI

[2022-05-03 13:36:28 #2 type.registry] 
New type domain.User

[2022-05-03 13:36:28 #3 type] 
Type domain.User is not enhanced.

[2022-05-03 13:36:28 #4 type.registry] 
New type domain.Question

[2022-05-03 13:36:28 #5 type.registry] 
New type domain.Pronostico

[2022-05-03 13:36:29 #6 type] 
Type domain.Question is not enhanced.

[2022-05-03 13:36:29 #7 type.registry] 
New type java.util.Vector<domain.Pronostico>

[2022-05-03 13:36:29 #8 type.registry] 
New type domain.Event

[2022-05-03 13:36:29 #9 type] 
Type domain.Pronostico is not enhanced.

[2022-05-03 13:36:29 #10 type] 
Type domain.Event is not enhanced.

[2022-05-03 13:36:29 #11 type.registry] 
New type java.util.Vector<domain.Question>

[2022-05-03 13:36:29 #12 type.registry] 
New type java.util.ArrayList<java.lang.Object>

[2022-05-03 13:36:29 #13 type.registry] 
New type java.util.Vector<java.lang.Object>

[2022-05-03 13:36:29 #14 type.registry] 
New type java.util.ArrayList<domain.Pronostico>

[2022-05-03 13:36:29 #15 type.registry] 
New type java.util.ArrayList<domain.Question>

------------------------------------------------------------------------------------------------------------------------

[2022-05-03 13:37:24 #1 store] 
Database 'C:\Users\34644\git\repository\IS-ITER\src\main\resources\bets.temp' is opened by 26956@MSI

[2022-05-03 13:37:24 #2 type.registry] 
New type domain.User

[2022-05-03 13:37:24 #3 type] 
Type domain.User is not enhanced.

[2022-05-03 13:37:24 #4 type.registry] 
New type domain.Question

[2022-05-03 13:37:24 #5 type.registry] 
New type domain.Pronostico

[2022-05-03 13:37:24 #6 type] 
Type domain.Question is not enhanced.

[2022-05-03 13:37:24 #7 type.registry] 
New type java.util.Vector<domain.Pronostico>

[2022-05-03 13:37:24 #8 type.registry] 
New type domain.Event

[2022-05-03 13:37:24 #9 type] 
Type domain.Pronostico is not enhanced.

[2022-05-03 13:37:24 #10 type] 
Type domain.Event is not enhanced.

[2022-05-03 13:37:24 #11 type.registry] 
New type java.util.Vector<domain.Question>

[2022-05-03 13:37:24 #12 type.registry] 
New type java.util.ArrayList<java.lang.Object>

[2022-05-03 13:37:24 #13 type.registry] 
New type java.util.Vector<java.lang.Object>

[2022-05-03 13:37:24 #14 type.registry] 
New type java.util.ArrayList<domain.Pronostico>

[2022-05-03 13:37:24 #15 type.registry] 
New type java.util.ArrayList<domain.Question>

------------------------------------------------------------------------------------------------------------------------

[2022-05-03 13:38:02 #1 store] 
Database 'C:\Users\34644\git\repository\IS-ITER\src\main\resources\bets.temp' is opened by 28204@MSI

[2022-05-03 13:38:02 #2 type.registry] 
New type domain.User

[2022-05-03 13:38:02 #3 type] 
Type domain.User is not enhanced.

[2022-05-03 13:38:02 #4 type.registry] 
New type domain.Question

[2022-05-03 13:38:02 #5 type.registry] 
New type domain.Pronostico

[2022-05-03 13:38:02 #6 type] 
Type domain.Question is not enhanced.

[2022-05-03 13:38:02 #7 type.registry] 
New type java.util.Vector<domain.Pronostico>

[2022-05-03 13:38:02 #8 type.registry] 
New type domain.Event

[2022-05-03 13:38:02 #9 type] 
Type domain.Pronostico is not enhanced.

[2022-05-03 13:38:02 #10 type] 
Type domain.Event is not enhanced.

[2022-05-03 13:38:02 #11 type.registry] 
New type java.util.Vector<domain.Question>

[2022-05-03 13:38:02 #12 type.registry] 
New type java.util.ArrayList<java.lang.Object>

[2022-05-03 13:38:02 #13 type.registry] 
New type java.util.Vector<java.lang.Object>

[2022-05-03 13:38:02 #14 type.registry] 
New type java.util.ArrayList<domain.Pronostico>

[2022-05-03 13:38:02 #15 type.registry] 
New type java.util.ArrayList<domain.Question>

------------------------------------------------------------------------------------------------------------------------

[2022-05-03 13:39:18 #1 store] 
Database 'C:\Users\34644\git\repository\IS-ITER\src\main\resources\bets.temp' is opened by 12544@MSI

[2022-05-03 13:39:18 #2 type] 
Type domain.User is not enhanced.

[2022-05-03 13:39:18 #3 type] 
Type domain.Question is not enhanced.

[2022-05-03 13:39:18 #4 type] 
Type domain.Pronostico is not enhanced.

[2022-05-03 13:39:18 #5 type] 
Type domain.Event is not enhanced.

------------------------------------------------------------------------------------------------------------------------

[2022-05-03 13:40:55 #1 store] 
Database 'C:\Users\34644\git\repository\IS-ITER\src\main\resources\bets.temp' has been recovered (tr. 9-9)

[2022-05-03 13:40:55 #2 store] 
Database 'C:\Users\34644\git\repository\IS-ITER\src\main\resources\bets.temp' is opened by 13824@MSI

[2022-05-03 13:40:55 #3 type] 
Type domain.User is not enhanced.

[2022-05-03 13:40:55 #4 type] 
Type domain.Question is not enhanced.

[2022-05-03 13:40:55 #5 type] 
Type domain.Pronostico is not enhanced.

[2022-05-03 13:40:55 #6 type] 
Type domain.Event is not enhanced.

------------------------------------------------------------------------------------------------------------------------

[2022-05-03 13:42:49 #1 store] 
Database 'C:\Users\34644\git\repository\IS-ITER\src\main\resources\bets.temp' is opened by 19648@MSI

[2022-05-03 13:42:49 #2 type] 
Type domain.User is not enhanced.

[2022-05-03 13:42:49 #3 type] 
Type domain.Question is not enhanced.

[2022-05-03 13:42:49 #4 type] 
Type domain.Pronostico is not enhanced.

[2022-05-03 13:42:49 #5 type] 
Type domain.Event is not enhanced.

------------------------------------------------------------------------------------------------------------------------

[2022-05-03 13:45:06 #1 store] 
Database 'C:\Users\34644\git\repository\IS-ITER\src\main\resources\bets.temp' is opened by 5604@MSI

[2022-05-03 13:45:06 #2 type] 
Type domain.User is not enhanced.

[2022-05-03 13:45:06 #3 type] 
Type domain.Question is not enhanced.

[2022-05-03 13:45:06 #4 type] 
Type domain.Pronostico is not enhanced.

[2022-05-03 13:45:06 #5 type] 
Type domain.Event is not enhanced.

------------------------------------------------------------------------------------------------------------------------

[2022-05-03 13:45:56 #1 store] 
Database 'C:\Users\34644\git\repository\IS-ITER\src\main\resources\bets.temp' is opened by 2588@MSI

[2022-05-03 13:45:56 #2 type] 
Type domain.User is not enhanced.

[2022-05-03 13:45:57 #3 type] 
Type domain.Question is not enhanced.

[2022-05-03 13:45:57 #4 type] 
Type domain.Pronostico is not enhanced.

[2022-05-03 13:45:57 #5 type] 
Type domain.Event is not enhanced.

------------------------------------------------------------------------------------------------------------------------

[2022-05-03 13:46:14 #1 store] 
Database 'C:\Users\34644\git\repository\IS-ITER\src\main\resources\bets.temp' is opened by 16156@MSI

[2022-05-03 13:46:15 #2 type] 
Type domain.User is not enhanced.

[2022-05-03 13:46:15 #3 type] 
Type domain.Question is not enhanced.

[2022-05-03 13:46:15 #4 type] 
Type domain.Pronostico is not enhanced.

[2022-05-03 13:46:15 #5 type] 
Type domain.Event is not enhanced.

