------------------------------------------------------------------------------------------------------------------------

[2022-03-05 13:49:22 #1 store] 
Database 'C:\Users\34644\eclipse-workspace\IS-ITER\src\main\resources\bets.temp' is opened by 21956@MSI

[2022-03-05 13:49:23 #2 type.registry] 
New type domain.Question

[2022-03-05 13:49:23 #3 type] 
Type domain.Question is not enhanced.

[2022-03-05 13:49:23 #4 type.registry] 
New type domain.Event

[2022-03-05 13:49:23 #5 type] 
Type domain.Event is not enhanced.

[2022-03-05 13:49:23 #6 type.registry] 
New type java.util.Vector<domain.Question>

[2022-03-05 13:49:23 #7 type.registry] 
New type java.util.Vector<java.lang.Object>

------------------------------------------------------------------------------------------------------------------------

[2022-03-05 13:54:33 #1 store] 
Database 'C:\Users\34644\eclipse-workspace\IS-ITER\src\main\resources\bets.temp' is opened by 3904@MSI

[2022-03-05 13:54:33 #2 type.registry] 
New type domain.Question

[2022-03-05 13:54:33 #3 type] 
Type domain.Question is not enhanced.

[2022-03-05 13:54:33 #4 type.registry] 
New type domain.Event

[2022-03-05 13:54:33 #5 type] 
Type domain.Event is not enhanced.

[2022-03-05 13:54:33 #6 type.registry] 
New type java.util.Vector<domain.Question>

[2022-03-05 13:54:33 #7 type.registry] 
New type java.util.Vector<java.lang.Object>

------------------------------------------------------------------------------------------------------------------------

[2022-03-05 13:54:39 #1 store] 
Database 'C:\Users\34644\eclipse-workspace\IS-ITER\src\main\resources\bets.temp' is opened by 9808@MSI

[2022-03-05 13:54:39 #2 type.registry] 
New type domain.Question

[2022-03-05 13:54:39 #3 type] 
Type domain.Question is not enhanced.

[2022-03-05 13:54:39 #4 type.registry] 
New type domain.Event

[2022-03-05 13:54:39 #5 type] 
Type domain.Event is not enhanced.

[2022-03-05 13:54:39 #6 type.registry] 
New type java.util.Vector<domain.Question>

[2022-03-05 13:54:39 #7 type.registry] 
New type java.util.Vector<java.lang.Object>

------------------------------------------------------------------------------------------------------------------------

[2022-03-05 14:01:24 #1 store] 
Database 'C:\Users\34644\eclipse-workspace\IS-ITER\src\main\resources\bets.temp' is opened by 1448@MSI

[2022-03-05 14:01:24 #2 type.registry] 
New type domain.Question

[2022-03-05 14:01:24 #3 type] 
Type domain.Question is not enhanced.

[2022-03-05 14:01:24 #4 type.registry] 
New type domain.Event

[2022-03-05 14:01:24 #5 type] 
Type domain.Event is not enhanced.

[2022-03-05 14:01:24 #6 type.registry] 
New type java.util.Vector<domain.Question>

[2022-03-05 14:01:24 #7 type.registry] 
New type java.util.Vector<java.lang.Object>

------------------------------------------------------------------------------------------------------------------------

[2022-03-05 14:01:30 #1 store] 
Database 'C:\Users\34644\eclipse-workspace\IS-ITER\src\main\resources\bets.temp' is opened by 14116@MSI

[2022-03-05 14:01:31 #2 type.registry] 
New type domain.Question

[2022-03-05 14:01:31 #3 type] 
Type domain.Question is not enhanced.

[2022-03-05 14:01:31 #4 type.registry] 
New type domain.Event

[2022-03-05 14:01:31 #5 type] 
Type domain.Event is not enhanced.

[2022-03-05 14:01:31 #6 type.registry] 
New type java.util.Vector<domain.Question>

[2022-03-05 14:01:31 #7 type.registry] 
New type java.util.Vector<java.lang.Object>

------------------------------------------------------------------------------------------------------------------------

[2022-03-05 14:01:36 #1 store] 
Database 'C:\Users\34644\eclipse-workspace\IS-ITER\src\main\resources\bets.temp' is opened by 5528@MSI

[2022-03-05 14:01:36 #2 type.registry] 
New type domain.Question

[2022-03-05 14:01:36 #3 type] 
Type domain.Question is not enhanced.

[2022-03-05 14:01:36 #4 type.registry] 
New type domain.Event

[2022-03-05 14:01:36 #5 type] 
Type domain.Event is not enhanced.

[2022-03-05 14:01:36 #6 type.registry] 
New type java.util.Vector<domain.Question>

[2022-03-05 14:01:36 #7 type.registry] 
New type java.util.Vector<java.lang.Object>

------------------------------------------------------------------------------------------------------------------------

[2022-03-05 14:03:10 #1 store] 
Database 'C:\Users\34644\eclipse-workspace\IS-ITER\src\main\resources\bets.temp' is opened by 22960@MSI

[2022-03-05 14:03:10 #2 type.registry] 
New type domain.Question

[2022-03-05 14:03:10 #3 type] 
Type domain.Question is not enhanced.

[2022-03-05 14:03:10 #4 type.registry] 
New type domain.Event

[2022-03-05 14:03:10 #5 type] 
Type domain.Event is not enhanced.

[2022-03-05 14:03:10 #6 type.registry] 
New type java.util.Vector<domain.Question>

[2022-03-05 14:03:10 #7 type.registry] 
New type java.util.Vector<java.lang.Object>

------------------------------------------------------------------------------------------------------------------------

[2022-03-05 14:13:13 #1 store] 
Database 'C:\Users\34644\eclipse-workspace\IS-ITER\src\main\resources\bets.temp' is opened by 352@MSI

[2022-03-05 14:13:14 #2 type.registry] 
New type domain.Question

[2022-03-05 14:13:14 #3 type] 
Type domain.Question is not enhanced.

[2022-03-05 14:13:14 #4 type.registry] 
New type domain.Event

[2022-03-05 14:13:14 #5 type] 
Type domain.Event is not enhanced.

[2022-03-05 14:13:14 #6 type.registry] 
New type java.util.Vector<domain.Question>

[2022-03-05 14:13:14 #7 type.registry] 
New type java.util.Vector<java.lang.Object>

------------------------------------------------------------------------------------------------------------------------

[2022-03-05 14:13:25 #1 store] 
Database 'C:\Users\34644\eclipse-workspace\IS-ITER\src\main\resources\bets.temp' is opened by 21892@MSI

[2022-03-05 14:13:26 #2 type.registry] 
New type domain.Question

[2022-03-05 14:13:26 #3 type] 
Type domain.Question is not enhanced.

[2022-03-05 14:13:26 #4 type.registry] 
New type domain.Event

[2022-03-05 14:13:26 #5 type] 
Type domain.Event is not enhanced.

[2022-03-05 14:13:26 #6 type.registry] 
New type java.util.Vector<domain.Question>

[2022-03-05 14:13:26 #7 type.registry] 
New type java.util.Vector<java.lang.Object>

