------------------------------------------------------------------------------------------------------------------------

[2022-03-15 21:26:15 #1 store] 
Database 'C:\Users\34644\eclipse-workspace\IS-ITER\src\main\resources\bets.temp' is opened by 13424@MSI

[2022-03-15 21:26:16 #2 type] 
Type domain.User is not enhanced.

[2022-03-15 21:26:16 #3 type] 
Type domain.Pronostico is not enhanced.

[2022-03-15 21:26:18 #4 type] 
Type domain.Event is not enhanced.

[2022-03-15 21:26:18 #5 type] 
Type domain.Question is not enhanced.

------------------------------------------------------------------------------------------------------------------------

[2022-03-15 21:29:14 #1 store] 
Database 'C:\Users\34644\eclipse-workspace\IS-ITER\src\main\resources\bets.temp' is opened by 17564@MSI

[2022-03-15 21:29:15 #2 type] 
Type domain.User is not enhanced.

[2022-03-15 21:29:15 #3 type] 
Type domain.Pronostico is not enhanced.

[2022-03-15 21:29:15 #4 type] 
Type domain.Event is not enhanced.

[2022-03-15 21:29:15 #5 type] 
Type domain.Question is not enhanced.

