------------------------------------------------------------------------------------------------------------------------

[2022-05-09 19:17:16 #1 store] 
Database 'C:\Users\34644\git\repository\IS-ITER\src\main\resources\bets.temp' is opened by 22552@MSI

[2022-05-09 19:17:17 #2 type] 
Type domain.User is not enhanced.

[2022-05-09 19:17:19 #3 type] 
Type domain.Question is not enhanced.

[2022-05-09 19:17:19 #4 type] 
Type domain.Pronostico is not enhanced.

[2022-05-09 19:17:19 #5 type] 
Type domain.Event is not enhanced.

------------------------------------------------------------------------------------------------------------------------

[2022-05-09 19:18:34 #1 store] 
Database 'C:\Users\34644\git\repository\IS-ITER\src\main\resources\bets.temp' is opened by 16060@MSI

[2022-05-09 19:18:34 #2 type] 
Type domain.User is not enhanced.

[2022-05-09 19:18:34 #3 type] 
Type domain.Question is not enhanced.

[2022-05-09 19:18:34 #4 type] 
Type domain.Pronostico is not enhanced.

[2022-05-09 19:18:34 #5 type] 
Type domain.Event is not enhanced.

------------------------------------------------------------------------------------------------------------------------

[2022-05-09 19:30:19 #1 store] 
Database 'C:\Users\34644\git\repository\IS-ITER\src\main\resources\bets.temp' is opened by 9020@MSI

[2022-05-09 19:30:19 #2 type] 
Type domain.User is not enhanced.

[2022-05-09 19:30:19 #3 type] 
Type domain.Question is not enhanced.

[2022-05-09 19:30:19 #4 type] 
Type domain.Pronostico is not enhanced.

[2022-05-09 19:30:19 #5 type] 
Type domain.Event is not enhanced.

