------------------------------------------------------------------------------------------------------------------------

[2022-04-30 11:56:36 #1 store] 
Database 'C:\Users\34644\git\repository\IS-ITER\src\main\resources\bets.temp' is opened by 2260@MSI

[2022-04-30 11:56:37 #2 type] 
Type domain.User is not enhanced.

[2022-04-30 11:56:37 #3 type] 
Type domain.Question is not enhanced.

[2022-04-30 11:56:37 #4 type] 
Type domain.Pronostico is not enhanced.

[2022-04-30 11:56:37 #5 type] 
Type domain.Event is not enhanced.

------------------------------------------------------------------------------------------------------------------------

[2022-04-30 11:58:15 #1 store] 
Database 'C:\Users\34644\git\repository\IS-ITER\src\main\resources\bets.temp' is opened by 22412@MSI

[2022-04-30 11:58:15 #2 type] 
Type domain.User is not enhanced.

[2022-04-30 11:58:15 #3 type] 
Type domain.Question is not enhanced.

[2022-04-30 11:58:15 #4 type] 
Type domain.Pronostico is not enhanced.

[2022-04-30 11:58:15 #5 type] 
Type domain.Event is not enhanced.

------------------------------------------------------------------------------------------------------------------------

[2022-04-30 11:58:34 #1 store] 
Database 'C:\Users\34644\git\repository\IS-ITER\src\main\resources\bets.temp' is opened by 16392@MSI

[2022-04-30 11:58:34 #2 type] 
Type domain.User is not enhanced.

[2022-04-30 11:58:34 #3 type] 
Type domain.Question is not enhanced.

[2022-04-30 11:58:34 #4 type] 
Type domain.Pronostico is not enhanced.

[2022-04-30 11:58:34 #5 type] 
Type domain.Event is not enhanced.

------------------------------------------------------------------------------------------------------------------------

[2022-04-30 12:01:54 #1 store] 
Database 'C:\Users\34644\git\repository\IS-ITER\src\main\resources\bets.temp' is opened by 26716@MSI

[2022-04-30 12:01:55 #2 type] 
Type domain.User is not enhanced.

[2022-04-30 12:01:55 #3 type] 
Type domain.Question is not enhanced.

[2022-04-30 12:01:55 #4 type] 
Type domain.Pronostico is not enhanced.

[2022-04-30 12:01:55 #5 type] 
Type domain.Event is not enhanced.

------------------------------------------------------------------------------------------------------------------------

[2022-04-30 12:04:45 #1 store] 
Database 'C:\Users\34644\git\repository\IS-ITER\src\main\resources\bets.temp' is opened by 24456@MSI

[2022-04-30 12:04:45 #2 type] 
Type domain.User is not enhanced.

[2022-04-30 12:04:45 #3 type] 
Type domain.Question is not enhanced.

[2022-04-30 12:04:45 #4 type] 
Type domain.Pronostico is not enhanced.

[2022-04-30 12:04:45 #5 type] 
Type domain.Event is not enhanced.

------------------------------------------------------------------------------------------------------------------------

[2022-04-30 12:07:05 #1 store] 
Database 'C:\Users\34644\git\repository\IS-ITER\src\main\resources\bets.temp' is opened by 13700@MSI

[2022-04-30 12:07:05 #2 type] 
Type domain.User is not enhanced.

[2022-04-30 12:07:05 #3 type] 
Type domain.Question is not enhanced.

[2022-04-30 12:07:05 #4 type] 
Type domain.Pronostico is not enhanced.

[2022-04-30 12:07:05 #5 type] 
Type domain.Event is not enhanced.

------------------------------------------------------------------------------------------------------------------------

[2022-04-30 12:10:54 #1 store] 
Database 'C:\Users\34644\git\repository\IS-ITER\src\main\resources\bets.temp' is opened by 11160@MSI

[2022-04-30 12:10:54 #2 type] 
Type domain.User is not enhanced.

[2022-04-30 12:10:54 #3 type] 
Type domain.Question is not enhanced.

[2022-04-30 12:10:54 #4 type] 
Type domain.Pronostico is not enhanced.

[2022-04-30 12:10:54 #5 type] 
Type domain.Event is not enhanced.

------------------------------------------------------------------------------------------------------------------------

[2022-04-30 12:13:30 #1 store] 
Database 'C:\Users\34644\git\repository\IS-ITER\src\main\resources\bets.temp' is opened by 10308@MSI

[2022-04-30 12:13:30 #2 type] 
Type domain.User is not enhanced.

[2022-04-30 12:13:30 #3 type] 
Type domain.Question is not enhanced.

[2022-04-30 12:13:30 #4 type] 
Type domain.Pronostico is not enhanced.

[2022-04-30 12:13:30 #5 type] 
Type domain.Event is not enhanced.

------------------------------------------------------------------------------------------------------------------------

[2022-04-30 12:16:21 #1 store] 
Database 'C:\Users\34644\git\repository\IS-ITER\src\main\resources\bets.temp' is opened by 14464@MSI

[2022-04-30 12:16:22 #2 type] 
Type domain.User is not enhanced.

[2022-04-30 12:16:22 #3 type] 
Type domain.Question is not enhanced.

[2022-04-30 12:16:22 #4 type] 
Type domain.Pronostico is not enhanced.

[2022-04-30 12:16:22 #5 type] 
Type domain.Event is not enhanced.

------------------------------------------------------------------------------------------------------------------------

[2022-04-30 12:25:13 #1 store] 
Database 'C:\Users\34644\git\repository\IS-ITER\src\main\resources\bets.temp' is opened by 10892@MSI

[2022-04-30 12:25:13 #2 type] 
Type domain.User is not enhanced.

[2022-04-30 12:25:13 #3 type] 
Type domain.Question is not enhanced.

[2022-04-30 12:25:13 #4 type] 
Type domain.Pronostico is not enhanced.

[2022-04-30 12:25:13 #5 type] 
Type domain.Event is not enhanced.

------------------------------------------------------------------------------------------------------------------------

[2022-04-30 12:25:33 #1 store] 
Database 'C:\Users\34644\git\repository\IS-ITER\src\main\resources\bets.temp' is opened by 19300@MSI

[2022-04-30 12:25:34 #2 type] 
Type domain.User is not enhanced.

[2022-04-30 12:25:34 #3 type] 
Type domain.Question is not enhanced.

[2022-04-30 12:25:34 #4 type] 
Type domain.Pronostico is not enhanced.

[2022-04-30 12:25:34 #5 type] 
Type domain.Event is not enhanced.

------------------------------------------------------------------------------------------------------------------------

[2022-04-30 12:47:10 #1 store] 
Database 'C:\Users\34644\git\repository\IS-ITER\src\main\resources\bets.temp' is opened by 19940@MSI

[2022-04-30 12:47:10 #2 type] 
Type domain.User is not enhanced.

[2022-04-30 12:47:10 #3 type] 
Type domain.Question is not enhanced.

[2022-04-30 12:47:10 #4 type] 
Type domain.Pronostico is not enhanced.

[2022-04-30 12:47:10 #5 type] 
Type domain.Event is not enhanced.

------------------------------------------------------------------------------------------------------------------------

[2022-04-30 12:47:23 #1 store] 
Database 'C:\Users\34644\git\repository\IS-ITER\src\main\resources\bets.temp' has been recovered (tr. 11-11)

[2022-04-30 12:47:23 #2 store] 
Database 'C:\Users\34644\git\repository\IS-ITER\src\main\resources\bets.temp' is opened by 22516@MSI

[2022-04-30 12:47:23 #3 type] 
Type domain.User is not enhanced.

[2022-04-30 12:47:23 #4 type] 
Type domain.Question is not enhanced.

[2022-04-30 12:47:23 #5 type] 
Type domain.Pronostico is not enhanced.

[2022-04-30 12:47:23 #6 type] 
Type domain.Event is not enhanced.

------------------------------------------------------------------------------------------------------------------------

[2022-04-30 12:47:42 #1 store] 
Database 'C:\Users\34644\git\repository\IS-ITER\src\main\resources\bets.temp' is opened by 27340@MSI

[2022-04-30 12:47:43 #2 type] 
Type domain.User is not enhanced.

[2022-04-30 12:47:43 #3 type] 
Type domain.Question is not enhanced.

[2022-04-30 12:47:43 #4 type] 
Type domain.Pronostico is not enhanced.

[2022-04-30 12:47:43 #5 type] 
Type domain.Event is not enhanced.

------------------------------------------------------------------------------------------------------------------------

[2022-04-30 12:51:02 #1 store] 
Database 'C:\Users\34644\git\repository\IS-ITER\src\main\resources\bets.temp' is opened by 24540@MSI

[2022-04-30 12:51:02 #2 type] 
Type domain.User is not enhanced.

[2022-04-30 12:51:02 #3 type] 
Type domain.Question is not enhanced.

[2022-04-30 12:51:02 #4 type] 
Type domain.Pronostico is not enhanced.

[2022-04-30 12:51:02 #5 type] 
Type domain.Event is not enhanced.

------------------------------------------------------------------------------------------------------------------------

[2022-04-30 12:53:51 #1 store] 
Database 'C:\Users\34644\git\repository\IS-ITER\src\main\resources\bets.temp' is opened by 28184@MSI

[2022-04-30 12:53:51 #2 type] 
Type domain.User is not enhanced.

[2022-04-30 12:53:51 #3 type] 
Type domain.Question is not enhanced.

[2022-04-30 12:53:51 #4 type] 
Type domain.Pronostico is not enhanced.

[2022-04-30 12:53:51 #5 type] 
Type domain.Event is not enhanced.

------------------------------------------------------------------------------------------------------------------------

[2022-04-30 12:54:36 #1 store] 
Database 'C:\Users\34644\git\repository\IS-ITER\src\main\resources\bets.temp' is opened by 17300@MSI

[2022-04-30 12:54:36 #2 type.registry] 
New type domain.User

[2022-04-30 12:54:36 #3 type] 
Type domain.User is not enhanced.

[2022-04-30 12:54:36 #4 type.registry] 
New type domain.Question

[2022-04-30 12:54:36 #5 type.registry] 
New type domain.Pronostico

[2022-04-30 12:54:36 #6 type] 
Type domain.Question is not enhanced.

[2022-04-30 12:54:36 #7 type.registry] 
New type java.util.Vector<domain.Pronostico>

[2022-04-30 12:54:36 #8 type.registry] 
New type domain.Event

[2022-04-30 12:54:36 #9 type] 
Type domain.Pronostico is not enhanced.

[2022-04-30 12:54:36 #10 type] 
Type domain.Event is not enhanced.

[2022-04-30 12:54:36 #11 type.registry] 
New type java.util.Vector<domain.Question>

[2022-04-30 12:54:36 #12 type.registry] 
New type java.util.ArrayList<java.lang.Object>

[2022-04-30 12:54:36 #13 type.registry] 
New type java.util.Vector<java.lang.Object>

[2022-04-30 12:54:36 #14 type.registry] 
New type java.util.ArrayList<domain.Pronostico>

[2022-04-30 12:54:36 #15 type.registry] 
New type java.util.ArrayList<domain.Question>

------------------------------------------------------------------------------------------------------------------------

[2022-04-30 12:54:51 #1 store] 
Database 'C:\Users\34644\git\repository\IS-ITER\src\main\resources\bets.temp' has been recovered (tr. 1-8)

[2022-04-30 12:54:51 #2 store] 
Database 'C:\Users\34644\git\repository\IS-ITER\src\main\resources\bets.temp' is opened by 20488@MSI

[2022-04-30 12:54:51 #3 type] 
Type domain.User is not enhanced.

[2022-04-30 12:54:51 #4 type] 
Type domain.Question is not enhanced.

[2022-04-30 12:54:51 #5 type] 
Type domain.Pronostico is not enhanced.

[2022-04-30 12:54:51 #6 type] 
Type domain.Event is not enhanced.

------------------------------------------------------------------------------------------------------------------------

[2022-04-30 12:54:55 #1 store] 
Database 'C:\Users\34644\git\repository\IS-ITER\src\main\resources\bets.temp' is opened by 16764@MSI

[2022-04-30 12:54:55 #2 type] 
Type domain.User is not enhanced.

[2022-04-30 12:54:55 #3 type] 
Type domain.Question is not enhanced.

[2022-04-30 12:54:55 #4 type] 
Type domain.Pronostico is not enhanced.

[2022-04-30 12:54:55 #5 type] 
Type domain.Event is not enhanced.

------------------------------------------------------------------------------------------------------------------------

[2022-04-30 12:56:22 #1 store] 
Database 'C:\Users\34644\git\repository\IS-ITER\src\main\resources\bets.temp' is opened by 25016@MSI

[2022-04-30 12:56:22 #2 type] 
Type domain.User is not enhanced.

[2022-04-30 12:56:22 #3 type] 
Type domain.Question is not enhanced.

[2022-04-30 12:56:22 #4 type] 
Type domain.Pronostico is not enhanced.

[2022-04-30 12:56:22 #5 type] 
Type domain.Event is not enhanced.

------------------------------------------------------------------------------------------------------------------------

[2022-04-30 13:08:57 #1 store] 
Database 'C:\Users\34644\git\repository\IS-ITER\src\main\resources\bets.temp' is opened by 15408@MSI

[2022-04-30 13:08:57 #2 type] 
Type domain.User is not enhanced.

[2022-04-30 13:08:57 #3 type] 
Type domain.Question is not enhanced.

[2022-04-30 13:08:57 #4 type] 
Type domain.Pronostico is not enhanced.

[2022-04-30 13:08:57 #5 type] 
Type domain.Event is not enhanced.

------------------------------------------------------------------------------------------------------------------------

[2022-04-30 13:10:02 #1 store] 
Database 'C:\Users\34644\git\repository\IS-ITER\src\main\resources\bets.temp' is opened by 24004@MSI

[2022-04-30 13:10:02 #2 type] 
Type domain.User is not enhanced.

[2022-04-30 13:10:02 #3 type] 
Type domain.Question is not enhanced.

[2022-04-30 13:10:02 #4 type] 
Type domain.Pronostico is not enhanced.

[2022-04-30 13:10:02 #5 type] 
Type domain.Event is not enhanced.

------------------------------------------------------------------------------------------------------------------------

[2022-04-30 13:23:37 #1 store] 
Database 'C:\Users\34644\git\repository\IS-ITER\src\main\resources\bets.temp' is opened by 25036@MSI

[2022-04-30 13:23:37 #2 type] 
Type domain.User is not enhanced.

[2022-04-30 13:23:37 #3 type] 
Type domain.Question is not enhanced.

[2022-04-30 13:23:37 #4 type] 
Type domain.Pronostico is not enhanced.

[2022-04-30 13:23:37 #5 type] 
Type domain.Event is not enhanced.

------------------------------------------------------------------------------------------------------------------------

[2022-04-30 13:24:12 #1 store] 
Database 'C:\Users\34644\git\repository\IS-ITER\src\main\resources\bets.temp' is opened by 3408@MSI

[2022-04-30 13:24:12 #2 type] 
Type domain.User is not enhanced.

[2022-04-30 13:24:12 #3 type] 
Type domain.Question is not enhanced.

[2022-04-30 13:24:12 #4 type] 
Type domain.Pronostico is not enhanced.

[2022-04-30 13:24:12 #5 type] 
Type domain.Event is not enhanced.

------------------------------------------------------------------------------------------------------------------------

[2022-04-30 13:25:17 #1 store] 
Database 'C:\Users\34644\git\repository\IS-ITER\src\main\resources\bets.temp' is opened by 23284@MSI

[2022-04-30 13:25:17 #2 type] 
Type domain.User is not enhanced.

[2022-04-30 13:25:17 #3 type] 
Type domain.Question is not enhanced.

[2022-04-30 13:25:17 #4 type] 
Type domain.Pronostico is not enhanced.

[2022-04-30 13:25:17 #5 type] 
Type domain.Event is not enhanced.

------------------------------------------------------------------------------------------------------------------------

[2022-04-30 13:26:29 #1 store] 
Database 'C:\Users\34644\git\repository\IS-ITER\src\main\resources\bets.temp' is opened by 23388@MSI

[2022-04-30 13:26:29 #2 type] 
Type domain.User is not enhanced.

[2022-04-30 13:26:29 #3 type] 
Type domain.Question is not enhanced.

[2022-04-30 13:26:29 #4 type] 
Type domain.Pronostico is not enhanced.

[2022-04-30 13:26:29 #5 type] 
Type domain.Event is not enhanced.

------------------------------------------------------------------------------------------------------------------------

[2022-04-30 13:34:45 #1 store] 
Database 'C:\Users\34644\git\repository\IS-ITER\src\main\resources\bets.temp' is opened by 12736@MSI

[2022-04-30 13:34:45 #2 type] 
Type domain.User is not enhanced.

[2022-04-30 13:34:45 #3 type] 
Type domain.Question is not enhanced.

[2022-04-30 13:34:45 #4 type] 
Type domain.Pronostico is not enhanced.

[2022-04-30 13:34:45 #5 type] 
Type domain.Event is not enhanced.

