------------------------------------------------------------------------------------------------------------------------

[2022-06-20 17:31:58 #1 store] 
Database 'C:\Users\34644\git\repository\IS-ITER\src\main\resources\bets.temp' is opened by 19804@MSI

[2022-06-20 17:31:58 #2 type] 
Type domain.User is not enhanced.

[2022-06-20 17:31:58 #3 type] 
Type domain.Pronostico is not enhanced.

[2022-06-20 17:31:59 #4 type] 
Type domain.Question is not enhanced.

[2022-06-20 17:31:59 #5 type] 
Type domain.Event is not enhanced.

[2022-06-20 17:31:59 #6 type] 
Type domain.Equipo is not enhanced.

[2022-06-20 17:31:59 #7 type] 
Type domain.Jugador is not enhanced.

------------------------------------------------------------------------------------------------------------------------

[2022-06-20 17:32:37 #1 store] 
Database 'C:\Users\34644\git\repository\IS-ITER\src\main\resources\bets.temp' is opened by 24392@MSI

[2022-06-20 17:32:37 #2 type.registry] 
New type domain.User

[2022-06-20 17:32:37 #3 type] 
Type domain.User is not enhanced.

[2022-06-20 17:32:37 #4 type.registry] 
New type domain.Pronostico

[2022-06-20 17:32:37 #5 type] 
Type domain.Pronostico is not enhanced.

[2022-06-20 17:32:37 #6 type.registry] 
New type domain.Question

[2022-06-20 17:32:37 #7 type] 
Type domain.Question is not enhanced.

[2022-06-20 17:32:37 #8 type.registry] 
New type java.util.Vector<domain.Pronostico>

[2022-06-20 17:32:37 #9 type.registry] 
New type domain.Event

[2022-06-20 17:32:37 #10 type] 
Type domain.Event is not enhanced.

[2022-06-20 17:32:37 #11 type.registry] 
New type java.util.Vector<domain.Question>

[2022-06-20 17:32:37 #12 type.registry] 
New type domain.Equipo

[2022-06-20 17:32:37 #13 type] 
Type domain.Equipo is not enhanced.

[2022-06-20 17:32:37 #14 type.registry] 
New type domain.Jugador

[2022-06-20 17:32:37 #15 type.registry] 
New type java.util.ArrayList<domain.Jugador>

[2022-06-20 17:32:37 #16 type] 
Type domain.Jugador is not enhanced.

[2022-06-20 17:32:37 #17 type.registry] 
New type java.util.ArrayList<java.lang.Object>

[2022-06-20 17:32:37 #18 type.registry] 
New type java.util.Vector<java.lang.Object>

[2022-06-20 17:32:37 #19 type.registry] 
New type java.util.ArrayList<domain.Pronostico>

------------------------------------------------------------------------------------------------------------------------

[2022-06-20 17:33:49 #1 store] 
Database 'C:\Users\34644\git\repository\IS-ITER\src\main\resources\bets.temp' is opened by 19784@MSI

[2022-06-20 17:33:49 #2 type.registry] 
New type domain.User

[2022-06-20 17:33:49 #3 type] 
Type domain.User is not enhanced.

[2022-06-20 17:33:49 #4 type.registry] 
New type domain.Pronostico

[2022-06-20 17:33:50 #5 type] 
Type domain.Pronostico is not enhanced.

[2022-06-20 17:33:50 #6 type.registry] 
New type domain.Question

[2022-06-20 17:33:50 #7 type] 
Type domain.Question is not enhanced.

[2022-06-20 17:33:50 #8 type.registry] 
New type java.util.Vector<domain.Pronostico>

[2022-06-20 17:33:50 #9 type.registry] 
New type domain.Event

[2022-06-20 17:33:50 #10 type] 
Type domain.Event is not enhanced.

[2022-06-20 17:33:50 #11 type.registry] 
New type java.util.Vector<domain.Question>

[2022-06-20 17:33:50 #12 type.registry] 
New type domain.Equipo

[2022-06-20 17:33:50 #13 type] 
Type domain.Equipo is not enhanced.

[2022-06-20 17:33:50 #14 type.registry] 
New type domain.Jugador

[2022-06-20 17:33:50 #15 type.registry] 
New type java.util.ArrayList<domain.Jugador>

[2022-06-20 17:33:50 #16 type] 
Type domain.Jugador is not enhanced.

[2022-06-20 17:33:50 #17 type.registry] 
New type java.util.ArrayList<java.lang.Object>

[2022-06-20 17:33:50 #18 type.registry] 
New type java.util.Vector<java.lang.Object>

[2022-06-20 17:33:50 #19 type.registry] 
New type java.util.ArrayList<domain.Pronostico>

------------------------------------------------------------------------------------------------------------------------

[2022-06-20 17:37:48 #1 store] 
Database 'C:\Users\34644\git\repository\IS-ITER\src\main\resources\bets.temp' is opened by 14160@MSI

[2022-06-20 17:37:48 #2 type.registry] 
New type domain.User

[2022-06-20 17:37:48 #3 type] 
Type domain.User is not enhanced.

[2022-06-20 17:37:48 #4 type.registry] 
New type domain.Pronostico

[2022-06-20 17:37:48 #5 type] 
Type domain.Pronostico is not enhanced.

[2022-06-20 17:37:48 #6 type.registry] 
New type domain.Question

[2022-06-20 17:37:48 #7 type] 
Type domain.Question is not enhanced.

[2022-06-20 17:37:48 #8 type.registry] 
New type java.util.Vector<domain.Pronostico>

[2022-06-20 17:37:48 #9 type.registry] 
New type domain.Event

[2022-06-20 17:37:48 #10 type] 
Type domain.Event is not enhanced.

[2022-06-20 17:37:48 #11 type.registry] 
New type java.util.Vector<domain.Question>

[2022-06-20 17:37:48 #12 type.registry] 
New type domain.Equipo

[2022-06-20 17:37:48 #13 type] 
Type domain.Equipo is not enhanced.

[2022-06-20 17:37:48 #14 type.registry] 
New type domain.Jugador

[2022-06-20 17:37:48 #15 type.registry] 
New type java.util.ArrayList<domain.Jugador>

[2022-06-20 17:37:48 #16 type] 
Type domain.Jugador is not enhanced.

[2022-06-20 17:37:48 #17 type.registry] 
New type java.util.ArrayList<java.lang.Object>

[2022-06-20 17:37:48 #18 type.registry] 
New type java.util.Vector<java.lang.Object>

[2022-06-20 17:37:48 #19 type.registry] 
New type java.util.ArrayList<domain.Pronostico>

------------------------------------------------------------------------------------------------------------------------

[2022-06-20 17:41:26 #1 store] 
Database 'C:\Users\34644\git\repository\IS-ITER\src\main\resources\bets.temp' is opened by 25284@MSI

[2022-06-20 17:41:26 #2 type.registry] 
New type domain.User

[2022-06-20 17:41:26 #3 type] 
Type domain.User is not enhanced.

[2022-06-20 17:41:26 #4 type.registry] 
New type domain.Pronostico

[2022-06-20 17:41:26 #5 type] 
Type domain.Pronostico is not enhanced.

[2022-06-20 17:41:26 #6 type.registry] 
New type domain.Question

[2022-06-20 17:41:26 #7 type] 
Type domain.Question is not enhanced.

[2022-06-20 17:41:26 #8 type.registry] 
New type java.util.Vector<domain.Pronostico>

[2022-06-20 17:41:26 #9 type.registry] 
New type domain.Event

[2022-06-20 17:41:26 #10 type] 
Type domain.Event is not enhanced.

[2022-06-20 17:41:26 #11 type.registry] 
New type java.util.Vector<domain.Question>

[2022-06-20 17:41:26 #12 type.registry] 
New type domain.Equipo

[2022-06-20 17:41:26 #13 type] 
Type domain.Equipo is not enhanced.

[2022-06-20 17:41:26 #14 type.registry] 
New type domain.Jugador

[2022-06-20 17:41:26 #15 type.registry] 
New type java.util.ArrayList<domain.Jugador>

[2022-06-20 17:41:26 #16 type] 
Type domain.Jugador is not enhanced.

[2022-06-20 17:41:26 #17 type.registry] 
New type java.util.ArrayList<java.lang.Object>

[2022-06-20 17:41:26 #18 type.registry] 
New type java.util.Vector<java.lang.Object>

[2022-06-20 17:41:26 #19 type.registry] 
New type java.util.ArrayList<domain.Pronostico>

------------------------------------------------------------------------------------------------------------------------

[2022-06-20 17:41:45 #1 store] 
Database 'C:\Users\34644\git\repository\IS-ITER\src\main\resources\bets.temp' is opened by 17788@MSI

[2022-06-20 17:41:45 #2 type.registry] 
New type domain.User

[2022-06-20 17:41:45 #3 type] 
Type domain.User is not enhanced.

[2022-06-20 17:41:45 #4 type.registry] 
New type domain.Pronostico

[2022-06-20 17:41:45 #5 type] 
Type domain.Pronostico is not enhanced.

[2022-06-20 17:41:45 #6 type.registry] 
New type domain.Question

[2022-06-20 17:41:45 #7 type] 
Type domain.Question is not enhanced.

[2022-06-20 17:41:45 #8 type.registry] 
New type java.util.Vector<domain.Pronostico>

[2022-06-20 17:41:45 #9 type.registry] 
New type domain.Event

[2022-06-20 17:41:45 #10 type] 
Type domain.Event is not enhanced.

[2022-06-20 17:41:45 #11 type.registry] 
New type java.util.Vector<domain.Question>

[2022-06-20 17:41:45 #12 type.registry] 
New type domain.Equipo

[2022-06-20 17:41:45 #13 type] 
Type domain.Equipo is not enhanced.

[2022-06-20 17:41:45 #14 type.registry] 
New type domain.Jugador

[2022-06-20 17:41:45 #15 type.registry] 
New type java.util.ArrayList<domain.Jugador>

[2022-06-20 17:41:45 #16 type] 
Type domain.Jugador is not enhanced.

[2022-06-20 17:41:45 #17 type.registry] 
New type java.util.ArrayList<java.lang.Object>

[2022-06-20 17:41:45 #18 type.registry] 
New type java.util.Vector<java.lang.Object>

[2022-06-20 17:41:45 #19 type.registry] 
New type java.util.ArrayList<domain.Pronostico>

------------------------------------------------------------------------------------------------------------------------

[2022-06-20 17:44:31 #1 store] 
Database 'C:\Users\34644\git\repository\IS-ITER\src\main\resources\bets.temp' is opened by 17208@MSI

[2022-06-20 17:44:32 #2 type.registry] 
New type domain.User

[2022-06-20 17:44:32 #3 type] 
Type domain.User is not enhanced.

[2022-06-20 17:44:32 #4 type.registry] 
New type domain.Pronostico

[2022-06-20 17:44:32 #5 type] 
Type domain.Pronostico is not enhanced.

[2022-06-20 17:44:32 #6 type.registry] 
New type domain.Question

[2022-06-20 17:44:32 #7 type] 
Type domain.Question is not enhanced.

[2022-06-20 17:44:32 #8 type.registry] 
New type java.util.Vector<domain.Pronostico>

[2022-06-20 17:44:32 #9 type.registry] 
New type domain.Event

[2022-06-20 17:44:32 #10 type] 
Type domain.Event is not enhanced.

[2022-06-20 17:44:32 #11 type.registry] 
New type java.util.Vector<domain.Question>

[2022-06-20 17:44:32 #12 type.registry] 
New type domain.Equipo

[2022-06-20 17:44:32 #13 type] 
Type domain.Equipo is not enhanced.

[2022-06-20 17:44:32 #14 type.registry] 
New type domain.Jugador

[2022-06-20 17:44:32 #15 type.registry] 
New type java.util.ArrayList<domain.Jugador>

[2022-06-20 17:44:32 #16 type] 
Type domain.Jugador is not enhanced.

[2022-06-20 17:44:32 #17 type.registry] 
New type java.util.ArrayList<java.lang.Object>

[2022-06-20 17:44:32 #18 type.registry] 
New type java.util.Vector<java.lang.Object>

[2022-06-20 17:44:32 #19 type.registry] 
New type java.util.ArrayList<domain.Pronostico>

------------------------------------------------------------------------------------------------------------------------

[2022-06-20 17:44:58 #1 store] 
Database 'C:\Users\34644\git\repository\IS-ITER\src\main\resources\bets.temp' has been recovered (tr. 1-8)

[2022-06-20 17:44:59 #2 store] 
Database 'C:\Users\34644\git\repository\IS-ITER\src\main\resources\bets.temp' is opened by 24536@MSI

[2022-06-20 17:44:59 #3 type] 
Type domain.User is not enhanced.

[2022-06-20 17:44:59 #4 type] 
Type domain.Pronostico is not enhanced.

[2022-06-20 17:44:59 #5 type] 
Type domain.Question is not enhanced.

[2022-06-20 17:44:59 #6 type] 
Type domain.Event is not enhanced.

[2022-06-20 17:44:59 #7 type] 
Type domain.Equipo is not enhanced.

[2022-06-20 17:44:59 #8 type] 
Type domain.Jugador is not enhanced.

------------------------------------------------------------------------------------------------------------------------

[2022-06-20 17:47:28 #1 store] 
Database 'C:\Users\34644\git\repository\IS-ITER\src\main\resources\bets.temp' is opened by 16628@MSI

[2022-06-20 17:47:28 #2 type] 
Type domain.User is not enhanced.

[2022-06-20 17:47:28 #3 type] 
Type domain.Pronostico is not enhanced.

[2022-06-20 17:47:28 #4 type] 
Type domain.Question is not enhanced.

[2022-06-20 17:47:28 #5 type] 
Type domain.Event is not enhanced.

[2022-06-20 17:47:28 #6 type] 
Type domain.Equipo is not enhanced.

[2022-06-20 17:47:28 #7 type] 
Type domain.Jugador is not enhanced.

------------------------------------------------------------------------------------------------------------------------

[2022-06-20 17:48:29 #1 store] 
Database 'C:\Users\34644\git\repository\IS-ITER\src\main\resources\bets.temp' is opened by 16340@MSI

[2022-06-20 17:48:29 #2 type] 
Type domain.User is not enhanced.

[2022-06-20 17:48:29 #3 type] 
Type domain.Pronostico is not enhanced.

[2022-06-20 17:48:29 #4 type] 
Type domain.Question is not enhanced.

[2022-06-20 17:48:29 #5 type] 
Type domain.Event is not enhanced.

[2022-06-20 17:48:29 #6 type] 
Type domain.Equipo is not enhanced.

[2022-06-20 17:48:29 #7 type] 
Type domain.Jugador is not enhanced.

------------------------------------------------------------------------------------------------------------------------

[2022-06-20 17:59:56 #1 store] 
Database 'C:\Users\34644\git\repository\IS-ITER\src\main\resources\bets.temp' is opened by 18356@MSI

[2022-06-20 17:59:56 #2 type] 
Type domain.User is not enhanced.

[2022-06-20 17:59:56 #3 type] 
Type domain.Pronostico is not enhanced.

[2022-06-20 17:59:56 #4 type] 
Type domain.Question is not enhanced.

[2022-06-20 17:59:56 #5 type] 
Type domain.Event is not enhanced.

[2022-06-20 17:59:56 #6 type] 
Type domain.Equipo is not enhanced.

[2022-06-20 17:59:56 #7 type] 
Type domain.Jugador is not enhanced.

------------------------------------------------------------------------------------------------------------------------

[2022-06-20 18:00:20 #1 store] 
Database 'C:\Users\34644\git\repository\IS-ITER\src\main\resources\bets.temp' is opened by 13520@MSI

[2022-06-20 18:00:21 #2 type.registry] 
New type domain.User

[2022-06-20 18:00:21 #3 type] 
Type domain.User is not enhanced.

[2022-06-20 18:00:21 #4 type.registry] 
New type domain.Pronostico

[2022-06-20 18:00:21 #5 type] 
Type domain.Pronostico is not enhanced.

[2022-06-20 18:00:21 #6 type.registry] 
New type domain.Question

[2022-06-20 18:00:21 #7 type] 
Type domain.Question is not enhanced.

[2022-06-20 18:00:21 #8 type.registry] 
New type java.util.Vector<domain.Pronostico>

[2022-06-20 18:00:21 #9 type.registry] 
New type domain.Event

[2022-06-20 18:00:21 #10 type] 
Type domain.Event is not enhanced.

[2022-06-20 18:00:21 #11 type.registry] 
New type java.util.Vector<domain.Question>

[2022-06-20 18:00:21 #12 type.registry] 
New type domain.Equipo

[2022-06-20 18:00:21 #13 type] 
Type domain.Equipo is not enhanced.

[2022-06-20 18:00:21 #14 type.registry] 
New type domain.Jugador

[2022-06-20 18:00:21 #15 type.registry] 
New type java.util.ArrayList<domain.Jugador>

[2022-06-20 18:00:21 #16 type] 
Type domain.Jugador is not enhanced.

[2022-06-20 18:00:21 #17 type.registry] 
New type java.util.ArrayList<java.lang.Object>

[2022-06-20 18:00:21 #18 type.registry] 
New type java.util.Vector<java.lang.Object>

[2022-06-20 18:00:21 #19 type.registry] 
New type java.util.ArrayList<domain.Pronostico>

------------------------------------------------------------------------------------------------------------------------

[2022-06-20 18:01:31 #1 store] 
Database 'C:\Users\34644\git\repository\IS-ITER\src\main\resources\bets.temp' is opened by 17420@MSI

[2022-06-20 18:01:31 #2 type.registry] 
New type domain.User

[2022-06-20 18:01:31 #3 type] 
Type domain.User is not enhanced.

[2022-06-20 18:01:31 #4 type.registry] 
New type domain.Pronostico

[2022-06-20 18:01:31 #5 type] 
Type domain.Pronostico is not enhanced.

[2022-06-20 18:01:31 #6 type.registry] 
New type domain.Question

[2022-06-20 18:01:31 #7 type] 
Type domain.Question is not enhanced.

[2022-06-20 18:01:31 #8 type.registry] 
New type java.util.Vector<domain.Pronostico>

[2022-06-20 18:01:31 #9 type.registry] 
New type domain.Event

[2022-06-20 18:01:31 #10 type] 
Type domain.Event is not enhanced.

[2022-06-20 18:01:31 #11 type.registry] 
New type java.util.Vector<domain.Question>

[2022-06-20 18:01:31 #12 type.registry] 
New type domain.Equipo

[2022-06-20 18:01:31 #13 type] 
Type domain.Equipo is not enhanced.

[2022-06-20 18:01:31 #14 type.registry] 
New type domain.Jugador

[2022-06-20 18:01:31 #15 type.registry] 
New type java.util.ArrayList<domain.Jugador>

[2022-06-20 18:01:31 #16 type] 
Type domain.Jugador is not enhanced.

[2022-06-20 18:01:31 #17 type.registry] 
New type java.util.ArrayList<java.lang.Object>

[2022-06-20 18:01:31 #18 type.registry] 
New type java.util.Vector<java.lang.Object>

[2022-06-20 18:01:31 #19 type.registry] 
New type java.util.ArrayList<domain.Pronostico>

------------------------------------------------------------------------------------------------------------------------

[2022-06-20 18:03:38 #1 store] 
Database 'C:\Users\34644\git\repository\IS-ITER\src\main\resources\bets.temp' is opened by 24108@MSI

[2022-06-20 18:03:38 #2 type.registry] 
New type domain.User

[2022-06-20 18:03:38 #3 type] 
Type domain.User is not enhanced.

[2022-06-20 18:03:38 #4 type.registry] 
New type domain.Pronostico

[2022-06-20 18:03:38 #5 type] 
Type domain.Pronostico is not enhanced.

[2022-06-20 18:03:38 #6 type.registry] 
New type domain.Question

[2022-06-20 18:03:38 #7 type] 
Type domain.Question is not enhanced.

[2022-06-20 18:03:38 #8 type.registry] 
New type java.util.Vector<domain.Pronostico>

[2022-06-20 18:03:38 #9 type.registry] 
New type domain.Event

[2022-06-20 18:03:38 #10 type] 
Type domain.Event is not enhanced.

[2022-06-20 18:03:38 #11 type.registry] 
New type java.util.Vector<domain.Question>

[2022-06-20 18:03:38 #12 type.registry] 
New type domain.Equipo

[2022-06-20 18:03:38 #13 type] 
Type domain.Equipo is not enhanced.

[2022-06-20 18:03:38 #14 type.registry] 
New type domain.Jugador

[2022-06-20 18:03:38 #15 type.registry] 
New type java.util.ArrayList<domain.Jugador>

[2022-06-20 18:03:38 #16 type] 
Type domain.Jugador is not enhanced.

[2022-06-20 18:03:38 #17 type.registry] 
New type java.util.ArrayList<java.lang.Object>

[2022-06-20 18:03:38 #18 type.registry] 
New type java.util.Vector<java.lang.Object>

[2022-06-20 18:03:38 #19 type.registry] 
New type java.util.ArrayList<domain.Pronostico>

------------------------------------------------------------------------------------------------------------------------

[2022-06-20 18:04:29 #1 store] 
Database 'C:\Users\34644\git\repository\IS-ITER\src\main\resources\bets.temp' is opened by 12756@MSI

[2022-06-20 18:04:29 #2 type.registry] 
New type domain.User

[2022-06-20 18:04:29 #3 type] 
Type domain.User is not enhanced.

[2022-06-20 18:04:29 #4 type.registry] 
New type domain.Pronostico

[2022-06-20 18:04:29 #5 type] 
Type domain.Pronostico is not enhanced.

[2022-06-20 18:04:29 #6 type.registry] 
New type domain.Question

[2022-06-20 18:04:29 #7 type] 
Type domain.Question is not enhanced.

[2022-06-20 18:04:29 #8 type.registry] 
New type java.util.Vector<domain.Pronostico>

[2022-06-20 18:04:29 #9 type.registry] 
New type domain.Event

[2022-06-20 18:04:29 #10 type] 
Type domain.Event is not enhanced.

[2022-06-20 18:04:29 #11 type.registry] 
New type java.util.Vector<domain.Question>

[2022-06-20 18:04:29 #12 type.registry] 
New type domain.Equipo

[2022-06-20 18:04:29 #13 type] 
Type domain.Equipo is not enhanced.

[2022-06-20 18:04:29 #14 type.registry] 
New type domain.Jugador

[2022-06-20 18:04:29 #15 type.registry] 
New type java.util.ArrayList<domain.Jugador>

[2022-06-20 18:04:29 #16 type] 
Type domain.Jugador is not enhanced.

[2022-06-20 18:04:29 #17 type.registry] 
New type java.util.ArrayList<java.lang.Object>

[2022-06-20 18:04:29 #18 type.registry] 
New type java.util.Vector<java.lang.Object>

[2022-06-20 18:04:29 #19 type.registry] 
New type java.util.ArrayList<domain.Pronostico>

------------------------------------------------------------------------------------------------------------------------

[2022-06-20 18:08:13 #1 store] 
Database 'C:\Users\34644\git\repository\IS-ITER\src\main\resources\bets.temp' is opened by 12152@MSI

[2022-06-20 18:08:13 #2 type.registry] 
New type domain.User

[2022-06-20 18:08:13 #3 type] 
Type domain.User is not enhanced.

[2022-06-20 18:08:13 #4 type.registry] 
New type domain.Pronostico

[2022-06-20 18:08:13 #5 type] 
Type domain.Pronostico is not enhanced.

[2022-06-20 18:08:13 #6 type.registry] 
New type domain.Question

[2022-06-20 18:08:13 #7 type] 
Type domain.Question is not enhanced.

[2022-06-20 18:08:13 #8 type.registry] 
New type java.util.Vector<domain.Pronostico>

[2022-06-20 18:08:13 #9 type.registry] 
New type domain.Event

[2022-06-20 18:08:13 #10 type] 
Type domain.Event is not enhanced.

[2022-06-20 18:08:13 #11 type.registry] 
New type java.util.Vector<domain.Question>

[2022-06-20 18:08:13 #12 type.registry] 
New type domain.Equipo

[2022-06-20 18:08:13 #13 type] 
Type domain.Equipo is not enhanced.

[2022-06-20 18:08:13 #14 type.registry] 
New type domain.Jugador

[2022-06-20 18:08:13 #15 type.registry] 
New type java.util.ArrayList<domain.Jugador>

[2022-06-20 18:08:13 #16 type] 
Type domain.Jugador is not enhanced.

[2022-06-20 18:08:13 #17 type.registry] 
New type java.util.ArrayList<java.lang.Object>

[2022-06-20 18:08:13 #18 type.registry] 
New type java.util.Vector<java.lang.Object>

[2022-06-20 18:08:13 #19 type.registry] 
New type java.util.ArrayList<domain.Pronostico>

------------------------------------------------------------------------------------------------------------------------

[2022-06-20 18:12:40 #1 store] 
Database 'C:\Users\34644\git\repository\IS-ITER\src\main\resources\bets.temp' is opened by 4764@MSI

[2022-06-20 18:12:41 #2 type.registry] 
New type domain.User

[2022-06-20 18:12:41 #3 type] 
Type domain.User is not enhanced.

[2022-06-20 18:12:41 #4 type.registry] 
New type domain.Pronostico

[2022-06-20 18:12:41 #5 type] 
Type domain.Pronostico is not enhanced.

[2022-06-20 18:12:41 #6 type.registry] 
New type domain.Question

[2022-06-20 18:12:41 #7 type] 
Type domain.Question is not enhanced.

[2022-06-20 18:12:41 #8 type.registry] 
New type java.util.Vector<domain.Pronostico>

[2022-06-20 18:12:41 #9 type.registry] 
New type domain.Event

[2022-06-20 18:12:41 #10 type] 
Type domain.Event is not enhanced.

[2022-06-20 18:12:41 #11 type.registry] 
New type java.util.Vector<domain.Question>

[2022-06-20 18:12:41 #12 type.registry] 
New type domain.Equipo

[2022-06-20 18:12:41 #13 type] 
Type domain.Equipo is not enhanced.

[2022-06-20 18:12:41 #14 type.registry] 
New type domain.Jugador

[2022-06-20 18:12:41 #15 type.registry] 
New type java.util.ArrayList<domain.Jugador>

[2022-06-20 18:12:41 #16 type] 
Type domain.Jugador is not enhanced.

[2022-06-20 18:12:41 #17 type.registry] 
New type java.util.ArrayList<java.lang.Object>

[2022-06-20 18:12:41 #18 type.registry] 
New type java.util.Vector<java.lang.Object>

[2022-06-20 18:12:41 #19 type.registry] 
New type java.util.ArrayList<domain.Pronostico>

------------------------------------------------------------------------------------------------------------------------

[2022-06-20 18:13:19 #1 store] 
Database 'C:\Users\34644\git\repository\IS-ITER\src\main\resources\bets.temp' has been recovered (tr. 1-8)

[2022-06-20 18:13:19 #2 store] 
Database 'C:\Users\34644\git\repository\IS-ITER\src\main\resources\bets.temp' is opened by 8924@MSI

[2022-06-20 18:13:19 #3 type] 
Type domain.User is not enhanced.

[2022-06-20 18:13:19 #4 type] 
Type domain.Pronostico is not enhanced.

[2022-06-20 18:13:19 #5 type] 
Type domain.Question is not enhanced.

[2022-06-20 18:13:19 #6 type] 
Type domain.Event is not enhanced.

[2022-06-20 18:13:19 #7 type] 
Type domain.Equipo is not enhanced.

[2022-06-20 18:13:19 #8 type] 
Type domain.Jugador is not enhanced.

------------------------------------------------------------------------------------------------------------------------

[2022-06-20 18:17:55 #1 store] 
Database 'C:\Users\34644\git\repository\IS-ITER\src\main\resources\bets.temp' is opened by 15492@MSI

[2022-06-20 18:17:55 #2 type] 
Type domain.User is not enhanced.

[2022-06-20 18:17:55 #3 type] 
Type domain.Pronostico is not enhanced.

[2022-06-20 18:17:55 #4 type] 
Type domain.Question is not enhanced.

[2022-06-20 18:17:55 #5 type] 
Type domain.Event is not enhanced.

[2022-06-20 18:17:55 #6 type] 
Type domain.Equipo is not enhanced.

[2022-06-20 18:17:55 #7 type] 
Type domain.Jugador is not enhanced.

------------------------------------------------------------------------------------------------------------------------

[2022-06-20 18:20:21 #1 store] 
Database 'C:\Users\34644\git\repository\IS-ITER\src\main\resources\bets.temp' is opened by 3576@MSI

[2022-06-20 18:20:21 #2 type] 
Type domain.User is not enhanced.

[2022-06-20 18:20:21 #3 type] 
Type domain.Pronostico is not enhanced.

[2022-06-20 18:20:21 #4 type] 
Type domain.Question is not enhanced.

[2022-06-20 18:20:21 #5 type] 
Type domain.Event is not enhanced.

[2022-06-20 18:20:21 #6 type] 
Type domain.Equipo is not enhanced.

[2022-06-20 18:20:21 #7 type] 
Type domain.Jugador is not enhanced.

------------------------------------------------------------------------------------------------------------------------

[2022-06-20 18:22:06 #1 store] 
Database 'C:\Users\34644\git\repository\IS-ITER\src\main\resources\bets.temp' is opened by 1712@MSI

[2022-06-20 18:22:06 #2 type] 
Type domain.User is not enhanced.

[2022-06-20 18:22:06 #3 type] 
Type domain.Pronostico is not enhanced.

[2022-06-20 18:22:06 #4 type] 
Type domain.Question is not enhanced.

[2022-06-20 18:22:06 #5 type] 
Type domain.Event is not enhanced.

[2022-06-20 18:22:06 #6 type] 
Type domain.Equipo is not enhanced.

[2022-06-20 18:22:06 #7 type] 
Type domain.Jugador is not enhanced.

------------------------------------------------------------------------------------------------------------------------

[2022-06-20 18:22:33 #1 store] 
Database 'C:\Users\34644\git\repository\IS-ITER\src\main\resources\bets.temp' is opened by 10012@MSI

[2022-06-20 18:22:33 #2 type] 
Type domain.User is not enhanced.

[2022-06-20 18:22:33 #3 type] 
Type domain.Pronostico is not enhanced.

[2022-06-20 18:22:33 #4 type] 
Type domain.Question is not enhanced.

[2022-06-20 18:22:33 #5 type] 
Type domain.Event is not enhanced.

[2022-06-20 18:22:33 #6 type] 
Type domain.Equipo is not enhanced.

[2022-06-20 18:22:33 #7 type] 
Type domain.Jugador is not enhanced.

------------------------------------------------------------------------------------------------------------------------

[2022-06-20 18:23:12 #1 store] 
Database 'C:\Users\34644\git\repository\IS-ITER\src\main\resources\bets.temp' is opened by 5656@MSI

[2022-06-20 18:23:12 #2 type] 
Type domain.User is not enhanced.

[2022-06-20 18:23:12 #3 type] 
Type domain.Pronostico is not enhanced.

[2022-06-20 18:23:12 #4 type] 
Type domain.Question is not enhanced.

[2022-06-20 18:23:12 #5 type] 
Type domain.Event is not enhanced.

[2022-06-20 18:23:12 #6 type] 
Type domain.Equipo is not enhanced.

[2022-06-20 18:23:12 #7 type] 
Type domain.Jugador is not enhanced.

------------------------------------------------------------------------------------------------------------------------

[2022-06-20 18:24:31 #1 store] 
Database 'C:\Users\34644\git\repository\IS-ITER\src\main\resources\bets.temp' is opened by 22956@MSI

[2022-06-20 18:24:31 #2 type] 
Type domain.User is not enhanced.

[2022-06-20 18:24:31 #3 type] 
Type domain.Pronostico is not enhanced.

[2022-06-20 18:24:31 #4 type] 
Type domain.Question is not enhanced.

[2022-06-20 18:24:31 #5 type] 
Type domain.Event is not enhanced.

[2022-06-20 18:24:31 #6 type] 
Type domain.Equipo is not enhanced.

[2022-06-20 18:24:31 #7 type] 
Type domain.Jugador is not enhanced.

------------------------------------------------------------------------------------------------------------------------

[2022-06-20 18:27:39 #1 store] 
Database 'C:\Users\34644\git\repository\IS-ITER\src\main\resources\bets.temp' is opened by 26576@MSI

[2022-06-20 18:27:39 #2 type] 
Type domain.User is not enhanced.

[2022-06-20 18:27:39 #3 type] 
Type domain.Pronostico is not enhanced.

[2022-06-20 18:27:39 #4 type] 
Type domain.Question is not enhanced.

[2022-06-20 18:27:39 #5 type] 
Type domain.Event is not enhanced.

[2022-06-20 18:27:39 #6 type] 
Type domain.Equipo is not enhanced.

[2022-06-20 18:27:39 #7 type] 
Type domain.Jugador is not enhanced.

------------------------------------------------------------------------------------------------------------------------

[2022-06-20 18:28:19 #1 store] 
Database 'C:\Users\34644\git\repository\IS-ITER\src\main\resources\bets.temp' is opened by 9360@MSI

[2022-06-20 18:28:19 #2 type] 
Type domain.User is not enhanced.

[2022-06-20 18:28:19 #3 type] 
Type domain.Pronostico is not enhanced.

[2022-06-20 18:28:19 #4 type] 
Type domain.Question is not enhanced.

[2022-06-20 18:28:19 #5 type] 
Type domain.Event is not enhanced.

[2022-06-20 18:28:19 #6 type] 
Type domain.Equipo is not enhanced.

[2022-06-20 18:28:19 #7 type] 
Type domain.Jugador is not enhanced.

------------------------------------------------------------------------------------------------------------------------

[2022-06-20 18:33:29 #1 store] 
Database 'C:\Users\34644\git\repository\IS-ITER\src\main\resources\bets.temp' is opened by 10928@MSI

[2022-06-20 18:33:30 #2 type] 
Type domain.User is not enhanced.

[2022-06-20 18:33:30 #3 type] 
Type domain.Pronostico is not enhanced.

[2022-06-20 18:33:30 #4 type] 
Type domain.Question is not enhanced.

[2022-06-20 18:33:30 #5 type] 
Type domain.Event is not enhanced.

[2022-06-20 18:33:30 #6 type] 
Type domain.Equipo is not enhanced.

[2022-06-20 18:33:30 #7 type] 
Type domain.Jugador is not enhanced.

------------------------------------------------------------------------------------------------------------------------

[2022-06-20 18:34:41 #1 store] 
Database 'C:\Users\34644\git\repository\IS-ITER\src\main\resources\bets.temp' is opened by 2200@MSI

[2022-06-20 18:34:41 #2 type] 
Type domain.User is not enhanced.

[2022-06-20 18:34:41 #3 type] 
Type domain.Pronostico is not enhanced.

[2022-06-20 18:34:41 #4 type] 
Type domain.Question is not enhanced.

[2022-06-20 18:34:41 #5 type] 
Type domain.Event is not enhanced.

[2022-06-20 18:34:41 #6 type] 
Type domain.Equipo is not enhanced.

[2022-06-20 18:34:41 #7 type] 
Type domain.Jugador is not enhanced.

------------------------------------------------------------------------------------------------------------------------

[2022-06-20 19:02:20 #1 store] 
Database 'C:\Users\34644\git\repository\IS-ITER\src\main\resources\bets.temp' is opened by 3528@MSI

[2022-06-20 19:02:21 #2 type] 
Type domain.User is not enhanced.

[2022-06-20 19:02:21 #3 type] 
Type domain.Pronostico is not enhanced.

[2022-06-20 19:02:21 #4 type] 
Type domain.Question is not enhanced.

[2022-06-20 19:02:21 #5 type] 
Type domain.Event is not enhanced.

[2022-06-20 19:02:21 #6 type] 
Type domain.Equipo is not enhanced.

[2022-06-20 19:02:21 #7 type] 
Type domain.Jugador is not enhanced.

------------------------------------------------------------------------------------------------------------------------

[2022-06-20 19:03:28 #1 store] 
Database 'C:\Users\34644\git\repository\IS-ITER\src\main\resources\bets.temp' is opened by 19976@MSI

[2022-06-20 19:03:28 #2 type] 
Type domain.User is not enhanced.

[2022-06-20 19:03:28 #3 type] 
Type domain.Pronostico is not enhanced.

[2022-06-20 19:03:28 #4 type] 
Type domain.Question is not enhanced.

[2022-06-20 19:03:28 #5 type] 
Type domain.Event is not enhanced.

[2022-06-20 19:03:28 #6 type] 
Type domain.Equipo is not enhanced.

[2022-06-20 19:03:28 #7 type] 
Type domain.Jugador is not enhanced.

------------------------------------------------------------------------------------------------------------------------

[2022-06-20 19:04:26 #1 store] 
Database 'C:\Users\34644\git\repository\IS-ITER\src\main\resources\bets.temp' is opened by 24644@MSI

[2022-06-20 19:04:26 #2 type] 
Type domain.User is not enhanced.

[2022-06-20 19:04:26 #3 type] 
Type domain.Pronostico is not enhanced.

[2022-06-20 19:04:26 #4 type] 
Type domain.Question is not enhanced.

[2022-06-20 19:04:26 #5 type] 
Type domain.Event is not enhanced.

[2022-06-20 19:04:26 #6 type] 
Type domain.Equipo is not enhanced.

[2022-06-20 19:04:26 #7 type] 
Type domain.Jugador is not enhanced.

------------------------------------------------------------------------------------------------------------------------

[2022-06-20 19:06:28 #1 store] 
Database 'C:\Users\34644\git\repository\IS-ITER\src\main\resources\bets.temp' is opened by 22636@MSI

[2022-06-20 19:06:28 #2 type] 
Type domain.User is not enhanced.

[2022-06-20 19:06:28 #3 type] 
Type domain.Pronostico is not enhanced.

[2022-06-20 19:06:28 #4 type] 
Type domain.Question is not enhanced.

[2022-06-20 19:06:28 #5 type] 
Type domain.Event is not enhanced.

[2022-06-20 19:06:28 #6 type] 
Type domain.Equipo is not enhanced.

[2022-06-20 19:06:28 #7 type] 
Type domain.Jugador is not enhanced.

------------------------------------------------------------------------------------------------------------------------

[2022-06-20 19:06:56 #1 store] 
Database 'C:\Users\34644\git\repository\IS-ITER\src\main\resources\bets.temp' is opened by 21636@MSI

[2022-06-20 19:06:56 #2 type] 
Type domain.User is not enhanced.

[2022-06-20 19:06:56 #3 type] 
Type domain.Pronostico is not enhanced.

[2022-06-20 19:06:56 #4 type] 
Type domain.Question is not enhanced.

[2022-06-20 19:06:56 #5 type] 
Type domain.Event is not enhanced.

[2022-06-20 19:06:56 #6 type] 
Type domain.Equipo is not enhanced.

[2022-06-20 19:06:56 #7 type] 
Type domain.Jugador is not enhanced.

------------------------------------------------------------------------------------------------------------------------

[2022-06-20 19:13:10 #1 store] 
Database 'C:\Users\34644\git\repository\IS-ITER\src\main\resources\bets.temp' is opened by 21392@MSI

[2022-06-20 19:13:10 #2 type] 
Type domain.User is not enhanced.

[2022-06-20 19:13:10 #3 type] 
Type domain.Pronostico is not enhanced.

[2022-06-20 19:13:10 #4 type] 
Type domain.Question is not enhanced.

[2022-06-20 19:13:10 #5 type] 
Type domain.Event is not enhanced.

[2022-06-20 19:13:10 #6 type] 
Type domain.Equipo is not enhanced.

[2022-06-20 19:13:10 #7 type] 
Type domain.Jugador is not enhanced.

------------------------------------------------------------------------------------------------------------------------

[2022-06-20 19:18:55 #1 store] 
Database 'C:\Users\34644\git\repository\IS-ITER\src\main\resources\bets.temp' is opened by 25088@MSI

[2022-06-20 19:18:55 #2 type] 
Type domain.User is not enhanced.

[2022-06-20 19:18:55 #3 type] 
Type domain.Pronostico is not enhanced.

[2022-06-20 19:18:55 #4 type] 
Type domain.Question is not enhanced.

[2022-06-20 19:18:55 #5 type] 
Type domain.Event is not enhanced.

[2022-06-20 19:18:55 #6 type] 
Type domain.Equipo is not enhanced.

[2022-06-20 19:18:55 #7 type] 
Type domain.Jugador is not enhanced.

------------------------------------------------------------------------------------------------------------------------

[2022-06-20 19:27:38 #1 store] 
Database 'C:\Users\34644\git\repository\IS-ITER\src\main\resources\bets.temp' is opened by 12104@MSI

[2022-06-20 19:27:38 #2 type] 
Type domain.User is not enhanced.

[2022-06-20 19:27:38 #3 type] 
Type domain.Pronostico is not enhanced.

[2022-06-20 19:27:38 #4 type] 
Type domain.Question is not enhanced.

[2022-06-20 19:27:38 #5 type] 
Type domain.Event is not enhanced.

[2022-06-20 19:27:38 #6 type] 
Type domain.Equipo is not enhanced.

[2022-06-20 19:27:38 #7 type] 
Type domain.Jugador is not enhanced.

------------------------------------------------------------------------------------------------------------------------

[2022-06-20 19:37:25 #1 store] 
Database 'C:\Users\34644\git\repository\IS-ITER\src\main\resources\bets.temp' is opened by 6872@MSI

------------------------------------------------------------------------------------------------------------------------

[2022-06-20 19:38:40 #1 store] 
Database 'C:\Users\34644\git\repository\IS-ITER\src\main\resources\bets.temp' is opened by 26288@MSI

[2022-06-20 19:38:40 #2 type.registry] 
New type domain.User

[2022-06-20 19:38:40 #3 type] 
Type domain.User is not enhanced.

[2022-06-20 19:38:40 #4 type.registry] 
New type domain.Pronostico

[2022-06-20 19:38:40 #5 type] 
Type domain.Pronostico is not enhanced.

[2022-06-20 19:38:40 #6 type.registry] 
New type domain.Question

[2022-06-20 19:38:40 #7 type] 
Type domain.Question is not enhanced.

[2022-06-20 19:38:40 #8 type.registry] 
New type java.util.Vector<domain.Pronostico>

[2022-06-20 19:38:40 #9 type.registry] 
New type domain.Event

[2022-06-20 19:38:40 #10 type] 
Type domain.Event is not enhanced.

[2022-06-20 19:38:40 #11 type.registry] 
New type java.util.Vector<domain.Question>

[2022-06-20 19:38:40 #12 type.registry] 
New type domain.Equipo

[2022-06-20 19:38:40 #13 type] 
Type domain.Equipo is not enhanced.

[2022-06-20 19:38:40 #14 type.registry] 
New type domain.Jugador

[2022-06-20 19:38:40 #15 type.registry] 
New type java.util.ArrayList<domain.Jugador>

[2022-06-20 19:38:40 #16 type] 
Type domain.Jugador is not enhanced.

[2022-06-20 19:38:40 #17 type.registry] 
New type java.util.ArrayList<java.lang.Object>

[2022-06-20 19:38:40 #18 type.registry] 
New type java.util.Vector<java.lang.Object>

[2022-06-20 19:38:40 #19 type.registry] 
New type java.util.ArrayList<domain.Pronostico>

