------------------------------------------------------------------------------------------------------------------------

[2022-05-27 12:46:46 #1 store] 
Database 'C:\Users\34644\git\repository\IS-ITER\src\main\resources\bets.temp' is opened by 32492@MSI

[2022-05-27 12:46:47 #2 type] 
Type domain.User is not enhanced.

[2022-05-27 12:46:48 #3 type] 
Type domain.Question is not enhanced.

[2022-05-27 12:46:48 #4 type] 
Type domain.Pronostico is not enhanced.

[2022-05-27 12:46:48 #5 type] 
Type domain.Event is not enhanced.

[2022-05-27 12:46:48 #6 type] 
Type domain.EquipoJugador is not enhanced.

------------------------------------------------------------------------------------------------------------------------

[2022-05-27 12:49:56 #1 store] 
Database 'C:\Users\34644\git\repository\IS-ITER\src\main\resources\bets.temp' is opened by 31808@MSI

[2022-05-27 12:49:56 #2 type] 
Type domain.User is not enhanced.

[2022-05-27 12:49:57 #3 type] 
Type domain.Question is not enhanced.

[2022-05-27 12:49:57 #4 type] 
Type domain.Pronostico is not enhanced.

[2022-05-27 12:49:57 #5 type] 
Type domain.Event is not enhanced.

[2022-05-27 12:49:57 #6 type] 
Type domain.EquipoJugador is not enhanced.

------------------------------------------------------------------------------------------------------------------------

[2022-05-27 12:50:41 #1 store] 
Database 'C:\Users\34644\git\repository\IS-ITER\src\main\resources\bets.temp' has been recovered (tr. 18-18)

[2022-05-27 12:50:41 #2 store] 
Database 'C:\Users\34644\git\repository\IS-ITER\src\main\resources\bets.temp' is opened by 14760@MSI

[2022-05-27 12:50:41 #3 type] 
Type domain.User is not enhanced.

[2022-05-27 12:50:41 #4 type] 
Type domain.Question is not enhanced.

[2022-05-27 12:50:41 #5 type] 
Type domain.Pronostico is not enhanced.

[2022-05-27 12:50:41 #6 type] 
Type domain.Event is not enhanced.

[2022-05-27 12:50:41 #7 type] 
Type domain.EquipoJugador is not enhanced.

------------------------------------------------------------------------------------------------------------------------

[2022-05-27 12:53:47 #1 store] 
Database 'C:\Users\34644\git\repository\IS-ITER\src\main\resources\bets.temp' is opened by 15020@MSI

[2022-05-27 12:53:47 #2 type.registry] 
New type domain.User

[2022-05-27 12:53:47 #3 type] 
Type domain.User is not enhanced.

[2022-05-27 12:53:47 #4 type.registry] 
New type domain.Question

[2022-05-27 12:53:47 #5 type.registry] 
New type domain.Pronostico

[2022-05-27 12:53:47 #6 type] 
Type domain.Question is not enhanced.

[2022-05-27 12:53:47 #7 type.registry] 
New type java.util.Vector<domain.Pronostico>

[2022-05-27 12:53:47 #8 type.registry] 
New type domain.Event

[2022-05-27 12:53:47 #9 type] 
Type domain.Pronostico is not enhanced.

[2022-05-27 12:53:47 #10 type.registry] 
New type domain.EquipoJugador

[2022-05-27 12:53:47 #11 type.registry] 
New type java.util.Vector<domain.EquipoJugador>

[2022-05-27 12:53:47 #12 type] 
Type domain.Event is not enhanced.

[2022-05-27 12:53:47 #13 type.registry] 
New type java.util.Vector<domain.Question>

[2022-05-27 12:53:47 #14 type] 
Type domain.EquipoJugador is not enhanced.

[2022-05-27 12:53:47 #15 type.registry] 
New type java.util.ArrayList<java.lang.Object>

[2022-05-27 12:53:47 #16 type.registry] 
New type java.util.Vector<java.lang.Object>

[2022-05-27 12:53:47 #17 type.registry] 
New type java.util.ArrayList<domain.Pronostico>

[2022-05-27 12:53:47 #18 type.registry] 
New type java.util.ArrayList<domain.Question>

------------------------------------------------------------------------------------------------------------------------

[2022-05-27 12:56:52 #1 store] 
Database 'C:\Users\34644\git\repository\IS-ITER\src\main\resources\bets.temp' is opened by 20436@MSI

[2022-05-27 12:56:52 #2 type] 
Type domain.User is not enhanced.

[2022-05-27 12:56:52 #3 type] 
Type domain.Question is not enhanced.

[2022-05-27 12:56:52 #4 type] 
Type domain.Pronostico is not enhanced.

[2022-05-27 12:56:52 #5 type] 
Type domain.Event is not enhanced.

[2022-05-27 12:56:52 #6 type] 
Type domain.EquipoJugador is not enhanced.

------------------------------------------------------------------------------------------------------------------------

[2022-05-27 12:57:53 #1 store] 
Database 'C:\Users\34644\git\repository\IS-ITER\src\main\resources\bets.temp' has been recovered (tr. 9-9)

[2022-05-27 12:57:53 #2 store] 
Database 'C:\Users\34644\git\repository\IS-ITER\src\main\resources\bets.temp' is opened by 5492@MSI

[2022-05-27 12:57:53 #3 type] 
Type domain.User is not enhanced.

[2022-05-27 12:57:53 #4 type] 
Type domain.Question is not enhanced.

[2022-05-27 12:57:53 #5 type] 
Type domain.Pronostico is not enhanced.

[2022-05-27 12:57:53 #6 type] 
Type domain.Event is not enhanced.

[2022-05-27 12:57:53 #7 type] 
Type domain.EquipoJugador is not enhanced.

------------------------------------------------------------------------------------------------------------------------

[2022-05-27 12:58:59 #1 store] 
Database 'C:\Users\34644\git\repository\IS-ITER\src\main\resources\bets.temp' has been recovered (tr. 10-10)

[2022-05-27 12:58:59 #2 store] 
Database 'C:\Users\34644\git\repository\IS-ITER\src\main\resources\bets.temp' is opened by 11404@MSI

[2022-05-27 12:58:59 #3 type] 
Type domain.User is not enhanced.

[2022-05-27 12:58:59 #4 type] 
Type domain.Question is not enhanced.

[2022-05-27 12:58:59 #5 type] 
Type domain.Pronostico is not enhanced.

[2022-05-27 12:58:59 #6 type] 
Type domain.Event is not enhanced.

[2022-05-27 12:58:59 #7 type] 
Type domain.EquipoJugador is not enhanced.

------------------------------------------------------------------------------------------------------------------------

[2022-05-27 13:03:40 #1 store] 
Database 'C:\Users\34644\git\repository\IS-ITER\src\main\resources\bets.temp' is opened by 27652@MSI

[2022-05-27 13:03:40 #2 type] 
Type domain.User is not enhanced.

[2022-05-27 13:03:40 #3 type] 
Type domain.Question is not enhanced.

[2022-05-27 13:03:40 #4 type] 
Type domain.Pronostico is not enhanced.

[2022-05-27 13:03:40 #5 type] 
Type domain.Event is not enhanced.

[2022-05-27 13:03:40 #6 type] 
Type domain.EquipoJugador is not enhanced.

------------------------------------------------------------------------------------------------------------------------

[2022-05-27 13:08:44 #1 store] 
Database 'C:\Users\34644\git\repository\IS-ITER\src\main\resources\bets.temp' is opened by 13368@MSI

[2022-05-27 13:08:44 #2 type] 
Type domain.User is not enhanced.

[2022-05-27 13:08:44 #3 type] 
Type domain.Question is not enhanced.

[2022-05-27 13:08:44 #4 type] 
Type domain.Pronostico is not enhanced.

[2022-05-27 13:08:44 #5 type] 
Type domain.Event is not enhanced.

[2022-05-27 13:08:44 #6 type] 
Type domain.EquipoJugador is not enhanced.

------------------------------------------------------------------------------------------------------------------------

[2022-05-27 13:10:04 #1 store] 
Database 'C:\Users\34644\git\repository\IS-ITER\src\main\resources\bets.temp' is opened by 18412@MSI

[2022-05-27 13:10:04 #2 type.registry] 
New type domain.User

[2022-05-27 13:10:04 #3 type] 
Type domain.User is not enhanced.

[2022-05-27 13:10:04 #4 type.registry] 
New type domain.Question

[2022-05-27 13:10:04 #5 type.registry] 
New type domain.Pronostico

[2022-05-27 13:10:04 #6 type] 
Type domain.Question is not enhanced.

[2022-05-27 13:10:04 #7 type.registry] 
New type java.util.Vector<domain.Pronostico>

[2022-05-27 13:10:04 #8 type.registry] 
New type domain.Event

[2022-05-27 13:10:04 #9 type] 
Type domain.Pronostico is not enhanced.

[2022-05-27 13:10:04 #10 type.registry] 
New type domain.EquipoJugador

[2022-05-27 13:10:04 #11 type.registry] 
New type java.util.Vector<domain.EquipoJugador>

[2022-05-27 13:10:04 #12 type] 
Type domain.Event is not enhanced.

[2022-05-27 13:10:04 #13 type.registry] 
New type java.util.Vector<domain.Question>

[2022-05-27 13:10:04 #14 type] 
Type domain.EquipoJugador is not enhanced.

[2022-05-27 13:10:04 #15 type.registry] 
New type java.util.ArrayList<java.lang.Object>

[2022-05-27 13:10:04 #16 type.registry] 
New type java.util.Vector<java.lang.Object>

[2022-05-27 13:10:04 #17 type.registry] 
New type java.util.ArrayList<domain.Pronostico>

[2022-05-27 13:10:04 #18 type.registry] 
New type java.util.ArrayList<domain.Question>

------------------------------------------------------------------------------------------------------------------------

[2022-05-27 13:10:16 #1 store] 
Database 'C:\Users\34644\git\repository\IS-ITER\src\main\resources\bets.temp' has been recovered (tr. 1-8)

[2022-05-27 13:10:16 #2 store] 
Database 'C:\Users\34644\git\repository\IS-ITER\src\main\resources\bets.temp' is opened by 29420@MSI

[2022-05-27 13:10:16 #3 type] 
Type domain.User is not enhanced.

[2022-05-27 13:10:16 #4 type] 
Type domain.Question is not enhanced.

[2022-05-27 13:10:16 #5 type] 
Type domain.Pronostico is not enhanced.

[2022-05-27 13:10:16 #6 type] 
Type domain.Event is not enhanced.

[2022-05-27 13:10:16 #7 type] 
Type domain.EquipoJugador is not enhanced.

------------------------------------------------------------------------------------------------------------------------

[2022-05-27 13:18:36 #1 store] 
Database 'C:\Users\34644\git\repository\IS-ITER\src\main\resources\bets.temp' is opened by 23796@MSI

[2022-05-27 13:18:36 #2 type.registry] 
New type domain.User

[2022-05-27 13:18:36 #3 type] 
Type domain.User is not enhanced.

[2022-05-27 13:18:36 #4 type.registry] 
New type domain.Question

[2022-05-27 13:18:36 #5 type.registry] 
New type domain.Pronostico

[2022-05-27 13:18:36 #6 type] 
Type domain.Question is not enhanced.

[2022-05-27 13:18:36 #7 type.registry] 
New type java.util.Vector<domain.Pronostico>

[2022-05-27 13:18:36 #8 type.registry] 
New type domain.Event

[2022-05-27 13:18:36 #9 type] 
Type domain.Pronostico is not enhanced.

[2022-05-27 13:18:36 #10 type.registry] 
New type domain.EquipoJugador

[2022-05-27 13:18:36 #11 type.registry] 
New type java.util.Vector<domain.EquipoJugador>

[2022-05-27 13:18:36 #12 type] 
Type domain.Event is not enhanced.

[2022-05-27 13:18:36 #13 type.registry] 
New type java.util.Vector<domain.Question>

[2022-05-27 13:18:36 #14 type] 
Type domain.EquipoJugador is not enhanced.

[2022-05-27 13:18:36 #15 type.registry] 
New type java.util.ArrayList<java.lang.Object>

[2022-05-27 13:18:36 #16 type.registry] 
New type java.util.Vector<java.lang.Object>

[2022-05-27 13:18:36 #17 type.registry] 
New type java.util.ArrayList<domain.Pronostico>

[2022-05-27 13:18:36 #18 type.registry] 
New type java.util.ArrayList<domain.Question>

------------------------------------------------------------------------------------------------------------------------

[2022-05-27 13:19:16 #1 store] 
Database 'C:\Users\34644\git\repository\IS-ITER\src\main\resources\bets.temp' is opened by 23080@MSI

[2022-05-27 13:19:17 #2 type.registry] 
New type domain.User

[2022-05-27 13:19:17 #3 type] 
Type domain.User is not enhanced.

[2022-05-27 13:19:17 #4 type.registry] 
New type domain.Question

[2022-05-27 13:19:17 #5 type.registry] 
New type domain.Pronostico

[2022-05-27 13:19:17 #6 type] 
Type domain.Question is not enhanced.

[2022-05-27 13:19:17 #7 type.registry] 
New type java.util.Vector<domain.Pronostico>

[2022-05-27 13:19:17 #8 type.registry] 
New type domain.Event

[2022-05-27 13:19:17 #9 type] 
Type domain.Pronostico is not enhanced.

[2022-05-27 13:19:17 #10 type.registry] 
New type domain.EquipoJugador

[2022-05-27 13:19:17 #11 type.registry] 
New type java.util.Vector<domain.EquipoJugador>

[2022-05-27 13:19:17 #12 type] 
Type domain.Event is not enhanced.

[2022-05-27 13:19:17 #13 type.registry] 
New type java.util.Vector<domain.Question>

[2022-05-27 13:19:17 #14 type] 
Type domain.EquipoJugador is not enhanced.

[2022-05-27 13:19:17 #15 type.registry] 
New type java.util.ArrayList<java.lang.Object>

[2022-05-27 13:19:17 #16 type.registry] 
New type java.util.Vector<java.lang.Object>

[2022-05-27 13:19:17 #17 type.registry] 
New type java.util.ArrayList<domain.Pronostico>

[2022-05-27 13:19:17 #18 type.registry] 
New type java.util.ArrayList<domain.Question>

------------------------------------------------------------------------------------------------------------------------

[2022-05-27 13:19:50 #1 store] 
Database 'C:\Users\34644\git\repository\IS-ITER\src\main\resources\bets.temp' is opened by 19952@MSI

[2022-05-27 13:19:50 #2 type] 
Type domain.User is not enhanced.

[2022-05-27 13:19:50 #3 type] 
Type domain.Question is not enhanced.

[2022-05-27 13:19:50 #4 type] 
Type domain.Pronostico is not enhanced.

[2022-05-27 13:19:50 #5 type] 
Type domain.Event is not enhanced.

[2022-05-27 13:19:50 #6 type] 
Type domain.EquipoJugador is not enhanced.

------------------------------------------------------------------------------------------------------------------------

[2022-05-27 13:23:13 #1 store] 
Database 'C:\Users\34644\git\repository\IS-ITER\src\main\resources\bets.temp' is opened by 31244@MSI

[2022-05-27 13:23:13 #2 type] 
Type domain.User is not enhanced.

[2022-05-27 13:23:13 #3 type] 
Type domain.Question is not enhanced.

[2022-05-27 13:23:13 #4 type] 
Type domain.Pronostico is not enhanced.

[2022-05-27 13:23:13 #5 type] 
Type domain.Event is not enhanced.

[2022-05-27 13:23:13 #6 type] 
Type domain.EquipoJugador is not enhanced.

------------------------------------------------------------------------------------------------------------------------

[2022-05-27 15:09:19 #1 store] 
Database 'C:\Users\34644\git\repository\IS-ITER\src\main\resources\bets.temp' is opened by 26952@MSI

[2022-05-27 15:09:20 #2 type] 
Type domain.User is not enhanced.

[2022-05-27 15:09:20 #3 type] 
Type domain.Question is not enhanced.

[2022-05-27 15:09:20 #4 type] 
Type domain.Pronostico is not enhanced.

[2022-05-27 15:09:20 #5 type] 
Type domain.Event is not enhanced.

[2022-05-27 15:09:20 #6 type] 
Type domain.EquipoJugador is not enhanced.

------------------------------------------------------------------------------------------------------------------------

[2022-05-27 15:10:05 #1 store] 
Database 'C:\Users\34644\git\repository\IS-ITER\src\main\resources\bets.temp' is opened by 22904@MSI

[2022-05-27 15:10:05 #2 type] 
Type domain.User is not enhanced.

[2022-05-27 15:10:05 #3 type] 
Type domain.Question is not enhanced.

[2022-05-27 15:10:05 #4 type] 
Type domain.Pronostico is not enhanced.

[2022-05-27 15:10:05 #5 type] 
Type domain.Event is not enhanced.

[2022-05-27 15:10:05 #6 type] 
Type domain.EquipoJugador is not enhanced.

------------------------------------------------------------------------------------------------------------------------

[2022-05-27 15:11:54 #1 store] 
Database 'C:\Users\34644\git\repository\IS-ITER\src\main\resources\bets.temp' is opened by 26708@MSI

[2022-05-27 15:11:54 #2 type] 
Type domain.User is not enhanced.

[2022-05-27 15:11:54 #3 type] 
Type domain.Question is not enhanced.

[2022-05-27 15:11:54 #4 type] 
Type domain.Pronostico is not enhanced.

[2022-05-27 15:11:54 #5 type] 
Type domain.Event is not enhanced.

[2022-05-27 15:11:54 #6 type] 
Type domain.EquipoJugador is not enhanced.

------------------------------------------------------------------------------------------------------------------------

[2022-05-27 15:15:18 #1 store] 
Database 'C:\Users\34644\git\repository\IS-ITER\src\main\resources\bets.temp' is opened by 32264@MSI

[2022-05-27 15:15:18 #2 type] 
Type domain.User is not enhanced.

[2022-05-27 15:15:18 #3 type] 
Type domain.Question is not enhanced.

[2022-05-27 15:15:18 #4 type] 
Type domain.Pronostico is not enhanced.

[2022-05-27 15:15:18 #5 type] 
Type domain.Event is not enhanced.

[2022-05-27 15:15:18 #6 type] 
Type domain.EquipoJugador is not enhanced.

------------------------------------------------------------------------------------------------------------------------

[2022-05-27 15:18:00 #1 store] 
Database 'C:\Users\34644\git\repository\IS-ITER\src\main\resources\bets.temp' is opened by 11020@MSI

[2022-05-27 15:18:00 #2 type] 
Type domain.User is not enhanced.

[2022-05-27 15:18:00 #3 type] 
Type domain.Question is not enhanced.

[2022-05-27 15:18:00 #4 type] 
Type domain.Pronostico is not enhanced.

[2022-05-27 15:18:00 #5 type] 
Type domain.Event is not enhanced.

[2022-05-27 15:18:00 #6 type] 
Type domain.EquipoJugador is not enhanced.

------------------------------------------------------------------------------------------------------------------------

[2022-05-27 15:19:10 #1 store] 
Database 'C:\Users\34644\git\repository\IS-ITER\src\main\resources\bets.temp' is opened by 12820@MSI

[2022-05-27 15:19:10 #2 type.registry] 
New type domain.User

[2022-05-27 15:19:10 #3 type] 
Type domain.User is not enhanced.

[2022-05-27 15:19:10 #4 type.registry] 
New type domain.Question

[2022-05-27 15:19:10 #5 type.registry] 
New type domain.Pronostico

[2022-05-27 15:19:10 #6 type] 
Type domain.Question is not enhanced.

[2022-05-27 15:19:10 #7 type.registry] 
New type java.util.Vector<domain.Pronostico>

[2022-05-27 15:19:10 #8 type.registry] 
New type domain.Event

[2022-05-27 15:19:10 #9 type] 
Type domain.Pronostico is not enhanced.

[2022-05-27 15:19:10 #10 type.registry] 
New type domain.EquipoJugador

[2022-05-27 15:19:10 #11 type.registry] 
New type java.util.Vector<domain.EquipoJugador>

[2022-05-27 15:19:10 #12 type] 
Type domain.Event is not enhanced.

[2022-05-27 15:19:10 #13 type.registry] 
New type java.util.Vector<domain.Question>

[2022-05-27 15:19:10 #14 type] 
Type domain.EquipoJugador is not enhanced.

[2022-05-27 15:19:10 #15 type.registry] 
New type java.util.ArrayList<java.lang.Object>

[2022-05-27 15:19:10 #16 type.registry] 
New type java.util.Vector<java.lang.Object>

[2022-05-27 15:19:10 #17 type.registry] 
New type java.util.ArrayList<domain.Pronostico>

[2022-05-27 15:19:10 #18 type.registry] 
New type java.util.ArrayList<domain.Question>

------------------------------------------------------------------------------------------------------------------------

[2022-05-27 15:21:13 #1 store] 
Database 'C:\Users\34644\git\repository\IS-ITER\src\main\resources\bets.temp' is opened by 19580@MSI

[2022-05-27 15:21:13 #2 type.registry] 
New type domain.User

[2022-05-27 15:21:13 #3 type] 
Type domain.User is not enhanced.

[2022-05-27 15:21:13 #4 type.registry] 
New type domain.Question

[2022-05-27 15:21:13 #5 type.registry] 
New type domain.Pronostico

[2022-05-27 15:21:13 #6 type] 
Type domain.Question is not enhanced.

[2022-05-27 15:21:13 #7 type.registry] 
New type java.util.Vector<domain.Pronostico>

[2022-05-27 15:21:13 #8 type.registry] 
New type domain.Event

[2022-05-27 15:21:13 #9 type] 
Type domain.Pronostico is not enhanced.

[2022-05-27 15:21:13 #10 type.registry] 
New type domain.EquipoJugador

[2022-05-27 15:21:13 #11 type.registry] 
New type java.util.Vector<domain.EquipoJugador>

[2022-05-27 15:21:13 #12 type] 
Type domain.Event is not enhanced.

[2022-05-27 15:21:13 #13 type.registry] 
New type java.util.Vector<domain.Question>

[2022-05-27 15:21:13 #14 type] 
Type domain.EquipoJugador is not enhanced.

[2022-05-27 15:21:13 #15 type.registry] 
New type java.util.ArrayList<java.lang.Object>

[2022-05-27 15:21:13 #16 type.registry] 
New type java.util.Vector<java.lang.Object>

[2022-05-27 15:21:13 #17 type.registry] 
New type java.util.ArrayList<domain.Pronostico>

[2022-05-27 15:21:13 #18 type.registry] 
New type java.util.ArrayList<domain.Question>

------------------------------------------------------------------------------------------------------------------------

[2022-05-27 15:21:30 #1 store] 
Database 'C:\Users\34644\git\repository\IS-ITER\src\main\resources\bets.temp' has been recovered (tr. 1-8)

[2022-05-27 15:21:30 #2 store] 
Database 'C:\Users\34644\git\repository\IS-ITER\src\main\resources\bets.temp' is opened by 5416@MSI

[2022-05-27 15:21:30 #3 type] 
Type domain.User is not enhanced.

[2022-05-27 15:21:30 #4 type] 
Type domain.Question is not enhanced.

[2022-05-27 15:21:30 #5 type] 
Type domain.Pronostico is not enhanced.

[2022-05-27 15:21:30 #6 type] 
Type domain.Event is not enhanced.

[2022-05-27 15:21:30 #7 type] 
Type domain.EquipoJugador is not enhanced.

------------------------------------------------------------------------------------------------------------------------

[2022-05-27 15:23:42 #1 store] 
Database 'C:\Users\34644\git\repository\IS-ITER\src\main\resources\bets.temp' has been recovered (tr. 9-9)

[2022-05-27 15:23:42 #2 store] 
Database 'C:\Users\34644\git\repository\IS-ITER\src\main\resources\bets.temp' is opened by 25520@MSI

[2022-05-27 15:23:42 #3 type] 
Type domain.User is not enhanced.

[2022-05-27 15:23:42 #4 type] 
Type domain.Question is not enhanced.

[2022-05-27 15:23:42 #5 type] 
Type domain.Pronostico is not enhanced.

[2022-05-27 15:23:42 #6 type] 
Type domain.Event is not enhanced.

[2022-05-27 15:23:42 #7 type] 
Type domain.EquipoJugador is not enhanced.

------------------------------------------------------------------------------------------------------------------------

[2022-05-27 15:27:32 #1 store] 
Database 'C:\Users\34644\git\repository\IS-ITER\src\main\resources\bets.temp' is opened by 20520@MSI

[2022-05-27 15:27:32 #2 type.registry] 
New type domain.User

[2022-05-27 15:27:32 #3 type] 
Type domain.User is not enhanced.

[2022-05-27 15:27:32 #4 type.registry] 
New type domain.Question

[2022-05-27 15:27:32 #5 type.registry] 
New type domain.Pronostico

[2022-05-27 15:27:32 #6 type] 
Type domain.Question is not enhanced.

[2022-05-27 15:27:32 #7 type.registry] 
New type java.util.Vector<domain.Pronostico>

[2022-05-27 15:27:32 #8 type.registry] 
New type domain.Event

[2022-05-27 15:27:32 #9 type] 
Type domain.Pronostico is not enhanced.

[2022-05-27 15:27:32 #10 type.registry] 
New type domain.EquipoJugador

[2022-05-27 15:27:32 #11 type.registry] 
New type java.util.Vector<domain.EquipoJugador>

[2022-05-27 15:27:32 #12 type] 
Type domain.Event is not enhanced.

[2022-05-27 15:27:32 #13 type.registry] 
New type java.util.Vector<domain.Question>

[2022-05-27 15:27:32 #14 type] 
Type domain.EquipoJugador is not enhanced.

[2022-05-27 15:27:32 #15 type.registry] 
New type java.util.ArrayList<java.lang.Object>

[2022-05-27 15:27:32 #16 type.registry] 
New type java.util.Vector<java.lang.Object>

[2022-05-27 15:27:32 #17 type.registry] 
New type java.util.ArrayList<domain.Pronostico>

[2022-05-27 15:27:32 #18 type.registry] 
New type java.util.ArrayList<domain.Question>

------------------------------------------------------------------------------------------------------------------------

[2022-05-27 15:28:50 #1 store] 
Database 'C:\Users\34644\git\repository\IS-ITER\src\main\resources\bets.temp' is opened by 10676@MSI

[2022-05-27 15:28:50 #2 type] 
Type domain.User is not enhanced.

[2022-05-27 15:28:50 #3 type] 
Type domain.Question is not enhanced.

[2022-05-27 15:28:50 #4 type] 
Type domain.Pronostico is not enhanced.

[2022-05-27 15:28:50 #5 type] 
Type domain.Event is not enhanced.

[2022-05-27 15:28:50 #6 type] 
Type domain.EquipoJugador is not enhanced.

------------------------------------------------------------------------------------------------------------------------

[2022-05-27 15:35:57 #1 store] 
Database 'C:\Users\34644\git\repository\IS-ITER\src\main\resources\bets.temp' is opened by 30096@MSI

[2022-05-27 15:35:57 #2 type] 
Type domain.User is not enhanced.

[2022-05-27 15:35:57 #3 type] 
Type domain.Question is not enhanced.

[2022-05-27 15:35:57 #4 type] 
Type domain.Pronostico is not enhanced.

[2022-05-27 15:35:57 #5 type] 
Type domain.Event is not enhanced.

[2022-05-27 15:35:57 #6 type] 
Type domain.EquipoJugador is not enhanced.

------------------------------------------------------------------------------------------------------------------------

[2022-05-27 15:42:15 #1 store] 
Database 'C:\Users\34644\git\repository\IS-ITER\src\main\resources\bets.temp' is opened by 30568@MSI

[2022-05-27 15:42:15 #2 type] 
Type domain.User is not enhanced.

[2022-05-27 15:42:15 #3 type] 
Type domain.Question is not enhanced.

[2022-05-27 15:42:15 #4 type] 
Type domain.Pronostico is not enhanced.

[2022-05-27 15:42:15 #5 type] 
Type domain.Event is not enhanced.

[2022-05-27 15:42:15 #6 type] 
Type domain.EquipoJugador is not enhanced.

------------------------------------------------------------------------------------------------------------------------

[2022-05-27 15:44:38 #1 store] 
Database 'C:\Users\34644\git\repository\IS-ITER\src\main\resources\bets.temp' is opened by 26984@MSI

[2022-05-27 15:44:38 #2 type] 
Type domain.User is not enhanced.

[2022-05-27 15:44:38 #3 type] 
Type domain.Question is not enhanced.

[2022-05-27 15:44:38 #4 type] 
Type domain.Pronostico is not enhanced.

[2022-05-27 15:44:38 #5 type] 
Type domain.Event is not enhanced.

[2022-05-27 15:44:38 #6 type] 
Type domain.EquipoJugador is not enhanced.

------------------------------------------------------------------------------------------------------------------------

[2022-05-27 15:47:41 #1 store] 
Database 'C:\Users\34644\git\repository\IS-ITER\src\main\resources\bets.temp' is opened by 16628@MSI

[2022-05-27 15:47:41 #2 type.registry] 
New type domain.User

[2022-05-27 15:47:41 #3 type] 
Type domain.User is not enhanced.

[2022-05-27 15:47:41 #4 type.registry] 
New type domain.Question

[2022-05-27 15:47:41 #5 type.registry] 
New type domain.Pronostico

[2022-05-27 15:47:41 #6 type] 
Type domain.Question is not enhanced.

[2022-05-27 15:47:41 #7 type.registry] 
New type java.util.Vector<domain.Pronostico>

[2022-05-27 15:47:41 #8 type.registry] 
New type domain.Event

[2022-05-27 15:47:41 #9 type] 
Type domain.Pronostico is not enhanced.

[2022-05-27 15:47:41 #10 type.registry] 
New type domain.EquipoJugador

[2022-05-27 15:47:41 #11 type.registry] 
New type java.util.Vector<domain.EquipoJugador>

[2022-05-27 15:47:41 #12 type] 
Type domain.Event is not enhanced.

[2022-05-27 15:47:41 #13 type.registry] 
New type java.util.Vector<domain.Question>

[2022-05-27 15:47:41 #14 type] 
Type domain.EquipoJugador is not enhanced.

[2022-05-27 15:47:42 #15 type.registry] 
New type java.util.ArrayList<java.lang.Object>

[2022-05-27 15:47:42 #16 type.registry] 
New type java.util.Vector<java.lang.Object>

[2022-05-27 15:47:42 #17 type.registry] 
New type java.util.ArrayList<domain.Pronostico>

[2022-05-27 15:47:42 #18 type.registry] 
New type java.util.ArrayList<domain.Question>

------------------------------------------------------------------------------------------------------------------------

[2022-05-27 15:47:49 #1 store] 
Database 'C:\Users\34644\git\repository\IS-ITER\src\main\resources\bets.temp' has been recovered (tr. 1-8)

[2022-05-27 15:47:49 #2 store] 
Database 'C:\Users\34644\git\repository\IS-ITER\src\main\resources\bets.temp' is opened by 14672@MSI

[2022-05-27 15:47:49 #3 type] 
Type domain.User is not enhanced.

[2022-05-27 15:47:49 #4 type] 
Type domain.Question is not enhanced.

[2022-05-27 15:47:49 #5 type] 
Type domain.Pronostico is not enhanced.

[2022-05-27 15:47:49 #6 type] 
Type domain.Event is not enhanced.

[2022-05-27 15:47:49 #7 type] 
Type domain.EquipoJugador is not enhanced.

------------------------------------------------------------------------------------------------------------------------

[2022-05-27 15:49:31 #1 store] 
Database 'C:\Users\34644\git\repository\IS-ITER\src\main\resources\bets.temp' is opened by 27924@MSI

[2022-05-27 15:49:31 #2 type] 
Type domain.User is not enhanced.

[2022-05-27 15:49:31 #3 type] 
Type domain.Question is not enhanced.

[2022-05-27 15:49:31 #4 type] 
Type domain.Pronostico is not enhanced.

[2022-05-27 15:49:31 #5 type] 
Type domain.Event is not enhanced.

[2022-05-27 15:49:31 #6 type] 
Type domain.EquipoJugador is not enhanced.

------------------------------------------------------------------------------------------------------------------------

[2022-05-27 15:51:38 #1 store] 
Database 'C:\Users\34644\git\repository\IS-ITER\src\main\resources\bets.temp' is opened by 28724@MSI

[2022-05-27 15:51:38 #2 type] 
Type domain.User is not enhanced.

[2022-05-27 15:51:38 #3 type] 
Type domain.Question is not enhanced.

[2022-05-27 15:51:38 #4 type] 
Type domain.Pronostico is not enhanced.

[2022-05-27 15:51:38 #5 type] 
Type domain.Event is not enhanced.

[2022-05-27 15:51:38 #6 type] 
Type domain.EquipoJugador is not enhanced.

------------------------------------------------------------------------------------------------------------------------

[2022-05-27 15:52:39 #1 store] 
Database 'C:\Users\34644\git\repository\IS-ITER\src\main\resources\bets.temp' is opened by 11112@MSI

[2022-05-27 15:52:39 #2 type] 
Type domain.User is not enhanced.

[2022-05-27 15:52:39 #3 type] 
Type domain.Question is not enhanced.

[2022-05-27 15:52:39 #4 type] 
Type domain.Pronostico is not enhanced.

[2022-05-27 15:52:39 #5 type] 
Type domain.Event is not enhanced.

[2022-05-27 15:52:39 #6 type] 
Type domain.EquipoJugador is not enhanced.

------------------------------------------------------------------------------------------------------------------------

[2022-05-27 15:55:36 #1 store] 
Database 'C:\Users\34644\git\repository\IS-ITER\src\main\resources\bets.temp' is opened by 16272@MSI

[2022-05-27 15:55:36 #2 type] 
Type domain.User is not enhanced.

[2022-05-27 15:55:36 #3 type] 
Type domain.Question is not enhanced.

[2022-05-27 15:55:36 #4 type] 
Type domain.Pronostico is not enhanced.

[2022-05-27 15:55:36 #5 type] 
Type domain.Event is not enhanced.

[2022-05-27 15:55:36 #6 type] 
Type domain.EquipoJugador is not enhanced.

------------------------------------------------------------------------------------------------------------------------

[2022-05-27 15:56:34 #1 store] 
Database 'C:\Users\34644\git\repository\IS-ITER\src\main\resources\bets.temp' is opened by 26020@MSI

[2022-05-27 15:56:34 #2 type] 
Type domain.User is not enhanced.

[2022-05-27 15:56:34 #3 type] 
Type domain.Question is not enhanced.

[2022-05-27 15:56:34 #4 type] 
Type domain.Pronostico is not enhanced.

[2022-05-27 15:56:34 #5 type] 
Type domain.Event is not enhanced.

[2022-05-27 15:56:34 #6 type] 
Type domain.EquipoJugador is not enhanced.

------------------------------------------------------------------------------------------------------------------------

[2022-05-27 15:57:58 #1 store] 
Database 'C:\Users\34644\git\repository\IS-ITER\src\main\resources\bets.temp' is opened by 29536@MSI

[2022-05-27 15:57:58 #2 type] 
Type domain.User is not enhanced.

[2022-05-27 15:57:58 #3 type] 
Type domain.Question is not enhanced.

[2022-05-27 15:57:58 #4 type] 
Type domain.Pronostico is not enhanced.

[2022-05-27 15:57:58 #5 type] 
Type domain.Event is not enhanced.

[2022-05-27 15:57:58 #6 type] 
Type domain.EquipoJugador is not enhanced.

------------------------------------------------------------------------------------------------------------------------

[2022-05-27 16:00:05 #1 store] 
Database 'C:\Users\34644\git\repository\IS-ITER\src\main\resources\bets.temp' is opened by 28496@MSI

[2022-05-27 16:00:05 #2 type] 
Type domain.User is not enhanced.

[2022-05-27 16:00:05 #3 type] 
Type domain.Question is not enhanced.

[2022-05-27 16:00:05 #4 type] 
Type domain.Pronostico is not enhanced.

[2022-05-27 16:00:05 #5 type] 
Type domain.Event is not enhanced.

[2022-05-27 16:00:05 #6 type] 
Type domain.EquipoJugador is not enhanced.

------------------------------------------------------------------------------------------------------------------------

[2022-05-27 16:01:17 #1 store] 
Database 'C:\Users\34644\git\repository\IS-ITER\src\main\resources\bets.temp' is opened by 23516@MSI

[2022-05-27 16:01:17 #2 type] 
Type domain.User is not enhanced.

[2022-05-27 16:01:17 #3 type] 
Type domain.Question is not enhanced.

[2022-05-27 16:01:17 #4 type] 
Type domain.Pronostico is not enhanced.

[2022-05-27 16:01:17 #5 type] 
Type domain.Event is not enhanced.

[2022-05-27 16:01:17 #6 type] 
Type domain.EquipoJugador is not enhanced.

------------------------------------------------------------------------------------------------------------------------

[2022-05-27 16:02:25 #1 store] 
Database 'C:\Users\34644\git\repository\IS-ITER\src\main\resources\bets.temp' has been recovered (tr. 9-9)

[2022-05-27 16:02:25 #2 store] 
Database 'C:\Users\34644\git\repository\IS-ITER\src\main\resources\bets.temp' is opened by 16140@MSI

[2022-05-27 16:02:25 #3 type] 
Type domain.User is not enhanced.

[2022-05-27 16:02:25 #4 type] 
Type domain.Question is not enhanced.

[2022-05-27 16:02:25 #5 type] 
Type domain.Pronostico is not enhanced.

[2022-05-27 16:02:25 #6 type] 
Type domain.Event is not enhanced.

[2022-05-27 16:02:25 #7 type] 
Type domain.EquipoJugador is not enhanced.

------------------------------------------------------------------------------------------------------------------------

[2022-05-27 16:04:24 #1 store] 
Database 'C:\Users\34644\git\repository\IS-ITER\src\main\resources\bets.temp' has been recovered (tr. 10-15)

[2022-05-27 16:04:24 #2 store] 
Database 'C:\Users\34644\git\repository\IS-ITER\src\main\resources\bets.temp' is opened by 15200@MSI

[2022-05-27 16:04:24 #3 type] 
Type domain.User is not enhanced.

[2022-05-27 16:04:24 #4 type] 
Type domain.Question is not enhanced.

[2022-05-27 16:04:24 #5 type] 
Type domain.Pronostico is not enhanced.

[2022-05-27 16:04:24 #6 type] 
Type domain.Event is not enhanced.

[2022-05-27 16:04:24 #7 type] 
Type domain.EquipoJugador is not enhanced.

------------------------------------------------------------------------------------------------------------------------

[2022-05-27 16:04:46 #1 store] 
Database 'C:\Users\34644\git\repository\IS-ITER\src\main\resources\bets.temp' is opened by 16680@MSI

[2022-05-27 16:04:46 #2 type] 
Type domain.User is not enhanced.

[2022-05-27 16:04:46 #3 type] 
Type domain.Question is not enhanced.

[2022-05-27 16:04:46 #4 type] 
Type domain.Pronostico is not enhanced.

[2022-05-27 16:04:46 #5 type] 
Type domain.Event is not enhanced.

[2022-05-27 16:04:46 #6 type] 
Type domain.EquipoJugador is not enhanced.

------------------------------------------------------------------------------------------------------------------------

[2022-05-27 16:19:15 #1 store] 
Database 'C:\Users\34644\git\repository\IS-ITER\src\main\resources\bets.temp' is opened by 3956@MSI

[2022-05-27 16:19:15 #2 type] 
Type domain.User is not enhanced.

[2022-05-27 16:19:15 #3 type] 
Type domain.Question is not enhanced.

[2022-05-27 16:19:15 #4 type] 
Type domain.Pronostico is not enhanced.

[2022-05-27 16:19:15 #5 type] 
Type domain.Event is not enhanced.

[2022-05-27 16:19:15 #6 type] 
Type domain.EquipoJugador is not enhanced.

------------------------------------------------------------------------------------------------------------------------

[2022-05-27 16:23:16 #1 store] 
Database 'C:\Users\34644\git\repository\IS-ITER\src\main\resources\bets.temp' is opened by 1536@MSI

[2022-05-27 16:23:16 #2 type] 
Type domain.User is not enhanced.

[2022-05-27 16:23:16 #3 type] 
Type domain.Question is not enhanced.

[2022-05-27 16:23:16 #4 type] 
Type domain.Pronostico is not enhanced.

[2022-05-27 16:23:16 #5 type] 
Type domain.Event is not enhanced.

[2022-05-27 16:23:16 #6 type] 
Type domain.EquipoJugador is not enhanced.

------------------------------------------------------------------------------------------------------------------------

[2022-05-27 16:23:52 #1 store] 
Database 'C:\Users\34644\git\repository\IS-ITER\src\main\resources\bets.temp' is opened by 19884@MSI

[2022-05-27 16:23:52 #2 type.registry] 
New type domain.User

[2022-05-27 16:23:52 #3 type] 
Type domain.User is not enhanced.

[2022-05-27 16:23:52 #4 type.registry] 
New type domain.Question

[2022-05-27 16:23:52 #5 type.registry] 
New type domain.Pronostico

[2022-05-27 16:23:52 #6 type] 
Type domain.Question is not enhanced.

[2022-05-27 16:23:52 #7 type.registry] 
New type java.util.Vector<domain.Pronostico>

[2022-05-27 16:23:52 #8 type.registry] 
New type domain.Event

[2022-05-27 16:23:52 #9 type] 
Type domain.Pronostico is not enhanced.

[2022-05-27 16:23:52 #10 type.registry] 
New type domain.EquipoJugador

[2022-05-27 16:23:52 #11 type.registry] 
New type java.util.Vector<domain.EquipoJugador>

[2022-05-27 16:23:52 #12 type] 
Type domain.Event is not enhanced.

[2022-05-27 16:23:52 #13 type.registry] 
New type java.util.Vector<domain.Question>

[2022-05-27 16:23:52 #14 type] 
Type domain.EquipoJugador is not enhanced.

[2022-05-27 16:23:52 #15 type.registry] 
New type java.util.ArrayList<java.lang.Object>

[2022-05-27 16:23:52 #16 type.registry] 
New type java.util.Vector<java.lang.Object>

[2022-05-27 16:23:52 #17 type.registry] 
New type java.util.ArrayList<domain.Pronostico>

[2022-05-27 16:23:52 #18 type.registry] 
New type java.util.ArrayList<domain.Question>

------------------------------------------------------------------------------------------------------------------------

[2022-05-27 16:24:01 #1 store] 
Database 'C:\Users\34644\git\repository\IS-ITER\src\main\resources\bets.temp' has been recovered (tr. 1-8)

[2022-05-27 16:24:01 #2 store] 
Database 'C:\Users\34644\git\repository\IS-ITER\src\main\resources\bets.temp' is opened by 31588@MSI

[2022-05-27 16:24:01 #3 type] 
Type domain.User is not enhanced.

[2022-05-27 16:24:01 #4 type] 
Type domain.Question is not enhanced.

[2022-05-27 16:24:01 #5 type] 
Type domain.Pronostico is not enhanced.

[2022-05-27 16:24:01 #6 type] 
Type domain.Event is not enhanced.

[2022-05-27 16:24:01 #7 type] 
Type domain.EquipoJugador is not enhanced.

------------------------------------------------------------------------------------------------------------------------

[2022-05-27 16:24:49 #1 store] 
Database 'C:\Users\34644\git\repository\IS-ITER\src\main\resources\bets.temp' has been recovered (tr. 9-9)

[2022-05-27 16:24:49 #2 store] 
Database 'C:\Users\34644\git\repository\IS-ITER\src\main\resources\bets.temp' is opened by 12092@MSI

[2022-05-27 16:24:49 #3 type] 
Type domain.User is not enhanced.

[2022-05-27 16:24:49 #4 type] 
Type domain.Question is not enhanced.

[2022-05-27 16:24:49 #5 type] 
Type domain.Pronostico is not enhanced.

[2022-05-27 16:24:49 #6 type] 
Type domain.Event is not enhanced.

[2022-05-27 16:24:49 #7 type] 
Type domain.EquipoJugador is not enhanced.

------------------------------------------------------------------------------------------------------------------------

[2022-05-27 16:29:40 #1 store] 
Database 'C:\Users\34644\git\repository\IS-ITER\src\main\resources\bets.temp' is opened by 20844@MSI

[2022-05-27 16:29:40 #2 type] 
Type domain.User is not enhanced.

[2022-05-27 16:29:40 #3 type] 
Type domain.Question is not enhanced.

[2022-05-27 16:29:40 #4 type] 
Type domain.Pronostico is not enhanced.

[2022-05-27 16:29:40 #5 type] 
Type domain.Event is not enhanced.

[2022-05-27 16:29:40 #6 type] 
Type domain.EquipoJugador is not enhanced.

------------------------------------------------------------------------------------------------------------------------

[2022-05-27 16:30:41 #1 store] 
Database 'C:\Users\34644\git\repository\IS-ITER\src\main\resources\bets.temp' has been recovered (tr. 10-10)

[2022-05-27 16:30:41 #2 store] 
Database 'C:\Users\34644\git\repository\IS-ITER\src\main\resources\bets.temp' is opened by 26096@MSI

[2022-05-27 16:30:41 #3 type] 
Type domain.User is not enhanced.

[2022-05-27 16:30:41 #4 type] 
Type domain.Question is not enhanced.

[2022-05-27 16:30:41 #5 type] 
Type domain.Pronostico is not enhanced.

[2022-05-27 16:30:41 #6 type] 
Type domain.Event is not enhanced.

[2022-05-27 16:30:41 #7 type] 
Type domain.EquipoJugador is not enhanced.

------------------------------------------------------------------------------------------------------------------------

[2022-05-27 16:31:08 #1 store] 
Database 'C:\Users\34644\git\repository\IS-ITER\src\main\resources\bets.temp' is opened by 26108@MSI

[2022-05-27 16:31:08 #2 type] 
Type domain.User is not enhanced.

[2022-05-27 16:31:08 #3 type] 
Type domain.Question is not enhanced.

[2022-05-27 16:31:08 #4 type] 
Type domain.Pronostico is not enhanced.

[2022-05-27 16:31:08 #5 type] 
Type domain.Event is not enhanced.

[2022-05-27 16:31:08 #6 type] 
Type domain.EquipoJugador is not enhanced.

------------------------------------------------------------------------------------------------------------------------

[2022-05-27 16:31:49 #1 store] 
Database 'C:\Users\34644\git\repository\IS-ITER\src\main\resources\bets.temp' is opened by 7408@MSI

[2022-05-27 16:31:50 #2 type.registry] 
New type domain.User

[2022-05-27 16:31:50 #3 type] 
Type domain.User is not enhanced.

[2022-05-27 16:31:50 #4 type.registry] 
New type domain.Question

[2022-05-27 16:31:50 #5 type.registry] 
New type domain.Pronostico

[2022-05-27 16:31:50 #6 type] 
Type domain.Question is not enhanced.

[2022-05-27 16:31:50 #7 type.registry] 
New type java.util.Vector<domain.Pronostico>

[2022-05-27 16:31:50 #8 type.registry] 
New type domain.Event

[2022-05-27 16:31:50 #9 type] 
Type domain.Pronostico is not enhanced.

[2022-05-27 16:31:50 #10 type.registry] 
New type domain.EquipoJugador

[2022-05-27 16:31:50 #11 type.registry] 
New type java.util.Vector<domain.EquipoJugador>

[2022-05-27 16:31:50 #12 type] 
Type domain.Event is not enhanced.

[2022-05-27 16:31:50 #13 type.registry] 
New type java.util.Vector<domain.Question>

[2022-05-27 16:31:50 #14 type] 
Type domain.EquipoJugador is not enhanced.

[2022-05-27 16:31:50 #15 type.registry] 
New type java.util.ArrayList<java.lang.Object>

[2022-05-27 16:31:50 #16 type.registry] 
New type java.util.Vector<java.lang.Object>

[2022-05-27 16:31:50 #17 type.registry] 
New type java.util.ArrayList<domain.Pronostico>

[2022-05-27 16:31:50 #18 type.registry] 
New type java.util.ArrayList<domain.Question>

------------------------------------------------------------------------------------------------------------------------

[2022-05-27 16:36:47 #1 store] 
Database 'C:\Users\34644\git\repository\IS-ITER\src\main\resources\bets.temp' has been recovered (tr. 1-8)

[2022-05-27 16:36:47 #2 store] 
Database 'C:\Users\34644\git\repository\IS-ITER\src\main\resources\bets.temp' is opened by 12512@MSI

[2022-05-27 16:36:47 #3 type] 
Type domain.User is not enhanced.

[2022-05-27 16:36:47 #4 type] 
Type domain.Question is not enhanced.

[2022-05-27 16:36:47 #5 type] 
Type domain.Pronostico is not enhanced.

[2022-05-27 16:36:47 #6 type] 
Type domain.Event is not enhanced.

[2022-05-27 16:36:47 #7 type] 
Type domain.EquipoJugador is not enhanced.

------------------------------------------------------------------------------------------------------------------------

[2022-05-27 16:49:13 #1 store] 
Database 'C:\Users\34644\git\repository\IS-ITER\src\main\resources\bets.temp' has been recovered (tr. 9-9)

[2022-05-27 16:49:13 #2 store] 
Database 'C:\Users\34644\git\repository\IS-ITER\src\main\resources\bets.temp' is opened by 23028@MSI

[2022-05-27 16:49:13 #3 type] 
Type domain.User is not enhanced.

[2022-05-27 16:49:13 #4 type] 
Type domain.Question is not enhanced.

[2022-05-27 16:49:13 #5 type] 
Type domain.Pronostico is not enhanced.

[2022-05-27 16:49:13 #6 type] 
Type domain.Event is not enhanced.

[2022-05-27 16:49:13 #7 type] 
Type domain.EquipoJugador is not enhanced.

------------------------------------------------------------------------------------------------------------------------

[2022-05-27 16:49:50 #1 store] 
Database 'C:\Users\34644\git\repository\IS-ITER\src\main\resources\bets.temp' has been recovered (tr. 10-10)

[2022-05-27 16:49:50 #2 store] 
Database 'C:\Users\34644\git\repository\IS-ITER\src\main\resources\bets.temp' is opened by 18124@MSI

[2022-05-27 16:49:50 #3 type] 
Type domain.User is not enhanced.

[2022-05-27 16:49:51 #4 type] 
Type domain.Question is not enhanced.

[2022-05-27 16:49:51 #5 type] 
Type domain.Pronostico is not enhanced.

[2022-05-27 16:49:51 #6 type] 
Type domain.Event is not enhanced.

[2022-05-27 16:49:51 #7 type] 
Type domain.EquipoJugador is not enhanced.

------------------------------------------------------------------------------------------------------------------------

[2022-05-27 16:52:18 #1 store] 
Database 'C:\Users\34644\git\repository\IS-ITER\src\main\resources\bets.temp' is opened by 12900@MSI

[2022-05-27 16:52:18 #2 type] 
Type domain.User is not enhanced.

[2022-05-27 16:52:18 #3 type] 
Type domain.Question is not enhanced.

[2022-05-27 16:52:18 #4 type] 
Type domain.Pronostico is not enhanced.

[2022-05-27 16:52:18 #5 type] 
Type domain.Event is not enhanced.

[2022-05-27 16:52:18 #6 type] 
Type domain.EquipoJugador is not enhanced.

------------------------------------------------------------------------------------------------------------------------

[2022-05-27 16:54:17 #1 store] 
Database 'C:\Users\34644\git\repository\IS-ITER\src\main\resources\bets.temp' is opened by 21652@MSI

[2022-05-27 16:54:17 #2 type] 
Type domain.User is not enhanced.

[2022-05-27 16:54:17 #3 type] 
Type domain.Question is not enhanced.

[2022-05-27 16:54:17 #4 type] 
Type domain.Pronostico is not enhanced.

[2022-05-27 16:54:17 #5 type] 
Type domain.Event is not enhanced.

[2022-05-27 16:54:17 #6 type] 
Type domain.EquipoJugador is not enhanced.

------------------------------------------------------------------------------------------------------------------------

[2022-05-27 16:55:09 #1 store] 
Database 'C:\Users\34644\git\repository\IS-ITER\src\main\resources\bets.temp' is opened by 21832@MSI

[2022-05-27 16:55:09 #2 type] 
Type domain.User is not enhanced.

[2022-05-27 16:55:09 #3 type] 
Type domain.Question is not enhanced.

[2022-05-27 16:55:09 #4 type] 
Type domain.Pronostico is not enhanced.

[2022-05-27 16:55:09 #5 type] 
Type domain.Event is not enhanced.

[2022-05-27 16:55:09 #6 type] 
Type domain.EquipoJugador is not enhanced.

------------------------------------------------------------------------------------------------------------------------

[2022-05-27 16:56:57 #1 store] 
Database 'C:\Users\34644\git\repository\IS-ITER\src\main\resources\bets.temp' is opened by 7920@MSI

[2022-05-27 16:56:57 #2 type] 
Type domain.User is not enhanced.

[2022-05-27 16:56:57 #3 type] 
Type domain.Question is not enhanced.

[2022-05-27 16:56:57 #4 type] 
Type domain.Pronostico is not enhanced.

[2022-05-27 16:56:57 #5 type] 
Type domain.Event is not enhanced.

[2022-05-27 16:56:57 #6 type] 
Type domain.EquipoJugador is not enhanced.

------------------------------------------------------------------------------------------------------------------------

[2022-05-27 17:04:41 #1 store] 
Database 'C:\Users\34644\git\repository\IS-ITER\src\main\resources\bets.temp' is opened by 17700@MSI

[2022-05-27 17:04:41 #2 type] 
Type domain.User is not enhanced.

[2022-05-27 17:04:41 #3 type] 
Type domain.Question is not enhanced.

[2022-05-27 17:04:41 #4 type] 
Type domain.Pronostico is not enhanced.

[2022-05-27 17:04:41 #5 type] 
Type domain.Event is not enhanced.

[2022-05-27 17:04:41 #6 type] 
Type domain.EquipoJugador is not enhanced.

------------------------------------------------------------------------------------------------------------------------

[2022-05-27 17:07:25 #1 store] 
Database 'C:\Users\34644\git\repository\IS-ITER\src\main\resources\bets.temp' is opened by 31116@MSI

[2022-05-27 17:07:25 #2 type] 
Type domain.User is not enhanced.

[2022-05-27 17:07:25 #3 type] 
Type domain.Question is not enhanced.

[2022-05-27 17:07:25 #4 type] 
Type domain.Pronostico is not enhanced.

[2022-05-27 17:07:25 #5 type] 
Type domain.Event is not enhanced.

[2022-05-27 17:07:25 #6 type] 
Type domain.EquipoJugador is not enhanced.

------------------------------------------------------------------------------------------------------------------------

[2022-05-27 17:16:29 #1 store] 
Database 'C:\Users\34644\git\repository\IS-ITER\src\main\resources\bets.temp' is opened by 524@MSI

[2022-05-27 17:16:29 #2 type] 
Type domain.User is not enhanced.

[2022-05-27 17:16:29 #3 type] 
Type domain.Question is not enhanced.

[2022-05-27 17:16:29 #4 type] 
Type domain.Pronostico is not enhanced.

[2022-05-27 17:16:29 #5 type] 
Type domain.Event is not enhanced.

[2022-05-27 17:16:29 #6 type] 
Type domain.EquipoJugador is not enhanced.

------------------------------------------------------------------------------------------------------------------------

[2022-05-27 17:20:53 #1 store] 
Database 'C:\Users\34644\git\repository\IS-ITER\src\main\resources\bets.temp' is opened by 13468@MSI

[2022-05-27 17:20:53 #2 type] 
Type domain.User is not enhanced.

[2022-05-27 17:20:53 #3 type] 
Type domain.Question is not enhanced.

[2022-05-27 17:20:53 #4 type] 
Type domain.Pronostico is not enhanced.

[2022-05-27 17:20:53 #5 type] 
Type domain.Event is not enhanced.

[2022-05-27 17:20:53 #6 type] 
Type domain.EquipoJugador is not enhanced.

------------------------------------------------------------------------------------------------------------------------

[2022-05-27 17:22:00 #1 store] 
Database 'C:\Users\34644\git\repository\IS-ITER\src\main\resources\bets.temp' is opened by 10824@MSI

[2022-05-27 17:22:00 #2 type.registry] 
New type domain.User

[2022-05-27 17:22:00 #3 type] 
Type domain.User is not enhanced.

[2022-05-27 17:22:00 #4 type.registry] 
New type domain.Question

[2022-05-27 17:22:00 #5 type.registry] 
New type domain.Pronostico

[2022-05-27 17:22:00 #6 type] 
Type domain.Question is not enhanced.

[2022-05-27 17:22:00 #7 type.registry] 
New type java.util.Vector<domain.Pronostico>

[2022-05-27 17:22:00 #8 type.registry] 
New type domain.Event

[2022-05-27 17:22:00 #9 type] 
Type domain.Pronostico is not enhanced.

[2022-05-27 17:22:00 #10 type.registry] 
New type domain.EquipoJugador

[2022-05-27 17:22:00 #11 type.registry] 
New type java.util.Vector<domain.EquipoJugador>

[2022-05-27 17:22:00 #12 type] 
Type domain.Event is not enhanced.

[2022-05-27 17:22:00 #13 type.registry] 
New type java.util.Vector<domain.Question>

[2022-05-27 17:22:00 #14 type] 
Type domain.EquipoJugador is not enhanced.

[2022-05-27 17:22:00 #15 type.registry] 
New type java.util.ArrayList<java.lang.Object>

[2022-05-27 17:22:00 #16 type.registry] 
New type java.util.Vector<java.lang.Object>

[2022-05-27 17:22:00 #17 type.registry] 
New type java.util.ArrayList<domain.Pronostico>

[2022-05-27 17:22:00 #18 type.registry] 
New type java.util.ArrayList<domain.Question>

------------------------------------------------------------------------------------------------------------------------

[2022-05-27 17:22:14 #1 store] 
Database 'C:\Users\34644\git\repository\IS-ITER\src\main\resources\bets.temp' has been recovered (tr. 1-8)

[2022-05-27 17:22:14 #2 store] 
Database 'C:\Users\34644\git\repository\IS-ITER\src\main\resources\bets.temp' is opened by 9492@MSI

[2022-05-27 17:22:14 #3 type] 
Type domain.User is not enhanced.

[2022-05-27 17:22:14 #4 type] 
Type domain.Question is not enhanced.

[2022-05-27 17:22:14 #5 type] 
Type domain.Pronostico is not enhanced.

[2022-05-27 17:22:14 #6 type] 
Type domain.Event is not enhanced.

[2022-05-27 17:22:14 #7 type] 
Type domain.EquipoJugador is not enhanced.

------------------------------------------------------------------------------------------------------------------------

[2022-05-27 17:26:37 #1 store] 
Database 'C:\Users\34644\git\repository\IS-ITER\src\main\resources\bets.temp' has been recovered (tr. 9-9)

[2022-05-27 17:26:37 #2 store] 
Database 'C:\Users\34644\git\repository\IS-ITER\src\main\resources\bets.temp' is opened by 26876@MSI

[2022-05-27 17:26:38 #3 type] 
Type domain.User is not enhanced.

[2022-05-27 17:26:38 #4 type] 
Type domain.Question is not enhanced.

[2022-05-27 17:26:38 #5 type] 
Type domain.Pronostico is not enhanced.

[2022-05-27 17:26:38 #6 type] 
Type domain.Event is not enhanced.

[2022-05-27 17:26:38 #7 type] 
Type domain.EquipoJugador is not enhanced.

------------------------------------------------------------------------------------------------------------------------

[2022-05-27 17:29:42 #1 store] 
Database 'C:\Users\34644\git\repository\IS-ITER\src\main\resources\bets.temp' is opened by 2612@MSI

[2022-05-27 17:29:42 #2 type] 
Type domain.User is not enhanced.

[2022-05-27 17:29:42 #3 type] 
Type domain.Question is not enhanced.

[2022-05-27 17:29:42 #4 type] 
Type domain.Pronostico is not enhanced.

[2022-05-27 17:29:42 #5 type] 
Type domain.Event is not enhanced.

[2022-05-27 17:29:42 #6 type] 
Type domain.EquipoJugador is not enhanced.

------------------------------------------------------------------------------------------------------------------------

[2022-05-27 17:30:01 #1 store] 
Database 'C:\Users\34644\git\repository\IS-ITER\src\main\resources\bets.temp' is opened by 30196@MSI

[2022-05-27 17:30:01 #2 type] 
Type domain.User is not enhanced.

[2022-05-27 17:30:01 #3 type] 
Type domain.Question is not enhanced.

[2022-05-27 17:30:01 #4 type] 
Type domain.Pronostico is not enhanced.

[2022-05-27 17:30:01 #5 type] 
Type domain.Event is not enhanced.

[2022-05-27 17:30:01 #6 type] 
Type domain.EquipoJugador is not enhanced.

------------------------------------------------------------------------------------------------------------------------

[2022-05-27 17:35:42 #1 store] 
Database 'C:\Users\34644\git\repository\IS-ITER\src\main\resources\bets.temp' is opened by 26356@MSI

[2022-05-27 17:35:42 #2 type] 
Type domain.User is not enhanced.

[2022-05-27 17:35:42 #3 type] 
Type domain.Question is not enhanced.

[2022-05-27 17:35:42 #4 type] 
Type domain.Pronostico is not enhanced.

[2022-05-27 17:35:42 #5 type] 
Type domain.Event is not enhanced.

[2022-05-27 17:35:42 #6 type] 
Type domain.EquipoJugador is not enhanced.

------------------------------------------------------------------------------------------------------------------------

[2022-05-27 17:38:34 #1 store] 
Database 'C:\Users\34644\git\repository\IS-ITER\src\main\resources\bets.temp' is opened by 18700@MSI

[2022-05-27 17:38:34 #2 type] 
Type domain.User is not enhanced.

[2022-05-27 17:38:34 #3 type] 
Type domain.Question is not enhanced.

[2022-05-27 17:38:34 #4 type] 
Type domain.Pronostico is not enhanced.

[2022-05-27 17:38:34 #5 type] 
Type domain.Event is not enhanced.

[2022-05-27 17:38:34 #6 type] 
Type domain.EquipoJugador is not enhanced.

------------------------------------------------------------------------------------------------------------------------

[2022-05-27 17:42:55 #1 store] 
Database 'C:\Users\34644\git\repository\IS-ITER\src\main\resources\bets.temp' is opened by 31356@MSI

[2022-05-27 17:42:55 #2 type] 
Type domain.User is not enhanced.

[2022-05-27 17:42:55 #3 type] 
Type domain.Question is not enhanced.

[2022-05-27 17:42:55 #4 type] 
Type domain.Pronostico is not enhanced.

[2022-05-27 17:42:55 #5 type] 
Type domain.Event is not enhanced.

[2022-05-27 17:42:55 #6 type] 
Type domain.EquipoJugador is not enhanced.

------------------------------------------------------------------------------------------------------------------------

[2022-05-27 17:44:09 #1 store] 
Database 'C:\Users\34644\git\repository\IS-ITER\src\main\resources\bets.temp' is opened by 27220@MSI

[2022-05-27 17:44:09 #2 type] 
Type domain.User is not enhanced.

[2022-05-27 17:44:09 #3 type] 
Type domain.Question is not enhanced.

[2022-05-27 17:44:09 #4 type] 
Type domain.Pronostico is not enhanced.

[2022-05-27 17:44:09 #5 type] 
Type domain.Event is not enhanced.

[2022-05-27 17:44:09 #6 type] 
Type domain.EquipoJugador is not enhanced.

------------------------------------------------------------------------------------------------------------------------

[2022-05-27 17:47:17 #1 store] 
Database 'C:\Users\34644\git\repository\IS-ITER\src\main\resources\bets.temp' is opened by 7316@MSI

[2022-05-27 17:47:17 #2 type] 
Type domain.User is not enhanced.

[2022-05-27 17:47:17 #3 type] 
Type domain.Question is not enhanced.

[2022-05-27 17:47:17 #4 type] 
Type domain.Pronostico is not enhanced.

[2022-05-27 17:47:17 #5 type] 
Type domain.Event is not enhanced.

[2022-05-27 17:47:17 #6 type] 
Type domain.EquipoJugador is not enhanced.

------------------------------------------------------------------------------------------------------------------------

[2022-05-27 17:50:57 #1 store] 
Database 'C:\Users\34644\git\repository\IS-ITER\src\main\resources\bets.temp' has been recovered (tr. 10-10)

[2022-05-27 17:50:57 #2 store] 
Database 'C:\Users\34644\git\repository\IS-ITER\src\main\resources\bets.temp' is opened by 30436@MSI

[2022-05-27 17:50:57 #3 type] 
Type domain.User is not enhanced.

[2022-05-27 17:50:58 #4 type] 
Type domain.Question is not enhanced.

[2022-05-27 17:50:58 #5 type] 
Type domain.Pronostico is not enhanced.

[2022-05-27 17:50:58 #6 type] 
Type domain.Event is not enhanced.

[2022-05-27 17:50:58 #7 type] 
Type domain.EquipoJugador is not enhanced.

------------------------------------------------------------------------------------------------------------------------

[2022-05-27 17:52:04 #1 store] 
Database 'C:\Users\34644\git\repository\IS-ITER\src\main\resources\bets.temp' is opened by 30852@MSI

[2022-05-27 17:52:04 #2 type] 
Type domain.User is not enhanced.

[2022-05-27 17:52:04 #3 type] 
Type domain.Question is not enhanced.

[2022-05-27 17:52:04 #4 type] 
Type domain.Pronostico is not enhanced.

[2022-05-27 17:52:04 #5 type] 
Type domain.Event is not enhanced.

[2022-05-27 17:52:04 #6 type] 
Type domain.EquipoJugador is not enhanced.

------------------------------------------------------------------------------------------------------------------------

[2022-05-27 17:55:50 #1 store] 
Database 'C:\Users\34644\git\repository\IS-ITER\src\main\resources\bets.temp' is opened by 11480@MSI

[2022-05-27 17:55:50 #2 type] 
Type domain.User is not enhanced.

[2022-05-27 17:55:50 #3 type] 
Type domain.Question is not enhanced.

[2022-05-27 17:55:50 #4 type] 
Type domain.Pronostico is not enhanced.

[2022-05-27 17:55:50 #5 type] 
Type domain.Event is not enhanced.

[2022-05-27 17:55:50 #6 type] 
Type domain.EquipoJugador is not enhanced.

------------------------------------------------------------------------------------------------------------------------

[2022-05-27 17:57:09 #1 store] 
Database 'C:\Users\34644\git\repository\IS-ITER\src\main\resources\bets.temp' is opened by 20936@MSI

[2022-05-27 17:57:09 #2 type] 
Type domain.User is not enhanced.

[2022-05-27 17:57:09 #3 type] 
Type domain.Question is not enhanced.

[2022-05-27 17:57:09 #4 type] 
Type domain.Pronostico is not enhanced.

[2022-05-27 17:57:09 #5 type] 
Type domain.Event is not enhanced.

[2022-05-27 17:57:09 #6 type] 
Type domain.EquipoJugador is not enhanced.

------------------------------------------------------------------------------------------------------------------------

[2022-05-27 18:26:04 #1 store] 
Database 'C:\Users\34644\git\repository\IS-ITER\src\main\resources\bets.temp' is opened by 11036@MSI

[2022-05-27 18:26:04 #2 type.registry] 
New type domain.User

[2022-05-27 18:26:04 #3 type] 
Type domain.User is not enhanced.

[2022-05-27 18:26:04 #4 type.registry] 
New type domain.Question

[2022-05-27 18:26:04 #5 type.registry] 
New type domain.Pronostico

[2022-05-27 18:26:04 #6 type] 
Type domain.Question is not enhanced.

[2022-05-27 18:26:04 #7 type.registry] 
New type java.util.Vector<domain.Pronostico>

[2022-05-27 18:26:04 #8 type.registry] 
New type domain.Event

[2022-05-27 18:26:04 #9 type] 
Type domain.Pronostico is not enhanced.

[2022-05-27 18:26:04 #10 type.registry] 
New type domain.EquipoJugador

[2022-05-27 18:26:04 #11 type.registry] 
New type java.util.Vector<domain.EquipoJugador>

[2022-05-27 18:26:04 #12 type] 
Type domain.Event is not enhanced.

[2022-05-27 18:26:04 #13 type.registry] 
New type java.util.Vector<domain.Question>

[2022-05-27 18:26:04 #14 type] 
Type domain.EquipoJugador is not enhanced.

[2022-05-27 18:26:05 #15 type.registry] 
New type java.util.ArrayList<java.lang.Object>

[2022-05-27 18:26:05 #16 type.registry] 
New type java.util.Vector<java.lang.Object>

[2022-05-27 18:26:05 #17 type.registry] 
New type java.util.ArrayList<domain.Pronostico>

[2022-05-27 18:26:05 #18 type.registry] 
New type java.util.ArrayList<domain.Question>

------------------------------------------------------------------------------------------------------------------------

[2022-05-27 18:26:18 #1 store] 
Database 'C:\Users\34644\git\repository\IS-ITER\src\main\resources\bets.temp' has been recovered (tr. 1-8)

[2022-05-27 18:26:18 #2 store] 
Database 'C:\Users\34644\git\repository\IS-ITER\src\main\resources\bets.temp' is opened by 9472@MSI

[2022-05-27 18:26:18 #3 type] 
Type domain.User is not enhanced.

[2022-05-27 18:26:18 #4 type] 
Type domain.Question is not enhanced.

[2022-05-27 18:26:18 #5 type] 
Type domain.Pronostico is not enhanced.

[2022-05-27 18:26:18 #6 type] 
Type domain.Event is not enhanced.

[2022-05-27 18:26:18 #7 type] 
Type domain.EquipoJugador is not enhanced.

------------------------------------------------------------------------------------------------------------------------

[2022-05-27 18:36:37 #1 store] 
Database 'C:\Users\34644\git\repository\IS-ITER\src\main\resources\bets.temp' has been recovered (tr. 9-9)

[2022-05-27 18:36:37 #2 store] 
Database 'C:\Users\34644\git\repository\IS-ITER\src\main\resources\bets.temp' is opened by 25156@MSI

[2022-05-27 18:36:37 #3 type] 
Type domain.User is not enhanced.

[2022-05-27 18:36:37 #4 type] 
Type domain.Question is not enhanced.

[2022-05-27 18:36:37 #5 type] 
Type domain.Pronostico is not enhanced.

[2022-05-27 18:36:37 #6 type] 
Type domain.Event is not enhanced.

[2022-05-27 18:36:37 #7 type] 
Type domain.EquipoJugador is not enhanced.

------------------------------------------------------------------------------------------------------------------------

[2022-05-27 18:39:03 #1 store] 
Database 'C:\Users\34644\git\repository\IS-ITER\src\main\resources\bets.temp' has been recovered (tr. 10-10)

[2022-05-27 18:39:03 #2 store] 
Database 'C:\Users\34644\git\repository\IS-ITER\src\main\resources\bets.temp' is opened by 4488@MSI

[2022-05-27 18:39:03 #3 type] 
Type domain.User is not enhanced.

[2022-05-27 18:39:03 #4 type] 
Type domain.Question is not enhanced.

[2022-05-27 18:39:03 #5 type] 
Type domain.Pronostico is not enhanced.

[2022-05-27 18:39:03 #6 type] 
Type domain.Event is not enhanced.

[2022-05-27 18:39:03 #7 type] 
Type domain.EquipoJugador is not enhanced.

------------------------------------------------------------------------------------------------------------------------

[2022-05-27 18:40:05 #1 store] 
Database 'C:\Users\34644\git\repository\IS-ITER\src\main\resources\bets.temp' has been recovered (tr. 11-11)

[2022-05-27 18:40:05 #2 store] 
Database 'C:\Users\34644\git\repository\IS-ITER\src\main\resources\bets.temp' is opened by 4888@MSI

[2022-05-27 18:40:05 #3 type] 
Type domain.User is not enhanced.

[2022-05-27 18:40:05 #4 type] 
Type domain.Question is not enhanced.

[2022-05-27 18:40:05 #5 type] 
Type domain.Pronostico is not enhanced.

[2022-05-27 18:40:05 #6 type] 
Type domain.Event is not enhanced.

[2022-05-27 18:40:05 #7 type] 
Type domain.EquipoJugador is not enhanced.

------------------------------------------------------------------------------------------------------------------------

[2022-05-27 18:42:31 #1 store] 
Database 'C:\Users\34644\git\repository\IS-ITER\src\main\resources\bets.temp' has been recovered (tr. 12-12)

[2022-05-27 18:42:31 #2 store] 
Database 'C:\Users\34644\git\repository\IS-ITER\src\main\resources\bets.temp' is opened by 15860@MSI

[2022-05-27 18:42:31 #3 type] 
Type domain.User is not enhanced.

[2022-05-27 18:42:31 #4 type] 
Type domain.Question is not enhanced.

[2022-05-27 18:42:31 #5 type] 
Type domain.Pronostico is not enhanced.

[2022-05-27 18:42:31 #6 type] 
Type domain.Event is not enhanced.

[2022-05-27 18:42:31 #7 type] 
Type domain.EquipoJugador is not enhanced.

------------------------------------------------------------------------------------------------------------------------

[2022-05-27 18:42:42 #1 store] 
Database 'C:\Users\34644\git\repository\IS-ITER\src\main\resources\bets.temp' is opened by 6992@MSI

[2022-05-27 18:42:42 #2 type] 
Type domain.User is not enhanced.

[2022-05-27 18:42:42 #3 type] 
Type domain.Question is not enhanced.

[2022-05-27 18:42:42 #4 type] 
Type domain.Pronostico is not enhanced.

[2022-05-27 18:42:42 #5 type] 
Type domain.Event is not enhanced.

[2022-05-27 18:42:42 #6 type] 
Type domain.EquipoJugador is not enhanced.

------------------------------------------------------------------------------------------------------------------------

[2022-05-27 18:43:24 #1 store] 
Database 'C:\Users\34644\git\repository\IS-ITER\src\main\resources\bets.temp' is opened by 22408@MSI

[2022-05-27 18:43:24 #2 type] 
Type domain.User is not enhanced.

[2022-05-27 18:43:24 #3 type] 
Type domain.Question is not enhanced.

[2022-05-27 18:43:24 #4 type] 
Type domain.Pronostico is not enhanced.

[2022-05-27 18:43:25 #5 type] 
Type domain.Event is not enhanced.

[2022-05-27 18:43:25 #6 type] 
Type domain.EquipoJugador is not enhanced.

------------------------------------------------------------------------------------------------------------------------

[2022-05-27 18:44:44 #1 store] 
Database 'C:\Users\34644\git\repository\IS-ITER\src\main\resources\bets.temp' has been recovered (tr. 13-17)

[2022-05-27 18:44:44 #2 store] 
Database 'C:\Users\34644\git\repository\IS-ITER\src\main\resources\bets.temp' is opened by 24744@MSI

[2022-05-27 18:44:44 #3 type] 
Type domain.User is not enhanced.

[2022-05-27 18:44:44 #4 type] 
Type domain.Question is not enhanced.

[2022-05-27 18:44:44 #5 type] 
Type domain.Pronostico is not enhanced.

[2022-05-27 18:44:44 #6 type] 
Type domain.Event is not enhanced.

[2022-05-27 18:44:44 #7 type] 
Type domain.EquipoJugador is not enhanced.

------------------------------------------------------------------------------------------------------------------------

[2022-05-27 18:47:05 #1 store] 
Database 'C:\Users\34644\git\repository\IS-ITER\src\main\resources\bets.temp' is opened by 19624@MSI

[2022-05-27 18:47:05 #2 type.registry] 
New type domain.User

[2022-05-27 18:47:05 #3 type] 
Type domain.User is not enhanced.

[2022-05-27 18:47:05 #4 type.registry] 
New type domain.Question

[2022-05-27 18:47:05 #5 type.registry] 
New type domain.Pronostico

[2022-05-27 18:47:05 #6 type] 
Type domain.Question is not enhanced.

[2022-05-27 18:47:05 #7 type.registry] 
New type java.util.Vector<domain.Pronostico>

[2022-05-27 18:47:05 #8 type.registry] 
New type domain.Event

[2022-05-27 18:47:05 #9 type] 
Type domain.Pronostico is not enhanced.

[2022-05-27 18:47:05 #10 type.registry] 
New type domain.EquipoJugador

[2022-05-27 18:47:05 #11 type.registry] 
New type java.util.Vector<domain.EquipoJugador>

[2022-05-27 18:47:05 #12 type] 
Type domain.Event is not enhanced.

[2022-05-27 18:47:05 #13 type.registry] 
New type java.util.Vector<domain.Question>

[2022-05-27 18:47:05 #14 type] 
Type domain.EquipoJugador is not enhanced.

[2022-05-27 18:47:05 #15 type.registry] 
New type java.util.ArrayList<java.lang.Object>

[2022-05-27 18:47:05 #16 type.registry] 
New type java.util.Vector<java.lang.Object>

[2022-05-27 18:47:05 #17 type.registry] 
New type java.util.ArrayList<domain.Pronostico>

[2022-05-27 18:47:05 #18 type.registry] 
New type java.util.ArrayList<domain.Question>

------------------------------------------------------------------------------------------------------------------------

[2022-05-27 18:48:44 #1 store] 
Database 'C:\Users\34644\git\repository\IS-ITER\src\main\resources\bets.temp' is opened by 23840@MSI

[2022-05-27 18:48:44 #2 type] 
Type domain.User is not enhanced.

[2022-05-27 18:48:45 #3 type] 
Type domain.Question is not enhanced.

[2022-05-27 18:48:45 #4 type] 
Type domain.Pronostico is not enhanced.

[2022-05-27 18:48:45 #5 type] 
Type domain.Event is not enhanced.

[2022-05-27 18:48:45 #6 type] 
Type domain.EquipoJugador is not enhanced.

------------------------------------------------------------------------------------------------------------------------

[2022-05-27 18:49:45 #1 store] 
Database 'C:\Users\34644\git\repository\IS-ITER\src\main\resources\bets.temp' has been recovered (tr. 9-11)

[2022-05-27 18:49:45 #2 store] 
Database 'C:\Users\34644\git\repository\IS-ITER\src\main\resources\bets.temp' is opened by 3052@MSI

[2022-05-27 18:49:45 #3 type] 
Type domain.User is not enhanced.

[2022-05-27 18:49:45 #4 type] 
Type domain.Question is not enhanced.

[2022-05-27 18:49:45 #5 type] 
Type domain.Pronostico is not enhanced.

[2022-05-27 18:49:45 #6 type] 
Type domain.Event is not enhanced.

[2022-05-27 18:49:45 #7 type] 
Type domain.EquipoJugador is not enhanced.

------------------------------------------------------------------------------------------------------------------------

[2022-05-27 18:50:17 #1 store] 
Database 'C:\Users\34644\git\repository\IS-ITER\src\main\resources\bets.temp' is opened by 18688@MSI

[2022-05-27 18:50:17 #2 type] 
Type domain.User is not enhanced.

[2022-05-27 18:50:17 #3 type] 
Type domain.Question is not enhanced.

[2022-05-27 18:50:17 #4 type] 
Type domain.Pronostico is not enhanced.

[2022-05-27 18:50:17 #5 type] 
Type domain.Event is not enhanced.

[2022-05-27 18:50:17 #6 type] 
Type domain.EquipoJugador is not enhanced.

------------------------------------------------------------------------------------------------------------------------

[2022-05-27 18:51:45 #1 store] 
Database 'C:\Users\34644\git\repository\IS-ITER\src\main\resources\bets.temp' has been recovered (tr. 12-15)

[2022-05-27 18:51:45 #2 store] 
Database 'C:\Users\34644\git\repository\IS-ITER\src\main\resources\bets.temp' is opened by 24936@MSI

[2022-05-27 18:51:45 #3 type] 
Type domain.User is not enhanced.

[2022-05-27 18:51:45 #4 type] 
Type domain.Question is not enhanced.

[2022-05-27 18:51:45 #5 type] 
Type domain.Pronostico is not enhanced.

[2022-05-27 18:51:45 #6 type] 
Type domain.Event is not enhanced.

[2022-05-27 18:51:45 #7 type] 
Type domain.EquipoJugador is not enhanced.

