------------------------------------------------------------------------------------------------------------------------

[2022-04-11 00:18:21 #1 store] 
Database 'C:\Users\34644\git\repository\IS-ITER\src\main\resources\bets.temp' is opened by 14600@MSI

[2022-04-11 00:18:21 #2 type] 
Type domain.User is not enhanced.

[2022-04-11 00:18:21 #3 type] 
Type domain.Pronostico is not enhanced.

[2022-04-11 00:18:21 #4 type] 
Type domain.Event is not enhanced.

[2022-04-11 00:18:21 #5 type] 
Type domain.Question is not enhanced.

------------------------------------------------------------------------------------------------------------------------

[2022-04-11 00:20:50 #1 store] 
Database 'C:\Users\34644\git\repository\IS-ITER\src\main\resources\bets.temp' has been recovered (tr. 43-43)

[2022-04-11 00:20:50 #2 store] 
Database 'C:\Users\34644\git\repository\IS-ITER\src\main\resources\bets.temp' is opened by 28816@MSI

[2022-04-11 00:20:50 #3 type] 
Type domain.User is not enhanced.

[2022-04-11 00:20:50 #4 type] 
Type domain.Pronostico is not enhanced.

[2022-04-11 00:20:50 #5 type] 
Type domain.Event is not enhanced.

[2022-04-11 00:20:50 #6 type] 
Type domain.Question is not enhanced.

------------------------------------------------------------------------------------------------------------------------

[2022-04-11 00:25:35 #1 store] 
Database 'C:\Users\34644\git\repository\IS-ITER\src\main\resources\bets.temp' is opened by 15024@MSI

[2022-04-11 00:25:35 #2 type] 
Type domain.User is not enhanced.

[2022-04-11 00:25:35 #3 type] 
Type domain.Pronostico is not enhanced.

[2022-04-11 00:25:35 #4 type] 
Type domain.Event is not enhanced.

[2022-04-11 00:25:35 #5 type] 
Type domain.Question is not enhanced.

------------------------------------------------------------------------------------------------------------------------

[2022-04-11 00:27:42 #1 store] 
Database 'C:\Users\34644\git\repository\IS-ITER\src\main\resources\bets.temp' is opened by 19724@MSI

[2022-04-11 00:27:42 #2 type] 
Type domain.User is not enhanced.

[2022-04-11 00:27:42 #3 type] 
Type domain.Pronostico is not enhanced.

[2022-04-11 00:27:42 #4 type] 
Type domain.Event is not enhanced.

[2022-04-11 00:27:42 #5 type] 
Type domain.Question is not enhanced.

------------------------------------------------------------------------------------------------------------------------

[2022-04-11 00:28:08 #1 store] 
Database 'C:\Users\34644\git\repository\IS-ITER\src\main\resources\bets.temp' is opened by 30788@MSI

[2022-04-11 00:28:08 #2 type] 
Type domain.User is not enhanced.

[2022-04-11 00:28:08 #3 type] 
Type domain.Pronostico is not enhanced.

[2022-04-11 00:28:08 #4 type] 
Type domain.Event is not enhanced.

[2022-04-11 00:28:08 #5 type] 
Type domain.Question is not enhanced.

------------------------------------------------------------------------------------------------------------------------

[2022-04-11 00:28:55 #1 store] 
Database 'C:\Users\34644\git\repository\IS-ITER\src\main\resources\bets.temp' is opened by 30304@MSI

[2022-04-11 00:28:55 #2 type] 
Type domain.User is not enhanced.

[2022-04-11 00:28:55 #3 type] 
Type domain.Pronostico is not enhanced.

[2022-04-11 00:28:55 #4 type] 
Type domain.Event is not enhanced.

[2022-04-11 00:28:55 #5 type] 
Type domain.Question is not enhanced.

------------------------------------------------------------------------------------------------------------------------

[2022-04-11 00:30:09 #1 store] 
Database 'C:\Users\34644\git\repository\IS-ITER\src\main\resources\bets.temp' has been recovered (tr. 44-45)

[2022-04-11 00:30:09 #2 store] 
Database 'C:\Users\34644\git\repository\IS-ITER\src\main\resources\bets.temp' is opened by 24000@MSI

[2022-04-11 00:30:09 #3 type] 
Type domain.User is not enhanced.

[2022-04-11 00:30:09 #4 type] 
Type domain.Pronostico is not enhanced.

[2022-04-11 00:30:09 #5 type] 
Type domain.Event is not enhanced.

[2022-04-11 00:30:09 #6 type] 
Type domain.Question is not enhanced.

------------------------------------------------------------------------------------------------------------------------

[2022-04-11 00:31:01 #1 store] 
Database 'C:\Users\34644\git\repository\IS-ITER\src\main\resources\bets.temp' has been recovered (tr. 46-48)

[2022-04-11 00:31:01 #2 store] 
Database 'C:\Users\34644\git\repository\IS-ITER\src\main\resources\bets.temp' is opened by 12128@MSI

[2022-04-11 00:31:01 #3 type] 
Type domain.User is not enhanced.

[2022-04-11 00:31:01 #4 type] 
Type domain.Pronostico is not enhanced.

[2022-04-11 00:31:01 #5 type] 
Type domain.Event is not enhanced.

[2022-04-11 00:31:01 #6 type] 
Type domain.Question is not enhanced.

------------------------------------------------------------------------------------------------------------------------

[2022-04-11 09:31:27 #1 store] 
Database 'C:\Users\34644\git\repository\IS-ITER\src\main\resources\bets.temp' has been recovered (tr. 49-49)

[2022-04-11 09:31:27 #2 store] 
Database 'C:\Users\34644\git\repository\IS-ITER\src\main\resources\bets.temp' is opened by 24380@MSI

[2022-04-11 09:31:27 #3 type] 
Type domain.User is not enhanced.

[2022-04-11 09:31:27 #4 type] 
Type domain.Pronostico is not enhanced.

[2022-04-11 09:31:27 #5 type] 
Type domain.Event is not enhanced.

[2022-04-11 09:31:28 #6 type] 
Type domain.Question is not enhanced.

------------------------------------------------------------------------------------------------------------------------

[2022-04-11 09:32:22 #1 store] 
Database 'C:\Users\34644\git\repository\IS-ITER\src\main\resources\bets.temp' is opened by 14284@MSI

[2022-04-11 09:32:22 #2 type] 
Type domain.User is not enhanced.

[2022-04-11 09:32:22 #3 type] 
Type domain.Pronostico is not enhanced.

[2022-04-11 09:32:22 #4 type] 
Type domain.Event is not enhanced.

[2022-04-11 09:32:22 #5 type] 
Type domain.Question is not enhanced.

------------------------------------------------------------------------------------------------------------------------

[2022-04-11 09:35:52 #1 store] 
Database 'C:\Users\34644\git\repository\IS-ITER\src\main\resources\bets.temp' is opened by 20148@MSI

[2022-04-11 09:35:53 #2 type] 
Type domain.User is not enhanced.

[2022-04-11 09:35:53 #3 type] 
Type domain.Pronostico is not enhanced.

[2022-04-11 09:35:54 #4 type] 
Type domain.Event is not enhanced.

[2022-04-11 09:35:54 #5 type] 
Type domain.Question is not enhanced.

------------------------------------------------------------------------------------------------------------------------

[2022-04-11 09:36:20 #1 store] 
Database 'C:\Users\34644\git\repository\IS-ITER\src\main\resources\bets.temp' is opened by 19364@MSI

[2022-04-11 09:36:20 #2 type] 
Type domain.User is not enhanced.

[2022-04-11 09:36:20 #3 type] 
Type domain.Pronostico is not enhanced.

[2022-04-11 09:36:20 #4 type] 
Type domain.Event is not enhanced.

[2022-04-11 09:36:20 #5 type] 
Type domain.Question is not enhanced.

------------------------------------------------------------------------------------------------------------------------

[2022-04-11 09:37:24 #1 store] 
Database 'C:\Users\34644\git\repository\IS-ITER\src\main\resources\bets.temp' is opened by 7940@MSI

[2022-04-11 09:37:24 #2 type] 
Type domain.User is not enhanced.

[2022-04-11 09:37:24 #3 type] 
Type domain.Pronostico is not enhanced.

[2022-04-11 09:37:24 #4 type] 
Type domain.Event is not enhanced.

[2022-04-11 09:37:24 #5 type] 
Type domain.Question is not enhanced.

------------------------------------------------------------------------------------------------------------------------

[2022-04-11 09:39:48 #1 store] 
Database 'C:\Users\34644\git\repository\IS-ITER\src\main\resources\bets.temp' is opened by 23432@MSI

[2022-04-11 09:39:49 #2 type.registry] 
New type domain.User

[2022-04-11 09:39:49 #3 type] 
Type domain.User is not enhanced.

[2022-04-11 09:39:49 #4 type.registry] 
New type domain.Question

[2022-04-11 09:39:49 #5 type.registry] 
New type domain.Pronostico

[2022-04-11 09:39:49 #6 type] 
Type domain.Question is not enhanced.

[2022-04-11 09:39:49 #7 type.registry] 
New type domain.Event

[2022-04-11 09:39:49 #8 type] 
Type domain.Pronostico is not enhanced.

[2022-04-11 09:39:49 #9 type] 
Type domain.Event is not enhanced.

[2022-04-11 09:39:49 #10 type.registry] 
New type java.util.Vector<domain.Question>

[2022-04-11 09:39:49 #11 type.registry] 
New type java.util.ArrayList<java.lang.Object>

[2022-04-11 09:39:49 #12 type.registry] 
New type java.util.Vector<java.lang.Object>

[2022-04-11 09:39:49 #13 type.registry] 
New type java.util.ArrayList<domain.Pronostico>

[2022-04-11 09:39:49 #14 type.registry] 
New type java.util.ArrayList<domain.Question>

------------------------------------------------------------------------------------------------------------------------

[2022-04-11 09:43:19 #1 store] 
Database 'C:\Users\34644\git\repository\IS-ITER\src\main\resources\bets.temp' has been recovered (tr. 1-9)

[2022-04-11 09:43:19 #2 store] 
Database 'C:\Users\34644\git\repository\IS-ITER\src\main\resources\bets.temp' is opened by 23480@MSI

[2022-04-11 09:43:20 #3 type] 
Type domain.User is not enhanced.

[2022-04-11 09:43:20 #4 type] 
Type domain.Question is not enhanced.

[2022-04-11 09:43:20 #5 type] 
Type domain.Pronostico is not enhanced.

[2022-04-11 09:43:20 #6 type] 
Type domain.Event is not enhanced.

------------------------------------------------------------------------------------------------------------------------

[2022-04-11 10:00:41 #1 store] 
Database 'C:\Users\34644\git\repository\IS-ITER\src\main\resources\bets.temp' is opened by 21568@MSI

[2022-04-11 10:00:41 #2 type] 
Type domain.User is not enhanced.

[2022-04-11 10:00:41 #3 type] 
Type domain.Question is not enhanced.

[2022-04-11 10:00:41 #4 type] 
Type domain.Pronostico is not enhanced.

[2022-04-11 10:00:41 #5 type] 
Type domain.Event is not enhanced.

------------------------------------------------------------------------------------------------------------------------

[2022-04-11 10:15:49 #1 store] 
Database 'C:\Users\34644\git\repository\IS-ITER\src\main\resources\bets.temp' has been recovered (tr. 10-10)

[2022-04-11 10:15:49 #2 store] 
Database 'C:\Users\34644\git\repository\IS-ITER\src\main\resources\bets.temp' is opened by 9192@MSI

[2022-04-11 10:15:49 #3 type] 
Type domain.User is not enhanced.

[2022-04-11 10:15:49 #4 type] 
Type domain.Question is not enhanced.

[2022-04-11 10:15:49 #5 type] 
Type domain.Pronostico is not enhanced.

[2022-04-11 10:15:49 #6 type] 
Type domain.Event is not enhanced.

------------------------------------------------------------------------------------------------------------------------

[2022-04-11 10:16:05 #1 store] 
Database 'C:\Users\34644\git\repository\IS-ITER\src\main\resources\bets.temp' is opened by 1908@MSI

[2022-04-11 10:16:05 #2 type] 
Type domain.User is not enhanced.

[2022-04-11 10:16:05 #3 type] 
Type domain.Question is not enhanced.

[2022-04-11 10:16:05 #4 type] 
Type domain.Pronostico is not enhanced.

[2022-04-11 10:16:05 #5 type] 
Type domain.Event is not enhanced.

------------------------------------------------------------------------------------------------------------------------

[2022-04-11 10:16:51 #1 store] 
Database 'C:\Users\34644\git\repository\IS-ITER\src\main\resources\bets.temp' is opened by 14832@MSI

[2022-04-11 10:16:51 #2 type] 
Type domain.User is not enhanced.

[2022-04-11 10:16:51 #3 type] 
Type domain.Question is not enhanced.

[2022-04-11 10:16:51 #4 type] 
Type domain.Pronostico is not enhanced.

[2022-04-11 10:16:51 #5 type] 
Type domain.Event is not enhanced.

------------------------------------------------------------------------------------------------------------------------

[2022-04-11 10:17:14 #1 store] 
Database 'C:\Users\34644\git\repository\IS-ITER\src\main\resources\bets.temp' is opened by 20520@MSI

[2022-04-11 10:17:14 #2 type] 
Type domain.User is not enhanced.

[2022-04-11 10:17:14 #3 type] 
Type domain.Question is not enhanced.

[2022-04-11 10:17:14 #4 type] 
Type domain.Pronostico is not enhanced.

[2022-04-11 10:17:14 #5 type] 
Type domain.Event is not enhanced.

------------------------------------------------------------------------------------------------------------------------

[2022-04-11 10:18:13 #1 store] 
Database 'C:\Users\34644\git\repository\IS-ITER\src\main\resources\bets.temp' has been recovered (tr. 11-11)

[2022-04-11 10:18:14 #2 store] 
Database 'C:\Users\34644\git\repository\IS-ITER\src\main\resources\bets.temp' is opened by 17352@MSI

[2022-04-11 10:18:14 #3 type] 
Type domain.User is not enhanced.

[2022-04-11 10:18:14 #4 type] 
Type domain.Question is not enhanced.

[2022-04-11 10:18:14 #5 type] 
Type domain.Pronostico is not enhanced.

[2022-04-11 10:18:14 #6 type] 
Type domain.Event is not enhanced.

------------------------------------------------------------------------------------------------------------------------

[2022-04-11 10:18:44 #1 store] 
Database 'C:\Users\34644\git\repository\IS-ITER\src\main\resources\bets.temp' is opened by 4084@MSI

[2022-04-11 10:18:44 #2 type] 
Type domain.User is not enhanced.

[2022-04-11 10:18:44 #3 type] 
Type domain.Question is not enhanced.

[2022-04-11 10:18:44 #4 type] 
Type domain.Pronostico is not enhanced.

[2022-04-11 10:18:44 #5 type] 
Type domain.Event is not enhanced.

------------------------------------------------------------------------------------------------------------------------

[2022-04-11 10:26:34 #1 store] 
Database 'C:\Users\34644\git\repository\IS-ITER\src\main\resources\bets.temp' has been recovered (tr. 12-12)

[2022-04-11 10:26:35 #2 store] 
Database 'C:\Users\34644\git\repository\IS-ITER\src\main\resources\bets.temp' is opened by 10896@MSI

[2022-04-11 10:26:35 #3 type] 
Type domain.User is not enhanced.

[2022-04-11 10:26:35 #4 type] 
Type domain.Question is not enhanced.

[2022-04-11 10:26:35 #5 type] 
Type domain.Pronostico is not enhanced.

[2022-04-11 10:26:35 #6 type] 
Type domain.Event is not enhanced.

------------------------------------------------------------------------------------------------------------------------

[2022-04-11 10:26:40 #1 store] 
Database 'C:\Users\34644\git\repository\IS-ITER\src\main\resources\bets.temp' is opened by 6292@MSI

[2022-04-11 10:26:41 #2 type] 
Type domain.User is not enhanced.

[2022-04-11 10:26:41 #3 type] 
Type domain.Question is not enhanced.

[2022-04-11 10:26:41 #4 type] 
Type domain.Pronostico is not enhanced.

[2022-04-11 10:26:41 #5 type] 
Type domain.Event is not enhanced.

------------------------------------------------------------------------------------------------------------------------

[2022-04-11 10:27:30 #1 store] 
Database 'C:\Users\34644\git\repository\IS-ITER\src\main\resources\bets.temp' is opened by 9964@MSI

[2022-04-11 10:27:31 #2 type] 
Type domain.User is not enhanced.

[2022-04-11 10:27:31 #3 type] 
Type domain.Question is not enhanced.

[2022-04-11 10:27:31 #4 type] 
Type domain.Pronostico is not enhanced.

[2022-04-11 10:27:31 #5 type] 
Type domain.Event is not enhanced.

------------------------------------------------------------------------------------------------------------------------

[2022-04-11 10:34:29 #1 store] 
Database 'C:\Users\34644\git\repository\IS-ITER\src\main\resources\bets.temp' is opened by 24708@MSI

[2022-04-11 10:34:29 #2 type] 
Type domain.User is not enhanced.

[2022-04-11 10:34:29 #3 type] 
Type domain.Question is not enhanced.

[2022-04-11 10:34:29 #4 type] 
Type domain.Pronostico is not enhanced.

[2022-04-11 10:34:29 #5 type] 
Type domain.Event is not enhanced.

------------------------------------------------------------------------------------------------------------------------

[2022-04-11 10:48:58 #1 store] 
Database 'C:\Users\34644\git\repository\IS-ITER\src\main\resources\bets.temp' is opened by 26716@MSI

[2022-04-11 10:48:58 #2 type] 
Type domain.User is not enhanced.

[2022-04-11 10:48:58 #3 type] 
Type domain.Question is not enhanced.

[2022-04-11 10:48:58 #4 type] 
Type domain.Pronostico is not enhanced.

[2022-04-11 10:48:58 #5 type] 
Type domain.Event is not enhanced.

------------------------------------------------------------------------------------------------------------------------

[2022-04-11 10:49:50 #1 store] 
Database 'C:\Users\34644\git\repository\IS-ITER\src\main\resources\bets.temp' is opened by 23736@MSI

[2022-04-11 10:49:50 #2 type] 
Type domain.User is not enhanced.

[2022-04-11 10:49:50 #3 type] 
Type domain.Question is not enhanced.

[2022-04-11 10:49:50 #4 type] 
Type domain.Pronostico is not enhanced.

[2022-04-11 10:49:50 #5 type] 
Type domain.Event is not enhanced.

------------------------------------------------------------------------------------------------------------------------

[2022-04-11 10:51:23 #1 store] 
Database 'C:\Users\34644\git\repository\IS-ITER\src\main\resources\bets.temp' has been recovered (tr. 13-13)

[2022-04-11 10:51:23 #2 store] 
Database 'C:\Users\34644\git\repository\IS-ITER\src\main\resources\bets.temp' is opened by 26312@MSI

[2022-04-11 10:51:23 #3 type] 
Type domain.User is not enhanced.

[2022-04-11 10:51:23 #4 type] 
Type domain.Question is not enhanced.

[2022-04-11 10:51:24 #5 type] 
Type domain.Pronostico is not enhanced.

[2022-04-11 10:51:24 #6 type] 
Type domain.Event is not enhanced.

------------------------------------------------------------------------------------------------------------------------

[2022-04-11 10:51:45 #1 store] 
Database 'C:\Users\34644\git\repository\IS-ITER\src\main\resources\bets.temp' is opened by 4532@MSI

[2022-04-11 10:51:46 #2 type] 
Type domain.User is not enhanced.

[2022-04-11 10:51:46 #3 type] 
Type domain.Question is not enhanced.

[2022-04-11 10:51:46 #4 type] 
Type domain.Pronostico is not enhanced.

[2022-04-11 10:51:46 #5 type] 
Type domain.Event is not enhanced.

------------------------------------------------------------------------------------------------------------------------

[2022-04-11 10:52:56 #1 store] 
Database 'C:\Users\34644\git\repository\IS-ITER\src\main\resources\bets.temp' is opened by 19384@MSI

[2022-04-11 10:52:56 #2 type] 
Type domain.User is not enhanced.

[2022-04-11 10:52:56 #3 type] 
Type domain.Question is not enhanced.

[2022-04-11 10:52:56 #4 type] 
Type domain.Pronostico is not enhanced.

[2022-04-11 10:52:56 #5 type] 
Type domain.Event is not enhanced.

------------------------------------------------------------------------------------------------------------------------

[2022-04-11 10:54:29 #1 store] 
Database 'C:\Users\34644\git\repository\IS-ITER\src\main\resources\bets.temp' has been recovered (tr. 14-14)

[2022-04-11 10:54:29 #2 store] 
Database 'C:\Users\34644\git\repository\IS-ITER\src\main\resources\bets.temp' is opened by 24024@MSI

[2022-04-11 10:54:29 #3 type] 
Type domain.User is not enhanced.

[2022-04-11 10:54:29 #4 type] 
Type domain.Question is not enhanced.

[2022-04-11 10:54:29 #5 type] 
Type domain.Pronostico is not enhanced.

[2022-04-11 10:54:29 #6 type] 
Type domain.Event is not enhanced.

------------------------------------------------------------------------------------------------------------------------

[2022-04-11 10:58:43 #1 store] 
Database 'C:\Users\34644\git\repository\IS-ITER\src\main\resources\bets.temp' is opened by 6252@MSI

[2022-04-11 10:58:43 #2 type] 
Type domain.User is not enhanced.

[2022-04-11 10:58:43 #3 type] 
Type domain.Question is not enhanced.

[2022-04-11 10:58:43 #4 type] 
Type domain.Pronostico is not enhanced.

[2022-04-11 10:58:43 #5 type] 
Type domain.Event is not enhanced.

------------------------------------------------------------------------------------------------------------------------

[2022-04-11 10:59:40 #1 store] 
Database 'C:\Users\34644\git\repository\IS-ITER\src\main\resources\bets.temp' has been recovered (tr. 15-15)

[2022-04-11 10:59:40 #2 store] 
Database 'C:\Users\34644\git\repository\IS-ITER\src\main\resources\bets.temp' is opened by 7768@MSI

[2022-04-11 10:59:40 #3 type] 
Type domain.User is not enhanced.

[2022-04-11 10:59:40 #4 type] 
Type domain.Question is not enhanced.

[2022-04-11 10:59:40 #5 type] 
Type domain.Pronostico is not enhanced.

[2022-04-11 10:59:40 #6 type] 
Type domain.Event is not enhanced.

------------------------------------------------------------------------------------------------------------------------

[2022-04-11 11:00:59 #1 store] 
Database 'C:\Users\34644\git\repository\IS-ITER\src\main\resources\bets.temp' is opened by 6076@MSI

[2022-04-11 11:01:00 #2 type.registry] 
New type domain.User

[2022-04-11 11:01:00 #3 type] 
Type domain.User is not enhanced.

[2022-04-11 11:01:00 #4 type.registry] 
New type domain.Question

[2022-04-11 11:01:00 #5 type.registry] 
New type domain.Pronostico

[2022-04-11 11:01:00 #6 type] 
Type domain.Question is not enhanced.

[2022-04-11 11:01:00 #7 type.registry] 
New type domain.Event

[2022-04-11 11:01:00 #8 type] 
Type domain.Pronostico is not enhanced.

[2022-04-11 11:01:00 #9 type] 
Type domain.Event is not enhanced.

[2022-04-11 11:01:00 #10 type.registry] 
New type java.util.Vector<domain.Question>

[2022-04-11 11:01:00 #11 type.registry] 
New type java.util.ArrayList<java.lang.Object>

[2022-04-11 11:01:00 #12 type.registry] 
New type java.util.Vector<java.lang.Object>

[2022-04-11 11:01:00 #13 type.registry] 
New type java.util.ArrayList<domain.Pronostico>

[2022-04-11 11:01:00 #14 type.registry] 
New type java.util.ArrayList<domain.Question>

------------------------------------------------------------------------------------------------------------------------

[2022-04-11 11:01:04 #1 store] 
Database 'C:\Users\34644\git\repository\IS-ITER\src\main\resources\bets.temp' is opened by 21556@MSI

[2022-04-11 11:01:04 #2 type.registry] 
New type domain.User

[2022-04-11 11:01:04 #3 type] 
Type domain.User is not enhanced.

[2022-04-11 11:01:04 #4 type.registry] 
New type domain.Question

[2022-04-11 11:01:04 #5 type.registry] 
New type domain.Pronostico

[2022-04-11 11:01:04 #6 type] 
Type domain.Question is not enhanced.

[2022-04-11 11:01:04 #7 type.registry] 
New type domain.Event

[2022-04-11 11:01:04 #8 type] 
Type domain.Pronostico is not enhanced.

[2022-04-11 11:01:04 #9 type] 
Type domain.Event is not enhanced.

[2022-04-11 11:01:04 #10 type.registry] 
New type java.util.Vector<domain.Question>

[2022-04-11 11:01:04 #11 type.registry] 
New type java.util.ArrayList<java.lang.Object>

[2022-04-11 11:01:04 #12 type.registry] 
New type java.util.Vector<java.lang.Object>

[2022-04-11 11:01:04 #13 type.registry] 
New type java.util.ArrayList<domain.Pronostico>

[2022-04-11 11:01:04 #14 type.registry] 
New type java.util.ArrayList<domain.Question>

------------------------------------------------------------------------------------------------------------------------

[2022-04-11 11:01:28 #1 store] 
Database 'C:\Users\34644\git\repository\IS-ITER\src\main\resources\bets.temp' is opened by 8776@MSI

[2022-04-11 11:01:28 #2 type.registry] 
New type domain.User

[2022-04-11 11:01:28 #3 type] 
Type domain.User is not enhanced.

[2022-04-11 11:01:28 #4 type.registry] 
New type domain.Question

[2022-04-11 11:01:28 #5 type.registry] 
New type domain.Pronostico

[2022-04-11 11:01:28 #6 type] 
Type domain.Question is not enhanced.

[2022-04-11 11:01:28 #7 type.registry] 
New type domain.Event

[2022-04-11 11:01:28 #8 type] 
Type domain.Pronostico is not enhanced.

[2022-04-11 11:01:28 #9 type] 
Type domain.Event is not enhanced.

[2022-04-11 11:01:28 #10 type.registry] 
New type java.util.Vector<domain.Question>

[2022-04-11 11:01:28 #11 type.registry] 
New type java.util.ArrayList<java.lang.Object>

[2022-04-11 11:01:28 #12 type.registry] 
New type java.util.Vector<java.lang.Object>

[2022-04-11 11:01:28 #13 type.registry] 
New type java.util.ArrayList<domain.Pronostico>

[2022-04-11 11:01:28 #14 type.registry] 
New type java.util.ArrayList<domain.Question>

------------------------------------------------------------------------------------------------------------------------

[2022-04-11 11:04:20 #1 store] 
Database 'C:\Users\34644\git\repository\IS-ITER\src\main\resources\bets.temp' has been recovered (tr. 1-9)

[2022-04-11 11:04:20 #2 store] 
Database 'C:\Users\34644\git\repository\IS-ITER\src\main\resources\bets.temp' is opened by 10596@MSI

[2022-04-11 11:04:20 #3 type] 
Type domain.User is not enhanced.

[2022-04-11 11:04:20 #4 type] 
Type domain.Question is not enhanced.

[2022-04-11 11:04:20 #5 type] 
Type domain.Pronostico is not enhanced.

[2022-04-11 11:04:20 #6 type] 
Type domain.Event is not enhanced.

------------------------------------------------------------------------------------------------------------------------

[2022-04-11 11:05:07 #1 store] 
Database 'C:\Users\34644\git\repository\IS-ITER\src\main\resources\bets.temp' has been recovered (tr. 10-10)

[2022-04-11 11:05:07 #2 store] 
Database 'C:\Users\34644\git\repository\IS-ITER\src\main\resources\bets.temp' is opened by 20688@MSI

[2022-04-11 11:05:07 #3 type] 
Type domain.User is not enhanced.

[2022-04-11 11:05:07 #4 type] 
Type domain.Question is not enhanced.

[2022-04-11 11:05:07 #5 type] 
Type domain.Pronostico is not enhanced.

[2022-04-11 11:05:07 #6 type] 
Type domain.Event is not enhanced.

------------------------------------------------------------------------------------------------------------------------

[2022-04-11 11:06:20 #1 store] 
Database 'C:\Users\34644\git\repository\IS-ITER\src\main\resources\bets.temp' is opened by 23968@MSI

[2022-04-11 11:06:20 #2 type] 
Type domain.User is not enhanced.

[2022-04-11 11:06:20 #3 type] 
Type domain.Question is not enhanced.

[2022-04-11 11:06:20 #4 type] 
Type domain.Pronostico is not enhanced.

[2022-04-11 11:06:20 #5 type] 
Type domain.Event is not enhanced.

------------------------------------------------------------------------------------------------------------------------

[2022-04-11 11:33:29 #1 store] 
Database 'C:\Users\34644\git\repository\IS-ITER\src\main\resources\bets.temp' is opened by 10424@MSI

[2022-04-11 11:33:29 #2 type] 
Type domain.User is not enhanced.

[2022-04-11 11:33:29 #3 type] 
Type domain.Question is not enhanced.

[2022-04-11 11:33:29 #4 type] 
Type domain.Pronostico is not enhanced.

[2022-04-11 11:33:29 #5 type] 
Type domain.Event is not enhanced.

------------------------------------------------------------------------------------------------------------------------

[2022-04-11 11:36:51 #1 store] 
Database 'C:\Users\34644\git\repository\IS-ITER\src\main\resources\bets.temp' has been recovered (tr. 11-11)

[2022-04-11 11:36:51 #2 store] 
Database 'C:\Users\34644\git\repository\IS-ITER\src\main\resources\bets.temp' is opened by 9324@MSI

[2022-04-11 11:36:52 #3 type] 
Type domain.User is not enhanced.

[2022-04-11 11:36:52 #4 type] 
Type domain.Question is not enhanced.

[2022-04-11 11:36:52 #5 type] 
Type domain.Pronostico is not enhanced.

[2022-04-11 11:36:52 #6 type] 
Type domain.Event is not enhanced.

