------------------------------------------------------------------------------------------------------------------------

[2022-03-09 12:39:30 #1 store] 
Database 'C:\Users\34644\eclipse-workspace\IS-ITER\src\main\resources\bets.temp' is opened by 2780@MSI

[2022-03-09 12:39:30 #2 type.registry] 
New type domain.Question

[2022-03-09 12:39:30 #3 type] 
Type domain.Question is not enhanced.

[2022-03-09 12:39:30 #4 type.registry] 
New type domain.Event

[2022-03-09 12:39:30 #5 type] 
Type domain.Event is not enhanced.

[2022-03-09 12:39:30 #6 type.registry] 
New type java.util.Vector<domain.Question>

[2022-03-09 12:39:30 #7 type.registry] 
New type java.util.Vector<java.lang.Object>

------------------------------------------------------------------------------------------------------------------------

[2022-03-09 12:41:47 #1 store] 
Database 'C:\Users\34644\eclipse-workspace\IS-ITER\src\main\resources\bets.temp' is opened by 14860@MSI

[2022-03-09 12:41:47 #2 type.registry] 
New type domain.Question

[2022-03-09 12:41:47 #3 type] 
Type domain.Question is not enhanced.

[2022-03-09 12:41:47 #4 type.registry] 
New type domain.Event

[2022-03-09 12:41:47 #5 type] 
Type domain.Event is not enhanced.

[2022-03-09 12:41:47 #6 type.registry] 
New type java.util.Vector<domain.Question>

[2022-03-09 12:41:47 #7 type.registry] 
New type java.util.Vector<java.lang.Object>

------------------------------------------------------------------------------------------------------------------------

[2022-03-09 12:41:55 #1 store] 
Database 'C:\Users\34644\eclipse-workspace\IS-ITER\src\main\resources\bets.temp' is opened by 16852@MSI

[2022-03-09 12:41:55 #2 type.registry] 
New type domain.Question

[2022-03-09 12:41:55 #3 type] 
Type domain.Question is not enhanced.

[2022-03-09 12:41:55 #4 type.registry] 
New type domain.Event

[2022-03-09 12:41:55 #5 type] 
Type domain.Event is not enhanced.

[2022-03-09 12:41:55 #6 type.registry] 
New type java.util.Vector<domain.Question>

[2022-03-09 12:41:55 #7 type.registry] 
New type java.util.Vector<java.lang.Object>

------------------------------------------------------------------------------------------------------------------------

[2022-03-09 12:43:18 #1 store] 
Database 'C:\Users\34644\eclipse-workspace\IS-ITER\src\main\resources\bets.temp' is opened by 14656@MSI

[2022-03-09 12:43:18 #2 type.registry] 
New type domain.Question

[2022-03-09 12:43:18 #3 type] 
Type domain.Question is not enhanced.

[2022-03-09 12:43:18 #4 type.registry] 
New type domain.Event

[2022-03-09 12:43:18 #5 type] 
Type domain.Event is not enhanced.

[2022-03-09 12:43:18 #6 type.registry] 
New type java.util.Vector<domain.Question>

[2022-03-09 12:43:18 #7 type.registry] 
New type java.util.Vector<java.lang.Object>

[2022-03-09 12:43:31 #8 type.registry] 
New type domain.User

[2022-03-09 12:43:31 #9 type] 
Type domain.User is not enhanced.

[2022-03-09 12:43:31 #10 type.registry] 
New type domain.Pronostico

[2022-03-09 12:43:31 #11 type.registry] 
New type java.util.ArrayList<domain.Pronostico>

[2022-03-09 12:43:31 #12 type] 
Type domain.Pronostico is not enhanced.

------------------------------------------------------------------------------------------------------------------------

[2022-03-09 12:43:58 #1 store] 
Database 'C:\Users\34644\eclipse-workspace\IS-ITER\src\main\resources\bets.temp' is opened by 14968@MSI

[2022-03-09 12:43:58 #2 type.registry] 
New type domain.Question

[2022-03-09 12:43:58 #3 type] 
Type domain.Question is not enhanced.

[2022-03-09 12:43:58 #4 type.registry] 
New type domain.Event

[2022-03-09 12:43:58 #5 type] 
Type domain.Event is not enhanced.

[2022-03-09 12:43:58 #6 type.registry] 
New type java.util.Vector<domain.Question>

[2022-03-09 12:43:58 #7 type.registry] 
New type java.util.Vector<java.lang.Object>

[2022-03-09 12:44:02 #8 type.registry] 
New type domain.User

[2022-03-09 12:44:02 #9 type] 
Type domain.User is not enhanced.

[2022-03-09 12:44:02 #10 type.registry] 
New type domain.Pronostico

[2022-03-09 12:44:02 #11 type.registry] 
New type java.util.ArrayList<domain.Pronostico>

[2022-03-09 12:44:02 #12 type] 
Type domain.Pronostico is not enhanced.

------------------------------------------------------------------------------------------------------------------------

[2022-03-09 12:45:04 #1 store] 
Database 'C:\Users\34644\eclipse-workspace\IS-ITER\src\main\resources\bets.temp' is opened by 18664@MSI

[2022-03-09 12:45:04 #2 type.registry] 
New type domain.Question

[2022-03-09 12:45:04 #3 type] 
Type domain.Question is not enhanced.

[2022-03-09 12:45:04 #4 type.registry] 
New type domain.Event

[2022-03-09 12:45:04 #5 type] 
Type domain.Event is not enhanced.

[2022-03-09 12:45:04 #6 type.registry] 
New type java.util.Vector<domain.Question>

[2022-03-09 12:45:04 #7 type.registry] 
New type java.util.Vector<java.lang.Object>

[2022-03-09 12:46:13 #8 type.registry] 
New type domain.User

[2022-03-09 12:46:13 #9 type] 
Type domain.User is not enhanced.

[2022-03-09 12:46:13 #10 type.registry] 
New type domain.Pronostico

[2022-03-09 12:46:13 #11 type.registry] 
New type java.util.ArrayList<domain.Pronostico>

[2022-03-09 12:46:13 #12 type] 
Type domain.Pronostico is not enhanced.

------------------------------------------------------------------------------------------------------------------------

[2022-03-09 12:46:54 #1 store] 
Database 'C:\Users\34644\eclipse-workspace\IS-ITER\src\main\resources\bets.temp' is opened by 18148@MSI

[2022-03-09 12:46:54 #2 type.registry] 
New type domain.Question

[2022-03-09 12:46:54 #3 type] 
Type domain.Question is not enhanced.

[2022-03-09 12:46:55 #4 type.registry] 
New type domain.Event

[2022-03-09 12:46:55 #5 type] 
Type domain.Event is not enhanced.

[2022-03-09 12:46:55 #6 type.registry] 
New type java.util.Vector<domain.Question>

[2022-03-09 12:46:55 #7 type.registry] 
New type java.util.Vector<java.lang.Object>

[2022-03-09 12:47:07 #8 type.registry] 
New type domain.User

[2022-03-09 12:47:07 #9 type] 
Type domain.User is not enhanced.

[2022-03-09 12:47:07 #10 type.registry] 
New type domain.Pronostico

[2022-03-09 12:47:07 #11 type.registry] 
New type java.util.ArrayList<domain.Pronostico>

[2022-03-09 12:47:07 #12 type] 
Type domain.Pronostico is not enhanced.

------------------------------------------------------------------------------------------------------------------------

[2022-03-09 12:48:03 #1 store] 
Database 'C:\Users\34644\eclipse-workspace\IS-ITER\src\main\resources\bets.temp' is opened by 2552@MSI

[2022-03-09 12:48:03 #2 type.registry] 
New type domain.Question

[2022-03-09 12:48:03 #3 type] 
Type domain.Question is not enhanced.

[2022-03-09 12:48:03 #4 type.registry] 
New type domain.Event

[2022-03-09 12:48:03 #5 type] 
Type domain.Event is not enhanced.

[2022-03-09 12:48:03 #6 type.registry] 
New type java.util.Vector<domain.Question>

[2022-03-09 12:48:03 #7 type.registry] 
New type java.util.Vector<java.lang.Object>

[2022-03-09 12:50:26 #8 type.registry] 
New type domain.User

[2022-03-09 12:50:26 #9 type] 
Type domain.User is not enhanced.

[2022-03-09 12:50:26 #10 type.registry] 
New type domain.Pronostico

[2022-03-09 12:50:26 #11 type.registry] 
New type java.util.ArrayList<domain.Pronostico>

[2022-03-09 12:50:26 #12 type] 
Type domain.Pronostico is not enhanced.

------------------------------------------------------------------------------------------------------------------------

[2022-03-09 13:09:16 #1 store] 
Database 'C:\Users\34644\eclipse-workspace\IS-ITER\src\main\resources\bets.temp' is opened by 24564@MSI

[2022-03-09 13:09:16 #2 type.registry] 
New type domain.Question

[2022-03-09 13:09:16 #3 type] 
Type domain.Question is not enhanced.

[2022-03-09 13:09:16 #4 type.registry] 
New type domain.Event

[2022-03-09 13:09:16 #5 type] 
Type domain.Event is not enhanced.

[2022-03-09 13:09:16 #6 type.registry] 
New type java.util.Vector<domain.Question>

[2022-03-09 13:09:16 #7 type.registry] 
New type java.util.Vector<java.lang.Object>

------------------------------------------------------------------------------------------------------------------------

[2022-03-09 13:09:23 #1 store] 
Database 'C:\Users\34644\eclipse-workspace\IS-ITER\src\main\resources\bets.temp' is opened by 24536@MSI

[2022-03-09 13:09:23 #2 type.registry] 
New type domain.Question

[2022-03-09 13:09:23 #3 type] 
Type domain.Question is not enhanced.

[2022-03-09 13:09:23 #4 type.registry] 
New type domain.Event

[2022-03-09 13:09:23 #5 type] 
Type domain.Event is not enhanced.

[2022-03-09 13:09:23 #6 type.registry] 
New type java.util.Vector<domain.Question>

[2022-03-09 13:09:23 #7 type.registry] 
New type java.util.Vector<java.lang.Object>

[2022-03-09 13:10:15 #8 type.registry] 
New type domain.User

[2022-03-09 13:10:15 #9 type] 
Type domain.User is not enhanced.

[2022-03-09 13:10:15 #10 type.registry] 
New type domain.Pronostico

[2022-03-09 13:10:15 #11 type.registry] 
New type java.util.ArrayList<domain.Pronostico>

[2022-03-09 13:10:15 #12 type] 
Type domain.Pronostico is not enhanced.

------------------------------------------------------------------------------------------------------------------------

[2022-03-09 13:26:21 #1 store] 
Database 'C:\Users\34644\eclipse-workspace\IS-ITER\src\main\resources\bets.temp' is opened by 14200@MSI

[2022-03-09 13:26:21 #2 type.registry] 
New type domain.Question

[2022-03-09 13:26:21 #3 type] 
Type domain.Question is not enhanced.

[2022-03-09 13:26:21 #4 type.registry] 
New type domain.Event

[2022-03-09 13:26:21 #5 type] 
Type domain.Event is not enhanced.

[2022-03-09 13:26:21 #6 type.registry] 
New type java.util.Vector<domain.Question>

[2022-03-09 13:26:21 #7 type.registry] 
New type java.util.Vector<java.lang.Object>

[2022-03-09 13:26:35 #8 type.registry] 
New type domain.User

[2022-03-09 13:26:35 #9 type] 
Type domain.User is not enhanced.

[2022-03-09 13:26:35 #10 type.registry] 
New type domain.Pronostico

[2022-03-09 13:26:35 #11 type.registry] 
New type java.util.ArrayList<domain.Pronostico>

[2022-03-09 13:26:35 #12 type] 
Type domain.Pronostico is not enhanced.

------------------------------------------------------------------------------------------------------------------------

[2022-03-09 13:28:17 #1 store] 
Database 'C:\Users\34644\eclipse-workspace\IS-ITER\src\main\resources\bets.temp' is opened by 4788@MSI

[2022-03-09 13:28:18 #2 type.registry] 
New type domain.Question

[2022-03-09 13:28:18 #3 type] 
Type domain.Question is not enhanced.

[2022-03-09 13:28:18 #4 type.registry] 
New type domain.Event

[2022-03-09 13:28:18 #5 type] 
Type domain.Event is not enhanced.

[2022-03-09 13:28:18 #6 type.registry] 
New type java.util.Vector<domain.Question>

[2022-03-09 13:28:18 #7 type.registry] 
New type java.util.Vector<java.lang.Object>

[2022-03-09 13:29:18 #8 type.registry] 
New type domain.User

[2022-03-09 13:29:18 #9 type] 
Type domain.User is not enhanced.

[2022-03-09 13:29:18 #10 type.registry] 
New type domain.Pronostico

[2022-03-09 13:29:18 #11 type.registry] 
New type java.util.ArrayList<domain.Pronostico>

[2022-03-09 13:29:18 #12 type] 
Type domain.Pronostico is not enhanced.

------------------------------------------------------------------------------------------------------------------------

[2022-03-09 16:57:15 #1 store] 
Database 'C:\Users\34644\eclipse-workspace\IS-ITER\src\main\resources\bets.temp' is opened by 23796@MSI

[2022-03-09 16:57:16 #2 type.registry] 
New type domain.Question

[2022-03-09 16:57:16 #3 type] 
Type domain.Question is not enhanced.

[2022-03-09 16:57:16 #4 type.registry] 
New type domain.Event

[2022-03-09 16:57:16 #5 type] 
Type domain.Event is not enhanced.

[2022-03-09 16:57:16 #6 type.registry] 
New type java.util.Vector<domain.Question>

[2022-03-09 16:57:16 #7 type.registry] 
New type java.util.Vector<java.lang.Object>

[2022-03-09 16:58:16 #8 type.registry] 
New type domain.User

[2022-03-09 16:58:16 #9 type] 
Type domain.User is not enhanced.

[2022-03-09 16:58:16 #10 type.registry] 
New type domain.Pronostico

[2022-03-09 16:58:16 #11 type.registry] 
New type java.util.ArrayList<domain.Pronostico>

[2022-03-09 16:58:16 #12 type] 
Type domain.Pronostico is not enhanced.

------------------------------------------------------------------------------------------------------------------------

[2022-03-09 16:58:48 #1 store] 
Database 'C:\Users\34644\eclipse-workspace\IS-ITER\src\main\resources\bets.temp' is opened by 3276@MSI

[2022-03-09 16:58:48 #2 type.registry] 
New type domain.Question

[2022-03-09 16:58:48 #3 type] 
Type domain.Question is not enhanced.

[2022-03-09 16:58:48 #4 type.registry] 
New type domain.Event

[2022-03-09 16:58:48 #5 type] 
Type domain.Event is not enhanced.

[2022-03-09 16:58:48 #6 type.registry] 
New type java.util.Vector<domain.Question>

[2022-03-09 16:58:48 #7 type.registry] 
New type java.util.Vector<java.lang.Object>

[2022-03-09 16:58:54 #8 type.registry] 
New type domain.User

[2022-03-09 16:58:54 #9 type] 
Type domain.User is not enhanced.

[2022-03-09 16:58:54 #10 type.registry] 
New type domain.Pronostico

[2022-03-09 16:58:54 #11 type.registry] 
New type java.util.ArrayList<domain.Pronostico>

[2022-03-09 16:58:54 #12 type] 
Type domain.Pronostico is not enhanced.

------------------------------------------------------------------------------------------------------------------------

[2022-03-09 17:32:12 #1 store] 
Database 'C:\Users\34644\eclipse-workspace\IS-ITER\src\main\resources\bets.temp' is opened by 1804@MSI

[2022-03-09 17:32:12 #2 type.registry] 
New type domain.Question

[2022-03-09 17:32:12 #3 type] 
Type domain.Question is not enhanced.

[2022-03-09 17:32:12 #4 type.registry] 
New type domain.Event

[2022-03-09 17:32:12 #5 type] 
Type domain.Event is not enhanced.

[2022-03-09 17:32:12 #6 type.registry] 
New type java.util.Vector<domain.Question>

[2022-03-09 17:32:12 #7 type.registry] 
New type java.util.Vector<java.lang.Object>

------------------------------------------------------------------------------------------------------------------------

[2022-03-09 17:32:18 #1 store] 
Database 'C:\Users\34644\eclipse-workspace\IS-ITER\src\main\resources\bets.temp' is opened by 22788@MSI

[2022-03-09 17:32:18 #2 type.registry] 
New type domain.Question

[2022-03-09 17:32:18 #3 type] 
Type domain.Question is not enhanced.

[2022-03-09 17:32:18 #4 type.registry] 
New type domain.Event

[2022-03-09 17:32:18 #5 type] 
Type domain.Event is not enhanced.

[2022-03-09 17:32:18 #6 type.registry] 
New type java.util.Vector<domain.Question>

[2022-03-09 17:32:18 #7 type.registry] 
New type java.util.Vector<java.lang.Object>

------------------------------------------------------------------------------------------------------------------------

[2022-03-09 18:24:04 #1 store] 
Database 'C:\Users\34644\eclipse-workspace\IS-ITER\src\main\resources\bets.temp' is opened by 10720@MSI

[2022-03-09 18:24:05 #2 type.registry] 
New type domain.Question

[2022-03-09 18:24:05 #3 type] 
Type domain.Question is not enhanced.

[2022-03-09 18:24:05 #4 type.registry] 
New type domain.Event

[2022-03-09 18:24:05 #5 type] 
Type domain.Event is not enhanced.

[2022-03-09 18:24:05 #6 type.registry] 
New type java.util.Vector<domain.Question>

[2022-03-09 18:24:05 #7 type.registry] 
New type java.util.Vector<java.lang.Object>

------------------------------------------------------------------------------------------------------------------------

[2022-03-09 18:24:10 #1 store] 
Database 'C:\Users\34644\eclipse-workspace\IS-ITER\src\main\resources\bets.temp' is opened by 24588@MSI

[2022-03-09 18:24:10 #2 type.registry] 
New type domain.Question

[2022-03-09 18:24:10 #3 type] 
Type domain.Question is not enhanced.

[2022-03-09 18:24:10 #4 type.registry] 
New type domain.Event

[2022-03-09 18:24:10 #5 type] 
Type domain.Event is not enhanced.

[2022-03-09 18:24:10 #6 type.registry] 
New type java.util.Vector<domain.Question>

[2022-03-09 18:24:10 #7 type.registry] 
New type java.util.Vector<java.lang.Object>

------------------------------------------------------------------------------------------------------------------------

[2022-03-09 18:24:19 #1 store] 
Database 'C:\Users\34644\eclipse-workspace\IS-ITER\src\main\resources\bets.temp' is opened by 4356@MSI

[2022-03-09 18:24:19 #2 type.registry] 
New type domain.Question

[2022-03-09 18:24:19 #3 type] 
Type domain.Question is not enhanced.

[2022-03-09 18:24:19 #4 type.registry] 
New type domain.Event

[2022-03-09 18:24:19 #5 type] 
Type domain.Event is not enhanced.

[2022-03-09 18:24:19 #6 type.registry] 
New type java.util.Vector<domain.Question>

[2022-03-09 18:24:19 #7 type.registry] 
New type java.util.Vector<java.lang.Object>

------------------------------------------------------------------------------------------------------------------------

[2022-03-09 19:46:14 #1 store] 
Database 'C:\Users\34644\eclipse-workspace\IS-ITER\src\main\resources\bets.temp' is opened by 2480@MSI

[2022-03-09 19:46:14 #2 type.registry] 
New type domain.Question

[2022-03-09 19:46:14 #3 type] 
Type domain.Question is not enhanced.

[2022-03-09 19:46:14 #4 type.registry] 
New type domain.Event

[2022-03-09 19:46:14 #5 type] 
Type domain.Event is not enhanced.

[2022-03-09 19:46:14 #6 type.registry] 
New type java.util.Vector<domain.Question>

[2022-03-09 19:46:14 #7 type.registry] 
New type java.util.Vector<java.lang.Object>

[2022-03-09 19:46:16 #8 type.registry] 
New type domain.User

[2022-03-09 19:46:16 #9 type] 
Type domain.User is not enhanced.

[2022-03-09 19:46:16 #10 type.registry] 
New type domain.Pronostico

[2022-03-09 19:46:16 #11 type.registry] 
New type java.util.ArrayList<domain.Pronostico>

[2022-03-09 19:46:16 #12 type] 
Type domain.Pronostico is not enhanced.

------------------------------------------------------------------------------------------------------------------------

[2022-03-09 19:48:45 #1 store] 
Database 'C:\Users\34644\eclipse-workspace\IS-ITER\src\main\resources\bets.temp' is opened by 24368@MSI

[2022-03-09 19:48:45 #2 type.registry] 
New type domain.Question

[2022-03-09 19:48:45 #3 type] 
Type domain.Question is not enhanced.

[2022-03-09 19:48:45 #4 type.registry] 
New type domain.Event

[2022-03-09 19:48:45 #5 type] 
Type domain.Event is not enhanced.

[2022-03-09 19:48:45 #6 type.registry] 
New type java.util.Vector<domain.Question>

[2022-03-09 19:48:45 #7 type.registry] 
New type java.util.Vector<java.lang.Object>

------------------------------------------------------------------------------------------------------------------------

[2022-03-09 19:49:35 #1 store] 
Database 'C:\Users\34644\eclipse-workspace\IS-ITER\src\main\resources\bets.temp' is opened by 2680@MSI

[2022-03-09 19:49:35 #2 type.registry] 
New type domain.Question

[2022-03-09 19:49:35 #3 type] 
Type domain.Question is not enhanced.

[2022-03-09 19:49:35 #4 type.registry] 
New type domain.Event

[2022-03-09 19:49:35 #5 type] 
Type domain.Event is not enhanced.

[2022-03-09 19:49:35 #6 type.registry] 
New type java.util.Vector<domain.Question>

[2022-03-09 19:49:35 #7 type.registry] 
New type java.util.Vector<java.lang.Object>

[2022-03-09 19:49:39 #8 type.registry] 
New type domain.User

[2022-03-09 19:49:39 #9 type] 
Type domain.User is not enhanced.

[2022-03-09 19:49:39 #10 type.registry] 
New type domain.Pronostico

[2022-03-09 19:49:39 #11 type.registry] 
New type java.util.ArrayList<domain.Pronostico>

[2022-03-09 19:49:39 #12 type] 
Type domain.Pronostico is not enhanced.

------------------------------------------------------------------------------------------------------------------------

[2022-03-09 19:52:40 #1 store] 
Database 'C:\Users\34644\eclipse-workspace\IS-ITER\src\main\resources\bets.temp' is opened by 11924@MSI

[2022-03-09 19:52:40 #2 type.registry] 
New type domain.Question

[2022-03-09 19:52:40 #3 type] 
Type domain.Question is not enhanced.

[2022-03-09 19:52:40 #4 type.registry] 
New type domain.Event

[2022-03-09 19:52:40 #5 type] 
Type domain.Event is not enhanced.

[2022-03-09 19:52:40 #6 type.registry] 
New type java.util.Vector<domain.Question>

[2022-03-09 19:52:40 #7 type.registry] 
New type java.util.Vector<java.lang.Object>

[2022-03-09 19:52:48 #8 type.registry] 
New type domain.User

[2022-03-09 19:52:48 #9 type] 
Type domain.User is not enhanced.

[2022-03-09 19:52:48 #10 type.registry] 
New type domain.Pronostico

[2022-03-09 19:52:48 #11 type.registry] 
New type java.util.ArrayList<domain.Pronostico>

[2022-03-09 19:52:48 #12 type] 
Type domain.Pronostico is not enhanced.

------------------------------------------------------------------------------------------------------------------------

[2022-03-09 19:52:53 #1 store] 
Database 'C:\Users\34644\eclipse-workspace\IS-ITER\src\main\resources\bets.temp' is opened by 9924@MSI

[2022-03-09 19:52:53 #2 type.registry] 
New type domain.Question

[2022-03-09 19:52:53 #3 type] 
Type domain.Question is not enhanced.

[2022-03-09 19:52:53 #4 type.registry] 
New type domain.Event

[2022-03-09 19:52:53 #5 type] 
Type domain.Event is not enhanced.

[2022-03-09 19:52:53 #6 type.registry] 
New type java.util.Vector<domain.Question>

[2022-03-09 19:52:53 #7 type.registry] 
New type java.util.Vector<java.lang.Object>

[2022-03-09 19:53:13 #8 type.registry] 
New type domain.User

[2022-03-09 19:53:13 #9 type] 
Type domain.User is not enhanced.

[2022-03-09 19:53:13 #10 type.registry] 
New type domain.Pronostico

[2022-03-09 19:53:13 #11 type.registry] 
New type java.util.ArrayList<domain.Pronostico>

[2022-03-09 19:53:13 #12 type] 
Type domain.Pronostico is not enhanced.

------------------------------------------------------------------------------------------------------------------------

[2022-03-09 19:53:23 #1 store] 
Database 'C:\Users\34644\eclipse-workspace\IS-ITER\src\main\resources\bets.temp' is opened by 15260@MSI

[2022-03-09 19:53:24 #2 type.registry] 
New type domain.Question

[2022-03-09 19:53:24 #3 type] 
Type domain.Question is not enhanced.

[2022-03-09 19:53:24 #4 type.registry] 
New type domain.Event

[2022-03-09 19:53:24 #5 type] 
Type domain.Event is not enhanced.

[2022-03-09 19:53:24 #6 type.registry] 
New type java.util.Vector<domain.Question>

[2022-03-09 19:53:24 #7 type.registry] 
New type java.util.Vector<java.lang.Object>

[2022-03-09 19:53:56 #8 type.registry] 
New type domain.User

[2022-03-09 19:53:56 #9 type] 
Type domain.User is not enhanced.

[2022-03-09 19:53:56 #10 type.registry] 
New type domain.Pronostico

[2022-03-09 19:53:56 #11 type.registry] 
New type java.util.ArrayList<domain.Pronostico>

[2022-03-09 19:53:56 #12 type] 
Type domain.Pronostico is not enhanced.

------------------------------------------------------------------------------------------------------------------------

[2022-03-09 20:03:25 #1 store] 
Database 'C:\Users\34644\eclipse-workspace\IS-ITER\src\main\resources\bets.temp' is opened by 1472@MSI

[2022-03-09 20:03:25 #2 type.registry] 
New type domain.Question

[2022-03-09 20:03:25 #3 type] 
Type domain.Question is not enhanced.

[2022-03-09 20:03:25 #4 type.registry] 
New type domain.Event

[2022-03-09 20:03:25 #5 type] 
Type domain.Event is not enhanced.

[2022-03-09 20:03:25 #6 type.registry] 
New type java.util.Vector<domain.Question>

[2022-03-09 20:03:25 #7 type.registry] 
New type java.util.Vector<java.lang.Object>

[2022-03-09 20:03:39 #8 type.registry] 
New type domain.User

[2022-03-09 20:03:39 #9 type] 
Type domain.User is not enhanced.

[2022-03-09 20:03:39 #10 type.registry] 
New type domain.Pronostico

[2022-03-09 20:03:39 #11 type.registry] 
New type java.util.ArrayList<domain.Pronostico>

[2022-03-09 20:03:39 #12 type] 
Type domain.Pronostico is not enhanced.

------------------------------------------------------------------------------------------------------------------------

[2022-03-09 21:06:57 #1 store] 
Database 'C:\Users\34644\eclipse-workspace\IS-ITER\src\main\resources\bets.temp' is opened by 21052@MSI

[2022-03-09 21:06:58 #2 type.registry] 
New type domain.Question

[2022-03-09 21:06:58 #3 type] 
Type domain.Question is not enhanced.

[2022-03-09 21:06:58 #4 type.registry] 
New type domain.Event

[2022-03-09 21:06:58 #5 type] 
Type domain.Event is not enhanced.

[2022-03-09 21:06:58 #6 type.registry] 
New type java.util.Vector<domain.Question>

[2022-03-09 21:06:58 #7 type.registry] 
New type java.util.Vector<java.lang.Object>

[2022-03-09 21:08:10 #8 type.registry] 
New type domain.User

[2022-03-09 21:08:10 #9 type] 
Type domain.User is not enhanced.

[2022-03-09 21:08:10 #10 type.registry] 
New type domain.Pronostico

[2022-03-09 21:08:10 #11 type.registry] 
New type java.util.ArrayList<domain.Pronostico>

[2022-03-09 21:08:10 #12 type] 
Type domain.Pronostico is not enhanced.

------------------------------------------------------------------------------------------------------------------------

[2022-03-09 21:11:07 #1 store] 
Database 'C:\Users\34644\eclipse-workspace\IS-ITER\src\main\resources\bets.temp' is opened by 10876@MSI

[2022-03-09 21:11:07 #2 type.registry] 
New type domain.Question

[2022-03-09 21:11:07 #3 type] 
Type domain.Question is not enhanced.

[2022-03-09 21:11:07 #4 type.registry] 
New type domain.Event

[2022-03-09 21:11:07 #5 type] 
Type domain.Event is not enhanced.

[2022-03-09 21:11:07 #6 type.registry] 
New type java.util.Vector<domain.Question>

[2022-03-09 21:11:07 #7 type.registry] 
New type java.util.Vector<java.lang.Object>

[2022-03-09 21:11:22 #8 type.registry] 
New type domain.User

[2022-03-09 21:11:22 #9 type] 
Type domain.User is not enhanced.

[2022-03-09 21:11:22 #10 type.registry] 
New type domain.Pronostico

[2022-03-09 21:11:22 #11 type.registry] 
New type java.util.ArrayList<domain.Pronostico>

[2022-03-09 21:11:22 #12 type] 
Type domain.Pronostico is not enhanced.

------------------------------------------------------------------------------------------------------------------------

[2022-03-09 21:11:30 #1 store] 
Database 'C:\Users\34644\eclipse-workspace\IS-ITER\src\main\resources\bets.temp' is opened by 14240@MSI

[2022-03-09 21:11:31 #2 type.registry] 
New type domain.Question

[2022-03-09 21:11:31 #3 type] 
Type domain.Question is not enhanced.

[2022-03-09 21:11:31 #4 type.registry] 
New type domain.Event

[2022-03-09 21:11:31 #5 type] 
Type domain.Event is not enhanced.

[2022-03-09 21:11:31 #6 type.registry] 
New type java.util.Vector<domain.Question>

[2022-03-09 21:11:31 #7 type.registry] 
New type java.util.Vector<java.lang.Object>

[2022-03-09 21:12:12 #8 type.registry] 
New type domain.User

[2022-03-09 21:12:12 #9 type] 
Type domain.User is not enhanced.

[2022-03-09 21:12:12 #10 type.registry] 
New type domain.Pronostico

[2022-03-09 21:12:12 #11 type.registry] 
New type java.util.ArrayList<domain.Pronostico>

[2022-03-09 21:12:12 #12 type] 
Type domain.Pronostico is not enhanced.

------------------------------------------------------------------------------------------------------------------------

[2022-03-09 21:14:00 #1 store] 
Database 'C:\Users\34644\eclipse-workspace\IS-ITER\src\main\resources\bets.temp' is opened by 16504@MSI

[2022-03-09 21:14:00 #2 type.registry] 
New type domain.Question

[2022-03-09 21:14:00 #3 type] 
Type domain.Question is not enhanced.

[2022-03-09 21:14:00 #4 type.registry] 
New type domain.Event

[2022-03-09 21:14:00 #5 type] 
Type domain.Event is not enhanced.

[2022-03-09 21:14:00 #6 type.registry] 
New type java.util.Vector<domain.Question>

[2022-03-09 21:14:00 #7 type.registry] 
New type java.util.Vector<java.lang.Object>

[2022-03-09 21:14:40 #8 type.registry] 
New type domain.User

[2022-03-09 21:14:40 #9 type] 
Type domain.User is not enhanced.

[2022-03-09 21:14:40 #10 type.registry] 
New type domain.Pronostico

[2022-03-09 21:14:40 #11 type.registry] 
New type java.util.ArrayList<domain.Pronostico>

[2022-03-09 21:14:40 #12 type] 
Type domain.Pronostico is not enhanced.

------------------------------------------------------------------------------------------------------------------------

[2022-03-09 21:15:03 #1 store] 
Database 'C:\Users\34644\eclipse-workspace\IS-ITER\src\main\resources\bets.temp' is opened by 18236@MSI

[2022-03-09 21:15:03 #2 type.registry] 
New type domain.Question

[2022-03-09 21:15:03 #3 type] 
Type domain.Question is not enhanced.

[2022-03-09 21:15:03 #4 type.registry] 
New type domain.Event

[2022-03-09 21:15:03 #5 type] 
Type domain.Event is not enhanced.

[2022-03-09 21:15:03 #6 type.registry] 
New type java.util.Vector<domain.Question>

[2022-03-09 21:15:03 #7 type.registry] 
New type java.util.Vector<java.lang.Object>

[2022-03-09 21:15:19 #8 type.registry] 
New type domain.User

[2022-03-09 21:15:19 #9 type] 
Type domain.User is not enhanced.

[2022-03-09 21:15:19 #10 type.registry] 
New type domain.Pronostico

[2022-03-09 21:15:19 #11 type.registry] 
New type java.util.ArrayList<domain.Pronostico>

[2022-03-09 21:15:19 #12 type] 
Type domain.Pronostico is not enhanced.

------------------------------------------------------------------------------------------------------------------------

[2022-03-09 21:17:00 #1 store] 
Database 'C:\Users\34644\eclipse-workspace\IS-ITER\src\main\resources\bets.temp' is opened by 13500@MSI

[2022-03-09 21:17:01 #2 type.registry] 
New type domain.Question

[2022-03-09 21:17:01 #3 type] 
Type domain.Question is not enhanced.

[2022-03-09 21:17:01 #4 type.registry] 
New type domain.Event

[2022-03-09 21:17:01 #5 type] 
Type domain.Event is not enhanced.

[2022-03-09 21:17:01 #6 type.registry] 
New type java.util.Vector<domain.Question>

[2022-03-09 21:17:01 #7 type.registry] 
New type java.util.Vector<java.lang.Object>

[2022-03-09 21:17:36 #8 type.registry] 
New type domain.User

[2022-03-09 21:17:36 #9 type] 
Type domain.User is not enhanced.

[2022-03-09 21:17:36 #10 type.registry] 
New type domain.Pronostico

[2022-03-09 21:17:36 #11 type.registry] 
New type java.util.ArrayList<domain.Pronostico>

[2022-03-09 21:17:36 #12 type] 
Type domain.Pronostico is not enhanced.

------------------------------------------------------------------------------------------------------------------------

[2022-03-09 21:20:29 #1 store] 
Database 'C:\Users\34644\eclipse-workspace\IS-ITER\src\main\resources\bets.temp' is opened by 23324@MSI

[2022-03-09 21:20:29 #2 type.registry] 
New type domain.Question

[2022-03-09 21:20:29 #3 type] 
Type domain.Question is not enhanced.

[2022-03-09 21:20:29 #4 type.registry] 
New type domain.Event

[2022-03-09 21:20:29 #5 type] 
Type domain.Event is not enhanced.

[2022-03-09 21:20:29 #6 type.registry] 
New type java.util.Vector<domain.Question>

[2022-03-09 21:20:29 #7 type.registry] 
New type java.util.Vector<java.lang.Object>

[2022-03-09 21:20:37 #8 type.registry] 
New type domain.User

[2022-03-09 21:20:37 #9 type] 
Type domain.User is not enhanced.

[2022-03-09 21:20:37 #10 type.registry] 
New type domain.Pronostico

[2022-03-09 21:20:37 #11 type.registry] 
New type java.util.ArrayList<domain.Pronostico>

[2022-03-09 21:20:37 #12 type] 
Type domain.Pronostico is not enhanced.

------------------------------------------------------------------------------------------------------------------------

[2022-03-09 21:21:48 #1 store] 
Database 'C:\Users\34644\eclipse-workspace\IS-ITER\src\main\resources\bets.temp' is opened by 24440@MSI

[2022-03-09 21:21:49 #2 type.registry] 
New type domain.Question

[2022-03-09 21:21:49 #3 type] 
Type domain.Question is not enhanced.

[2022-03-09 21:21:49 #4 type.registry] 
New type domain.Event

[2022-03-09 21:21:49 #5 type] 
Type domain.Event is not enhanced.

[2022-03-09 21:21:49 #6 type.registry] 
New type java.util.Vector<domain.Question>

[2022-03-09 21:21:49 #7 type.registry] 
New type java.util.Vector<java.lang.Object>

[2022-03-09 21:22:01 #8 type.registry] 
New type domain.User

[2022-03-09 21:22:01 #9 type] 
Type domain.User is not enhanced.

[2022-03-09 21:22:01 #10 type.registry] 
New type domain.Pronostico

[2022-03-09 21:22:01 #11 type.registry] 
New type java.util.ArrayList<domain.Pronostico>

[2022-03-09 21:22:01 #12 type] 
Type domain.Pronostico is not enhanced.

------------------------------------------------------------------------------------------------------------------------

[2022-03-09 22:33:27 #1 store] 
Database 'C:\Users\34644\eclipse-workspace\IS-ITER\src\main\resources\bets.temp' is opened by 23564@MSI

[2022-03-09 22:33:28 #2 type.registry] 
New type domain.User

[2022-03-09 22:33:28 #3 type] 
Type domain.User is not enhanced.

[2022-03-09 22:33:28 #4 type.registry] 
New type domain.Pronostico

[2022-03-09 22:33:28 #5 type.registry] 
New type java.util.ArrayList<domain.Pronostico>

[2022-03-09 22:33:28 #6 type] 
Type domain.Pronostico is not enhanced.

[2022-03-09 22:33:28 #7 type.registry] 
New type domain.Event

[2022-03-09 22:33:28 #8 type] 
Type domain.Event is not enhanced.

[2022-03-09 22:33:28 #9 type.registry] 
New type domain.Question

[2022-03-09 22:33:28 #10 type.registry] 
New type java.util.Vector<domain.Question>

[2022-03-09 22:33:28 #11 type] 
Type domain.Question is not enhanced.

[2022-03-09 22:33:28 #12 type.registry] 
New type java.util.Vector<java.lang.Object>

------------------------------------------------------------------------------------------------------------------------

[2022-03-09 22:36:01 #1 store] 
Database 'C:\Users\34644\eclipse-workspace\IS-ITER\src\main\resources\bets.temp' is opened by 8456@MSI

[2022-03-09 22:36:02 #2 type.registry] 
New type domain.User

[2022-03-09 22:36:02 #3 type] 
Type domain.User is not enhanced.

[2022-03-09 22:36:02 #4 type.registry] 
New type domain.Pronostico

[2022-03-09 22:36:02 #5 type.registry] 
New type java.util.ArrayList<domain.Pronostico>

[2022-03-09 22:36:02 #6 type] 
Type domain.Pronostico is not enhanced.

[2022-03-09 22:36:02 #7 type.registry] 
New type domain.Event

[2022-03-09 22:36:02 #8 type] 
Type domain.Event is not enhanced.

[2022-03-09 22:36:02 #9 type.registry] 
New type domain.Question

[2022-03-09 22:36:02 #10 type.registry] 
New type java.util.Vector<domain.Question>

[2022-03-09 22:36:02 #11 type] 
Type domain.Question is not enhanced.

[2022-03-09 22:36:02 #12 type.registry] 
New type java.util.Vector<java.lang.Object>

------------------------------------------------------------------------------------------------------------------------

[2022-03-09 22:37:25 #1 store] 
Database 'C:\Users\34644\eclipse-workspace\IS-ITER\src\main\resources\bets.temp' is opened by 26604@MSI

[2022-03-09 22:37:25 #2 type.registry] 
New type domain.User

[2022-03-09 22:37:25 #3 type] 
Type domain.User is not enhanced.

[2022-03-09 22:37:25 #4 type.registry] 
New type domain.Pronostico

[2022-03-09 22:37:25 #5 type.registry] 
New type java.util.ArrayList<domain.Pronostico>

[2022-03-09 22:37:25 #6 type] 
Type domain.Pronostico is not enhanced.

[2022-03-09 22:37:25 #7 type.registry] 
New type domain.Event

[2022-03-09 22:37:25 #8 type] 
Type domain.Event is not enhanced.

[2022-03-09 22:37:25 #9 type.registry] 
New type domain.Question

[2022-03-09 22:37:25 #10 type.registry] 
New type java.util.Vector<domain.Question>

[2022-03-09 22:37:25 #11 type] 
Type domain.Question is not enhanced.

[2022-03-09 22:37:25 #12 type.registry] 
New type java.util.Vector<java.lang.Object>

------------------------------------------------------------------------------------------------------------------------

[2022-03-09 22:39:00 #1 store] 
Database 'C:\Users\34644\eclipse-workspace\IS-ITER\src\main\resources\bets.temp' is opened by 9524@MSI

[2022-03-09 22:39:00 #2 type.registry] 
New type domain.User

[2022-03-09 22:39:00 #3 type] 
Type domain.User is not enhanced.

[2022-03-09 22:39:00 #4 type.registry] 
New type domain.Pronostico

[2022-03-09 22:39:00 #5 type.registry] 
New type java.util.ArrayList<domain.Pronostico>

[2022-03-09 22:39:00 #6 type] 
Type domain.Pronostico is not enhanced.

[2022-03-09 22:39:00 #7 type.registry] 
New type domain.Event

[2022-03-09 22:39:00 #8 type] 
Type domain.Event is not enhanced.

[2022-03-09 22:39:00 #9 type.registry] 
New type domain.Question

[2022-03-09 22:39:00 #10 type.registry] 
New type java.util.Vector<domain.Question>

[2022-03-09 22:39:00 #11 type] 
Type domain.Question is not enhanced.

[2022-03-09 22:39:00 #12 type.registry] 
New type java.util.Vector<java.lang.Object>

------------------------------------------------------------------------------------------------------------------------

[2022-03-09 22:39:33 #1 store] 
Database 'C:\Users\34644\eclipse-workspace\IS-ITER\src\main\resources\bets.temp' is opened by 23804@MSI

[2022-03-09 22:39:33 #2 type.registry] 
New type domain.User

[2022-03-09 22:39:33 #3 type] 
Type domain.User is not enhanced.

[2022-03-09 22:39:33 #4 type.registry] 
New type domain.Pronostico

[2022-03-09 22:39:33 #5 type.registry] 
New type java.util.ArrayList<domain.Pronostico>

[2022-03-09 22:39:33 #6 type] 
Type domain.Pronostico is not enhanced.

[2022-03-09 22:39:33 #7 type.registry] 
New type domain.Event

[2022-03-09 22:39:33 #8 type] 
Type domain.Event is not enhanced.

[2022-03-09 22:39:33 #9 type.registry] 
New type domain.Question

[2022-03-09 22:39:33 #10 type.registry] 
New type java.util.Vector<domain.Question>

[2022-03-09 22:39:33 #11 type] 
Type domain.Question is not enhanced.

[2022-03-09 22:39:33 #12 type.registry] 
New type java.util.Vector<java.lang.Object>

------------------------------------------------------------------------------------------------------------------------

[2022-03-09 22:43:15 #1 store] 
Database 'C:\Users\34644\eclipse-workspace\IS-ITER\src\main\resources\bets.temp' is opened by 1872@MSI

[2022-03-09 22:43:15 #2 type.registry] 
New type domain.User

[2022-03-09 22:43:15 #3 type] 
Type domain.User is not enhanced.

[2022-03-09 22:43:15 #4 type.registry] 
New type domain.Pronostico

[2022-03-09 22:43:15 #5 type.registry] 
New type java.util.ArrayList<domain.Pronostico>

[2022-03-09 22:43:15 #6 type] 
Type domain.Pronostico is not enhanced.

[2022-03-09 22:43:15 #7 type.registry] 
New type domain.Event

[2022-03-09 22:43:15 #8 type] 
Type domain.Event is not enhanced.

[2022-03-09 22:43:15 #9 type.registry] 
New type domain.Question

[2022-03-09 22:43:15 #10 type.registry] 
New type java.util.Vector<domain.Question>

[2022-03-09 22:43:15 #11 type] 
Type domain.Question is not enhanced.

[2022-03-09 22:43:15 #12 type.registry] 
New type java.util.Vector<java.lang.Object>

------------------------------------------------------------------------------------------------------------------------

[2022-03-09 22:43:19 #1 store] 
Database 'C:\Users\34644\eclipse-workspace\IS-ITER\src\main\resources\bets.temp' is opened by 25708@MSI

[2022-03-09 22:43:19 #2 type.registry] 
New type domain.User

[2022-03-09 22:43:19 #3 type] 
Type domain.User is not enhanced.

[2022-03-09 22:43:19 #4 type.registry] 
New type domain.Pronostico

[2022-03-09 22:43:19 #5 type.registry] 
New type java.util.ArrayList<domain.Pronostico>

[2022-03-09 22:43:19 #6 type] 
Type domain.Pronostico is not enhanced.

[2022-03-09 22:43:19 #7 type.registry] 
New type domain.Event

[2022-03-09 22:43:19 #8 type] 
Type domain.Event is not enhanced.

[2022-03-09 22:43:19 #9 type.registry] 
New type domain.Question

[2022-03-09 22:43:19 #10 type.registry] 
New type java.util.Vector<domain.Question>

[2022-03-09 22:43:19 #11 type] 
Type domain.Question is not enhanced.

[2022-03-09 22:43:19 #12 type.registry] 
New type java.util.Vector<java.lang.Object>

------------------------------------------------------------------------------------------------------------------------

[2022-03-09 22:45:52 #1 store] 
Database 'C:\Users\34644\eclipse-workspace\IS-ITER\src\main\resources\bets.temp' is opened by 16420@MSI

[2022-03-09 22:45:52 #2 type.registry] 
New type domain.User

[2022-03-09 22:45:52 #3 type] 
Type domain.User is not enhanced.

[2022-03-09 22:45:52 #4 type.registry] 
New type domain.Pronostico

[2022-03-09 22:45:52 #5 type.registry] 
New type java.util.ArrayList<domain.Pronostico>

[2022-03-09 22:45:52 #6 type] 
Type domain.Pronostico is not enhanced.

[2022-03-09 22:45:52 #7 type.registry] 
New type domain.Event

[2022-03-09 22:45:52 #8 type] 
Type domain.Event is not enhanced.

[2022-03-09 22:45:52 #9 type.registry] 
New type domain.Question

[2022-03-09 22:45:52 #10 type.registry] 
New type java.util.Vector<domain.Question>

[2022-03-09 22:45:52 #11 type] 
Type domain.Question is not enhanced.

[2022-03-09 22:45:52 #12 type.registry] 
New type java.util.Vector<java.lang.Object>

------------------------------------------------------------------------------------------------------------------------

[2022-03-09 22:46:35 #1 store] 
Database 'C:\Users\34644\eclipse-workspace\IS-ITER\src\main\resources\bets.temp' is opened by 23372@MSI

[2022-03-09 22:46:35 #2 type.registry] 
New type domain.User

[2022-03-09 22:46:35 #3 type] 
Type domain.User is not enhanced.

[2022-03-09 22:46:35 #4 type.registry] 
New type domain.Pronostico

[2022-03-09 22:46:35 #5 type.registry] 
New type java.util.ArrayList<domain.Pronostico>

[2022-03-09 22:46:35 #6 type] 
Type domain.Pronostico is not enhanced.

[2022-03-09 22:46:35 #7 type.registry] 
New type domain.Event

[2022-03-09 22:46:35 #8 type] 
Type domain.Event is not enhanced.

[2022-03-09 22:46:35 #9 type.registry] 
New type domain.Question

[2022-03-09 22:46:35 #10 type.registry] 
New type java.util.Vector<domain.Question>

[2022-03-09 22:46:35 #11 type] 
Type domain.Question is not enhanced.

[2022-03-09 22:46:35 #12 type.registry] 
New type java.util.Vector<java.lang.Object>

------------------------------------------------------------------------------------------------------------------------

[2022-03-09 22:47:21 #1 store] 
Database 'C:\Users\34644\eclipse-workspace\IS-ITER\src\main\resources\bets.temp' is opened by 26372@MSI

[2022-03-09 22:47:21 #2 type.registry] 
New type domain.User

[2022-03-09 22:47:21 #3 type] 
Type domain.User is not enhanced.

[2022-03-09 22:47:21 #4 type.registry] 
New type domain.Pronostico

[2022-03-09 22:47:21 #5 type.registry] 
New type java.util.ArrayList<domain.Pronostico>

[2022-03-09 22:47:21 #6 type] 
Type domain.Pronostico is not enhanced.

[2022-03-09 22:47:21 #7 type.registry] 
New type domain.Event

[2022-03-09 22:47:21 #8 type] 
Type domain.Event is not enhanced.

[2022-03-09 22:47:21 #9 type.registry] 
New type domain.Question

[2022-03-09 22:47:21 #10 type.registry] 
New type java.util.Vector<domain.Question>

[2022-03-09 22:47:21 #11 type] 
Type domain.Question is not enhanced.

[2022-03-09 22:47:21 #12 type.registry] 
New type java.util.Vector<java.lang.Object>

------------------------------------------------------------------------------------------------------------------------

[2022-03-09 22:49:04 #1 store] 
Database 'C:\Users\34644\eclipse-workspace\IS-ITER\src\main\resources\bets.temp' is opened by 21140@MSI

[2022-03-09 22:49:04 #2 type.registry] 
New type domain.User

[2022-03-09 22:49:04 #3 type] 
Type domain.User is not enhanced.

[2022-03-09 22:49:04 #4 type.registry] 
New type domain.Pronostico

[2022-03-09 22:49:04 #5 type.registry] 
New type java.util.ArrayList<domain.Pronostico>

[2022-03-09 22:49:04 #6 type] 
Type domain.Pronostico is not enhanced.

[2022-03-09 22:49:04 #7 type.registry] 
New type domain.Event

[2022-03-09 22:49:04 #8 type] 
Type domain.Event is not enhanced.

[2022-03-09 22:49:04 #9 type.registry] 
New type domain.Question

[2022-03-09 22:49:04 #10 type.registry] 
New type java.util.Vector<domain.Question>

[2022-03-09 22:49:04 #11 type] 
Type domain.Question is not enhanced.

[2022-03-09 22:49:04 #12 type.registry] 
New type java.util.Vector<java.lang.Object>

------------------------------------------------------------------------------------------------------------------------

[2022-03-09 22:50:59 #1 store] 
Database 'C:\Users\34644\eclipse-workspace\IS-ITER\src\main\resources\bets.temp' is opened by 13696@MSI

[2022-03-09 22:50:59 #2 type.registry] 
New type domain.User

[2022-03-09 22:50:59 #3 type] 
Type domain.User is not enhanced.

[2022-03-09 22:50:59 #4 type.registry] 
New type domain.Pronostico

[2022-03-09 22:50:59 #5 type.registry] 
New type java.util.ArrayList<domain.Pronostico>

[2022-03-09 22:50:59 #6 type] 
Type domain.Pronostico is not enhanced.

[2022-03-09 22:50:59 #7 type.registry] 
New type domain.Event

[2022-03-09 22:50:59 #8 type] 
Type domain.Event is not enhanced.

[2022-03-09 22:50:59 #9 type.registry] 
New type domain.Question

[2022-03-09 22:50:59 #10 type.registry] 
New type java.util.Vector<domain.Question>

[2022-03-09 22:50:59 #11 type] 
Type domain.Question is not enhanced.

[2022-03-09 22:50:59 #12 type.registry] 
New type java.util.Vector<java.lang.Object>

------------------------------------------------------------------------------------------------------------------------

[2022-03-09 22:52:59 #1 store] 
Database 'C:\Users\34644\eclipse-workspace\IS-ITER\src\main\resources\bets.temp' is opened by 14396@MSI

[2022-03-09 22:52:59 #2 type.registry] 
New type domain.User

[2022-03-09 22:52:59 #3 type] 
Type domain.User is not enhanced.

[2022-03-09 22:52:59 #4 type.registry] 
New type domain.Pronostico

[2022-03-09 22:52:59 #5 type.registry] 
New type java.util.ArrayList<domain.Pronostico>

[2022-03-09 22:52:59 #6 type] 
Type domain.Pronostico is not enhanced.

[2022-03-09 22:52:59 #7 type.registry] 
New type domain.Event

[2022-03-09 22:52:59 #8 type] 
Type domain.Event is not enhanced.

[2022-03-09 22:52:59 #9 type.registry] 
New type domain.Question

[2022-03-09 22:52:59 #10 type.registry] 
New type java.util.Vector<domain.Question>

[2022-03-09 22:52:59 #11 type] 
Type domain.Question is not enhanced.

[2022-03-09 22:52:59 #12 type.registry] 
New type java.util.Vector<java.lang.Object>

------------------------------------------------------------------------------------------------------------------------

[2022-03-09 22:54:43 #1 store] 
Database 'C:\Users\34644\eclipse-workspace\IS-ITER\src\main\resources\bets.temp' is opened by 23764@MSI

[2022-03-09 22:54:43 #2 type.registry] 
New type domain.User

[2022-03-09 22:54:43 #3 type] 
Type domain.User is not enhanced.

[2022-03-09 22:54:43 #4 type.registry] 
New type domain.Pronostico

[2022-03-09 22:54:43 #5 type.registry] 
New type java.util.ArrayList<domain.Pronostico>

[2022-03-09 22:54:43 #6 type] 
Type domain.Pronostico is not enhanced.

[2022-03-09 22:54:43 #7 type.registry] 
New type domain.Event

[2022-03-09 22:54:43 #8 type] 
Type domain.Event is not enhanced.

[2022-03-09 22:54:43 #9 type.registry] 
New type domain.Question

[2022-03-09 22:54:43 #10 type.registry] 
New type java.util.Vector<domain.Question>

[2022-03-09 22:54:43 #11 type] 
Type domain.Question is not enhanced.

[2022-03-09 22:54:43 #12 type.registry] 
New type java.util.Vector<java.lang.Object>

------------------------------------------------------------------------------------------------------------------------

[2022-03-09 22:55:40 #1 store] 
Database 'C:\Users\34644\eclipse-workspace\IS-ITER\src\main\resources\bets.temp' is opened by 25368@MSI

[2022-03-09 22:55:40 #2 type.registry] 
New type domain.User

[2022-03-09 22:55:40 #3 type] 
Type domain.User is not enhanced.

[2022-03-09 22:55:40 #4 type.registry] 
New type domain.Pronostico

[2022-03-09 22:55:40 #5 type.registry] 
New type java.util.ArrayList<domain.Pronostico>

[2022-03-09 22:55:40 #6 type] 
Type domain.Pronostico is not enhanced.

[2022-03-09 22:55:40 #7 type.registry] 
New type domain.Event

[2022-03-09 22:55:40 #8 type] 
Type domain.Event is not enhanced.

[2022-03-09 22:55:40 #9 type.registry] 
New type domain.Question

[2022-03-09 22:55:40 #10 type.registry] 
New type java.util.Vector<domain.Question>

[2022-03-09 22:55:40 #11 type] 
Type domain.Question is not enhanced.

[2022-03-09 22:55:40 #12 type.registry] 
New type java.util.Vector<java.lang.Object>

------------------------------------------------------------------------------------------------------------------------

[2022-03-09 22:56:00 #1 store] 
Database 'C:\Users\34644\eclipse-workspace\IS-ITER\src\main\resources\bets.temp' is opened by 13624@MSI

[2022-03-09 22:56:00 #2 type.registry] 
New type domain.User

[2022-03-09 22:56:00 #3 type] 
Type domain.User is not enhanced.

[2022-03-09 22:56:00 #4 type.registry] 
New type domain.Pronostico

[2022-03-09 22:56:00 #5 type.registry] 
New type java.util.ArrayList<domain.Pronostico>

[2022-03-09 22:56:00 #6 type] 
Type domain.Pronostico is not enhanced.

[2022-03-09 22:56:00 #7 type.registry] 
New type domain.Event

[2022-03-09 22:56:00 #8 type] 
Type domain.Event is not enhanced.

[2022-03-09 22:56:00 #9 type.registry] 
New type domain.Question

[2022-03-09 22:56:00 #10 type.registry] 
New type java.util.Vector<domain.Question>

[2022-03-09 22:56:00 #11 type] 
Type domain.Question is not enhanced.

[2022-03-09 22:56:00 #12 type.registry] 
New type java.util.Vector<java.lang.Object>

------------------------------------------------------------------------------------------------------------------------

[2022-03-09 22:56:37 #1 store] 
Database 'C:\Users\34644\eclipse-workspace\IS-ITER\src\main\resources\bets.temp' is opened by 10144@MSI

[2022-03-09 22:56:37 #2 type.registry] 
New type domain.User

[2022-03-09 22:56:37 #3 type] 
Type domain.User is not enhanced.

[2022-03-09 22:56:37 #4 type.registry] 
New type domain.Pronostico

[2022-03-09 22:56:37 #5 type.registry] 
New type java.util.ArrayList<domain.Pronostico>

[2022-03-09 22:56:37 #6 type] 
Type domain.Pronostico is not enhanced.

[2022-03-09 22:56:37 #7 type.registry] 
New type domain.Event

[2022-03-09 22:56:37 #8 type] 
Type domain.Event is not enhanced.

[2022-03-09 22:56:37 #9 type.registry] 
New type domain.Question

[2022-03-09 22:56:37 #10 type.registry] 
New type java.util.Vector<domain.Question>

[2022-03-09 22:56:37 #11 type] 
Type domain.Question is not enhanced.

[2022-03-09 22:56:37 #12 type.registry] 
New type java.util.Vector<java.lang.Object>

------------------------------------------------------------------------------------------------------------------------

[2022-03-09 23:03:17 #1 store] 
Database 'C:\Users\34644\eclipse-workspace\IS-ITER\src\main\resources\bets.temp' is opened by 23840@MSI

[2022-03-09 23:03:17 #2 type.registry] 
New type domain.User

[2022-03-09 23:03:17 #3 type] 
Type domain.User is not enhanced.

[2022-03-09 23:03:17 #4 type.registry] 
New type domain.Pronostico

[2022-03-09 23:03:17 #5 type.registry] 
New type java.util.ArrayList<domain.Pronostico>

[2022-03-09 23:03:17 #6 type] 
Type domain.Pronostico is not enhanced.

[2022-03-09 23:03:17 #7 type.registry] 
New type domain.Event

[2022-03-09 23:03:17 #8 type] 
Type domain.Event is not enhanced.

[2022-03-09 23:03:17 #9 type.registry] 
New type domain.Question

[2022-03-09 23:03:17 #10 type.registry] 
New type java.util.Vector<domain.Question>

[2022-03-09 23:03:17 #11 type] 
Type domain.Question is not enhanced.

[2022-03-09 23:03:17 #12 type.registry] 
New type java.util.Vector<java.lang.Object>

------------------------------------------------------------------------------------------------------------------------

[2022-03-09 23:04:13 #1 store] 
Database 'C:\Users\34644\eclipse-workspace\IS-ITER\src\main\resources\bets.temp' is opened by 14852@MSI

[2022-03-09 23:04:13 #2 type.registry] 
New type domain.User

[2022-03-09 23:04:13 #3 type] 
Type domain.User is not enhanced.

[2022-03-09 23:04:13 #4 type.registry] 
New type domain.Pronostico

[2022-03-09 23:04:13 #5 type.registry] 
New type java.util.ArrayList<domain.Pronostico>

[2022-03-09 23:04:13 #6 type] 
Type domain.Pronostico is not enhanced.

[2022-03-09 23:04:13 #7 type.registry] 
New type domain.Event

[2022-03-09 23:04:13 #8 type] 
Type domain.Event is not enhanced.

[2022-03-09 23:04:13 #9 type.registry] 
New type domain.Question

[2022-03-09 23:04:13 #10 type.registry] 
New type java.util.Vector<domain.Question>

[2022-03-09 23:04:13 #11 type] 
Type domain.Question is not enhanced.

[2022-03-09 23:04:13 #12 type.registry] 
New type java.util.Vector<java.lang.Object>

------------------------------------------------------------------------------------------------------------------------

[2022-03-09 23:05:52 #1 store] 
Database 'C:\Users\34644\eclipse-workspace\IS-ITER\src\main\resources\bets.temp' is opened by 20128@MSI

[2022-03-09 23:05:52 #2 type.registry] 
New type domain.User

[2022-03-09 23:05:52 #3 type] 
Type domain.User is not enhanced.

[2022-03-09 23:05:52 #4 type.registry] 
New type domain.Pronostico

[2022-03-09 23:05:52 #5 type.registry] 
New type java.util.ArrayList<domain.Pronostico>

[2022-03-09 23:05:52 #6 type] 
Type domain.Pronostico is not enhanced.

[2022-03-09 23:05:52 #7 type.registry] 
New type domain.Event

[2022-03-09 23:05:52 #8 type] 
Type domain.Event is not enhanced.

[2022-03-09 23:05:52 #9 type.registry] 
New type domain.Question

[2022-03-09 23:05:52 #10 type.registry] 
New type java.util.Vector<domain.Question>

[2022-03-09 23:05:52 #11 type] 
Type domain.Question is not enhanced.

[2022-03-09 23:05:52 #12 type.registry] 
New type java.util.Vector<java.lang.Object>

------------------------------------------------------------------------------------------------------------------------

[2022-03-09 23:07:20 #1 store] 
Database 'C:\Users\34644\eclipse-workspace\IS-ITER\src\main\resources\bets.temp' is opened by 15256@MSI

[2022-03-09 23:07:20 #2 type.registry] 
New type domain.User

[2022-03-09 23:07:20 #3 type] 
Type domain.User is not enhanced.

[2022-03-09 23:07:20 #4 type.registry] 
New type domain.Pronostico

[2022-03-09 23:07:20 #5 type.registry] 
New type java.util.ArrayList<domain.Pronostico>

[2022-03-09 23:07:20 #6 type] 
Type domain.Pronostico is not enhanced.

[2022-03-09 23:07:20 #7 type.registry] 
New type domain.Event

[2022-03-09 23:07:20 #8 type] 
Type domain.Event is not enhanced.

[2022-03-09 23:07:20 #9 type.registry] 
New type domain.Question

[2022-03-09 23:07:20 #10 type.registry] 
New type java.util.Vector<domain.Question>

[2022-03-09 23:07:20 #11 type] 
Type domain.Question is not enhanced.

[2022-03-09 23:07:20 #12 type.registry] 
New type java.util.Vector<java.lang.Object>

------------------------------------------------------------------------------------------------------------------------

[2022-03-09 23:13:22 #1 store] 
Database 'C:\Users\34644\eclipse-workspace\IS-ITER\src\main\resources\bets.temp' is opened by 17896@MSI

[2022-03-09 23:13:22 #2 type.registry] 
New type domain.User

[2022-03-09 23:13:22 #3 type] 
Type domain.User is not enhanced.

[2022-03-09 23:13:22 #4 type.registry] 
New type domain.Pronostico

[2022-03-09 23:13:22 #5 type.registry] 
New type java.util.ArrayList<domain.Pronostico>

[2022-03-09 23:13:22 #6 type] 
Type domain.Pronostico is not enhanced.

[2022-03-09 23:13:22 #7 type.registry] 
New type domain.Event

[2022-03-09 23:13:22 #8 type] 
Type domain.Event is not enhanced.

[2022-03-09 23:13:22 #9 type.registry] 
New type domain.Question

[2022-03-09 23:13:22 #10 type.registry] 
New type java.util.Vector<domain.Question>

[2022-03-09 23:13:22 #11 type] 
Type domain.Question is not enhanced.

[2022-03-09 23:13:22 #12 type.registry] 
New type java.util.Vector<java.lang.Object>

------------------------------------------------------------------------------------------------------------------------

[2022-03-09 23:17:54 #1 store] 
Database 'C:\Users\34644\eclipse-workspace\IS-ITER\src\main\resources\bets.temp' is opened by 25932@MSI

[2022-03-09 23:17:54 #2 type.registry] 
New type domain.User

[2022-03-09 23:17:54 #3 type] 
Type domain.User is not enhanced.

[2022-03-09 23:17:54 #4 type.registry] 
New type domain.Pronostico

[2022-03-09 23:17:54 #5 type.registry] 
New type java.util.ArrayList<domain.Pronostico>

[2022-03-09 23:17:54 #6 type] 
Type domain.Pronostico is not enhanced.

[2022-03-09 23:17:54 #7 type.registry] 
New type domain.Event

[2022-03-09 23:17:54 #8 type] 
Type domain.Event is not enhanced.

[2022-03-09 23:17:54 #9 type.registry] 
New type domain.Question

[2022-03-09 23:17:54 #10 type.registry] 
New type java.util.Vector<domain.Question>

[2022-03-09 23:17:54 #11 type] 
Type domain.Question is not enhanced.

[2022-03-09 23:17:54 #12 type.registry] 
New type java.util.Vector<java.lang.Object>

------------------------------------------------------------------------------------------------------------------------

[2022-03-09 23:20:04 #1 store] 
Database 'C:\Users\34644\eclipse-workspace\IS-ITER\src\main\resources\bets.temp' is opened by 2384@MSI

[2022-03-09 23:20:04 #2 type.registry] 
New type domain.User

[2022-03-09 23:20:04 #3 type] 
Type domain.User is not enhanced.

[2022-03-09 23:20:04 #4 type.registry] 
New type domain.Pronostico

[2022-03-09 23:20:04 #5 type.registry] 
New type java.util.ArrayList<domain.Pronostico>

[2022-03-09 23:20:04 #6 type] 
Type domain.Pronostico is not enhanced.

[2022-03-09 23:20:04 #7 type.registry] 
New type domain.Event

[2022-03-09 23:20:04 #8 type] 
Type domain.Event is not enhanced.

[2022-03-09 23:20:04 #9 type.registry] 
New type domain.Question

[2022-03-09 23:20:04 #10 type.registry] 
New type java.util.Vector<domain.Question>

[2022-03-09 23:20:04 #11 type] 
Type domain.Question is not enhanced.

[2022-03-09 23:20:04 #12 type.registry] 
New type java.util.Vector<java.lang.Object>

------------------------------------------------------------------------------------------------------------------------

[2022-03-09 23:27:43 #1 store] 
Database 'C:\Users\34644\eclipse-workspace\IS-ITER\src\main\resources\bets.temp' is opened by 13596@MSI

[2022-03-09 23:27:43 #2 type.registry] 
New type domain.User

[2022-03-09 23:27:43 #3 type] 
Type domain.User is not enhanced.

[2022-03-09 23:27:43 #4 type.registry] 
New type domain.Pronostico

[2022-03-09 23:27:43 #5 type.registry] 
New type java.util.ArrayList<domain.Pronostico>

[2022-03-09 23:27:43 #6 type] 
Type domain.Pronostico is not enhanced.

[2022-03-09 23:27:43 #7 type.registry] 
New type domain.Event

[2022-03-09 23:27:43 #8 type] 
Type domain.Event is not enhanced.

[2022-03-09 23:27:43 #9 type.registry] 
New type domain.Question

[2022-03-09 23:27:43 #10 type.registry] 
New type java.util.Vector<domain.Question>

[2022-03-09 23:27:43 #11 type] 
Type domain.Question is not enhanced.

[2022-03-09 23:27:43 #12 type.registry] 
New type java.util.Vector<java.lang.Object>

------------------------------------------------------------------------------------------------------------------------

[2022-03-09 23:29:44 #1 store] 
Database 'C:\Users\34644\eclipse-workspace\IS-ITER\src\main\resources\bets.temp' is opened by 19716@MSI

[2022-03-09 23:29:44 #2 type.registry] 
New type domain.User

[2022-03-09 23:29:44 #3 type] 
Type domain.User is not enhanced.

[2022-03-09 23:29:44 #4 type.registry] 
New type domain.Pronostico

[2022-03-09 23:29:44 #5 type.registry] 
New type java.util.ArrayList<domain.Pronostico>

[2022-03-09 23:29:44 #6 type] 
Type domain.Pronostico is not enhanced.

[2022-03-09 23:29:44 #7 type.registry] 
New type domain.Event

[2022-03-09 23:29:44 #8 type] 
Type domain.Event is not enhanced.

[2022-03-09 23:29:44 #9 type.registry] 
New type domain.Question

[2022-03-09 23:29:44 #10 type.registry] 
New type java.util.Vector<domain.Question>

[2022-03-09 23:29:44 #11 type] 
Type domain.Question is not enhanced.

[2022-03-09 23:29:44 #12 type.registry] 
New type java.util.Vector<java.lang.Object>

------------------------------------------------------------------------------------------------------------------------

[2022-03-09 23:41:28 #1 store] 
Database 'C:\Users\34644\eclipse-workspace\IS-ITER\src\main\resources\bets.temp' is opened by 18768@MSI

[2022-03-09 23:41:28 #2 type.registry] 
New type domain.User

[2022-03-09 23:41:28 #3 type] 
Type domain.User is not enhanced.

[2022-03-09 23:41:28 #4 type.registry] 
New type domain.Pronostico

[2022-03-09 23:41:28 #5 type.registry] 
New type java.util.ArrayList<domain.Pronostico>

[2022-03-09 23:41:28 #6 type] 
Type domain.Pronostico is not enhanced.

[2022-03-09 23:41:28 #7 type.registry] 
New type domain.Event

[2022-03-09 23:41:28 #8 type] 
Type domain.Event is not enhanced.

[2022-03-09 23:41:28 #9 type.registry] 
New type domain.Question

[2022-03-09 23:41:28 #10 type.registry] 
New type java.util.Vector<domain.Question>

[2022-03-09 23:41:28 #11 type] 
Type domain.Question is not enhanced.

[2022-03-09 23:41:28 #12 type.registry] 
New type java.util.Vector<java.lang.Object>

------------------------------------------------------------------------------------------------------------------------

[2022-03-09 23:47:18 #1 store] 
Database 'C:\Users\34644\eclipse-workspace\IS-ITER\src\main\resources\bets.temp' is opened by 13004@MSI

[2022-03-09 23:47:18 #2 type.registry] 
New type domain.User

[2022-03-09 23:47:18 #3 type] 
Type domain.User is not enhanced.

[2022-03-09 23:47:18 #4 type.registry] 
New type domain.Pronostico

[2022-03-09 23:47:18 #5 type.registry] 
New type java.util.ArrayList<domain.Pronostico>

[2022-03-09 23:47:18 #6 type] 
Type domain.Pronostico is not enhanced.

[2022-03-09 23:47:18 #7 type.registry] 
New type domain.Event

[2022-03-09 23:47:18 #8 type] 
Type domain.Event is not enhanced.

[2022-03-09 23:47:18 #9 type.registry] 
New type domain.Question

[2022-03-09 23:47:18 #10 type.registry] 
New type java.util.Vector<domain.Question>

[2022-03-09 23:47:18 #11 type] 
Type domain.Question is not enhanced.

[2022-03-09 23:47:18 #12 type.registry] 
New type java.util.Vector<java.lang.Object>

------------------------------------------------------------------------------------------------------------------------

[2022-03-09 23:48:06 #1 store] 
Database 'C:\Users\34644\eclipse-workspace\IS-ITER\src\main\resources\bets.temp' is opened by 20060@MSI

[2022-03-09 23:48:06 #2 type.registry] 
New type domain.User

[2022-03-09 23:48:06 #3 type] 
Type domain.User is not enhanced.

[2022-03-09 23:48:06 #4 type.registry] 
New type domain.Pronostico

[2022-03-09 23:48:06 #5 type.registry] 
New type java.util.ArrayList<domain.Pronostico>

[2022-03-09 23:48:06 #6 type] 
Type domain.Pronostico is not enhanced.

[2022-03-09 23:48:06 #7 type.registry] 
New type domain.Event

[2022-03-09 23:48:06 #8 type] 
Type domain.Event is not enhanced.

[2022-03-09 23:48:06 #9 type.registry] 
New type domain.Question

[2022-03-09 23:48:06 #10 type.registry] 
New type java.util.Vector<domain.Question>

[2022-03-09 23:48:06 #11 type] 
Type domain.Question is not enhanced.

[2022-03-09 23:48:06 #12 type.registry] 
New type java.util.Vector<java.lang.Object>

------------------------------------------------------------------------------------------------------------------------

[2022-03-09 23:50:35 #1 store] 
Database 'C:\Users\34644\eclipse-workspace\IS-ITER\src\main\resources\bets.temp' is opened by 22288@MSI

[2022-03-09 23:50:35 #2 type.registry] 
New type domain.User

[2022-03-09 23:50:35 #3 type] 
Type domain.User is not enhanced.

[2022-03-09 23:50:35 #4 type.registry] 
New type domain.Pronostico

[2022-03-09 23:50:35 #5 type.registry] 
New type java.util.ArrayList<domain.Pronostico>

[2022-03-09 23:50:35 #6 type] 
Type domain.Pronostico is not enhanced.

[2022-03-09 23:50:35 #7 type.registry] 
New type domain.Event

[2022-03-09 23:50:35 #8 type] 
Type domain.Event is not enhanced.

[2022-03-09 23:50:35 #9 type.registry] 
New type domain.Question

[2022-03-09 23:50:35 #10 type.registry] 
New type java.util.Vector<domain.Question>

[2022-03-09 23:50:35 #11 type] 
Type domain.Question is not enhanced.

[2022-03-09 23:50:35 #12 type.registry] 
New type java.util.Vector<java.lang.Object>

------------------------------------------------------------------------------------------------------------------------

[2022-03-09 23:51:58 #1 store] 
Database 'C:\Users\34644\eclipse-workspace\IS-ITER\src\main\resources\bets.temp' is opened by 13988@MSI

[2022-03-09 23:51:58 #2 type.registry] 
New type domain.User

[2022-03-09 23:51:58 #3 type] 
Type domain.User is not enhanced.

[2022-03-09 23:51:58 #4 type.registry] 
New type domain.Pronostico

[2022-03-09 23:51:58 #5 type.registry] 
New type java.util.ArrayList<domain.Pronostico>

[2022-03-09 23:51:59 #6 type] 
Type domain.Pronostico is not enhanced.

[2022-03-09 23:51:59 #7 type.registry] 
New type domain.Event

[2022-03-09 23:51:59 #8 type] 
Type domain.Event is not enhanced.

[2022-03-09 23:51:59 #9 type.registry] 
New type domain.Question

[2022-03-09 23:51:59 #10 type.registry] 
New type java.util.Vector<domain.Question>

[2022-03-09 23:51:59 #11 type] 
Type domain.Question is not enhanced.

[2022-03-09 23:51:59 #12 type.registry] 
New type java.util.Vector<java.lang.Object>

------------------------------------------------------------------------------------------------------------------------

[2022-03-09 23:53:09 #1 store] 
Database 'C:\Users\34644\eclipse-workspace\IS-ITER\src\main\resources\bets.temp' is opened by 1840@MSI

[2022-03-09 23:53:09 #2 type.registry] 
New type domain.User

[2022-03-09 23:53:09 #3 type] 
Type domain.User is not enhanced.

[2022-03-09 23:53:09 #4 type.registry] 
New type domain.Pronostico

[2022-03-09 23:53:09 #5 type.registry] 
New type java.util.ArrayList<domain.Pronostico>

[2022-03-09 23:53:09 #6 type] 
Type domain.Pronostico is not enhanced.

[2022-03-09 23:53:09 #7 type.registry] 
New type domain.Event

[2022-03-09 23:53:09 #8 type] 
Type domain.Event is not enhanced.

[2022-03-09 23:53:09 #9 type.registry] 
New type domain.Question

[2022-03-09 23:53:09 #10 type.registry] 
New type java.util.Vector<domain.Question>

[2022-03-09 23:53:09 #11 type] 
Type domain.Question is not enhanced.

[2022-03-09 23:53:09 #12 type.registry] 
New type java.util.Vector<java.lang.Object>

------------------------------------------------------------------------------------------------------------------------

[2022-03-09 23:56:58 #1 store] 
Database 'C:\Users\34644\eclipse-workspace\IS-ITER\src\main\resources\bets.temp' is opened by 13776@MSI

[2022-03-09 23:56:58 #2 type.registry] 
New type domain.User

[2022-03-09 23:56:58 #3 type] 
Type domain.User is not enhanced.

[2022-03-09 23:56:58 #4 type.registry] 
New type domain.Pronostico

[2022-03-09 23:56:58 #5 type.registry] 
New type java.util.ArrayList<domain.Pronostico>

[2022-03-09 23:56:58 #6 type] 
Type domain.Pronostico is not enhanced.

[2022-03-09 23:56:58 #7 type.registry] 
New type domain.Event

[2022-03-09 23:56:58 #8 type] 
Type domain.Event is not enhanced.

[2022-03-09 23:56:58 #9 type.registry] 
New type domain.Question

[2022-03-09 23:56:58 #10 type.registry] 
New type java.util.Vector<domain.Question>

[2022-03-09 23:56:58 #11 type] 
Type domain.Question is not enhanced.

[2022-03-09 23:56:58 #12 type.registry] 
New type java.util.Vector<java.lang.Object>

------------------------------------------------------------------------------------------------------------------------

[2022-03-09 23:57:03 #1 store] 
Database 'C:\Users\34644\eclipse-workspace\IS-ITER\src\main\resources\bets.temp' is opened by 13592@MSI

[2022-03-09 23:57:03 #2 type.registry] 
New type domain.User

[2022-03-09 23:57:03 #3 type] 
Type domain.User is not enhanced.

[2022-03-09 23:57:03 #4 type.registry] 
New type domain.Pronostico

[2022-03-09 23:57:03 #5 type.registry] 
New type java.util.ArrayList<domain.Pronostico>

[2022-03-09 23:57:03 #6 type] 
Type domain.Pronostico is not enhanced.

[2022-03-09 23:57:03 #7 type.registry] 
New type domain.Event

[2022-03-09 23:57:03 #8 type] 
Type domain.Event is not enhanced.

[2022-03-09 23:57:03 #9 type.registry] 
New type domain.Question

[2022-03-09 23:57:03 #10 type.registry] 
New type java.util.Vector<domain.Question>

[2022-03-09 23:57:03 #11 type] 
Type domain.Question is not enhanced.

[2022-03-09 23:57:03 #12 type.registry] 
New type java.util.Vector<java.lang.Object>

------------------------------------------------------------------------------------------------------------------------

[2022-03-09 23:57:28 #1 store] 
Database 'C:\Users\34644\eclipse-workspace\IS-ITER\src\main\resources\bets.temp' is opened by 23456@MSI

[2022-03-09 23:57:28 #2 type.registry] 
New type domain.User

[2022-03-09 23:57:28 #3 type] 
Type domain.User is not enhanced.

[2022-03-09 23:57:28 #4 type.registry] 
New type domain.Pronostico

[2022-03-09 23:57:28 #5 type.registry] 
New type java.util.ArrayList<domain.Pronostico>

[2022-03-09 23:57:28 #6 type] 
Type domain.Pronostico is not enhanced.

[2022-03-09 23:57:28 #7 type.registry] 
New type domain.Event

[2022-03-09 23:57:28 #8 type] 
Type domain.Event is not enhanced.

[2022-03-09 23:57:28 #9 type.registry] 
New type domain.Question

[2022-03-09 23:57:28 #10 type.registry] 
New type java.util.Vector<domain.Question>

[2022-03-09 23:57:28 #11 type] 
Type domain.Question is not enhanced.

[2022-03-09 23:57:28 #12 type.registry] 
New type java.util.Vector<java.lang.Object>

------------------------------------------------------------------------------------------------------------------------

[2022-03-09 23:59:18 #1 store] 
Database 'C:\Users\34644\eclipse-workspace\IS-ITER\src\main\resources\bets.temp' is opened by 23164@MSI

[2022-03-09 23:59:19 #2 type.registry] 
New type domain.User

[2022-03-09 23:59:19 #3 type] 
Type domain.User is not enhanced.

[2022-03-09 23:59:19 #4 type.registry] 
New type domain.Pronostico

[2022-03-09 23:59:19 #5 type.registry] 
New type java.util.ArrayList<domain.Pronostico>

[2022-03-09 23:59:19 #6 type] 
Type domain.Pronostico is not enhanced.

[2022-03-09 23:59:19 #7 type.registry] 
New type domain.Event

[2022-03-09 23:59:19 #8 type] 
Type domain.Event is not enhanced.

[2022-03-09 23:59:19 #9 type.registry] 
New type domain.Question

[2022-03-09 23:59:19 #10 type.registry] 
New type java.util.Vector<domain.Question>

[2022-03-09 23:59:19 #11 type] 
Type domain.Question is not enhanced.

[2022-03-09 23:59:19 #12 type.registry] 
New type java.util.Vector<java.lang.Object>

------------------------------------------------------------------------------------------------------------------------

[2022-03-09 23:59:41 #1 store] 
Database 'C:\Users\34644\eclipse-workspace\IS-ITER\src\main\resources\bets.temp' is opened by 20172@MSI

[2022-03-09 23:59:41 #2 type.registry] 
New type domain.User

[2022-03-09 23:59:41 #3 type] 
Type domain.User is not enhanced.

[2022-03-09 23:59:41 #4 type.registry] 
New type domain.Pronostico

[2022-03-09 23:59:41 #5 type.registry] 
New type java.util.ArrayList<domain.Pronostico>

[2022-03-09 23:59:41 #6 type] 
Type domain.Pronostico is not enhanced.

[2022-03-09 23:59:41 #7 type.registry] 
New type domain.Event

[2022-03-09 23:59:41 #8 type] 
Type domain.Event is not enhanced.

[2022-03-09 23:59:41 #9 type.registry] 
New type domain.Question

[2022-03-09 23:59:41 #10 type.registry] 
New type java.util.Vector<domain.Question>

[2022-03-09 23:59:41 #11 type] 
Type domain.Question is not enhanced.

[2022-03-09 23:59:41 #12 type.registry] 
New type java.util.Vector<java.lang.Object>

