------------------------------------------------------------------------------------------------------------------------

[2022-04-19 20:00:02 #1 store] 
Database 'C:\Users\34644\git\repository\IS-ITER\src\main\resources\bets.temp' is opened by 18176@MSI

[2022-04-19 20:00:02 #2 type] 
Type domain.User is not enhanced.

[2022-04-19 20:00:03 #3 type] 
Type domain.Question is not enhanced.

[2022-04-19 20:00:03 #4 type] 
Type domain.Pronostico is not enhanced.

[2022-04-19 20:00:03 #5 type] 
Type domain.Event is not enhanced.

------------------------------------------------------------------------------------------------------------------------

[2022-04-19 20:03:02 #1 store] 
Database 'C:\Users\34644\git\repository\IS-ITER\src\main\resources\bets.temp' is opened by 16876@MSI

[2022-04-19 20:03:02 #2 type] 
Type domain.User is not enhanced.

[2022-04-19 20:03:02 #3 type] 
Type domain.Question is not enhanced.

[2022-04-19 20:03:02 #4 type] 
Type domain.Pronostico is not enhanced.

[2022-04-19 20:03:02 #5 type] 
Type domain.Event is not enhanced.

