------------------------------------------------------------------------------------------------------------------------

[2022-03-07 16:27:32 #1 store] 
Database 'C:\Users\34644\eclipse-workspace\IS-ITER\src\main\resources\bets.temp' is opened by 15628@MSI

[2022-03-07 16:27:33 #2 type.registry] 
New type domain.Question

[2022-03-07 16:27:33 #3 type] 
Type domain.Question is not enhanced.

[2022-03-07 16:27:33 #4 type.registry] 
New type domain.Event

[2022-03-07 16:27:33 #5 type] 
Type domain.Event is not enhanced.

[2022-03-07 16:27:33 #6 type.registry] 
New type java.util.Vector<domain.Question>

[2022-03-07 16:27:33 #7 type.registry] 
New type java.util.Vector<java.lang.Object>

------------------------------------------------------------------------------------------------------------------------

[2022-03-07 16:34:45 #1 store] 
Database 'C:\Users\34644\eclipse-workspace\IS-ITER\src\main\resources\bets.temp' is opened by 22856@MSI

[2022-03-07 16:34:45 #2 type.registry] 
New type domain.Question

[2022-03-07 16:34:45 #3 type] 
Type domain.Question is not enhanced.

[2022-03-07 16:34:45 #4 type.registry] 
New type domain.Event

[2022-03-07 16:34:45 #5 type] 
Type domain.Event is not enhanced.

[2022-03-07 16:34:45 #6 type.registry] 
New type java.util.Vector<domain.Question>

[2022-03-07 16:34:45 #7 type.registry] 
New type java.util.Vector<java.lang.Object>

------------------------------------------------------------------------------------------------------------------------

[2022-03-07 16:35:01 #1 store] 
Database 'C:\Users\34644\eclipse-workspace\IS-ITER\src\main\resources\bets.temp' is opened by 18352@MSI

[2022-03-07 16:35:02 #2 type.registry] 
New type domain.Question

[2022-03-07 16:35:02 #3 type] 
Type domain.Question is not enhanced.

[2022-03-07 16:35:02 #4 type.registry] 
New type domain.Event

[2022-03-07 16:35:02 #5 type] 
Type domain.Event is not enhanced.

[2022-03-07 16:35:02 #6 type.registry] 
New type java.util.Vector<domain.Question>

[2022-03-07 16:35:02 #7 type.registry] 
New type java.util.Vector<java.lang.Object>

------------------------------------------------------------------------------------------------------------------------

[2022-03-07 16:37:03 #1 store] 
Database 'C:\Users\34644\eclipse-workspace\IS-ITER\src\main\resources\bets.temp' is opened by 12844@MSI

[2022-03-07 16:37:03 #2 type.registry] 
New type domain.Question

[2022-03-07 16:37:03 #3 type] 
Type domain.Question is not enhanced.

[2022-03-07 16:37:03 #4 type.registry] 
New type domain.Event

[2022-03-07 16:37:03 #5 type] 
Type domain.Event is not enhanced.

[2022-03-07 16:37:03 #6 type.registry] 
New type java.util.Vector<domain.Question>

[2022-03-07 16:37:03 #7 type.registry] 
New type java.util.Vector<java.lang.Object>

------------------------------------------------------------------------------------------------------------------------

[2022-03-07 16:37:15 #1 store] 
Database 'C:\Users\34644\eclipse-workspace\IS-ITER\src\main\resources\bets.temp' is opened by 19248@MSI

[2022-03-07 16:37:15 #2 type.registry] 
New type domain.Question

[2022-03-07 16:37:15 #3 type] 
Type domain.Question is not enhanced.

[2022-03-07 16:37:15 #4 type.registry] 
New type domain.Event

[2022-03-07 16:37:15 #5 type] 
Type domain.Event is not enhanced.

[2022-03-07 16:37:15 #6 type.registry] 
New type java.util.Vector<domain.Question>

[2022-03-07 16:37:15 #7 type.registry] 
New type java.util.Vector<java.lang.Object>

------------------------------------------------------------------------------------------------------------------------

[2022-03-07 17:23:12 #1 store] 
Database 'C:\Users\34644\eclipse-workspace\IS-ITER\src\main\resources\bets.temp' is opened by 18884@MSI

[2022-03-07 17:23:12 #2 type.registry] 
New type domain.Question

[2022-03-07 17:23:12 #3 type] 
Type domain.Question is not enhanced.

[2022-03-07 17:23:12 #4 type.registry] 
New type domain.Event

[2022-03-07 17:23:12 #5 type] 
Type domain.Event is not enhanced.

[2022-03-07 17:23:12 #6 type.registry] 
New type java.util.Vector<domain.Question>

[2022-03-07 17:23:12 #7 type.registry] 
New type java.util.Vector<java.lang.Object>

------------------------------------------------------------------------------------------------------------------------

[2022-03-07 17:23:17 #1 store] 
Database 'C:\Users\34644\eclipse-workspace\IS-ITER\src\main\resources\bets.temp' is opened by 15772@MSI

[2022-03-07 17:23:17 #2 type.registry] 
New type domain.Question

[2022-03-07 17:23:17 #3 type] 
Type domain.Question is not enhanced.

[2022-03-07 17:23:17 #4 type.registry] 
New type domain.Event

[2022-03-07 17:23:17 #5 type] 
Type domain.Event is not enhanced.

[2022-03-07 17:23:17 #6 type.registry] 
New type java.util.Vector<domain.Question>

[2022-03-07 17:23:17 #7 type.registry] 
New type java.util.Vector<java.lang.Object>

------------------------------------------------------------------------------------------------------------------------

[2022-03-07 18:04:47 #1 store] 
Database 'C:\Users\34644\eclipse-workspace\IS-ITER\src\main\resources\bets.temp' is opened by 16568@MSI

[2022-03-07 18:04:47 #2 type.registry] 
New type domain.Question

[2022-03-07 18:04:47 #3 type] 
Type domain.Question is not enhanced.

[2022-03-07 18:04:47 #4 type.registry] 
New type domain.Event

[2022-03-07 18:04:47 #5 type] 
Type domain.Event is not enhanced.

[2022-03-07 18:04:47 #6 type.registry] 
New type java.util.Vector<domain.Question>

[2022-03-07 18:04:47 #7 type.registry] 
New type java.util.Vector<java.lang.Object>

------------------------------------------------------------------------------------------------------------------------

[2022-03-07 18:04:54 #1 store] 
Database 'C:\Users\34644\eclipse-workspace\IS-ITER\src\main\resources\bets.temp' is opened by 7272@MSI

[2022-03-07 18:04:54 #2 type.registry] 
New type domain.Question

[2022-03-07 18:04:54 #3 type] 
Type domain.Question is not enhanced.

[2022-03-07 18:04:54 #4 type.registry] 
New type domain.Event

[2022-03-07 18:04:54 #5 type] 
Type domain.Event is not enhanced.

[2022-03-07 18:04:54 #6 type.registry] 
New type java.util.Vector<domain.Question>

[2022-03-07 18:04:54 #7 type.registry] 
New type java.util.Vector<java.lang.Object>

------------------------------------------------------------------------------------------------------------------------

[2022-03-07 18:06:02 #1 store] 
Database 'C:\Users\34644\eclipse-workspace\IS-ITER\src\main\resources\bets.temp' is opened by 19792@MSI

[2022-03-07 18:06:03 #2 type.registry] 
New type domain.Question

[2022-03-07 18:06:03 #3 type] 
Type domain.Question is not enhanced.

[2022-03-07 18:06:03 #4 type.registry] 
New type domain.Event

[2022-03-07 18:06:03 #5 type] 
Type domain.Event is not enhanced.

[2022-03-07 18:06:03 #6 type.registry] 
New type java.util.Vector<domain.Question>

[2022-03-07 18:06:03 #7 type.registry] 
New type java.util.Vector<java.lang.Object>

------------------------------------------------------------------------------------------------------------------------

[2022-03-07 18:06:12 #1 store] 
Database 'C:\Users\34644\eclipse-workspace\IS-ITER\src\main\resources\bets.temp' is opened by 26156@MSI

[2022-03-07 18:06:13 #2 type.registry] 
New type domain.Question

[2022-03-07 18:06:13 #3 type] 
Type domain.Question is not enhanced.

[2022-03-07 18:06:13 #4 type.registry] 
New type domain.Event

[2022-03-07 18:06:13 #5 type] 
Type domain.Event is not enhanced.

[2022-03-07 18:06:13 #6 type.registry] 
New type java.util.Vector<domain.Question>

[2022-03-07 18:06:13 #7 type.registry] 
New type java.util.Vector<java.lang.Object>

