------------------------------------------------------------------------------------------------------------------------

[2022-06-26 15:53:05 #1 store] 
Database 'C:\Users\34644\git\repository\IS-ITER\src\main\resources\bets.temp' is opened by 1724@MSI

[2022-06-26 15:53:05 #2 type] 
Type domain.User is not enhanced.

[2022-06-26 15:53:05 #3 type] 
Type domain.Pronostico is not enhanced.

[2022-06-26 15:53:06 #4 type] 
Type domain.Question is not enhanced.

[2022-06-26 15:53:06 #5 type] 
Type domain.Event is not enhanced.

[2022-06-26 15:53:06 #6 type] 
Type domain.Equipo is not enhanced.

[2022-06-26 15:53:06 #7 type] 
Type domain.Jugador is not enhanced.

------------------------------------------------------------------------------------------------------------------------

[2022-06-26 15:53:26 #1 store] 
Database 'C:\Users\34644\git\repository\IS-ITER\src\main\resources\bets.temp' is opened by 204@MSI

[2022-06-26 15:53:27 #2 type] 
Type domain.User is not enhanced.

[2022-06-26 15:53:27 #3 type] 
Type domain.Pronostico is not enhanced.

[2022-06-26 15:53:27 #4 type] 
Type domain.Question is not enhanced.

[2022-06-26 15:53:27 #5 type] 
Type domain.Event is not enhanced.

[2022-06-26 15:53:27 #6 type] 
Type domain.Equipo is not enhanced.

[2022-06-26 15:53:27 #7 type] 
Type domain.Jugador is not enhanced.

------------------------------------------------------------------------------------------------------------------------

[2022-06-26 15:54:56 #1 store] 
Database 'C:\Users\34644\git\repository\IS-ITER\src\main\resources\bets.temp' has been recovered (tr. 23-24)

[2022-06-26 15:54:56 #2 store] 
Database 'C:\Users\34644\git\repository\IS-ITER\src\main\resources\bets.temp' is opened by 18748@MSI

[2022-06-26 15:54:56 #3 type] 
Type domain.User is not enhanced.

[2022-06-26 15:54:56 #4 type] 
Type domain.Pronostico is not enhanced.

[2022-06-26 15:54:56 #5 type] 
Type domain.Question is not enhanced.

[2022-06-26 15:54:56 #6 type] 
Type domain.Event is not enhanced.

[2022-06-26 15:54:56 #7 type] 
Type domain.Equipo is not enhanced.

[2022-06-26 15:54:56 #8 type] 
Type domain.Jugador is not enhanced.

------------------------------------------------------------------------------------------------------------------------

[2022-06-26 16:07:07 #1 store] 
Database 'C:\Users\34644\git\repository\IS-ITER\src\main\resources\bets.temp' is opened by 4512@MSI

[2022-06-26 16:07:07 #2 type] 
Type domain.User is not enhanced.

[2022-06-26 16:07:07 #3 type] 
Type domain.Pronostico is not enhanced.

[2022-06-26 16:07:07 #4 type] 
Type domain.Question is not enhanced.

[2022-06-26 16:07:07 #5 type] 
Type domain.Event is not enhanced.

[2022-06-26 16:07:07 #6 type] 
Type domain.Equipo is not enhanced.

[2022-06-26 16:07:07 #7 type] 
Type domain.Jugador is not enhanced.

------------------------------------------------------------------------------------------------------------------------

[2022-06-26 16:22:32 #1 store] 
Database 'C:\Users\34644\git\repository\IS-ITER\src\main\resources\bets.temp' has been recovered (tr. 27-32)

[2022-06-26 16:22:32 #2 store] 
Database 'C:\Users\34644\git\repository\IS-ITER\src\main\resources\bets.temp' is opened by 8164@MSI

[2022-06-26 16:22:32 #3 type] 
Type domain.User is not enhanced.

[2022-06-26 16:22:32 #4 type] 
Type domain.Pronostico is not enhanced.

[2022-06-26 16:22:33 #5 type] 
Type domain.Question is not enhanced.

[2022-06-26 16:22:33 #6 type] 
Type domain.Event is not enhanced.

[2022-06-26 16:22:33 #7 type] 
Type domain.Equipo is not enhanced.

[2022-06-26 16:22:33 #8 type] 
Type domain.Jugador is not enhanced.

------------------------------------------------------------------------------------------------------------------------

[2022-06-26 16:54:10 #1 store] 
Database 'C:\Users\34644\git\repository\IS-ITER\src\main\resources\bets.temp' is opened by 13964@MSI

[2022-06-26 16:54:10 #2 type] 
Type domain.User is not enhanced.

[2022-06-26 16:54:10 #3 type] 
Type domain.Pronostico is not enhanced.

[2022-06-26 16:54:10 #4 type] 
Type domain.Question is not enhanced.

[2022-06-26 16:54:10 #5 type] 
Type domain.Event is not enhanced.

[2022-06-26 16:54:10 #6 type] 
Type domain.Equipo is not enhanced.

[2022-06-26 16:54:10 #7 type] 
Type domain.Jugador is not enhanced.

------------------------------------------------------------------------------------------------------------------------

[2022-06-26 16:56:34 #1 store] 
Database 'C:\Users\34644\git\repository\IS-ITER\src\main\resources\bets.temp' is opened by 20740@MSI

[2022-06-26 16:56:34 #2 type.registry] 
New type domain.User

[2022-06-26 16:56:34 #3 type] 
Type domain.User is not enhanced.

[2022-06-26 16:56:34 #4 type.registry] 
New type domain.Pronostico

[2022-06-26 16:56:34 #5 type] 
Type domain.Pronostico is not enhanced.

[2022-06-26 16:56:34 #6 type.registry] 
New type domain.Question

[2022-06-26 16:56:35 #7 type] 
Type domain.Question is not enhanced.

[2022-06-26 16:56:35 #8 type.registry] 
New type java.util.Vector<domain.Pronostico>

[2022-06-26 16:56:35 #9 type.registry] 
New type domain.Event

[2022-06-26 16:56:35 #10 type] 
Type domain.Event is not enhanced.

[2022-06-26 16:56:35 #11 type.registry] 
New type java.util.Vector<domain.Question>

[2022-06-26 16:56:35 #12 type.registry] 
New type domain.Equipo

[2022-06-26 16:56:35 #13 type] 
Type domain.Equipo is not enhanced.

[2022-06-26 16:56:35 #14 type.registry] 
New type domain.Jugador

[2022-06-26 16:56:35 #15 type.registry] 
New type java.util.ArrayList<domain.Jugador>

[2022-06-26 16:56:35 #16 type] 
Type domain.Jugador is not enhanced.

[2022-06-26 16:56:35 #17 type.registry] 
New type java.util.ArrayList<java.lang.Object>

[2022-06-26 16:56:35 #18 type.registry] 
New type java.util.Vector<java.lang.Object>

[2022-06-26 16:56:35 #19 type.registry] 
New type java.util.ArrayList<domain.Pronostico>

------------------------------------------------------------------------------------------------------------------------

[2022-06-26 16:56:52 #1 store] 
Database 'C:\Users\34644\git\repository\IS-ITER\src\main\resources\bets.temp' has been recovered (tr. 1-8)

[2022-06-26 16:56:52 #2 store] 
Database 'C:\Users\34644\git\repository\IS-ITER\src\main\resources\bets.temp' is opened by 25784@MSI

[2022-06-26 16:56:52 #3 type] 
Type domain.User is not enhanced.

[2022-06-26 16:56:52 #4 type] 
Type domain.Pronostico is not enhanced.

[2022-06-26 16:56:52 #5 type] 
Type domain.Question is not enhanced.

[2022-06-26 16:56:52 #6 type] 
Type domain.Event is not enhanced.

[2022-06-26 16:56:52 #7 type] 
Type domain.Equipo is not enhanced.

[2022-06-26 16:56:52 #8 type] 
Type domain.Jugador is not enhanced.

------------------------------------------------------------------------------------------------------------------------

[2022-06-26 16:58:16 #1 store] 
Database 'C:\Users\34644\git\repository\IS-ITER\src\main\resources\bets.temp' has been recovered (tr. 9-9)

[2022-06-26 16:58:16 #2 store] 
Database 'C:\Users\34644\git\repository\IS-ITER\src\main\resources\bets.temp' is opened by 11280@MSI

[2022-06-26 16:58:16 #3 type] 
Type domain.User is not enhanced.

[2022-06-26 16:58:16 #4 type] 
Type domain.Pronostico is not enhanced.

[2022-06-26 16:58:16 #5 type] 
Type domain.Question is not enhanced.

[2022-06-26 16:58:16 #6 type] 
Type domain.Event is not enhanced.

[2022-06-26 16:58:16 #7 type] 
Type domain.Equipo is not enhanced.

[2022-06-26 16:58:16 #8 type] 
Type domain.Jugador is not enhanced.

------------------------------------------------------------------------------------------------------------------------

[2022-06-26 16:59:04 #1 store] 
Database 'C:\Users\34644\git\repository\IS-ITER\src\main\resources\bets.temp' is opened by 23384@MSI

[2022-06-26 16:59:04 #2 type] 
Type domain.User is not enhanced.

[2022-06-26 16:59:04 #3 type] 
Type domain.Pronostico is not enhanced.

[2022-06-26 16:59:04 #4 type] 
Type domain.Question is not enhanced.

[2022-06-26 16:59:04 #5 type] 
Type domain.Event is not enhanced.

[2022-06-26 16:59:04 #6 type] 
Type domain.Equipo is not enhanced.

[2022-06-26 16:59:04 #7 type] 
Type domain.Jugador is not enhanced.

------------------------------------------------------------------------------------------------------------------------

[2022-06-26 17:00:21 #1 store] 
Database 'C:\Users\34644\git\repository\IS-ITER\src\main\resources\bets.temp' is opened by 2684@MSI

[2022-06-26 17:00:21 #2 type.registry] 
New type domain.User

[2022-06-26 17:00:21 #3 type] 
Type domain.User is not enhanced.

[2022-06-26 17:00:21 #4 type.registry] 
New type domain.Pronostico

[2022-06-26 17:00:21 #5 type] 
Type domain.Pronostico is not enhanced.

[2022-06-26 17:00:21 #6 type.registry] 
New type domain.Question

[2022-06-26 17:00:21 #7 type] 
Type domain.Question is not enhanced.

[2022-06-26 17:00:21 #8 type.registry] 
New type java.util.Vector<domain.Pronostico>

[2022-06-26 17:00:21 #9 type.registry] 
New type domain.Event

[2022-06-26 17:00:21 #10 type] 
Type domain.Event is not enhanced.

[2022-06-26 17:00:21 #11 type.registry] 
New type java.util.Vector<domain.Question>

[2022-06-26 17:00:21 #12 type.registry] 
New type domain.Equipo

[2022-06-26 17:00:21 #13 type] 
Type domain.Equipo is not enhanced.

[2022-06-26 17:00:21 #14 type.registry] 
New type domain.Jugador

[2022-06-26 17:00:21 #15 type.registry] 
New type java.util.ArrayList<domain.Jugador>

[2022-06-26 17:00:21 #16 type] 
Type domain.Jugador is not enhanced.

[2022-06-26 17:00:21 #17 type.registry] 
New type java.util.ArrayList<java.lang.Object>

[2022-06-26 17:00:21 #18 type.registry] 
New type java.util.Vector<java.lang.Object>

[2022-06-26 17:00:21 #19 type.registry] 
New type java.util.ArrayList<domain.Pronostico>

------------------------------------------------------------------------------------------------------------------------

[2022-06-26 17:02:48 #1 store] 
Database 'C:\Users\34644\git\repository\IS-ITER\src\main\resources\bets.temp' has been recovered (tr. 1-8)

[2022-06-26 17:02:48 #2 store] 
Database 'C:\Users\34644\git\repository\IS-ITER\src\main\resources\bets.temp' is opened by 24976@MSI

[2022-06-26 17:02:48 #3 type] 
Type domain.User is not enhanced.

[2022-06-26 17:02:48 #4 type] 
Type domain.Pronostico is not enhanced.

[2022-06-26 17:02:48 #5 type] 
Type domain.Question is not enhanced.

[2022-06-26 17:02:48 #6 type] 
Type domain.Event is not enhanced.

[2022-06-26 17:02:48 #7 type] 
Type domain.Equipo is not enhanced.

[2022-06-26 17:02:48 #8 type] 
Type domain.Jugador is not enhanced.

------------------------------------------------------------------------------------------------------------------------

[2022-06-26 17:03:29 #1 store] 
Database 'C:\Users\34644\git\repository\IS-ITER\src\main\resources\bets.temp' is opened by 10600@MSI

[2022-06-26 17:03:29 #2 type] 
Type domain.User is not enhanced.

[2022-06-26 17:03:29 #3 type] 
Type domain.Pronostico is not enhanced.

[2022-06-26 17:03:29 #4 type] 
Type domain.Question is not enhanced.

[2022-06-26 17:03:29 #5 type] 
Type domain.Event is not enhanced.

[2022-06-26 17:03:29 #6 type] 
Type domain.Equipo is not enhanced.

[2022-06-26 17:03:29 #7 type] 
Type domain.Jugador is not enhanced.

------------------------------------------------------------------------------------------------------------------------

[2022-06-26 17:05:29 #1 store] 
Database 'C:\Users\34644\git\repository\IS-ITER\src\main\resources\bets.temp' is opened by 22204@MSI

[2022-06-26 17:05:30 #2 type] 
Type domain.User is not enhanced.

[2022-06-26 17:05:30 #3 type] 
Type domain.Pronostico is not enhanced.

[2022-06-26 17:05:30 #4 type] 
Type domain.Question is not enhanced.

[2022-06-26 17:05:30 #5 type] 
Type domain.Event is not enhanced.

[2022-06-26 17:05:30 #6 type] 
Type domain.Equipo is not enhanced.

[2022-06-26 17:05:30 #7 type] 
Type domain.Jugador is not enhanced.

