------------------------------------------------------------------------------------------------------------------------

[2022-06-22 15:47:16 #1 store] 
Database 'C:\Users\34644\git\repository\IS-ITER\src\main\resources\bets.temp' is opened by 12864@MSI

[2022-06-22 15:47:16 #2 type] 
Type domain.User is not enhanced.

[2022-06-22 15:47:16 #3 type] 
Type domain.Pronostico is not enhanced.

[2022-06-22 15:47:17 #4 type] 
Type domain.Question is not enhanced.

[2022-06-22 15:47:17 #5 type] 
Type domain.Event is not enhanced.

[2022-06-22 15:47:17 #6 type] 
Type domain.Equipo is not enhanced.

[2022-06-22 15:47:17 #7 type] 
Type domain.Jugador is not enhanced.

------------------------------------------------------------------------------------------------------------------------

[2022-06-22 15:49:29 #1 store] 
Database 'C:\Users\34644\git\repository\IS-ITER\src\main\resources\bets.temp' is opened by 19464@MSI

[2022-06-22 15:49:29 #2 type] 
Type domain.User is not enhanced.

[2022-06-22 15:49:29 #3 type] 
Type domain.Pronostico is not enhanced.

[2022-06-22 15:49:29 #4 type] 
Type domain.Question is not enhanced.

[2022-06-22 15:49:29 #5 type] 
Type domain.Event is not enhanced.

[2022-06-22 15:49:29 #6 type] 
Type domain.Equipo is not enhanced.

[2022-06-22 15:49:29 #7 type] 
Type domain.Jugador is not enhanced.

------------------------------------------------------------------------------------------------------------------------

[2022-06-22 16:02:41 #1 store] 
Database 'C:\Users\34644\git\repository\IS-ITER\src\main\resources\bets.temp' is opened by 25408@MSI

[2022-06-22 16:02:41 #2 type] 
Type domain.User is not enhanced.

[2022-06-22 16:02:41 #3 type] 
Type domain.Pronostico is not enhanced.

[2022-06-22 16:02:41 #4 type] 
Type domain.Question is not enhanced.

[2022-06-22 16:02:41 #5 type] 
Type domain.Event is not enhanced.

[2022-06-22 16:02:41 #6 type] 
Type domain.Equipo is not enhanced.

[2022-06-22 16:02:41 #7 type] 
Type domain.Jugador is not enhanced.

